[2025-12-07 01:21:39] - [trainer.py:42] - [INFO]: Starting Training Group Activity Temporal Classifier on Features' Dataset (12-pooled players)...
[2025-12-07 01:21:39] - [finetune_utils.py:55] - [INFO]: Setting all seeds...
[2025-12-07 01:21:39] - [finetune_utils.py:105] - [INFO]: Using device: cuda
[2025-12-07 01:21:39] - [FeaturesDataset.py:54] - [INFO]: Initializing Features Dataset...
[2025-12-07 01:21:39] - [FeaturesDataset.py:74] - [INFO]: Collecting Images' features and labels...
[2025-12-07 01:21:42] - [FeaturesDataset.py:56] - [INFO]: Features Dataset Initialized with 2183 Samples!
[2025-12-07 01:21:42] - [FeaturesDataset.py:54] - [INFO]: Initializing Features Dataset...
[2025-12-07 01:21:42] - [FeaturesDataset.py:74] - [INFO]: Collecting Images' features and labels...
[2025-12-07 01:21:43] - [FeaturesDataset.py:56] - [INFO]: Features Dataset Initialized with 1266 Samples!
[2025-12-07 01:21:43] - [baseline5_and_6.py:54] - [INFO]: Initializing Pooled Players Activity Temporal Classifier...
[2025-12-07 01:21:44] - [baseline5_and_6.py:72] - [INFO]: Model Initialized Successfully!
[2025-12-07 01:21:44] - [finetune_utils.py:35] - [INFO]: Creating optimizer...
[2025-12-07 01:21:44] - [finetune_utils.py:37] - [INFO]: Optimizer created: AdamW Optimizer.
[2025-12-07 01:21:44] - [finetune_utils.py:38] - [INFO]: Initial Learning Rate: 0.0001.
[2025-12-07 01:21:44] - [finetune_utils.py:43] - [INFO]: Creating Scheduler...
[2025-12-07 01:21:44] - [finetune_utils.py:45] - [INFO]: Scheduler Created Successfully!
[2025-12-07 01:21:44] - [finetune_utils.py:134] - [INFO]: Starting Training and Testing with number of epochs = 40
[2025-12-07 01:21:44] - [finetune_utils.py:137] - [INFO]: Opening a CSV file to log training metrics.
[2025-12-07 01:21:44] - [finetune_utils.py:148] - [INFO]: Epoch 1
-----------------------
[2025-12-07 01:21:44] - [finetune_utils.py:151] - [INFO]: Starting training step...
[2025-12-07 01:21:47] - [train_utils.py:68] - [INFO]: Train Loss: 1.94318 | Train Accuracy: 23.77%
[2025-12-07 01:21:47] - [finetune_utils.py:162] - [INFO]: Training step completed.
[2025-12-07 01:21:47] - [finetune_utils.py:165] - [INFO]: Starting Validation step...
[2025-12-07 01:21:48] - [val_utils.py:74] - [INFO]: Validation Loss: 2.01777 | Validation Accuracy: 31.36% | Validation F1-score: 0.24932517111301422

[2025-12-07 01:21:48] - [finetune_utils.py:175] - [INFO]: Validation step completed.
[2025-12-07 01:21:48] - [finetune_utils.py:186] - [INFO]: New BEST accuracy: 31.3586. Saving best model...
[2025-12-07 01:21:48] - [finetune_utils.py:200] - [INFO]: Best model saved successfully!
[2025-12-07 01:21:48] - [finetune_utils.py:203] - [INFO]: Appending the epoch's metrics to CSV.
[2025-12-07 01:21:48] - [finetune_utils.py:207] - [INFO]: Epoch's metrics appended successfully!
[2025-12-07 01:21:48] - [finetune_utils.py:148] - [INFO]: Epoch 2
-----------------------
[2025-12-07 01:21:48] - [finetune_utils.py:151] - [INFO]: Starting training step...
[2025-12-07 01:21:51] - [train_utils.py:68] - [INFO]: Train Loss: 1.61221 | Train Accuracy: 45.85%
[2025-12-07 01:21:51] - [finetune_utils.py:162] - [INFO]: Training step completed.
[2025-12-07 01:21:51] - [finetune_utils.py:165] - [INFO]: Starting Validation step...
[2025-12-07 01:21:52] - [val_utils.py:74] - [INFO]: Validation Loss: 1.57625 | Validation Accuracy: 63.43% | Validation F1-score: 0.6320695877075195

[2025-12-07 01:21:52] - [finetune_utils.py:175] - [INFO]: Validation step completed.
[2025-12-07 01:21:52] - [finetune_utils.py:186] - [INFO]: New BEST accuracy: 63.4281. Saving best model...
[2025-12-07 01:21:52] - [finetune_utils.py:200] - [INFO]: Best model saved successfully!
[2025-12-07 01:21:52] - [finetune_utils.py:203] - [INFO]: Appending the epoch's metrics to CSV.
[2025-12-07 01:21:52] - [finetune_utils.py:207] - [INFO]: Epoch's metrics appended successfully!
[2025-12-07 01:21:52] - [finetune_utils.py:148] - [INFO]: Epoch 3
-----------------------
[2025-12-07 01:21:52] - [finetune_utils.py:151] - [INFO]: Starting training step...
[2025-12-07 01:21:55] - [train_utils.py:68] - [INFO]: Train Loss: 1.32758 | Train Accuracy: 60.83%
[2025-12-07 01:21:55] - [finetune_utils.py:162] - [INFO]: Training step completed.
[2025-12-07 01:21:55] - [finetune_utils.py:165] - [INFO]: Starting Validation step...
[2025-12-07 01:21:56] - [val_utils.py:74] - [INFO]: Validation Loss: 1.16839 | Validation Accuracy: 69.91% | Validation F1-score: 0.6949788331985474

[2025-12-07 01:21:56] - [finetune_utils.py:175] - [INFO]: Validation step completed.
[2025-12-07 01:21:56] - [finetune_utils.py:186] - [INFO]: New BEST accuracy: 69.9052. Saving best model...
[2025-12-07 01:21:57] - [finetune_utils.py:200] - [INFO]: Best model saved successfully!
[2025-12-07 01:21:57] - [finetune_utils.py:203] - [INFO]: Appending the epoch's metrics to CSV.
[2025-12-07 01:21:57] - [finetune_utils.py:207] - [INFO]: Epoch's metrics appended successfully!
[2025-12-07 01:21:57] - [finetune_utils.py:148] - [INFO]: Epoch 4
-----------------------
[2025-12-07 01:21:57] - [finetune_utils.py:151] - [INFO]: Starting training step...
[2025-12-07 01:21:59] - [train_utils.py:68] - [INFO]: Train Loss: 1.07488 | Train Accuracy: 68.80%
[2025-12-07 01:21:59] - [finetune_utils.py:162] - [INFO]: Training step completed.
[2025-12-07 01:21:59] - [finetune_utils.py:165] - [INFO]: Starting Validation step...
[2025-12-07 01:22:01] - [val_utils.py:74] - [INFO]: Validation Loss: 0.93796 | Validation Accuracy: 73.70% | Validation F1-score: 0.7336576581001282

[2025-12-07 01:22:01] - [finetune_utils.py:175] - [INFO]: Validation step completed.
[2025-12-07 01:22:01] - [finetune_utils.py:186] - [INFO]: New BEST accuracy: 73.6967. Saving best model...
[2025-12-07 01:22:01] - [finetune_utils.py:200] - [INFO]: Best model saved successfully!
[2025-12-07 01:22:01] - [finetune_utils.py:203] - [INFO]: Appending the epoch's metrics to CSV.
[2025-12-07 01:22:01] - [finetune_utils.py:207] - [INFO]: Epoch's metrics appended successfully!
[2025-12-07 01:22:01] - [finetune_utils.py:148] - [INFO]: Epoch 5
-----------------------
[2025-12-07 01:22:01] - [finetune_utils.py:151] - [INFO]: Starting training step...
[2025-12-07 01:22:03] - [train_utils.py:68] - [INFO]: Train Loss: 0.84911 | Train Accuracy: 77.37%
[2025-12-07 01:22:03] - [finetune_utils.py:162] - [INFO]: Training step completed.
[2025-12-07 01:22:03] - [finetune_utils.py:165] - [INFO]: Starting Validation step...
[2025-12-07 01:22:05] - [val_utils.py:74] - [INFO]: Validation Loss: 0.78774 | Validation Accuracy: 76.62% | Validation F1-score: 0.7540744543075562

[2025-12-07 01:22:05] - [finetune_utils.py:175] - [INFO]: Validation step completed.
[2025-12-07 01:22:05] - [finetune_utils.py:186] - [INFO]: New BEST accuracy: 76.6193. Saving best model...
[2025-12-07 01:22:05] - [finetune_utils.py:200] - [INFO]: Best model saved successfully!
[2025-12-07 01:22:05] - [finetune_utils.py:203] - [INFO]: Appending the epoch's metrics to CSV.
[2025-12-07 01:22:05] - [finetune_utils.py:207] - [INFO]: Epoch's metrics appended successfully!
[2025-12-07 01:22:05] - [finetune_utils.py:148] - [INFO]: Epoch 6
-----------------------
[2025-12-07 01:22:05] - [finetune_utils.py:151] - [INFO]: Starting training step...
[2025-12-07 01:22:08] - [train_utils.py:68] - [INFO]: Train Loss: 0.68631 | Train Accuracy: 81.17%
[2025-12-07 01:22:08] - [finetune_utils.py:162] - [INFO]: Training step completed.
[2025-12-07 01:22:08] - [finetune_utils.py:165] - [INFO]: Starting Validation step...
[2025-12-07 01:22:09] - [val_utils.py:74] - [INFO]: Validation Loss: 0.68903 | Validation Accuracy: 78.12% | Validation F1-score: 0.7757747173309326

[2025-12-07 01:22:09] - [finetune_utils.py:175] - [INFO]: Validation step completed.
[2025-12-07 01:22:09] - [finetune_utils.py:186] - [INFO]: New BEST accuracy: 78.1201. Saving best model...
[2025-12-07 01:22:09] - [finetune_utils.py:200] - [INFO]: Best model saved successfully!
[2025-12-07 01:22:09] - [finetune_utils.py:203] - [INFO]: Appending the epoch's metrics to CSV.
[2025-12-07 01:22:09] - [finetune_utils.py:207] - [INFO]: Epoch's metrics appended successfully!
[2025-12-07 01:22:09] - [finetune_utils.py:148] - [INFO]: Epoch 7
-----------------------
[2025-12-07 01:22:09] - [finetune_utils.py:151] - [INFO]: Starting training step...
[2025-12-07 01:22:12] - [train_utils.py:68] - [INFO]: Train Loss: 0.57328 | Train Accuracy: 84.43%
[2025-12-07 01:22:12] - [finetune_utils.py:162] - [INFO]: Training step completed.
[2025-12-07 01:22:12] - [finetune_utils.py:165] - [INFO]: Starting Validation step...
[2025-12-07 01:22:13] - [val_utils.py:74] - [INFO]: Validation Loss: 0.62656 | Validation Accuracy: 79.70% | Validation F1-score: 0.7849637866020203

[2025-12-07 01:22:13] - [finetune_utils.py:175] - [INFO]: Validation step completed.
[2025-12-07 01:22:13] - [finetune_utils.py:186] - [INFO]: New BEST accuracy: 79.6998. Saving best model...
[2025-12-07 01:22:13] - [finetune_utils.py:200] - [INFO]: Best model saved successfully!
[2025-12-07 01:22:13] - [finetune_utils.py:203] - [INFO]: Appending the epoch's metrics to CSV.
[2025-12-07 01:22:13] - [finetune_utils.py:207] - [INFO]: Epoch's metrics appended successfully!
[2025-12-07 01:22:13] - [finetune_utils.py:148] - [INFO]: Epoch 8
-----------------------
[2025-12-07 01:22:13] - [finetune_utils.py:151] - [INFO]: Starting training step...
[2025-12-07 01:22:16] - [train_utils.py:68] - [INFO]: Train Loss: 0.46054 | Train Accuracy: 86.62%
[2025-12-07 01:22:16] - [finetune_utils.py:162] - [INFO]: Training step completed.
[2025-12-07 01:22:16] - [finetune_utils.py:165] - [INFO]: Starting Validation step...
[2025-12-07 01:22:17] - [val_utils.py:74] - [INFO]: Validation Loss: 0.61287 | Validation Accuracy: 78.75% | Validation F1-score: 0.7799666523933411

[2025-12-07 01:22:17] - [finetune_utils.py:175] - [INFO]: Validation step completed.
[2025-12-07 01:22:17] - [finetune_utils.py:203] - [INFO]: Appending the epoch's metrics to CSV.
[2025-12-07 01:22:17] - [finetune_utils.py:207] - [INFO]: Epoch's metrics appended successfully!
[2025-12-07 01:22:17] - [finetune_utils.py:148] - [INFO]: Epoch 9
-----------------------
[2025-12-07 01:22:17] - [finetune_utils.py:151] - [INFO]: Starting training step...
[2025-12-07 01:22:20] - [train_utils.py:68] - [INFO]: Train Loss: 0.40049 | Train Accuracy: 88.96%
[2025-12-07 01:22:20] - [finetune_utils.py:162] - [INFO]: Training step completed.
[2025-12-07 01:22:20] - [finetune_utils.py:165] - [INFO]: Starting Validation step...
[2025-12-07 01:22:21] - [val_utils.py:74] - [INFO]: Validation Loss: 0.55458 | Validation Accuracy: 80.33% | Validation F1-score: 0.7987650036811829

[2025-12-07 01:22:21] - [finetune_utils.py:175] - [INFO]: Validation step completed.
[2025-12-07 01:22:21] - [finetune_utils.py:186] - [INFO]: New BEST accuracy: 80.3318. Saving best model...
[2025-12-07 01:22:21] - [finetune_utils.py:200] - [INFO]: Best model saved successfully!
[2025-12-07 01:22:21] - [finetune_utils.py:203] - [INFO]: Appending the epoch's metrics to CSV.
[2025-12-07 01:22:21] - [finetune_utils.py:207] - [INFO]: Epoch's metrics appended successfully!
[2025-12-07 01:22:21] - [finetune_utils.py:148] - [INFO]: Epoch 10
-----------------------
[2025-12-07 01:22:21] - [finetune_utils.py:151] - [INFO]: Starting training step...
[2025-12-07 01:22:24] - [train_utils.py:68] - [INFO]: Train Loss: 0.33481 | Train Accuracy: 89.46%
[2025-12-07 01:22:24] - [finetune_utils.py:162] - [INFO]: Training step completed.
[2025-12-07 01:22:24] - [finetune_utils.py:165] - [INFO]: Starting Validation step...
[2025-12-07 01:22:25] - [val_utils.py:74] - [INFO]: Validation Loss: 0.68873 | Validation Accuracy: 75.67% | Validation F1-score: 0.7487678527832031

[2025-12-07 01:22:25] - [finetune_utils.py:175] - [INFO]: Validation step completed.
[2025-12-07 01:22:25] - [finetune_utils.py:203] - [INFO]: Appending the epoch's metrics to CSV.
[2025-12-07 01:22:25] - [finetune_utils.py:207] - [INFO]: Epoch's metrics appended successfully!
[2025-12-07 01:22:25] - [finetune_utils.py:148] - [INFO]: Epoch 11
-----------------------
[2025-12-07 01:22:25] - [finetune_utils.py:151] - [INFO]: Starting training step...
[2025-12-07 01:22:28] - [train_utils.py:68] - [INFO]: Train Loss: 0.29736 | Train Accuracy: 90.98%
[2025-12-07 01:22:28] - [finetune_utils.py:162] - [INFO]: Training step completed.
[2025-12-07 01:22:28] - [finetune_utils.py:165] - [INFO]: Starting Validation step...
[2025-12-07 01:22:30] - [val_utils.py:74] - [INFO]: Validation Loss: 0.54881 | Validation Accuracy: 80.41% | Validation F1-score: 0.8005815744400024

[2025-12-07 01:22:30] - [finetune_utils.py:175] - [INFO]: Validation step completed.
[2025-12-07 01:22:30] - [finetune_utils.py:186] - [INFO]: New BEST accuracy: 80.4107. Saving best model...
[2025-12-07 01:22:30] - [finetune_utils.py:200] - [INFO]: Best model saved successfully!
[2025-12-07 01:22:30] - [finetune_utils.py:203] - [INFO]: Appending the epoch's metrics to CSV.
[2025-12-07 01:22:30] - [finetune_utils.py:207] - [INFO]: Epoch's metrics appended successfully!
[2025-12-07 01:22:30] - [finetune_utils.py:148] - [INFO]: Epoch 12
-----------------------
[2025-12-07 01:22:30] - [finetune_utils.py:151] - [INFO]: Starting training step...
[2025-12-07 01:22:32] - [train_utils.py:68] - [INFO]: Train Loss: 0.24941 | Train Accuracy: 92.95%
[2025-12-07 01:22:32] - [finetune_utils.py:162] - [INFO]: Training step completed.
[2025-12-07 01:22:32] - [finetune_utils.py:165] - [INFO]: Starting Validation step...
[2025-12-07 01:22:34] - [val_utils.py:74] - [INFO]: Validation Loss: 0.51053 | Validation Accuracy: 81.75% | Validation F1-score: 0.8158062100410461

[2025-12-07 01:22:34] - [finetune_utils.py:175] - [INFO]: Validation step completed.
[2025-12-07 01:22:34] - [finetune_utils.py:186] - [INFO]: New BEST accuracy: 81.7536. Saving best model...
[2025-12-07 01:22:34] - [finetune_utils.py:200] - [INFO]: Best model saved successfully!
[2025-12-07 01:22:34] - [finetune_utils.py:203] - [INFO]: Appending the epoch's metrics to CSV.
[2025-12-07 01:22:34] - [finetune_utils.py:207] - [INFO]: Epoch's metrics appended successfully!
[2025-12-07 01:22:34] - [finetune_utils.py:148] - [INFO]: Epoch 13
-----------------------
[2025-12-07 01:22:34] - [finetune_utils.py:151] - [INFO]: Starting training step...
[2025-12-07 01:22:37] - [train_utils.py:68] - [INFO]: Train Loss: 0.21985 | Train Accuracy: 94.14%
[2025-12-07 01:22:37] - [finetune_utils.py:162] - [INFO]: Training step completed.
[2025-12-07 01:22:37] - [finetune_utils.py:165] - [INFO]: Starting Validation step...
[2025-12-07 01:22:38] - [val_utils.py:74] - [INFO]: Validation Loss: 0.51202 | Validation Accuracy: 81.20% | Validation F1-score: 0.8107635378837585

[2025-12-07 01:22:38] - [finetune_utils.py:175] - [INFO]: Validation step completed.
[2025-12-07 01:22:38] - [finetune_utils.py:203] - [INFO]: Appending the epoch's metrics to CSV.
[2025-12-07 01:22:38] - [finetune_utils.py:207] - [INFO]: Epoch's metrics appended successfully!
[2025-12-07 01:22:38] - [finetune_utils.py:148] - [INFO]: Epoch 14
-----------------------
[2025-12-07 01:22:38] - [finetune_utils.py:151] - [INFO]: Starting training step...
[2025-12-07 01:22:40] - [train_utils.py:68] - [INFO]: Train Loss: 0.18396 | Train Accuracy: 95.19%
[2025-12-07 01:22:40] - [finetune_utils.py:162] - [INFO]: Training step completed.
[2025-12-07 01:22:40] - [finetune_utils.py:165] - [INFO]: Starting Validation step...
[2025-12-07 01:22:42] - [val_utils.py:74] - [INFO]: Validation Loss: 0.54213 | Validation Accuracy: 80.65% | Validation F1-score: 0.8050278425216675

[2025-12-07 01:22:42] - [finetune_utils.py:175] - [INFO]: Validation step completed.
[2025-12-07 01:22:42] - [finetune_utils.py:203] - [INFO]: Appending the epoch's metrics to CSV.
[2025-12-07 01:22:42] - [finetune_utils.py:207] - [INFO]: Epoch's metrics appended successfully!
[2025-12-07 01:22:42] - [finetune_utils.py:148] - [INFO]: Epoch 15
-----------------------
[2025-12-07 01:22:42] - [finetune_utils.py:151] - [INFO]: Starting training step...
[2025-12-07 01:22:44] - [train_utils.py:68] - [INFO]: Train Loss: 0.16923 | Train Accuracy: 97.07%
[2025-12-07 01:22:44] - [finetune_utils.py:162] - [INFO]: Training step completed.
[2025-12-07 01:22:44] - [finetune_utils.py:165] - [INFO]: Starting Validation step...
[2025-12-07 01:22:46] - [val_utils.py:74] - [INFO]: Validation Loss: 0.52232 | Validation Accuracy: 80.81% | Validation F1-score: 0.8032756447792053

[2025-12-07 01:22:46] - [finetune_utils.py:175] - [INFO]: Validation step completed.
[2025-12-07 01:22:46] - [finetune_utils.py:203] - [INFO]: Appending the epoch's metrics to CSV.
[2025-12-07 01:22:46] - [finetune_utils.py:207] - [INFO]: Epoch's metrics appended successfully!
[2025-12-07 01:22:46] - [finetune_utils.py:148] - [INFO]: Epoch 16
-----------------------
[2025-12-07 01:22:46] - [finetune_utils.py:151] - [INFO]: Starting training step...
[2025-12-07 01:22:48] - [train_utils.py:68] - [INFO]: Train Loss: 0.13551 | Train Accuracy: 97.53%
[2025-12-07 01:22:48] - [finetune_utils.py:162] - [INFO]: Training step completed.
[2025-12-07 01:22:48] - [finetune_utils.py:165] - [INFO]: Starting Validation step...
[2025-12-07 01:22:50] - [val_utils.py:74] - [INFO]: Validation Loss: 0.47155 | Validation Accuracy: 83.25% | Validation F1-score: 0.8318208456039429

[2025-12-07 01:22:50] - [finetune_utils.py:175] - [INFO]: Validation step completed.
[2025-12-07 01:22:50] - [finetune_utils.py:186] - [INFO]: New BEST accuracy: 83.2543. Saving best model...
[2025-12-07 01:22:50] - [finetune_utils.py:200] - [INFO]: Best model saved successfully!
[2025-12-07 01:22:50] - [finetune_utils.py:203] - [INFO]: Appending the epoch's metrics to CSV.
[2025-12-07 01:22:50] - [finetune_utils.py:207] - [INFO]: Epoch's metrics appended successfully!
[2025-12-07 01:22:50] - [finetune_utils.py:148] - [INFO]: Epoch 17
-----------------------
[2025-12-07 01:22:50] - [finetune_utils.py:151] - [INFO]: Starting training step...
[2025-12-07 01:22:53] - [train_utils.py:68] - [INFO]: Train Loss: 0.14080 | Train Accuracy: 97.71%
[2025-12-07 01:22:53] - [finetune_utils.py:162] - [INFO]: Training step completed.
[2025-12-07 01:22:53] - [finetune_utils.py:165] - [INFO]: Starting Validation step...
[2025-12-07 01:22:54] - [val_utils.py:74] - [INFO]: Validation Loss: 0.56778 | Validation Accuracy: 80.73% | Validation F1-score: 0.8055443167686462

[2025-12-07 01:22:54] - [finetune_utils.py:175] - [INFO]: Validation step completed.
[2025-12-07 01:22:54] - [finetune_utils.py:203] - [INFO]: Appending the epoch's metrics to CSV.
[2025-12-07 01:22:54] - [finetune_utils.py:207] - [INFO]: Epoch's metrics appended successfully!
[2025-12-07 01:22:54] - [finetune_utils.py:148] - [INFO]: Epoch 18
-----------------------
[2025-12-07 01:22:54] - [finetune_utils.py:151] - [INFO]: Starting training step...
[2025-12-07 01:22:57] - [train_utils.py:68] - [INFO]: Train Loss: 0.12488 | Train Accuracy: 97.57%
[2025-12-07 01:22:57] - [finetune_utils.py:162] - [INFO]: Training step completed.
[2025-12-07 01:22:57] - [finetune_utils.py:165] - [INFO]: Starting Validation step...
[2025-12-07 01:22:58] - [val_utils.py:74] - [INFO]: Validation Loss: 0.62001 | Validation Accuracy: 78.44% | Validation F1-score: 0.7835536599159241

[2025-12-07 01:22:58] - [finetune_utils.py:175] - [INFO]: Validation step completed.
[2025-12-07 01:22:58] - [finetune_utils.py:203] - [INFO]: Appending the epoch's metrics to CSV.
[2025-12-07 01:22:58] - [finetune_utils.py:207] - [INFO]: Epoch's metrics appended successfully!
[2025-12-07 01:22:58] - [finetune_utils.py:148] - [INFO]: Epoch 19
-----------------------
[2025-12-07 01:22:58] - [finetune_utils.py:151] - [INFO]: Starting training step...
[2025-12-07 01:23:01] - [train_utils.py:68] - [INFO]: Train Loss: 0.10224 | Train Accuracy: 98.08%
[2025-12-07 01:23:01] - [finetune_utils.py:162] - [INFO]: Training step completed.
[2025-12-07 01:23:01] - [finetune_utils.py:165] - [INFO]: Starting Validation step...
[2025-12-07 01:23:02] - [val_utils.py:74] - [INFO]: Validation Loss: 0.51012 | Validation Accuracy: 81.44% | Validation F1-score: 0.8135460019111633

[2025-12-07 01:23:02] - [finetune_utils.py:175] - [INFO]: Validation step completed.
[2025-12-07 01:23:02] - [finetune_utils.py:203] - [INFO]: Appending the epoch's metrics to CSV.
[2025-12-07 01:23:02] - [finetune_utils.py:207] - [INFO]: Epoch's metrics appended successfully!
[2025-12-07 01:23:02] - [finetune_utils.py:148] - [INFO]: Epoch 20
-----------------------
[2025-12-07 01:23:02] - [finetune_utils.py:151] - [INFO]: Starting training step...
[2025-12-07 01:23:05] - [train_utils.py:68] - [INFO]: Train Loss: 0.07856 | Train Accuracy: 99.18%
[2025-12-07 01:23:05] - [finetune_utils.py:162] - [INFO]: Training step completed.
[2025-12-07 01:23:05] - [finetune_utils.py:165] - [INFO]: Starting Validation step...
[2025-12-07 01:23:06] - [val_utils.py:74] - [INFO]: Validation Loss: 0.62481 | Validation Accuracy: 78.67% | Validation F1-score: 0.7859907746315002

[2025-12-07 01:23:06] - [finetune_utils.py:175] - [INFO]: Validation step completed.
[2025-12-07 01:23:06] - [finetune_utils.py:203] - [INFO]: Appending the epoch's metrics to CSV.
[2025-12-07 01:23:06] - [finetune_utils.py:207] - [INFO]: Epoch's metrics appended successfully!
[2025-12-07 01:23:06] - [finetune_utils.py:148] - [INFO]: Epoch 21
-----------------------
[2025-12-07 01:23:06] - [finetune_utils.py:151] - [INFO]: Starting training step...
[2025-12-07 01:23:09] - [train_utils.py:68] - [INFO]: Train Loss: 0.06234 | Train Accuracy: 99.45%
[2025-12-07 01:23:09] - [finetune_utils.py:162] - [INFO]: Training step completed.
[2025-12-07 01:23:09] - [finetune_utils.py:165] - [INFO]: Starting Validation step...
[2025-12-07 01:23:10] - [val_utils.py:74] - [INFO]: Validation Loss: 0.55166 | Validation Accuracy: 80.09% | Validation F1-score: 0.8008618354797363

[2025-12-07 01:23:10] - [finetune_utils.py:175] - [INFO]: Validation step completed.
[2025-12-07 01:23:10] - [finetune_utils.py:203] - [INFO]: Appending the epoch's metrics to CSV.
[2025-12-07 01:23:10] - [finetune_utils.py:207] - [INFO]: Epoch's metrics appended successfully!
[2025-12-07 01:23:10] - [finetune_utils.py:148] - [INFO]: Epoch 22
-----------------------
[2025-12-07 01:23:10] - [finetune_utils.py:151] - [INFO]: Starting training step...
[2025-12-07 01:23:13] - [train_utils.py:68] - [INFO]: Train Loss: 0.06423 | Train Accuracy: 99.18%
[2025-12-07 01:23:13] - [finetune_utils.py:162] - [INFO]: Training step completed.
[2025-12-07 01:23:13] - [finetune_utils.py:165] - [INFO]: Starting Validation step...
[2025-12-07 01:23:15] - [val_utils.py:74] - [INFO]: Validation Loss: 0.53986 | Validation Accuracy: 80.09% | Validation F1-score: 0.7993364930152893

[2025-12-07 01:23:15] - [finetune_utils.py:175] - [INFO]: Validation step completed.
[2025-12-07 01:23:15] - [finetune_utils.py:203] - [INFO]: Appending the epoch's metrics to CSV.
[2025-12-07 01:23:15] - [finetune_utils.py:207] - [INFO]: Epoch's metrics appended successfully!
[2025-12-07 01:23:15] - [finetune_utils.py:148] - [INFO]: Epoch 23
-----------------------
[2025-12-07 01:23:15] - [finetune_utils.py:151] - [INFO]: Starting training step...
[2025-12-07 01:23:17] - [train_utils.py:68] - [INFO]: Train Loss: 0.06181 | Train Accuracy: 99.50%
[2025-12-07 01:23:17] - [finetune_utils.py:162] - [INFO]: Training step completed.
[2025-12-07 01:23:17] - [finetune_utils.py:165] - [INFO]: Starting Validation step...
[2025-12-07 01:23:19] - [val_utils.py:74] - [INFO]: Validation Loss: 0.53223 | Validation Accuracy: 80.65% | Validation F1-score: 0.8061131834983826

[2025-12-07 01:23:19] - [finetune_utils.py:175] - [INFO]: Validation step completed.
[2025-12-07 01:23:19] - [finetune_utils.py:203] - [INFO]: Appending the epoch's metrics to CSV.
[2025-12-07 01:23:19] - [finetune_utils.py:207] - [INFO]: Epoch's metrics appended successfully!
[2025-12-07 01:23:19] - [finetune_utils.py:148] - [INFO]: Epoch 24
-----------------------
[2025-12-07 01:23:19] - [finetune_utils.py:151] - [INFO]: Starting training step...
[2025-12-07 01:23:21] - [train_utils.py:68] - [INFO]: Train Loss: 0.06560 | Train Accuracy: 99.68%
[2025-12-07 01:23:21] - [finetune_utils.py:162] - [INFO]: Training step completed.
[2025-12-07 01:23:21] - [finetune_utils.py:165] - [INFO]: Starting Validation step...
[2025-12-07 01:23:23] - [val_utils.py:74] - [INFO]: Validation Loss: 0.52800 | Validation Accuracy: 81.36% | Validation F1-score: 0.8129306435585022

[2025-12-07 01:23:23] - [finetune_utils.py:175] - [INFO]: Validation step completed.
[2025-12-07 01:23:23] - [finetune_utils.py:203] - [INFO]: Appending the epoch's metrics to CSV.
[2025-12-07 01:23:23] - [finetune_utils.py:207] - [INFO]: Epoch's metrics appended successfully!
[2025-12-07 01:23:23] - [finetune_utils.py:148] - [INFO]: Epoch 25
-----------------------
[2025-12-07 01:23:23] - [finetune_utils.py:151] - [INFO]: Starting training step...
[2025-12-07 01:23:25] - [train_utils.py:68] - [INFO]: Train Loss: 0.05765 | Train Accuracy: 99.59%
[2025-12-07 01:23:25] - [finetune_utils.py:162] - [INFO]: Training step completed.
[2025-12-07 01:23:25] - [finetune_utils.py:165] - [INFO]: Starting Validation step...
[2025-12-07 01:23:27] - [val_utils.py:74] - [INFO]: Validation Loss: 0.53120 | Validation Accuracy: 80.96% | Validation F1-score: 0.8092833757400513

[2025-12-07 01:23:27] - [finetune_utils.py:175] - [INFO]: Validation step completed.
[2025-12-07 01:23:27] - [finetune_utils.py:203] - [INFO]: Appending the epoch's metrics to CSV.
[2025-12-07 01:23:27] - [finetune_utils.py:207] - [INFO]: Epoch's metrics appended successfully!
[2025-12-07 01:23:27] - [finetune_utils.py:148] - [INFO]: Epoch 26
-----------------------
[2025-12-07 01:23:27] - [finetune_utils.py:151] - [INFO]: Starting training step...
[2025-12-07 01:23:29] - [train_utils.py:68] - [INFO]: Train Loss: 0.06086 | Train Accuracy: 99.36%
[2025-12-07 01:23:29] - [finetune_utils.py:162] - [INFO]: Training step completed.
[2025-12-07 01:23:29] - [finetune_utils.py:165] - [INFO]: Starting Validation step...
[2025-12-07 01:23:31] - [val_utils.py:74] - [INFO]: Validation Loss: 0.52510 | Validation Accuracy: 81.44% | Validation F1-score: 0.8133973479270935

[2025-12-07 01:23:31] - [finetune_utils.py:175] - [INFO]: Validation step completed.
[2025-12-07 01:23:31] - [finetune_utils.py:203] - [INFO]: Appending the epoch's metrics to CSV.
[2025-12-07 01:23:31] - [finetune_utils.py:207] - [INFO]: Epoch's metrics appended successfully!
[2025-12-07 01:23:31] - [finetune_utils.py:148] - [INFO]: Epoch 27
-----------------------
[2025-12-07 01:23:31] - [finetune_utils.py:151] - [INFO]: Starting training step...
[2025-12-07 01:23:33] - [train_utils.py:68] - [INFO]: Train Loss: 0.05966 | Train Accuracy: 99.27%
[2025-12-07 01:23:33] - [finetune_utils.py:162] - [INFO]: Training step completed.
[2025-12-07 01:23:33] - [finetune_utils.py:165] - [INFO]: Starting Validation step...
[2025-12-07 01:23:35] - [val_utils.py:74] - [INFO]: Validation Loss: 0.53525 | Validation Accuracy: 80.81% | Validation F1-score: 0.8067300319671631

[2025-12-07 01:23:35] - [finetune_utils.py:175] - [INFO]: Validation step completed.
[2025-12-07 01:23:35] - [finetune_utils.py:203] - [INFO]: Appending the epoch's metrics to CSV.
[2025-12-07 01:23:35] - [finetune_utils.py:207] - [INFO]: Epoch's metrics appended successfully!
[2025-12-07 01:23:35] - [finetune_utils.py:148] - [INFO]: Epoch 28
-----------------------
[2025-12-07 01:23:35] - [finetune_utils.py:151] - [INFO]: Starting training step...
[2025-12-07 01:23:37] - [train_utils.py:68] - [INFO]: Train Loss: 0.06169 | Train Accuracy: 99.45%
[2025-12-07 01:23:37] - [finetune_utils.py:162] - [INFO]: Training step completed.
[2025-12-07 01:23:37] - [finetune_utils.py:165] - [INFO]: Starting Validation step...
[2025-12-07 01:23:39] - [val_utils.py:74] - [INFO]: Validation Loss: 0.54113 | Validation Accuracy: 81.12% | Validation F1-score: 0.8106606602668762

[2025-12-07 01:23:39] - [finetune_utils.py:175] - [INFO]: Validation step completed.
[2025-12-07 01:23:39] - [finetune_utils.py:203] - [INFO]: Appending the epoch's metrics to CSV.
[2025-12-07 01:23:39] - [finetune_utils.py:207] - [INFO]: Epoch's metrics appended successfully!
[2025-12-07 01:23:39] - [finetune_utils.py:148] - [INFO]: Epoch 29
-----------------------
[2025-12-07 01:23:39] - [finetune_utils.py:151] - [INFO]: Starting training step...
[2025-12-07 01:23:42] - [train_utils.py:68] - [INFO]: Train Loss: 0.06172 | Train Accuracy: 99.08%
[2025-12-07 01:23:42] - [finetune_utils.py:162] - [INFO]: Training step completed.
[2025-12-07 01:23:42] - [finetune_utils.py:165] - [INFO]: Starting Validation step...
[2025-12-07 01:23:43] - [val_utils.py:74] - [INFO]: Validation Loss: 0.52865 | Validation Accuracy: 81.04% | Validation F1-score: 0.8095457553863525

[2025-12-07 01:23:43] - [finetune_utils.py:175] - [INFO]: Validation step completed.
[2025-12-07 01:23:43] - [finetune_utils.py:203] - [INFO]: Appending the epoch's metrics to CSV.
[2025-12-07 01:23:43] - [finetune_utils.py:207] - [INFO]: Epoch's metrics appended successfully!
[2025-12-07 01:23:43] - [finetune_utils.py:148] - [INFO]: Epoch 30
-----------------------
[2025-12-07 01:23:43] - [finetune_utils.py:151] - [INFO]: Starting training step...
[2025-12-07 01:23:45] - [train_utils.py:68] - [INFO]: Train Loss: 0.06077 | Train Accuracy: 99.40%
[2025-12-07 01:23:45] - [finetune_utils.py:162] - [INFO]: Training step completed.
[2025-12-07 01:23:45] - [finetune_utils.py:165] - [INFO]: Starting Validation step...
[2025-12-07 01:23:47] - [val_utils.py:74] - [INFO]: Validation Loss: 0.53176 | Validation Accuracy: 80.96% | Validation F1-score: 0.8096230030059814

[2025-12-07 01:23:47] - [finetune_utils.py:175] - [INFO]: Validation step completed.
[2025-12-07 01:23:47] - [finetune_utils.py:203] - [INFO]: Appending the epoch's metrics to CSV.
[2025-12-07 01:23:47] - [finetune_utils.py:207] - [INFO]: Epoch's metrics appended successfully!
[2025-12-07 01:23:47] - [finetune_utils.py:148] - [INFO]: Epoch 31
-----------------------
[2025-12-07 01:23:47] - [finetune_utils.py:151] - [INFO]: Starting training step...
[2025-12-07 01:23:49] - [train_utils.py:68] - [INFO]: Train Loss: 0.05547 | Train Accuracy: 99.68%
[2025-12-07 01:23:49] - [finetune_utils.py:162] - [INFO]: Training step completed.
[2025-12-07 01:23:49] - [finetune_utils.py:165] - [INFO]: Starting Validation step...
[2025-12-07 01:23:51] - [val_utils.py:74] - [INFO]: Validation Loss: 0.53120 | Validation Accuracy: 80.88% | Validation F1-score: 0.8087265491485596

[2025-12-07 01:23:51] - [finetune_utils.py:175] - [INFO]: Validation step completed.
[2025-12-07 01:23:51] - [finetune_utils.py:203] - [INFO]: Appending the epoch's metrics to CSV.
[2025-12-07 01:23:51] - [finetune_utils.py:207] - [INFO]: Epoch's metrics appended successfully!
[2025-12-07 01:23:51] - [finetune_utils.py:148] - [INFO]: Epoch 32
-----------------------
[2025-12-07 01:23:51] - [finetune_utils.py:151] - [INFO]: Starting training step...
[2025-12-07 01:23:54] - [train_utils.py:68] - [INFO]: Train Loss: 0.05694 | Train Accuracy: 99.45%
[2025-12-07 01:23:54] - [finetune_utils.py:162] - [INFO]: Training step completed.
[2025-12-07 01:23:54] - [finetune_utils.py:165] - [INFO]: Starting Validation step...
[2025-12-07 01:23:55] - [val_utils.py:74] - [INFO]: Validation Loss: 0.54308 | Validation Accuracy: 80.73% | Validation F1-score: 0.8066979050636292

[2025-12-07 01:23:55] - [finetune_utils.py:175] - [INFO]: Validation step completed.
[2025-12-07 01:23:55] - [finetune_utils.py:203] - [INFO]: Appending the epoch's metrics to CSV.
[2025-12-07 01:23:55] - [finetune_utils.py:207] - [INFO]: Epoch's metrics appended successfully!
[2025-12-07 01:23:55] - [finetune_utils.py:148] - [INFO]: Epoch 33
-----------------------
[2025-12-07 01:23:55] - [finetune_utils.py:151] - [INFO]: Starting training step...
[2025-12-07 01:23:58] - [train_utils.py:68] - [INFO]: Train Loss: 0.05683 | Train Accuracy: 99.59%
[2025-12-07 01:23:58] - [finetune_utils.py:162] - [INFO]: Training step completed.
[2025-12-07 01:23:58] - [finetune_utils.py:165] - [INFO]: Starting Validation step...
[2025-12-07 01:23:59] - [val_utils.py:74] - [INFO]: Validation Loss: 0.53943 | Validation Accuracy: 80.25% | Validation F1-score: 0.8021304607391357

[2025-12-07 01:23:59] - [finetune_utils.py:175] - [INFO]: Validation step completed.
[2025-12-07 01:23:59] - [finetune_utils.py:203] - [INFO]: Appending the epoch's metrics to CSV.
[2025-12-07 01:23:59] - [finetune_utils.py:207] - [INFO]: Epoch's metrics appended successfully!
[2025-12-07 01:23:59] - [finetune_utils.py:148] - [INFO]: Epoch 34
-----------------------
[2025-12-07 01:23:59] - [finetune_utils.py:151] - [INFO]: Starting training step...
[2025-12-07 01:24:02] - [train_utils.py:68] - [INFO]: Train Loss: 0.06663 | Train Accuracy: 99.54%
[2025-12-07 01:24:02] - [finetune_utils.py:162] - [INFO]: Training step completed.
[2025-12-07 01:24:02] - [finetune_utils.py:165] - [INFO]: Starting Validation step...
[2025-12-07 01:24:03] - [val_utils.py:74] - [INFO]: Validation Loss: 0.52879 | Validation Accuracy: 81.20% | Validation F1-score: 0.810977041721344

[2025-12-07 01:24:03] - [finetune_utils.py:175] - [INFO]: Validation step completed.
[2025-12-07 01:24:03] - [finetune_utils.py:203] - [INFO]: Appending the epoch's metrics to CSV.
[2025-12-07 01:24:03] - [finetune_utils.py:207] - [INFO]: Epoch's metrics appended successfully!
[2025-12-07 01:24:03] - [finetune_utils.py:148] - [INFO]: Epoch 35
-----------------------
[2025-12-07 01:24:03] - [finetune_utils.py:151] - [INFO]: Starting training step...
[2025-12-07 01:24:06] - [train_utils.py:68] - [INFO]: Train Loss: 0.06997 | Train Accuracy: 99.50%
[2025-12-07 01:24:06] - [finetune_utils.py:162] - [INFO]: Training step completed.
[2025-12-07 01:24:06] - [finetune_utils.py:165] - [INFO]: Starting Validation step...
[2025-12-07 01:24:07] - [val_utils.py:74] - [INFO]: Validation Loss: 0.54942 | Validation Accuracy: 80.57% | Validation F1-score: 0.8049293160438538

[2025-12-07 01:24:07] - [finetune_utils.py:175] - [INFO]: Validation step completed.
[2025-12-07 01:24:07] - [finetune_utils.py:203] - [INFO]: Appending the epoch's metrics to CSV.
[2025-12-07 01:24:07] - [finetune_utils.py:207] - [INFO]: Epoch's metrics appended successfully!
[2025-12-07 01:24:07] - [finetune_utils.py:148] - [INFO]: Epoch 36
-----------------------
[2025-12-07 01:24:07] - [finetune_utils.py:151] - [INFO]: Starting training step...
[2025-12-07 01:24:10] - [train_utils.py:68] - [INFO]: Train Loss: 0.05911 | Train Accuracy: 99.59%
[2025-12-07 01:24:10] - [finetune_utils.py:162] - [INFO]: Training step completed.
[2025-12-07 01:24:10] - [finetune_utils.py:165] - [INFO]: Starting Validation step...
[2025-12-07 01:24:11] - [val_utils.py:74] - [INFO]: Validation Loss: 0.53627 | Validation Accuracy: 80.81% | Validation F1-score: 0.8075331449508667

[2025-12-07 01:24:11] - [finetune_utils.py:175] - [INFO]: Validation step completed.
[2025-12-07 01:24:11] - [finetune_utils.py:203] - [INFO]: Appending the epoch's metrics to CSV.
[2025-12-07 01:24:11] - [finetune_utils.py:207] - [INFO]: Epoch's metrics appended successfully!
[2025-12-07 01:24:11] - [finetune_utils.py:148] - [INFO]: Epoch 37
-----------------------
[2025-12-07 01:24:11] - [finetune_utils.py:151] - [INFO]: Starting training step...
[2025-12-07 01:24:14] - [train_utils.py:68] - [INFO]: Train Loss: 0.05343 | Train Accuracy: 99.63%
[2025-12-07 01:24:14] - [finetune_utils.py:162] - [INFO]: Training step completed.
[2025-12-07 01:24:14] - [finetune_utils.py:165] - [INFO]: Starting Validation step...
[2025-12-07 01:24:15] - [val_utils.py:74] - [INFO]: Validation Loss: 0.54569 | Validation Accuracy: 80.33% | Validation F1-score: 0.8030569553375244

[2025-12-07 01:24:15] - [finetune_utils.py:175] - [INFO]: Validation step completed.
[2025-12-07 01:24:15] - [finetune_utils.py:203] - [INFO]: Appending the epoch's metrics to CSV.
[2025-12-07 01:24:15] - [finetune_utils.py:207] - [INFO]: Epoch's metrics appended successfully!
[2025-12-07 01:24:15] - [finetune_utils.py:148] - [INFO]: Epoch 38
-----------------------
[2025-12-07 01:24:15] - [finetune_utils.py:151] - [INFO]: Starting training step...
[2025-12-07 01:24:18] - [train_utils.py:68] - [INFO]: Train Loss: 0.07171 | Train Accuracy: 99.63%
[2025-12-07 01:24:18] - [finetune_utils.py:162] - [INFO]: Training step completed.
[2025-12-07 01:24:18] - [finetune_utils.py:165] - [INFO]: Starting Validation step...
[2025-12-07 01:24:20] - [val_utils.py:74] - [INFO]: Validation Loss: 0.53675 | Validation Accuracy: 80.81% | Validation F1-score: 0.8076083660125732

[2025-12-07 01:24:20] - [finetune_utils.py:175] - [INFO]: Validation step completed.
[2025-12-07 01:24:20] - [finetune_utils.py:203] - [INFO]: Appending the epoch's metrics to CSV.
[2025-12-07 01:24:20] - [finetune_utils.py:207] - [INFO]: Epoch's metrics appended successfully!
[2025-12-07 01:24:20] - [finetune_utils.py:148] - [INFO]: Epoch 39
-----------------------
[2025-12-07 01:24:20] - [finetune_utils.py:151] - [INFO]: Starting training step...
[2025-12-07 01:24:22] - [train_utils.py:68] - [INFO]: Train Loss: 0.06349 | Train Accuracy: 99.31%
[2025-12-07 01:24:22] - [finetune_utils.py:162] - [INFO]: Training step completed.
[2025-12-07 01:24:22] - [finetune_utils.py:165] - [INFO]: Starting Validation step...
[2025-12-07 01:24:23] - [val_utils.py:74] - [INFO]: Validation Loss: 0.52172 | Validation Accuracy: 81.28% | Validation F1-score: 0.8121218085289001

[2025-12-07 01:24:23] - [finetune_utils.py:175] - [INFO]: Validation step completed.
[2025-12-07 01:24:23] - [finetune_utils.py:203] - [INFO]: Appending the epoch's metrics to CSV.
[2025-12-07 01:24:24] - [finetune_utils.py:207] - [INFO]: Epoch's metrics appended successfully!
[2025-12-07 01:24:24] - [finetune_utils.py:148] - [INFO]: Epoch 40
-----------------------
[2025-12-07 01:24:24] - [finetune_utils.py:151] - [INFO]: Starting training step...
[2025-12-07 01:24:26] - [train_utils.py:68] - [INFO]: Train Loss: 0.05980 | Train Accuracy: 99.31%
[2025-12-07 01:24:26] - [finetune_utils.py:162] - [INFO]: Training step completed.
[2025-12-07 01:24:26] - [finetune_utils.py:165] - [INFO]: Starting Validation step...
[2025-12-07 01:24:28] - [val_utils.py:74] - [INFO]: Validation Loss: 0.53532 | Validation Accuracy: 80.88% | Validation F1-score: 0.808417797088623

[2025-12-07 01:24:28] - [finetune_utils.py:175] - [INFO]: Validation step completed.
[2025-12-07 01:24:28] - [finetune_utils.py:203] - [INFO]: Appending the epoch's metrics to CSV.
[2025-12-07 01:24:28] - [finetune_utils.py:207] - [INFO]: Epoch's metrics appended successfully!
[2025-12-07 01:24:28] - [trainer.py:67] - [INFO]: Training Group Activity Temporal Classifier Finished Successfully!
[2025-12-07 01:24:28] - [trainer.py:69] - [INFO]: Visualizing Results...
[2025-12-07 01:24:28] - [visualize_utils.py:173] - [INFO]: Loading data for visualization...
[2025-12-07 01:24:28] - [visualize_utils.py:175] - [INFO]: Data loaded successfully.
[2025-12-07 01:24:28] - [visualize_utils.py:177] - [INFO]: Preparing results dictionary...
[2025-12-07 01:24:28] - [visualize_utils.py:179] - [INFO]: Results dictionary prepared.
[2025-12-07 01:24:28] - [visualize_utils.py:181] - [INFO]: Generating plots...
[2025-12-07 01:24:31] - [visualize_utils.py:183] - [INFO]: All plots generated successfully and saved to 'assets/baselines_assets/baseline5/exp2'.
[2025-12-07 01:24:31] - [trainer.py:77] - [INFO]: Visualization Finished Successfully!
[2025-12-24 18:28:54] - [test_utils.py:116] - [INFO]: Using Device: cuda for Testing...
[2025-12-24 18:28:54] - [test_utils.py:119] - [INFO]: Preparing Test Dataloader...
[2025-12-24 18:28:54] - [FeaturesDataset.py:54] - [INFO]: Initializing Features Dataset...
[2025-12-24 18:28:54] - [FeaturesDataset.py:74] - [INFO]: Collecting Images' features and labels...
[2025-12-24 18:28:56] - [FeaturesDataset.py:56] - [INFO]: Features Dataset Initialized with 2183 Samples!
[2025-12-24 18:28:56] - [FeaturesDataset.py:54] - [INFO]: Initializing Features Dataset...
[2025-12-24 18:28:56] - [FeaturesDataset.py:74] - [INFO]: Collecting Images' features and labels...
[2025-12-24 18:28:58] - [FeaturesDataset.py:56] - [INFO]: Features Dataset Initialized with 1381 Samples!
[2025-12-24 18:28:58] - [test_utils.py:135] - [INFO]: Test Dataloader Loaded Successfully!
[2025-12-24 18:28:58] - [baseline5.py:54] - [INFO]: Initializing Pooled Players Activity Temporal Classifier...
[2025-12-24 18:28:58] - [baseline5.py:72] - [INFO]: Model Initialized Successfully!
[2025-12-24 18:28:58] - [test_utils.py:144] - [INFO]: Loading the Model's Checkpoint...
[2025-12-24 18:28:58] - [test_utils.py:152] - [INFO]: Starting Testing...
[2025-12-24 18:29:00] - [test_utils.py:154] - [INFO]: Testing Finished with Accuracy = 82.11441040039062 | Loss = 0.4824571914520354 | F1-score = 0.8190701007843018
[2025-12-24 18:29:00] - [test_utils.py:156] - [INFO]: B5_Confusion_Matrix Plotted Successfully!
