[2025-11-04 22:53:43] - [features_extractor.py:43] - [INFO]: Using Device:cuda:0
[2025-11-04 22:53:43] - [finetune_helper.py:132] - [INFO]: Initializing ResNet50 model...
[2025-11-04 22:53:44] - [finetune_helper.py:137] - [INFO]: Model initialized and truncated.
[2025-11-04 22:53:44] - [features_extractor.py:49] - [INFO]: Loading the Model's Checkpoint...
[2025-11-04 22:53:44] - [features_extractor.py:64] - [INFO]: The Model is Ready and Sent to cuda:0 Device, and Set to Eval Mode.
[2025-11-04 22:53:44] - [features_extractor.py:74] - [INFO]: Starting Features Extraction...
[2025-11-04 22:53:44] - [extract_features_helper.py:31] - [INFO]: Working on Video Number: 0
[2025-11-04 22:55:36] - [extract_features_helper.py:31] - [INFO]: Working on Video Number: 1
[2025-11-04 22:57:28] - [extract_features_helper.py:31] - [INFO]: Working on Video Number: 2
[2025-11-04 22:58:27] - [extract_features_helper.py:31] - [INFO]: Working on Video Number: 3
[2025-11-04 22:59:18] - [extract_features_helper.py:31] - [INFO]: Working on Video Number: 4
[2025-11-04 23:00:08] - [extract_features_helper.py:31] - [INFO]: Working on Video Number: 5
[2025-11-04 23:00:54] - [extract_features_helper.py:31] - [INFO]: Working on Video Number: 6
[2025-11-04 23:01:43] - [extract_features_helper.py:31] - [INFO]: Working on Video Number: 7
[2025-11-04 23:02:24] - [extract_features_helper.py:31] - [INFO]: Working on Video Number: 8
[2025-11-04 23:03:03] - [extract_features_helper.py:31] - [INFO]: Working on Video Number: 9
[2025-11-04 23:03:39] - [extract_features_helper.py:31] - [INFO]: Working on Video Number: 10
[2025-11-04 23:04:15] - [extract_features_helper.py:31] - [INFO]: Working on Video Number: 11
[2025-11-04 23:04:31] - [extract_features_helper.py:31] - [INFO]: Working on Video Number: 12
[2025-11-04 23:04:58] - [extract_features_helper.py:31] - [INFO]: Working on Video Number: 13
[2025-11-04 23:05:32] - [extract_features_helper.py:31] - [INFO]: Working on Video Number: 14
[2025-11-04 23:05:51] - [extract_features_helper.py:31] - [INFO]: Working on Video Number: 15
[2025-11-04 23:06:14] - [extract_features_helper.py:31] - [INFO]: Working on Video Number: 16
[2025-11-04 23:06:37] - [extract_features_helper.py:31] - [INFO]: Working on Video Number: 17
[2025-11-04 23:06:56] - [extract_features_helper.py:31] - [INFO]: Working on Video Number: 18
[2025-11-04 23:07:24] - [extract_features_helper.py:31] - [INFO]: Working on Video Number: 19
[2025-11-04 23:07:43] - [extract_features_helper.py:31] - [INFO]: Working on Video Number: 20
[2025-11-04 23:08:03] - [extract_features_helper.py:31] - [INFO]: Working on Video Number: 21
[2025-11-04 23:08:26] - [extract_features_helper.py:31] - [INFO]: Working on Video Number: 22
[2025-11-04 23:08:45] - [extract_features_helper.py:31] - [INFO]: Working on Video Number: 23
[2025-11-04 23:10:04] - [extract_features_helper.py:31] - [INFO]: Working on Video Number: 24
[2025-11-04 23:10:27] - [extract_features_helper.py:31] - [INFO]: Working on Video Number: 25
[2025-11-04 23:10:49] - [extract_features_helper.py:31] - [INFO]: Working on Video Number: 26
[2025-11-04 23:11:12] - [extract_features_helper.py:31] - [INFO]: Working on Video Number: 27
[2025-11-04 23:11:32] - [extract_features_helper.py:31] - [INFO]: Working on Video Number: 28
[2025-11-04 23:11:47] - [extract_features_helper.py:31] - [INFO]: Working on Video Number: 29
[2025-11-04 23:12:06] - [extract_features_helper.py:31] - [INFO]: Working on Video Number: 30
[2025-11-04 23:12:26] - [extract_features_helper.py:31] - [INFO]: Working on Video Number: 31
[2025-11-04 23:12:45] - [extract_features_helper.py:31] - [INFO]: Working on Video Number: 32
[2025-11-04 23:13:24] - [extract_features_helper.py:31] - [INFO]: Working on Video Number: 33
[2025-11-04 23:13:38] - [extract_features_helper.py:31] - [INFO]: Working on Video Number: 34
[2025-11-04 23:14:02] - [extract_features_helper.py:31] - [INFO]: Working on Video Number: 35
[2025-11-04 23:14:29] - [extract_features_helper.py:31] - [INFO]: Working on Video Number: 36
[2025-11-04 23:14:47] - [extract_features_helper.py:31] - [INFO]: Working on Video Number: 37
[2025-11-04 23:15:06] - [extract_features_helper.py:31] - [INFO]: Working on Video Number: 38
[2025-11-04 23:15:23] - [extract_features_helper.py:31] - [INFO]: Working on Video Number: 39
[2025-11-04 23:15:52] - [extract_features_helper.py:31] - [INFO]: Working on Video Number: 40
[2025-11-04 23:16:11] - [extract_features_helper.py:31] - [INFO]: Working on Video Number: 41
[2025-11-04 23:16:25] - [extract_features_helper.py:31] - [INFO]: Working on Video Number: 42
[2025-11-04 23:16:41] - [extract_features_helper.py:31] - [INFO]: Working on Video Number: 43
[2025-11-04 23:16:56] - [extract_features_helper.py:31] - [INFO]: Working on Video Number: 44
[2025-11-04 23:17:11] - [extract_features_helper.py:31] - [INFO]: Working on Video Number: 45
[2025-11-04 23:17:35] - [extract_features_helper.py:31] - [INFO]: Working on Video Number: 46
[2025-11-04 23:17:50] - [extract_features_helper.py:31] - [INFO]: Working on Video Number: 47
[2025-11-04 23:18:07] - [extract_features_helper.py:31] - [INFO]: Working on Video Number: 48
[2025-11-04 23:18:24] - [extract_features_helper.py:31] - [INFO]: Working on Video Number: 49
[2025-11-04 23:18:35] - [extract_features_helper.py:31] - [INFO]: Working on Video Number: 50
[2025-11-04 23:18:59] - [extract_features_helper.py:31] - [INFO]: Working on Video Number: 51
[2025-11-04 23:19:22] - [extract_features_helper.py:31] - [INFO]: Working on Video Number: 52
[2025-11-04 23:19:46] - [extract_features_helper.py:31] - [INFO]: Working on Video Number: 53
[2025-11-04 23:20:11] - [extract_features_helper.py:31] - [INFO]: Working on Video Number: 54
[2025-11-04 23:20:33] - [extract_features_helper.py:31] - [INFO]: Working on Video Number: 55
[2025-11-04 23:20:33] - [extract_features_helper.py:31] - [INFO]: Working on Video Number: 56
[2025-11-04 23:20:33] - [features_extractor.py:87] - [INFO]: Features Extraction Finished Successfully!
[2025-11-04 23:28:31] - [train_lstm.py:16] - [INFO]: Starting Training Group Activity Temporal Classifier on Features' Dataset (Frame Level)...
[2025-11-04 23:28:31] - [finetune_helper.py:180] - [INFO]: Setting all seeds...
[2025-11-04 23:28:31] - [finetune_helper.py:224] - [INFO]: Using device: cuda
[2025-11-04 23:28:31] - [finetune_helper.py:46] - [INFO]: Creating data loaders...
[2025-11-04 23:28:31] - [datasets.py:231] - [INFO]: Initializing Features Dataset...
[2025-11-04 23:28:31] - [datasets.py:251] - [INFO]: Collecting Images' features and labels...
[2025-11-04 23:28:32] - [datasets.py:233] - [INFO]: Features Dataset Initialized with 2183 Samples!
[2025-11-04 23:28:32] - [datasets.py:231] - [INFO]: Initializing Features Dataset...
[2025-11-04 23:28:32] - [datasets.py:251] - [INFO]: Collecting Images' features and labels...
[2025-11-04 23:28:32] - [datasets.py:233] - [INFO]: Features Dataset Initialized with 1266 Samples!
[2025-11-04 23:28:32] - [finetune_helper.py:120] - [INFO]: Data loaders created.
[2025-11-04 23:28:32] - [lstm_model.py:54] - [INFO]: Initializing Group Activity Temporal Classifier...
[2025-11-04 23:28:32] - [lstm_model.py:73] - [INFO]: Model Initialized Successfully!
[2025-11-04 23:28:32] - [finetune_helper.py:160] - [INFO]: Creating optimizer...
[2025-11-04 23:28:32] - [finetune_helper.py:162] - [INFO]: Optimizer created: AdamW Optimizer.
[2025-11-04 23:28:32] - [finetune_helper.py:163] - [INFO]: Initial Learning Rate: 0.0001.
[2025-11-04 23:28:32] - [finetune_helper.py:250] - [INFO]: Starting Training and Testing with number of epochs = 10
[2025-11-04 23:28:32] - [finetune_helper.py:253] - [INFO]: Opening a CSV file to log training metrics.
[2025-11-04 23:28:32] - [finetune_helper.py:262] - [INFO]: Epoch 1
-----------------------
[2025-11-04 23:28:32] - [finetune_helper.py:264] - [INFO]: Starting training step...
[2025-11-04 23:28:33] - [train_utils.py:73] - [INFO]: Train Loss: 0.95003 | Train Accuracy: 86.35%
[2025-11-04 23:28:33] - [finetune_helper.py:275] - [INFO]: Training step completed.
[2025-11-04 23:28:33] - [finetune_helper.py:291] - [INFO]: Starting testing step...
[2025-11-04 23:28:34] - [test_utils.py:76] - [INFO]: Test Loss: 0.82624 | Test Accuracy: 77.41% | Test F1-score: 0.7740916609764099

[2025-11-04 23:28:34] - [finetune_helper.py:304] - [INFO]: Testing step completed.
[2025-11-04 23:28:34] - [finetune_helper.py:307] - [INFO]: Appending the epoch's metrics to CSV.
[2025-11-04 23:28:34] - [finetune_helper.py:311] - [INFO]: Epoch's metrics appended successfully!
[2025-11-04 23:28:34] - [finetune_helper.py:262] - [INFO]: Epoch 2
-----------------------
[2025-11-04 23:28:34] - [finetune_helper.py:264] - [INFO]: Starting training step...
[2025-11-04 23:28:34] - [train_utils.py:73] - [INFO]: Train Loss: 0.24533 | Train Accuracy: 98.95%
[2025-11-04 23:28:34] - [finetune_helper.py:275] - [INFO]: Training step completed.
[2025-11-04 23:28:34] - [finetune_helper.py:279] - [INFO]: Saving model checkpoint...
[2025-11-04 23:28:34] - [finetune_helper.py:287] - [INFO]: Model checkpoint saved at epoch 2/10.
[2025-11-04 23:28:34] - [finetune_helper.py:291] - [INFO]: Starting testing step...
[2025-11-04 23:28:34] - [test_utils.py:76] - [INFO]: Test Loss: 0.75421 | Test Accuracy: 78.36% | Test F1-score: 0.7835702896118164

[2025-11-04 23:28:34] - [finetune_helper.py:304] - [INFO]: Testing step completed.
[2025-11-04 23:28:34] - [finetune_helper.py:307] - [INFO]: Appending the epoch's metrics to CSV.
[2025-11-04 23:28:34] - [finetune_helper.py:311] - [INFO]: Epoch's metrics appended successfully!
[2025-11-04 23:28:34] - [finetune_helper.py:262] - [INFO]: Epoch 3
-----------------------
[2025-11-04 23:28:34] - [finetune_helper.py:264] - [INFO]: Starting training step...
[2025-11-04 23:28:35] - [train_utils.py:73] - [INFO]: Train Loss: 0.09979 | Train Accuracy: 99.50%
[2025-11-04 23:28:35] - [finetune_helper.py:275] - [INFO]: Training step completed.
[2025-11-04 23:28:35] - [finetune_helper.py:291] - [INFO]: Starting testing step...
[2025-11-04 23:28:35] - [test_utils.py:76] - [INFO]: Test Loss: 0.83107 | Test Accuracy: 77.80% | Test F1-score: 0.7780410051345825

[2025-11-04 23:28:35] - [finetune_helper.py:304] - [INFO]: Testing step completed.
[2025-11-04 23:28:35] - [finetune_helper.py:307] - [INFO]: Appending the epoch's metrics to CSV.
[2025-11-04 23:28:35] - [finetune_helper.py:311] - [INFO]: Epoch's metrics appended successfully!
[2025-11-04 23:28:35] - [finetune_helper.py:262] - [INFO]: Epoch 4
-----------------------
[2025-11-04 23:28:35] - [finetune_helper.py:264] - [INFO]: Starting training step...
[2025-11-04 23:28:36] - [train_utils.py:73] - [INFO]: Train Loss: 0.06001 | Train Accuracy: 99.63%
[2025-11-04 23:28:36] - [finetune_helper.py:275] - [INFO]: Training step completed.
[2025-11-04 23:28:36] - [finetune_helper.py:279] - [INFO]: Saving model checkpoint...
[2025-11-04 23:28:36] - [finetune_helper.py:287] - [INFO]: Model checkpoint saved at epoch 4/10.
[2025-11-04 23:28:36] - [finetune_helper.py:291] - [INFO]: Starting testing step...
[2025-11-04 23:28:36] - [test_utils.py:76] - [INFO]: Test Loss: 0.92097 | Test Accuracy: 77.73% | Test F1-score: 0.7772511839866638

[2025-11-04 23:28:36] - [finetune_helper.py:304] - [INFO]: Testing step completed.
[2025-11-04 23:28:36] - [finetune_helper.py:307] - [INFO]: Appending the epoch's metrics to CSV.
[2025-11-04 23:28:36] - [finetune_helper.py:311] - [INFO]: Epoch's metrics appended successfully!
[2025-11-04 23:28:36] - [finetune_helper.py:262] - [INFO]: Epoch 5
-----------------------
[2025-11-04 23:28:36] - [finetune_helper.py:264] - [INFO]: Starting training step...
[2025-11-04 23:28:36] - [train_utils.py:73] - [INFO]: Train Loss: 0.04253 | Train Accuracy: 99.86%
[2025-11-04 23:28:36] - [finetune_helper.py:275] - [INFO]: Training step completed.
[2025-11-04 23:28:36] - [finetune_helper.py:291] - [INFO]: Starting testing step...
[2025-11-04 23:28:37] - [test_utils.py:76] - [INFO]: Test Loss: 0.93612 | Test Accuracy: 77.41% | Test F1-score: 0.7740916609764099

[2025-11-04 23:28:37] - [finetune_helper.py:304] - [INFO]: Testing step completed.
[2025-11-04 23:28:37] - [finetune_helper.py:307] - [INFO]: Appending the epoch's metrics to CSV.
[2025-11-04 23:28:37] - [finetune_helper.py:311] - [INFO]: Epoch's metrics appended successfully!
[2025-11-04 23:28:37] - [finetune_helper.py:262] - [INFO]: Epoch 6
-----------------------
[2025-11-04 23:28:37] - [finetune_helper.py:264] - [INFO]: Starting training step...
[2025-11-04 23:28:37] - [train_utils.py:73] - [INFO]: Train Loss: 0.02710 | Train Accuracy: 99.91%
[2025-11-04 23:28:37] - [finetune_helper.py:275] - [INFO]: Training step completed.
[2025-11-04 23:28:37] - [finetune_helper.py:279] - [INFO]: Saving model checkpoint...
[2025-11-04 23:28:37] - [finetune_helper.py:287] - [INFO]: Model checkpoint saved at epoch 6/10.
[2025-11-04 23:28:37] - [finetune_helper.py:291] - [INFO]: Starting testing step...
[2025-11-04 23:28:37] - [test_utils.py:76] - [INFO]: Test Loss: 1.02817 | Test Accuracy: 77.65% | Test F1-score: 0.7764613032341003

[2025-11-04 23:28:37] - [finetune_helper.py:304] - [INFO]: Testing step completed.
[2025-11-04 23:28:37] - [finetune_helper.py:307] - [INFO]: Appending the epoch's metrics to CSV.
[2025-11-04 23:28:37] - [finetune_helper.py:311] - [INFO]: Epoch's metrics appended successfully!
[2025-11-04 23:28:37] - [finetune_helper.py:262] - [INFO]: Epoch 7
-----------------------
[2025-11-04 23:28:37] - [finetune_helper.py:264] - [INFO]: Starting training step...
[2025-11-04 23:28:38] - [train_utils.py:73] - [INFO]: Train Loss: 0.02572 | Train Accuracy: 99.95%
[2025-11-04 23:28:38] - [finetune_helper.py:275] - [INFO]: Training step completed.
[2025-11-04 23:28:38] - [finetune_helper.py:291] - [INFO]: Starting testing step...
[2025-11-04 23:28:38] - [test_utils.py:76] - [INFO]: Test Loss: 1.11216 | Test Accuracy: 77.65% | Test F1-score: 0.7764613032341003

[2025-11-04 23:28:38] - [finetune_helper.py:304] - [INFO]: Testing step completed.
[2025-11-04 23:28:38] - [finetune_helper.py:307] - [INFO]: Appending the epoch's metrics to CSV.
[2025-11-04 23:28:38] - [finetune_helper.py:311] - [INFO]: Epoch's metrics appended successfully!
[2025-11-04 23:28:38] - [finetune_helper.py:262] - [INFO]: Epoch 8
-----------------------
[2025-11-04 23:28:38] - [finetune_helper.py:264] - [INFO]: Starting training step...
[2025-11-04 23:28:39] - [train_utils.py:73] - [INFO]: Train Loss: 0.02503 | Train Accuracy: 99.77%
[2025-11-04 23:28:39] - [finetune_helper.py:275] - [INFO]: Training step completed.
[2025-11-04 23:28:39] - [finetune_helper.py:279] - [INFO]: Saving model checkpoint...
[2025-11-04 23:28:39] - [finetune_helper.py:287] - [INFO]: Model checkpoint saved at epoch 8/10.
[2025-11-04 23:28:39] - [finetune_helper.py:291] - [INFO]: Starting testing step...
[2025-11-04 23:28:39] - [test_utils.py:76] - [INFO]: Test Loss: 1.10643 | Test Accuracy: 76.94% | Test F1-score: 0.7693523168563843

[2025-11-04 23:28:39] - [finetune_helper.py:304] - [INFO]: Testing step completed.
[2025-11-04 23:28:39] - [finetune_helper.py:307] - [INFO]: Appending the epoch's metrics to CSV.
[2025-11-04 23:28:39] - [finetune_helper.py:311] - [INFO]: Epoch's metrics appended successfully!
[2025-11-04 23:28:39] - [finetune_helper.py:262] - [INFO]: Epoch 9
-----------------------
[2025-11-04 23:28:39] - [finetune_helper.py:264] - [INFO]: Starting training step...
[2025-11-04 23:28:39] - [train_utils.py:73] - [INFO]: Train Loss: 0.01742 | Train Accuracy: 99.91%
[2025-11-04 23:28:39] - [finetune_helper.py:275] - [INFO]: Training step completed.
[2025-11-04 23:28:39] - [finetune_helper.py:291] - [INFO]: Starting testing step...
[2025-11-04 23:28:40] - [test_utils.py:76] - [INFO]: Test Loss: 1.13182 | Test Accuracy: 77.17% | Test F1-score: 0.7717219591140747

[2025-11-04 23:28:40] - [finetune_helper.py:304] - [INFO]: Testing step completed.
[2025-11-04 23:28:40] - [finetune_helper.py:307] - [INFO]: Appending the epoch's metrics to CSV.
[2025-11-04 23:28:40] - [finetune_helper.py:311] - [INFO]: Epoch's metrics appended successfully!
[2025-11-04 23:28:40] - [finetune_helper.py:262] - [INFO]: Epoch 10
-----------------------
[2025-11-04 23:28:40] - [finetune_helper.py:264] - [INFO]: Starting training step...
[2025-11-04 23:28:40] - [train_utils.py:73] - [INFO]: Train Loss: 0.02270 | Train Accuracy: 99.91%
[2025-11-04 23:28:40] - [finetune_helper.py:275] - [INFO]: Training step completed.
[2025-11-04 23:28:40] - [finetune_helper.py:279] - [INFO]: Saving model checkpoint...
[2025-11-04 23:28:40] - [finetune_helper.py:287] - [INFO]: Model checkpoint saved at epoch 10/10.
[2025-11-04 23:28:40] - [finetune_helper.py:291] - [INFO]: Starting testing step...
[2025-11-04 23:28:40] - [test_utils.py:76] - [INFO]: Test Loss: 1.17487 | Test Accuracy: 77.41% | Test F1-score: 0.7740916609764099

[2025-11-04 23:28:40] - [finetune_helper.py:304] - [INFO]: Testing step completed.
[2025-11-04 23:28:40] - [finetune_helper.py:307] - [INFO]: Appending the epoch's metrics to CSV.
[2025-11-04 23:28:40] - [finetune_helper.py:311] - [INFO]: Epoch's metrics appended successfully!
[2025-11-04 23:28:41] - [train_lstm.py:40] - [INFO]: Training Group Activity Temporal Classifier Finished Successfully!
[2025-11-04 23:28:41] - [train_lstm.py:42] - [INFO]: Visualizing Results...
[2025-11-04 23:28:41] - [visualize_helper.py:17] - [INFO]: Loading data for visualization...
[2025-11-04 23:28:41] - [visualize_helper.py:19] - [INFO]: Data loaded successfully.
[2025-11-04 23:28:41] - [visualize_helper.py:21] - [INFO]: Preparing results dictionary...
[2025-11-04 23:28:41] - [visualize_helper.py:23] - [INFO]: Results dictionary prepared.
[2025-11-04 23:28:41] - [visualize_helper.py:25] - [INFO]: Generating plots...
[2025-11-04 23:28:43] - [visualize_helper.py:27] - [INFO]: All plots generated successfully and saved to 'assets/baselines_assets/baseline4'.
[2025-11-04 23:28:43] - [train_lstm.py:50] - [INFO]: Visualization Finished Successfully!
