[2025-11-04 23:28:31] - [finetune_helper.py:180] - [INFO]: Setting all seeds...
[2025-11-04 23:28:31] - [finetune_helper.py:224] - [INFO]: Using device: cuda
[2025-11-04 23:28:31] - [finetune_helper.py:46] - [INFO]: Creating data loaders...
[2025-11-04 23:28:32] - [finetune_helper.py:120] - [INFO]: Data loaders created.
[2025-11-04 23:28:32] - [finetune_helper.py:160] - [INFO]: Creating optimizer...
[2025-11-04 23:28:32] - [finetune_helper.py:162] - [INFO]: Optimizer created: AdamW Optimizer.
[2025-11-04 23:28:32] - [finetune_helper.py:163] - [INFO]: Initial Learning Rate: 0.0001.
[2025-11-04 23:28:32] - [finetune_helper.py:250] - [INFO]: Starting Training and Testing with number of epochs = 10
[2025-11-04 23:28:32] - [finetune_helper.py:253] - [INFO]: Opening a CSV file to log training metrics.
[2025-11-04 23:28:32] - [finetune_helper.py:262] - [INFO]: Epoch 1
-----------------------
[2025-11-04 23:28:32] - [finetune_helper.py:264] - [INFO]: Starting training step...
[2025-11-04 23:28:33] - [finetune_helper.py:275] - [INFO]: Training step completed.
[2025-11-04 23:28:33] - [finetune_helper.py:291] - [INFO]: Starting testing step...
[2025-11-04 23:28:34] - [finetune_helper.py:304] - [INFO]: Testing step completed.
[2025-11-04 23:28:34] - [finetune_helper.py:307] - [INFO]: Appending the epoch's metrics to CSV.
[2025-11-04 23:28:34] - [finetune_helper.py:311] - [INFO]: Epoch's metrics appended successfully!
[2025-11-04 23:28:34] - [finetune_helper.py:262] - [INFO]: Epoch 2
-----------------------
[2025-11-04 23:28:34] - [finetune_helper.py:264] - [INFO]: Starting training step...
[2025-11-04 23:28:34] - [finetune_helper.py:275] - [INFO]: Training step completed.
[2025-11-04 23:28:34] - [finetune_helper.py:279] - [INFO]: Saving model checkpoint...
[2025-11-04 23:28:34] - [finetune_helper.py:287] - [INFO]: Model checkpoint saved at epoch 2/10.
[2025-11-04 23:28:34] - [finetune_helper.py:291] - [INFO]: Starting testing step...
[2025-11-04 23:28:34] - [finetune_helper.py:304] - [INFO]: Testing step completed.
[2025-11-04 23:28:34] - [finetune_helper.py:307] - [INFO]: Appending the epoch's metrics to CSV.
[2025-11-04 23:28:34] - [finetune_helper.py:311] - [INFO]: Epoch's metrics appended successfully!
[2025-11-04 23:28:34] - [finetune_helper.py:262] - [INFO]: Epoch 3
-----------------------
[2025-11-04 23:28:34] - [finetune_helper.py:264] - [INFO]: Starting training step...
[2025-11-04 23:28:35] - [finetune_helper.py:275] - [INFO]: Training step completed.
[2025-11-04 23:28:35] - [finetune_helper.py:291] - [INFO]: Starting testing step...
[2025-11-04 23:28:35] - [finetune_helper.py:304] - [INFO]: Testing step completed.
[2025-11-04 23:28:35] - [finetune_helper.py:307] - [INFO]: Appending the epoch's metrics to CSV.
[2025-11-04 23:28:35] - [finetune_helper.py:311] - [INFO]: Epoch's metrics appended successfully!
[2025-11-04 23:28:35] - [finetune_helper.py:262] - [INFO]: Epoch 4
-----------------------
[2025-11-04 23:28:35] - [finetune_helper.py:264] - [INFO]: Starting training step...
[2025-11-04 23:28:36] - [finetune_helper.py:275] - [INFO]: Training step completed.
[2025-11-04 23:28:36] - [finetune_helper.py:279] - [INFO]: Saving model checkpoint...
[2025-11-04 23:28:36] - [finetune_helper.py:287] - [INFO]: Model checkpoint saved at epoch 4/10.
[2025-11-04 23:28:36] - [finetune_helper.py:291] - [INFO]: Starting testing step...
[2025-11-04 23:28:36] - [finetune_helper.py:304] - [INFO]: Testing step completed.
[2025-11-04 23:28:36] - [finetune_helper.py:307] - [INFO]: Appending the epoch's metrics to CSV.
[2025-11-04 23:28:36] - [finetune_helper.py:311] - [INFO]: Epoch's metrics appended successfully!
[2025-11-04 23:28:36] - [finetune_helper.py:262] - [INFO]: Epoch 5
-----------------------
[2025-11-04 23:28:36] - [finetune_helper.py:264] - [INFO]: Starting training step...
[2025-11-04 23:28:36] - [finetune_helper.py:275] - [INFO]: Training step completed.
[2025-11-04 23:28:36] - [finetune_helper.py:291] - [INFO]: Starting testing step...
[2025-11-04 23:28:37] - [finetune_helper.py:304] - [INFO]: Testing step completed.
[2025-11-04 23:28:37] - [finetune_helper.py:307] - [INFO]: Appending the epoch's metrics to CSV.
[2025-11-04 23:28:37] - [finetune_helper.py:311] - [INFO]: Epoch's metrics appended successfully!
[2025-11-04 23:28:37] - [finetune_helper.py:262] - [INFO]: Epoch 6
-----------------------
[2025-11-04 23:28:37] - [finetune_helper.py:264] - [INFO]: Starting training step...
[2025-11-04 23:28:37] - [finetune_helper.py:275] - [INFO]: Training step completed.
[2025-11-04 23:28:37] - [finetune_helper.py:279] - [INFO]: Saving model checkpoint...
[2025-11-04 23:28:37] - [finetune_helper.py:287] - [INFO]: Model checkpoint saved at epoch 6/10.
[2025-11-04 23:28:37] - [finetune_helper.py:291] - [INFO]: Starting testing step...
[2025-11-04 23:28:37] - [finetune_helper.py:304] - [INFO]: Testing step completed.
[2025-11-04 23:28:37] - [finetune_helper.py:307] - [INFO]: Appending the epoch's metrics to CSV.
[2025-11-04 23:28:37] - [finetune_helper.py:311] - [INFO]: Epoch's metrics appended successfully!
[2025-11-04 23:28:37] - [finetune_helper.py:262] - [INFO]: Epoch 7
-----------------------
[2025-11-04 23:28:37] - [finetune_helper.py:264] - [INFO]: Starting training step...
[2025-11-04 23:28:38] - [finetune_helper.py:275] - [INFO]: Training step completed.
[2025-11-04 23:28:38] - [finetune_helper.py:291] - [INFO]: Starting testing step...
[2025-11-04 23:28:38] - [finetune_helper.py:304] - [INFO]: Testing step completed.
[2025-11-04 23:28:38] - [finetune_helper.py:307] - [INFO]: Appending the epoch's metrics to CSV.
[2025-11-04 23:28:38] - [finetune_helper.py:311] - [INFO]: Epoch's metrics appended successfully!
[2025-11-04 23:28:38] - [finetune_helper.py:262] - [INFO]: Epoch 8
-----------------------
[2025-11-04 23:28:38] - [finetune_helper.py:264] - [INFO]: Starting training step...
[2025-11-04 23:28:39] - [finetune_helper.py:275] - [INFO]: Training step completed.
[2025-11-04 23:28:39] - [finetune_helper.py:279] - [INFO]: Saving model checkpoint...
[2025-11-04 23:28:39] - [finetune_helper.py:287] - [INFO]: Model checkpoint saved at epoch 8/10.
[2025-11-04 23:28:39] - [finetune_helper.py:291] - [INFO]: Starting testing step...
[2025-11-04 23:28:39] - [finetune_helper.py:304] - [INFO]: Testing step completed.
[2025-11-04 23:28:39] - [finetune_helper.py:307] - [INFO]: Appending the epoch's metrics to CSV.
[2025-11-04 23:28:39] - [finetune_helper.py:311] - [INFO]: Epoch's metrics appended successfully!
[2025-11-04 23:28:39] - [finetune_helper.py:262] - [INFO]: Epoch 9
-----------------------
[2025-11-04 23:28:39] - [finetune_helper.py:264] - [INFO]: Starting training step...
[2025-11-04 23:28:39] - [finetune_helper.py:275] - [INFO]: Training step completed.
[2025-11-04 23:28:39] - [finetune_helper.py:291] - [INFO]: Starting testing step...
[2025-11-04 23:28:40] - [finetune_helper.py:304] - [INFO]: Testing step completed.
[2025-11-04 23:28:40] - [finetune_helper.py:307] - [INFO]: Appending the epoch's metrics to CSV.
[2025-11-04 23:28:40] - [finetune_helper.py:311] - [INFO]: Epoch's metrics appended successfully!
[2025-11-04 23:28:40] - [finetune_helper.py:262] - [INFO]: Epoch 10
-----------------------
[2025-11-04 23:28:40] - [finetune_helper.py:264] - [INFO]: Starting training step...
[2025-11-04 23:28:40] - [finetune_helper.py:275] - [INFO]: Training step completed.
[2025-11-04 23:28:40] - [finetune_helper.py:279] - [INFO]: Saving model checkpoint...
[2025-11-04 23:28:40] - [finetune_helper.py:287] - [INFO]: Model checkpoint saved at epoch 10/10.
[2025-11-04 23:28:40] - [finetune_helper.py:291] - [INFO]: Starting testing step...
[2025-11-04 23:28:40] - [finetune_helper.py:304] - [INFO]: Testing step completed.
[2025-11-04 23:28:40] - [finetune_helper.py:307] - [INFO]: Appending the epoch's metrics to CSV.
[2025-11-04 23:28:40] - [finetune_helper.py:311] - [INFO]: Epoch's metrics appended successfully!
