[2025-10-08 13:01:52] - [finetune_resnet50.py:106] - [INFO]: Setting all seeds...
[2025-10-08 13:01:52] - [finetune_resnet50.py:124] - [INFO]: Using device: cuda
[2025-10-08 13:01:52] - [finetune_resnet50.py:39] - [INFO]: Creating data loaders...
[2025-10-08 13:01:52] - [dataset.py:38] - [INFO]: Initializing B1Dataset Module...
[2025-10-08 13:01:52] - [dataset.py:46] - [INFO]: Collecting image paths and labels...
[2025-10-08 13:01:54] - [dataset.py:80] - [INFO]: Collected 21830 image-label pairs.
[2025-10-08 13:01:54] - [dataset.py:41] - [INFO]: B1Dataset initialized with 21830 samples.
[2025-10-08 13:01:54] - [dataset.py:38] - [INFO]: Initializing B1Dataset Module...
[2025-10-08 13:01:54] - [dataset.py:46] - [INFO]: Collecting image paths and labels...
[2025-10-08 13:01:55] - [dataset.py:80] - [INFO]: Collected 12660 image-label pairs.
[2025-10-08 13:01:55] - [dataset.py:41] - [INFO]: B1Dataset initialized with 12660 samples.
[2025-10-08 13:01:55] - [finetune_resnet50.py:59] - [INFO]: Data loaders created.
[2025-10-08 13:01:55] - [finetune_resnet50.py:71] - [INFO]: Initializing ResNet50 model...
[2025-10-08 13:01:55] - [finetune_resnet50.py:76] - [INFO]: Model initialized and truncated.
[2025-10-08 13:01:55] - [finetune_resnet50.py:90] - [INFO]: Creating optimizer...
[2025-10-08 13:01:55] - [finetune_resnet50.py:94] - [INFO]: Optimizer created: AdamW Optimizer.
[2025-10-08 13:01:55] - [finetune_resnet50.py:95] - [INFO]: Learning Rate Scheduler Created: ReduceLROnPlateau.
[2025-10-08 13:01:55] - [finetune_resnet50.py:96] - [INFO]: Initial Learning Rate: 0.001.
[2025-10-08 13:01:55] - [finetune_resnet50.py:130] - [INFO]: Starting Training and Testing with number of epochs = 10
[2025-10-08 13:01:55] - [finetune_resnet50.py:133] - [INFO]: Opening a CSV file to log training metrics.
[2025-10-08 13:01:55] - [finetune_resnet50.py:142] - [INFO]: Epoch 1
-----------------------
[2025-10-08 13:01:55] - [finetune_resnet50.py:144] - [INFO]: Starting training step...
[2025-10-08 13:17:17] - [train_step.py:63] - [INFO]: Train Loss: 0.65272 | Train Accuracy: 76.45%
[2025-10-08 13:17:17] - [finetune_resnet50.py:152] - [INFO]: Training step completed.
[2025-10-08 13:17:17] - [finetune_resnet50.py:168] - [INFO]: Starting testing step...
[2025-10-08 13:18:19] - [test_step.py:56] - [INFO]: batch #100/396 Loss: 1.4792345762252808
[2025-10-08 13:19:33] - [test_step.py:56] - [INFO]: batch #200/396 Loss: 1.7733135223388672
[2025-10-08 13:20:35] - [test_step.py:56] - [INFO]: batch #300/396 Loss: 0.005412810482084751
[2025-10-08 13:21:38] - [test_step.py:65] - [INFO]: Test Loss: 1.16930 | Test Accuracy: 67.69% | Test F1-score: 0.6769352555274963

[2025-10-08 13:21:38] - [finetune_resnet50.py:178] - [INFO]: Testing step completed.
[2025-10-08 13:21:38] - [finetune_resnet50.py:181] - [INFO]: Appending the epoch's metrics to CSV.
[2025-10-08 13:21:38] - [finetune_resnet50.py:185] - [INFO]: Epoch's metrics appended successfully!
[2025-10-08 13:21:38] - [finetune_resnet50.py:142] - [INFO]: Epoch 2
-----------------------
[2025-10-08 13:21:38] - [finetune_resnet50.py:144] - [INFO]: Starting training step...
[2025-10-08 13:28:59] - [train_step.py:63] - [INFO]: Train Loss: 0.20306 | Train Accuracy: 93.00%
[2025-10-08 13:28:59] - [finetune_resnet50.py:152] - [INFO]: Training step completed.
[2025-10-08 13:28:59] - [finetune_resnet50.py:156] - [INFO]: Saving model checkpoint...
[2025-10-08 13:28:59] - [finetune_resnet50.py:164] - [INFO]: Model checkpoint saved at epoch 2/10.
[2025-10-08 13:28:59] - [finetune_resnet50.py:168] - [INFO]: Starting testing step...
[2025-10-08 13:29:58] - [test_step.py:56] - [INFO]: batch #100/396 Loss: 2.3449559211730957
[2025-10-08 13:31:04] - [test_step.py:56] - [INFO]: batch #200/396 Loss: 2.0167174339294434
[2025-10-08 13:32:03] - [test_step.py:56] - [INFO]: batch #300/396 Loss: 0.0005803306121379137
[2025-10-08 13:33:03] - [test_step.py:65] - [INFO]: Test Loss: 1.27641 | Test Accuracy: 71.09% | Test F1-score: 0.7109004855155945

[2025-10-08 13:33:03] - [finetune_resnet50.py:178] - [INFO]: Testing step completed.
[2025-10-08 13:33:03] - [finetune_resnet50.py:181] - [INFO]: Appending the epoch's metrics to CSV.
[2025-10-08 13:33:03] - [finetune_resnet50.py:185] - [INFO]: Epoch's metrics appended successfully!
[2025-10-08 13:33:03] - [finetune_resnet50.py:142] - [INFO]: Epoch 3
-----------------------
[2025-10-08 13:33:03] - [finetune_resnet50.py:144] - [INFO]: Starting training step...
[2025-10-08 13:39:34] - [train_step.py:63] - [INFO]: Train Loss: 0.11351 | Train Accuracy: 96.54%
[2025-10-08 13:39:34] - [finetune_resnet50.py:152] - [INFO]: Training step completed.
[2025-10-08 13:39:34] - [finetune_resnet50.py:168] - [INFO]: Starting testing step...
[2025-10-08 13:40:34] - [test_step.py:56] - [INFO]: batch #100/396 Loss: 2.6414577960968018
[2025-10-08 13:41:42] - [test_step.py:56] - [INFO]: batch #200/396 Loss: 1.6761937141418457
[2025-10-08 13:42:40] - [test_step.py:56] - [INFO]: batch #300/396 Loss: 0.04296861216425896
[2025-10-08 13:43:43] - [test_step.py:65] - [INFO]: Test Loss: 1.10960 | Test Accuracy: 72.75% | Test F1-score: 0.727488100528717

[2025-10-08 13:43:43] - [finetune_resnet50.py:178] - [INFO]: Testing step completed.
[2025-10-08 13:43:43] - [finetune_resnet50.py:181] - [INFO]: Appending the epoch's metrics to CSV.
[2025-10-08 13:43:43] - [finetune_resnet50.py:185] - [INFO]: Epoch's metrics appended successfully!
[2025-10-08 13:43:43] - [finetune_resnet50.py:142] - [INFO]: Epoch 4
-----------------------
[2025-10-08 13:43:43] - [finetune_resnet50.py:144] - [INFO]: Starting training step...
[2025-10-08 13:50:47] - [train_step.py:63] - [INFO]: Train Loss: 0.08914 | Train Accuracy: 97.20%
[2025-10-08 13:50:47] - [finetune_resnet50.py:152] - [INFO]: Training step completed.
[2025-10-08 13:50:47] - [finetune_resnet50.py:156] - [INFO]: Saving model checkpoint...
[2025-10-08 13:50:47] - [finetune_resnet50.py:164] - [INFO]: Model checkpoint saved at epoch 4/10.
[2025-10-08 13:50:47] - [finetune_resnet50.py:168] - [INFO]: Starting testing step...
[2025-10-08 13:51:46] - [test_step.py:56] - [INFO]: batch #100/396 Loss: 2.525505304336548
[2025-10-08 13:52:54] - [test_step.py:56] - [INFO]: batch #200/396 Loss: 1.7145909070968628
[2025-10-08 13:53:54] - [test_step.py:56] - [INFO]: batch #300/396 Loss: 0.011213808320462704
[2025-10-08 13:54:55] - [test_step.py:65] - [INFO]: Test Loss: 1.26624 | Test Accuracy: 71.04% | Test F1-score: 0.7104265689849854

[2025-10-08 13:54:55] - [finetune_resnet50.py:178] - [INFO]: Testing step completed.
[2025-10-08 13:54:55] - [finetune_resnet50.py:181] - [INFO]: Appending the epoch's metrics to CSV.
[2025-10-08 13:54:55] - [finetune_resnet50.py:185] - [INFO]: Epoch's metrics appended successfully!
[2025-10-08 13:54:55] - [finetune_resnet50.py:142] - [INFO]: Epoch 5
-----------------------
[2025-10-08 13:54:55] - [finetune_resnet50.py:144] - [INFO]: Starting training step...
[2025-10-08 14:01:57] - [train_step.py:63] - [INFO]: Train Loss: 0.06594 | Train Accuracy: 98.09%
[2025-10-08 14:01:57] - [finetune_resnet50.py:152] - [INFO]: Training step completed.
[2025-10-08 14:01:57] - [finetune_resnet50.py:168] - [INFO]: Starting testing step...
[2025-10-08 14:02:54] - [test_step.py:56] - [INFO]: batch #100/396 Loss: 2.3626387119293213
[2025-10-08 14:04:02] - [test_step.py:56] - [INFO]: batch #200/396 Loss: 3.428020477294922
[2025-10-08 14:05:01] - [test_step.py:56] - [INFO]: batch #300/396 Loss: 0.027590906247496605
[2025-10-08 14:06:02] - [test_step.py:65] - [INFO]: Test Loss: 1.38481 | Test Accuracy: 71.51% | Test F1-score: 0.7150868773460388

[2025-10-08 14:06:02] - [finetune_resnet50.py:178] - [INFO]: Testing step completed.
[2025-10-08 14:06:02] - [finetune_resnet50.py:181] - [INFO]: Appending the epoch's metrics to CSV.
[2025-10-08 14:06:02] - [finetune_resnet50.py:185] - [INFO]: Epoch's metrics appended successfully!
[2025-10-08 14:06:02] - [finetune_resnet50.py:142] - [INFO]: Epoch 6
-----------------------
[2025-10-08 14:06:02] - [finetune_resnet50.py:144] - [INFO]: Starting training step...
[2025-10-08 14:13:03] - [train_step.py:63] - [INFO]: Train Loss: 0.06510 | Train Accuracy: 97.97%
[2025-10-08 14:13:03] - [finetune_resnet50.py:152] - [INFO]: Training step completed.
[2025-10-08 14:13:03] - [finetune_resnet50.py:156] - [INFO]: Saving model checkpoint...
[2025-10-08 14:13:04] - [finetune_resnet50.py:164] - [INFO]: Model checkpoint saved at epoch 6/10.
[2025-10-08 14:13:04] - [finetune_resnet50.py:168] - [INFO]: Starting testing step...
[2025-10-08 14:14:03] - [test_step.py:56] - [INFO]: batch #100/396 Loss: 2.3037543296813965
[2025-10-08 14:15:13] - [test_step.py:56] - [INFO]: batch #200/396 Loss: 2.2205705642700195
[2025-10-08 14:16:11] - [test_step.py:56] - [INFO]: batch #300/396 Loss: 1.69304694281891e-05
[2025-10-08 14:17:11] - [test_step.py:65] - [INFO]: Test Loss: 1.23415 | Test Accuracy: 73.61% | Test F1-score: 0.7360978722572327

[2025-10-08 14:17:11] - [finetune_resnet50.py:178] - [INFO]: Testing step completed.
[2025-10-08 14:17:11] - [finetune_resnet50.py:181] - [INFO]: Appending the epoch's metrics to CSV.
[2025-10-08 14:17:11] - [finetune_resnet50.py:185] - [INFO]: Epoch's metrics appended successfully!
[2025-10-08 14:17:11] - [finetune_resnet50.py:142] - [INFO]: Epoch 7
-----------------------
[2025-10-08 14:17:11] - [finetune_resnet50.py:144] - [INFO]: Starting training step...
[2025-10-08 14:23:42] - [train_step.py:63] - [INFO]: Train Loss: 0.04878 | Train Accuracy: 98.54%
[2025-10-08 14:23:42] - [finetune_resnet50.py:152] - [INFO]: Training step completed.
[2025-10-08 14:23:42] - [finetune_resnet50.py:168] - [INFO]: Starting testing step...
[2025-10-08 14:24:41] - [test_step.py:56] - [INFO]: batch #100/396 Loss: 3.0735957622528076
[2025-10-08 14:25:48] - [test_step.py:56] - [INFO]: batch #200/396 Loss: 1.1866648197174072
[2025-10-08 14:26:48] - [test_step.py:56] - [INFO]: batch #300/396 Loss: 0.0015917093260213733
[2025-10-08 14:27:50] - [test_step.py:65] - [INFO]: Test Loss: 1.59997 | Test Accuracy: 66.03% | Test F1-score: 0.660347580909729

[2025-10-08 14:27:50] - [finetune_resnet50.py:178] - [INFO]: Testing step completed.
[2025-10-08 14:27:50] - [finetune_resnet50.py:181] - [INFO]: Appending the epoch's metrics to CSV.
[2025-10-08 14:27:50] - [finetune_resnet50.py:185] - [INFO]: Epoch's metrics appended successfully!
[2025-10-08 14:27:50] - [finetune_resnet50.py:142] - [INFO]: Epoch 8
-----------------------
[2025-10-08 14:27:50] - [finetune_resnet50.py:144] - [INFO]: Starting training step...
[2025-10-08 14:34:54] - [train_step.py:63] - [INFO]: Train Loss: 0.06086 | Train Accuracy: 98.09%
[2025-10-08 14:34:54] - [finetune_resnet50.py:152] - [INFO]: Training step completed.
[2025-10-08 14:34:54] - [finetune_resnet50.py:156] - [INFO]: Saving model checkpoint...
[2025-10-08 14:34:54] - [finetune_resnet50.py:164] - [INFO]: Model checkpoint saved at epoch 8/10.
[2025-10-08 14:34:54] - [finetune_resnet50.py:168] - [INFO]: Starting testing step...
[2025-10-08 14:35:53] - [test_step.py:56] - [INFO]: batch #100/396 Loss: 1.805467963218689
[2025-10-08 14:37:01] - [test_step.py:56] - [INFO]: batch #200/396 Loss: 0.9447942972183228
[2025-10-08 14:38:01] - [test_step.py:56] - [INFO]: batch #300/396 Loss: 0.012186631560325623
[2025-10-08 14:39:01] - [test_step.py:65] - [INFO]: Test Loss: 1.36219 | Test Accuracy: 70.76% | Test F1-score: 0.707582950592041

[2025-10-08 14:39:01] - [finetune_resnet50.py:178] - [INFO]: Testing step completed.
[2025-10-08 14:39:01] - [finetune_resnet50.py:181] - [INFO]: Appending the epoch's metrics to CSV.
[2025-10-08 14:39:01] - [finetune_resnet50.py:185] - [INFO]: Epoch's metrics appended successfully!
[2025-10-08 14:39:01] - [finetune_resnet50.py:142] - [INFO]: Epoch 9
-----------------------
[2025-10-08 14:39:01] - [finetune_resnet50.py:144] - [INFO]: Starting training step...
[2025-10-08 14:46:08] - [train_step.py:63] - [INFO]: Train Loss: 0.03616 | Train Accuracy: 98.99%
[2025-10-08 14:46:08] - [finetune_resnet50.py:152] - [INFO]: Training step completed.
[2025-10-08 14:46:08] - [finetune_resnet50.py:168] - [INFO]: Starting testing step...
[2025-10-08 14:47:07] - [test_step.py:56] - [INFO]: batch #100/396 Loss: 0.7664216756820679
[2025-10-08 14:48:16] - [test_step.py:56] - [INFO]: batch #200/396 Loss: 1.8570572137832642
[2025-10-08 14:49:16] - [test_step.py:56] - [INFO]: batch #300/396 Loss: 0.2165037989616394
[2025-10-08 14:50:17] - [test_step.py:65] - [INFO]: Test Loss: 1.35860 | Test Accuracy: 71.66% | Test F1-score: 0.7165876626968384

[2025-10-08 14:50:17] - [finetune_resnet50.py:178] - [INFO]: Testing step completed.
[2025-10-08 14:50:17] - [finetune_resnet50.py:181] - [INFO]: Appending the epoch's metrics to CSV.
[2025-10-08 14:50:17] - [finetune_resnet50.py:185] - [INFO]: Epoch's metrics appended successfully!
[2025-10-08 14:50:17] - [finetune_resnet50.py:142] - [INFO]: Epoch 10
-----------------------
[2025-10-08 14:50:17] - [finetune_resnet50.py:144] - [INFO]: Starting training step...
[2025-10-08 14:56:50] - [train_step.py:63] - [INFO]: Train Loss: 0.04728 | Train Accuracy: 98.55%
[2025-10-08 14:56:50] - [finetune_resnet50.py:152] - [INFO]: Training step completed.
[2025-10-08 14:56:50] - [finetune_resnet50.py:156] - [INFO]: Saving model checkpoint...
[2025-10-08 14:56:50] - [finetune_resnet50.py:164] - [INFO]: Model checkpoint saved at epoch 10/10.
[2025-10-08 14:56:50] - [finetune_resnet50.py:168] - [INFO]: Starting testing step...
[2025-10-08 14:57:48] - [test_step.py:56] - [INFO]: batch #100/396 Loss: 1.8423129320144653
[2025-10-08 14:58:57] - [test_step.py:56] - [INFO]: batch #200/396 Loss: 1.9765032529830933
[2025-10-08 14:59:57] - [test_step.py:56] - [INFO]: batch #300/396 Loss: 0.2309732586145401
[2025-10-08 15:00:59] - [test_step.py:65] - [INFO]: Test Loss: 1.52740 | Test Accuracy: 71.41% | Test F1-score: 0.7141390442848206

[2025-10-08 15:00:59] - [finetune_resnet50.py:178] - [INFO]: Testing step completed.
[2025-10-08 15:00:59] - [finetune_resnet50.py:181] - [INFO]: Appending the epoch's metrics to CSV.
[2025-10-08 15:00:59] - [finetune_resnet50.py:185] - [INFO]: Epoch's metrics appended successfully!
