[2025-10-13 12:42:20] - [finetune_resnet50.py:106] - [INFO]: Setting all seeds...
[2025-10-13 12:42:20] - [finetune_resnet50.py:84] - [INFO]: Using device: cuda
[2025-10-13 12:42:20] - [finetune_resnet50.py:46] - [INFO]: Creating Data Loaders...
[2025-10-13 12:42:20] - [dataset.py:44] - [INFO]: Initializing B3Dataset Module...
[2025-10-13 12:42:20] - [dataset.py:55] - [INFO]: Collecting Images' paths and labels...
[2025-10-13 12:45:44] - [dataset.py:46] - [INFO]: B3Dataset Module Initialized with 234423 Samples!
[2025-10-13 12:45:44] - [dataset.py:44] - [INFO]: Initializing B3Dataset Module...
[2025-10-13 12:45:44] - [dataset.py:55] - [INFO]: Collecting Images' paths and labels...
[2025-10-13 12:47:32] - [dataset.py:46] - [INFO]: B3Dataset Module Initialized with 136044 Samples!
[2025-10-13 12:47:32] - [finetune_resnet50.py:70] - [INFO]: Data Loaders Created Successfully!
[2025-10-13 12:47:32] - [finetune_resnet50.py:71] - [INFO]: Initializing ResNet50 model...
[2025-10-13 12:47:33] - [finetune_resnet50.py:76] - [INFO]: Model initialized and truncated.
[2025-10-13 12:47:33] - [finetune_resnet50.py:90] - [INFO]: Creating optimizer...
[2025-10-13 12:47:33] - [finetune_resnet50.py:94] - [INFO]: Optimizer created: AdamW Optimizer.
[2025-10-13 12:47:33] - [finetune_resnet50.py:95] - [INFO]: Learning Rate Scheduler Created: ReduceLROnPlateau.
[2025-10-13 12:47:33] - [finetune_resnet50.py:96] - [INFO]: Initial Learning Rate: 0.001.
[2025-10-13 12:47:33] - [finetune_resnet50.py:90] - [INFO]: Starting Training and Testing with number of epochs = 10
[2025-10-13 12:47:33] - [finetune_resnet50.py:93] - [INFO]: Opening a CSV file to log training metrics.
[2025-10-13 12:47:33] - [finetune_resnet50.py:101] - [INFO]: Epoch 1
------------------------
[2025-10-13 12:47:33] - [finetune_resnet50.py:103] - [INFO]: Starting Training Step...
[2025-10-13 13:05:53] - [train_utils.py:67] - [INFO]: Train Loss: 0.65079 | Train Accuracy: 78.03%
[2025-10-13 13:05:53] - [finetune_resnet50.py:113] - [INFO]: Training Step Completed.
[2025-10-13 13:05:53] - [finetune_resnet50.py:128] - [INFO]: Starting Testing Step...
[2025-10-13 13:06:02] - [test_utils.py:60] - [INFO]: batch #100/4252 Loss: 0.21019630134105682
[2025-10-13 13:06:12] - [test_utils.py:60] - [INFO]: batch #200/4252 Loss: 0.39819517731666565
[2025-10-13 13:06:21] - [test_utils.py:60] - [INFO]: batch #300/4252 Loss: 0.38790401816368103
[2025-10-13 13:06:31] - [test_utils.py:60] - [INFO]: batch #400/4252 Loss: 0.8561263084411621
[2025-10-13 13:06:41] - [test_utils.py:60] - [INFO]: batch #500/4252 Loss: 0.6888734698295593
[2025-10-13 13:06:51] - [test_utils.py:60] - [INFO]: batch #600/4252 Loss: 0.37442654371261597
[2025-10-13 13:07:01] - [test_utils.py:60] - [INFO]: batch #700/4252 Loss: 0.12519465386867523
[2025-10-13 13:07:10] - [test_utils.py:60] - [INFO]: batch #800/4252 Loss: 0.7928301095962524
[2025-10-13 13:07:20] - [test_utils.py:60] - [INFO]: batch #900/4252 Loss: 0.4361919164657593
[2025-10-13 13:07:29] - [test_utils.py:60] - [INFO]: batch #1000/4252 Loss: 0.20433823764324188
[2025-10-13 13:07:39] - [test_utils.py:60] - [INFO]: batch #1100/4252 Loss: 0.5205146670341492
[2025-10-13 13:07:48] - [test_utils.py:60] - [INFO]: batch #1200/4252 Loss: 0.7619902491569519
[2025-10-13 13:07:58] - [test_utils.py:60] - [INFO]: batch #1300/4252 Loss: 0.34042322635650635
[2025-10-13 13:08:07] - [test_utils.py:60] - [INFO]: batch #1400/4252 Loss: 0.8380058407783508
[2025-10-13 13:08:17] - [test_utils.py:60] - [INFO]: batch #1500/4252 Loss: 0.8035426139831543
[2025-10-13 13:08:27] - [test_utils.py:60] - [INFO]: batch #1600/4252 Loss: 1.0774853229522705
[2025-10-13 13:08:36] - [test_utils.py:60] - [INFO]: batch #1700/4252 Loss: 0.48778456449508667
[2025-10-13 13:08:46] - [test_utils.py:60] - [INFO]: batch #1800/4252 Loss: 0.15736907720565796
[2025-10-13 13:08:56] - [test_utils.py:60] - [INFO]: batch #1900/4252 Loss: 0.4435800015926361
[2025-10-13 13:09:05] - [test_utils.py:60] - [INFO]: batch #2000/4252 Loss: 0.7770053744316101
[2025-10-13 13:09:15] - [test_utils.py:60] - [INFO]: batch #2100/4252 Loss: 1.406723976135254
[2025-10-13 13:09:24] - [test_utils.py:60] - [INFO]: batch #2200/4252 Loss: 0.3989868462085724
[2025-10-13 13:09:33] - [test_utils.py:60] - [INFO]: batch #2300/4252 Loss: 0.09645974636077881
[2025-10-13 13:09:43] - [test_utils.py:60] - [INFO]: batch #2400/4252 Loss: 1.1663914918899536
[2025-10-13 13:09:52] - [test_utils.py:60] - [INFO]: batch #2500/4252 Loss: 0.16161426901817322
[2025-10-13 13:10:01] - [test_utils.py:60] - [INFO]: batch #2600/4252 Loss: 1.4086421728134155
[2025-10-13 13:10:11] - [test_utils.py:60] - [INFO]: batch #2700/4252 Loss: 0.6745322346687317
[2025-10-13 13:10:20] - [test_utils.py:60] - [INFO]: batch #2800/4252 Loss: 0.35300105810165405
[2025-10-13 13:10:30] - [test_utils.py:60] - [INFO]: batch #2900/4252 Loss: 0.04748554155230522
[2025-10-13 13:10:39] - [test_utils.py:60] - [INFO]: batch #3000/4252 Loss: 1.810765266418457
[2025-10-13 13:10:48] - [test_utils.py:60] - [INFO]: batch #3100/4252 Loss: 0.9269201755523682
[2025-10-13 13:10:58] - [test_utils.py:60] - [INFO]: batch #3200/4252 Loss: 0.43587517738342285
[2025-10-13 13:11:07] - [test_utils.py:60] - [INFO]: batch #3300/4252 Loss: 1.3293441534042358
[2025-10-13 13:11:17] - [test_utils.py:60] - [INFO]: batch #3400/4252 Loss: 1.4416215419769287
[2025-10-13 13:11:27] - [test_utils.py:60] - [INFO]: batch #3500/4252 Loss: 0.050823092460632324
[2025-10-13 13:11:36] - [test_utils.py:60] - [INFO]: batch #3600/4252 Loss: 0.9539065957069397
[2025-10-13 13:11:46] - [test_utils.py:60] - [INFO]: batch #3700/4252 Loss: 0.324248731136322
[2025-10-13 13:11:55] - [test_utils.py:60] - [INFO]: batch #3800/4252 Loss: 0.8346683382987976
[2025-10-13 13:12:05] - [test_utils.py:60] - [INFO]: batch #3900/4252 Loss: 0.08068527281284332
[2025-10-13 13:12:15] - [test_utils.py:60] - [INFO]: batch #4000/4252 Loss: 0.496107280254364
[2025-10-13 13:12:24] - [test_utils.py:60] - [INFO]: batch #4100/4252 Loss: 1.1201874017715454
[2025-10-13 13:12:34] - [test_utils.py:60] - [INFO]: batch #4200/4252 Loss: 0.03512122482061386
[2025-10-13 13:12:39] - [test_utils.py:69] - [INFO]: Test Loss: 0.64785 | Test Accuracy: 78.39% | Test F1-score: 0.7838566899299622

[2025-10-13 13:12:39] - [finetune_resnet50.py:139] - [INFO]: Testing step completed.
[2025-10-13 13:12:39] - [finetune_resnet50.py:142] - [INFO]: Appending the epoch's metrics to CSV.
[2025-10-13 13:12:39] - [finetune_resnet50.py:146] - [INFO]: Epoch's metrics appended successfully!
[2025-10-13 13:12:39] - [finetune_resnet50.py:101] - [INFO]: Epoch 2
------------------------
[2025-10-13 13:12:39] - [finetune_resnet50.py:103] - [INFO]: Starting Training Step...
[2025-10-13 13:30:59] - [train_utils.py:67] - [INFO]: Train Loss: 0.47863 | Train Accuracy: 83.14%
[2025-10-13 13:30:59] - [finetune_resnet50.py:113] - [INFO]: Training Step Completed.
[2025-10-13 13:30:59] - [finetune_resnet50.py:117] - [INFO]: Saving model checkpoint...
[2025-10-13 13:30:59] - [finetune_resnet50.py:125] - [INFO]: Model checkpoint saved at epoch 2/10
[2025-10-13 13:30:59] - [finetune_resnet50.py:128] - [INFO]: Starting Testing Step...
[2025-10-13 13:31:09] - [test_utils.py:60] - [INFO]: batch #100/4252 Loss: 0.2770865857601166
[2025-10-13 13:31:18] - [test_utils.py:60] - [INFO]: batch #200/4252 Loss: 0.2869306206703186
[2025-10-13 13:31:28] - [test_utils.py:60] - [INFO]: batch #300/4252 Loss: 0.6374837756156921
[2025-10-13 13:31:38] - [test_utils.py:60] - [INFO]: batch #400/4252 Loss: 0.9229062795639038
[2025-10-13 13:31:48] - [test_utils.py:60] - [INFO]: batch #500/4252 Loss: 0.8582025170326233
[2025-10-13 13:31:57] - [test_utils.py:60] - [INFO]: batch #600/4252 Loss: 0.4654674232006073
[2025-10-13 13:32:07] - [test_utils.py:60] - [INFO]: batch #700/4252 Loss: 0.16528847813606262
[2025-10-13 13:32:17] - [test_utils.py:60] - [INFO]: batch #800/4252 Loss: 1.0667539834976196
[2025-10-13 13:32:26] - [test_utils.py:60] - [INFO]: batch #900/4252 Loss: 0.3506774604320526
[2025-10-13 13:32:36] - [test_utils.py:60] - [INFO]: batch #1000/4252 Loss: 0.14382429420948029
[2025-10-13 13:32:45] - [test_utils.py:60] - [INFO]: batch #1100/4252 Loss: 0.5769751667976379
[2025-10-13 13:32:55] - [test_utils.py:60] - [INFO]: batch #1200/4252 Loss: 0.5847354531288147
[2025-10-13 13:33:04] - [test_utils.py:60] - [INFO]: batch #1300/4252 Loss: 0.31196463108062744
[2025-10-13 13:33:14] - [test_utils.py:60] - [INFO]: batch #1400/4252 Loss: 0.7017102241516113
[2025-10-13 13:33:23] - [test_utils.py:60] - [INFO]: batch #1500/4252 Loss: 0.5368577837944031
[2025-10-13 13:33:33] - [test_utils.py:60] - [INFO]: batch #1600/4252 Loss: 0.8518952131271362
[2025-10-13 13:33:43] - [test_utils.py:60] - [INFO]: batch #1700/4252 Loss: 0.6611458659172058
[2025-10-13 13:33:52] - [test_utils.py:60] - [INFO]: batch #1800/4252 Loss: 0.12239719182252884
[2025-10-13 13:34:02] - [test_utils.py:60] - [INFO]: batch #1900/4252 Loss: 0.47390931844711304
[2025-10-13 13:34:11] - [test_utils.py:60] - [INFO]: batch #2000/4252 Loss: 0.9649516344070435
[2025-10-13 13:34:21] - [test_utils.py:60] - [INFO]: batch #2100/4252 Loss: 2.0003626346588135
[2025-10-13 13:34:30] - [test_utils.py:60] - [INFO]: batch #2200/4252 Loss: 0.3154838979244232
[2025-10-13 13:34:39] - [test_utils.py:60] - [INFO]: batch #2300/4252 Loss: 0.03850644826889038
[2025-10-13 13:34:49] - [test_utils.py:60] - [INFO]: batch #2400/4252 Loss: 0.8105382919311523
[2025-10-13 13:34:58] - [test_utils.py:60] - [INFO]: batch #2500/4252 Loss: 0.13164375722408295
[2025-10-13 13:35:07] - [test_utils.py:60] - [INFO]: batch #2600/4252 Loss: 1.3813014030456543
[2025-10-13 13:35:17] - [test_utils.py:60] - [INFO]: batch #2700/4252 Loss: 0.8755403757095337
[2025-10-13 13:35:26] - [test_utils.py:60] - [INFO]: batch #2800/4252 Loss: 0.5016952157020569
[2025-10-13 13:35:35] - [test_utils.py:60] - [INFO]: batch #2900/4252 Loss: 0.06671566516160965
[2025-10-13 13:35:45] - [test_utils.py:60] - [INFO]: batch #3000/4252 Loss: 1.9953666925430298
[2025-10-13 13:35:54] - [test_utils.py:60] - [INFO]: batch #3100/4252 Loss: 0.5423622727394104
[2025-10-13 13:36:04] - [test_utils.py:60] - [INFO]: batch #3200/4252 Loss: 0.4825422763824463
[2025-10-13 13:36:13] - [test_utils.py:60] - [INFO]: batch #3300/4252 Loss: 1.035449504852295
[2025-10-13 13:36:23] - [test_utils.py:60] - [INFO]: batch #3400/4252 Loss: 1.584749460220337
[2025-10-13 13:36:33] - [test_utils.py:60] - [INFO]: batch #3500/4252 Loss: 0.09647569805383682
[2025-10-13 13:36:43] - [test_utils.py:60] - [INFO]: batch #3600/4252 Loss: 1.0059237480163574
[2025-10-13 13:36:52] - [test_utils.py:60] - [INFO]: batch #3700/4252 Loss: 0.22608759999275208
[2025-10-13 13:37:02] - [test_utils.py:60] - [INFO]: batch #3800/4252 Loss: 1.1525746583938599
[2025-10-13 13:37:11] - [test_utils.py:60] - [INFO]: batch #3900/4252 Loss: 0.1620580404996872
[2025-10-13 13:37:20] - [test_utils.py:60] - [INFO]: batch #4000/4252 Loss: 0.49472153186798096
[2025-10-13 13:37:30] - [test_utils.py:60] - [INFO]: batch #4100/4252 Loss: 1.043196201324463
[2025-10-13 13:37:39] - [test_utils.py:60] - [INFO]: batch #4200/4252 Loss: 0.029132086783647537
[2025-10-13 13:37:44] - [test_utils.py:69] - [INFO]: Test Loss: 0.67237 | Test Accuracy: 77.61% | Test F1-score: 0.7761092185974121

[2025-10-13 13:37:44] - [finetune_resnet50.py:139] - [INFO]: Testing step completed.
[2025-10-13 13:37:44] - [finetune_resnet50.py:142] - [INFO]: Appending the epoch's metrics to CSV.
[2025-10-13 13:37:44] - [finetune_resnet50.py:146] - [INFO]: Epoch's metrics appended successfully!
[2025-10-13 13:37:44] - [finetune_resnet50.py:101] - [INFO]: Epoch 3
------------------------
[2025-10-13 13:37:44] - [finetune_resnet50.py:103] - [INFO]: Starting Training Step...
[2025-10-13 13:56:07] - [train_utils.py:67] - [INFO]: Train Loss: 0.33368 | Train Accuracy: 88.09%
[2025-10-13 13:56:07] - [finetune_resnet50.py:113] - [INFO]: Training Step Completed.
[2025-10-13 13:56:07] - [finetune_resnet50.py:128] - [INFO]: Starting Testing Step...
[2025-10-13 13:56:16] - [test_utils.py:60] - [INFO]: batch #100/4252 Loss: 0.24194814264774323
[2025-10-13 13:56:25] - [test_utils.py:60] - [INFO]: batch #200/4252 Loss: 0.20314674079418182
[2025-10-13 13:56:35] - [test_utils.py:60] - [INFO]: batch #300/4252 Loss: 0.3423042595386505
[2025-10-13 13:56:45] - [test_utils.py:60] - [INFO]: batch #400/4252 Loss: 0.9330170154571533
[2025-10-13 13:56:55] - [test_utils.py:60] - [INFO]: batch #500/4252 Loss: 0.6785335540771484
[2025-10-13 13:57:04] - [test_utils.py:60] - [INFO]: batch #600/4252 Loss: 0.558799684047699
[2025-10-13 13:57:14] - [test_utils.py:60] - [INFO]: batch #700/4252 Loss: 0.18745861947536469
[2025-10-13 13:57:24] - [test_utils.py:60] - [INFO]: batch #800/4252 Loss: 1.2747563123703003
[2025-10-13 13:57:34] - [test_utils.py:60] - [INFO]: batch #900/4252 Loss: 0.33988669514656067
[2025-10-13 13:57:43] - [test_utils.py:60] - [INFO]: batch #1000/4252 Loss: 0.10795854032039642
[2025-10-13 13:57:53] - [test_utils.py:60] - [INFO]: batch #1100/4252 Loss: 0.4119867980480194
[2025-10-13 13:58:03] - [test_utils.py:60] - [INFO]: batch #1200/4252 Loss: 0.7170483469963074
[2025-10-13 13:58:12] - [test_utils.py:60] - [INFO]: batch #1300/4252 Loss: 0.251961350440979
[2025-10-13 13:58:22] - [test_utils.py:60] - [INFO]: batch #1400/4252 Loss: 0.7255952954292297
[2025-10-13 13:58:32] - [test_utils.py:60] - [INFO]: batch #1500/4252 Loss: 0.9777580499649048
[2025-10-13 13:58:41] - [test_utils.py:60] - [INFO]: batch #1600/4252 Loss: 0.6806718111038208
[2025-10-13 13:58:51] - [test_utils.py:60] - [INFO]: batch #1700/4252 Loss: 0.5369072556495667
[2025-10-13 13:59:01] - [test_utils.py:60] - [INFO]: batch #1800/4252 Loss: 0.13960349559783936
[2025-10-13 13:59:10] - [test_utils.py:60] - [INFO]: batch #1900/4252 Loss: 0.5014679431915283
[2025-10-13 13:59:20] - [test_utils.py:60] - [INFO]: batch #2000/4252 Loss: 0.8551127314567566
[2025-10-13 13:59:29] - [test_utils.py:60] - [INFO]: batch #2100/4252 Loss: 1.7785006761550903
[2025-10-13 13:59:38] - [test_utils.py:60] - [INFO]: batch #2200/4252 Loss: 0.34423819184303284
[2025-10-13 13:59:48] - [test_utils.py:60] - [INFO]: batch #2300/4252 Loss: 0.0225815586745739
[2025-10-13 13:59:57] - [test_utils.py:60] - [INFO]: batch #2400/4252 Loss: 1.3406013250350952
[2025-10-13 14:00:06] - [test_utils.py:60] - [INFO]: batch #2500/4252 Loss: 0.027729583904147148
[2025-10-13 14:00:16] - [test_utils.py:60] - [INFO]: batch #2600/4252 Loss: 1.2534193992614746
[2025-10-13 14:00:25] - [test_utils.py:60] - [INFO]: batch #2700/4252 Loss: 0.5424911379814148
[2025-10-13 14:00:34] - [test_utils.py:60] - [INFO]: batch #2800/4252 Loss: 0.33507323265075684
[2025-10-13 14:00:44] - [test_utils.py:60] - [INFO]: batch #2900/4252 Loss: 0.023647794499993324
[2025-10-13 14:00:53] - [test_utils.py:60] - [INFO]: batch #3000/4252 Loss: 2.0762014389038086
[2025-10-13 14:01:03] - [test_utils.py:60] - [INFO]: batch #3100/4252 Loss: 0.6600725054740906
[2025-10-13 14:01:12] - [test_utils.py:60] - [INFO]: batch #3200/4252 Loss: 0.5113363862037659
[2025-10-13 14:01:21] - [test_utils.py:60] - [INFO]: batch #3300/4252 Loss: 1.9075833559036255
[2025-10-13 14:01:31] - [test_utils.py:60] - [INFO]: batch #3400/4252 Loss: 2.0145602226257324
[2025-10-13 14:01:41] - [test_utils.py:60] - [INFO]: batch #3500/4252 Loss: 0.04822163283824921
[2025-10-13 14:01:50] - [test_utils.py:60] - [INFO]: batch #3600/4252 Loss: 0.843971312046051
[2025-10-13 14:02:00] - [test_utils.py:60] - [INFO]: batch #3700/4252 Loss: 0.2960585057735443
[2025-10-13 14:02:09] - [test_utils.py:60] - [INFO]: batch #3800/4252 Loss: 1.751313328742981
[2025-10-13 14:02:19] - [test_utils.py:60] - [INFO]: batch #3900/4252 Loss: 0.10971036553382874
[2025-10-13 14:02:28] - [test_utils.py:60] - [INFO]: batch #4000/4252 Loss: 0.4469543695449829
[2025-10-13 14:02:38] - [test_utils.py:60] - [INFO]: batch #4100/4252 Loss: 1.5533196926116943
[2025-10-13 14:02:47] - [test_utils.py:60] - [INFO]: batch #4200/4252 Loss: 0.07136087864637375
[2025-10-13 14:02:52] - [test_utils.py:69] - [INFO]: Test Loss: 0.73024 | Test Accuracy: 77.69% | Test F1-score: 0.776932418346405

[2025-10-13 14:02:52] - [finetune_resnet50.py:139] - [INFO]: Testing step completed.
[2025-10-13 14:02:52] - [finetune_resnet50.py:142] - [INFO]: Appending the epoch's metrics to CSV.
[2025-10-13 14:02:52] - [finetune_resnet50.py:146] - [INFO]: Epoch's metrics appended successfully!
[2025-10-13 14:02:52] - [finetune_resnet50.py:101] - [INFO]: Epoch 4
------------------------
[2025-10-13 14:02:52] - [finetune_resnet50.py:103] - [INFO]: Starting Training Step...
[2025-10-13 14:21:13] - [train_utils.py:67] - [INFO]: Train Loss: 0.20801 | Train Accuracy: 92.63%
[2025-10-13 14:21:13] - [finetune_resnet50.py:113] - [INFO]: Training Step Completed.
[2025-10-13 14:21:13] - [finetune_resnet50.py:117] - [INFO]: Saving model checkpoint...
[2025-10-13 14:21:13] - [finetune_resnet50.py:125] - [INFO]: Model checkpoint saved at epoch 4/10
[2025-10-13 14:21:13] - [finetune_resnet50.py:128] - [INFO]: Starting Testing Step...
[2025-10-13 14:21:23] - [test_utils.py:60] - [INFO]: batch #100/4252 Loss: 0.3626054525375366
[2025-10-13 14:21:33] - [test_utils.py:60] - [INFO]: batch #200/4252 Loss: 0.2383245825767517
[2025-10-13 14:21:42] - [test_utils.py:60] - [INFO]: batch #300/4252 Loss: 0.34269940853118896
[2025-10-13 14:21:52] - [test_utils.py:60] - [INFO]: batch #400/4252 Loss: 1.3647356033325195
[2025-10-13 14:22:02] - [test_utils.py:60] - [INFO]: batch #500/4252 Loss: 0.5856142044067383
[2025-10-13 14:22:12] - [test_utils.py:60] - [INFO]: batch #600/4252 Loss: 0.6236931681632996
[2025-10-13 14:22:21] - [test_utils.py:60] - [INFO]: batch #700/4252 Loss: 0.20542339980602264
[2025-10-13 14:22:31] - [test_utils.py:60] - [INFO]: batch #800/4252 Loss: 0.8098863363265991
[2025-10-13 14:22:41] - [test_utils.py:60] - [INFO]: batch #900/4252 Loss: 0.47874730825424194
[2025-10-13 14:22:50] - [test_utils.py:60] - [INFO]: batch #1000/4252 Loss: 0.10840534418821335
[2025-10-13 14:23:00] - [test_utils.py:60] - [INFO]: batch #1100/4252 Loss: 0.5385096073150635
[2025-10-13 14:23:09] - [test_utils.py:60] - [INFO]: batch #1200/4252 Loss: 0.37167903780937195
[2025-10-13 14:23:19] - [test_utils.py:60] - [INFO]: batch #1300/4252 Loss: 0.2165772020816803
[2025-10-13 14:23:29] - [test_utils.py:60] - [INFO]: batch #1400/4252 Loss: 1.025046467781067
[2025-10-13 14:23:38] - [test_utils.py:60] - [INFO]: batch #1500/4252 Loss: 1.37921941280365
[2025-10-13 14:23:48] - [test_utils.py:60] - [INFO]: batch #1600/4252 Loss: 0.5538806319236755
[2025-10-13 14:23:58] - [test_utils.py:60] - [INFO]: batch #1700/4252 Loss: 0.4284396469593048
[2025-10-13 14:24:07] - [test_utils.py:60] - [INFO]: batch #1800/4252 Loss: 0.12572163343429565
[2025-10-13 14:24:17] - [test_utils.py:60] - [INFO]: batch #1900/4252 Loss: 0.4902358949184418
[2025-10-13 14:24:26] - [test_utils.py:60] - [INFO]: batch #2000/4252 Loss: 2.1366324424743652
[2025-10-13 14:24:36] - [test_utils.py:60] - [INFO]: batch #2100/4252 Loss: 2.27944016456604
[2025-10-13 14:24:45] - [test_utils.py:60] - [INFO]: batch #2200/4252 Loss: 0.42468079924583435
[2025-10-13 14:24:54] - [test_utils.py:60] - [INFO]: batch #2300/4252 Loss: 0.04690924286842346
[2025-10-13 14:25:04] - [test_utils.py:60] - [INFO]: batch #2400/4252 Loss: 1.1453739404678345
[2025-10-13 14:25:13] - [test_utils.py:60] - [INFO]: batch #2500/4252 Loss: 0.023111874237656593
[2025-10-13 14:25:22] - [test_utils.py:60] - [INFO]: batch #2600/4252 Loss: 2.2407071590423584
[2025-10-13 14:25:32] - [test_utils.py:60] - [INFO]: batch #2700/4252 Loss: 0.666978657245636
[2025-10-13 14:25:41] - [test_utils.py:60] - [INFO]: batch #2800/4252 Loss: 0.6011481285095215
[2025-10-13 14:25:50] - [test_utils.py:60] - [INFO]: batch #2900/4252 Loss: 0.17824099957942963
[2025-10-13 14:26:00] - [test_utils.py:60] - [INFO]: batch #3000/4252 Loss: 3.2788333892822266
[2025-10-13 14:26:09] - [test_utils.py:60] - [INFO]: batch #3100/4252 Loss: 0.5440666079521179
[2025-10-13 14:26:19] - [test_utils.py:60] - [INFO]: batch #3200/4252 Loss: 0.7442095279693604
[2025-10-13 14:26:28] - [test_utils.py:60] - [INFO]: batch #3300/4252 Loss: 1.9882644414901733
[2025-10-13 14:26:38] - [test_utils.py:60] - [INFO]: batch #3400/4252 Loss: 2.8737733364105225
[2025-10-13 14:26:48] - [test_utils.py:60] - [INFO]: batch #3500/4252 Loss: 0.11654680967330933
[2025-10-13 14:26:58] - [test_utils.py:60] - [INFO]: batch #3600/4252 Loss: 1.058357834815979
[2025-10-13 14:27:07] - [test_utils.py:60] - [INFO]: batch #3700/4252 Loss: 0.39752164483070374
[2025-10-13 14:27:16] - [test_utils.py:60] - [INFO]: batch #3800/4252 Loss: 1.8559695482254028
[2025-10-13 14:27:26] - [test_utils.py:60] - [INFO]: batch #3900/4252 Loss: 0.17077228426933289
[2025-10-13 14:27:35] - [test_utils.py:60] - [INFO]: batch #4000/4252 Loss: 0.5647491812705994
[2025-10-13 14:27:45] - [test_utils.py:60] - [INFO]: batch #4100/4252 Loss: 1.5463945865631104
[2025-10-13 14:27:54] - [test_utils.py:60] - [INFO]: batch #4200/4252 Loss: 0.05883822217583656
[2025-10-13 14:27:59] - [test_utils.py:69] - [INFO]: Test Loss: 0.85410 | Test Accuracy: 76.40% | Test F1-score: 0.764046847820282

[2025-10-13 14:27:59] - [finetune_resnet50.py:139] - [INFO]: Testing step completed.
[2025-10-13 14:27:59] - [finetune_resnet50.py:142] - [INFO]: Appending the epoch's metrics to CSV.
[2025-10-13 14:27:59] - [finetune_resnet50.py:146] - [INFO]: Epoch's metrics appended successfully!
[2025-10-13 14:27:59] - [finetune_resnet50.py:101] - [INFO]: Epoch 5
------------------------
[2025-10-13 14:27:59] - [finetune_resnet50.py:103] - [INFO]: Starting Training Step...
[2025-10-13 14:46:17] - [train_utils.py:67] - [INFO]: Train Loss: 0.13432 | Train Accuracy: 95.30%
[2025-10-13 14:46:17] - [finetune_resnet50.py:113] - [INFO]: Training Step Completed.
[2025-10-13 14:46:17] - [finetune_resnet50.py:128] - [INFO]: Starting Testing Step...
[2025-10-13 14:46:26] - [test_utils.py:60] - [INFO]: batch #100/4252 Loss: 0.02994837798178196
[2025-10-13 14:46:36] - [test_utils.py:60] - [INFO]: batch #200/4252 Loss: 0.1847139149904251
[2025-10-13 14:46:45] - [test_utils.py:60] - [INFO]: batch #300/4252 Loss: 0.07201294600963593
[2025-10-13 14:46:55] - [test_utils.py:60] - [INFO]: batch #400/4252 Loss: 1.2539609670639038
[2025-10-13 14:47:04] - [test_utils.py:60] - [INFO]: batch #500/4252 Loss: 0.8158386945724487
[2025-10-13 14:47:14] - [test_utils.py:60] - [INFO]: batch #600/4252 Loss: 0.6421623229980469
[2025-10-13 14:47:24] - [test_utils.py:60] - [INFO]: batch #700/4252 Loss: 0.2388049215078354
[2025-10-13 14:47:33] - [test_utils.py:60] - [INFO]: batch #800/4252 Loss: 1.2088627815246582
[2025-10-13 14:47:43] - [test_utils.py:60] - [INFO]: batch #900/4252 Loss: 0.4347880482673645
[2025-10-13 14:47:52] - [test_utils.py:60] - [INFO]: batch #1000/4252 Loss: 0.15722773969173431
[2025-10-13 14:48:02] - [test_utils.py:60] - [INFO]: batch #1100/4252 Loss: 0.3859928548336029
[2025-10-13 14:48:11] - [test_utils.py:60] - [INFO]: batch #1200/4252 Loss: 0.6264480948448181
[2025-10-13 14:48:21] - [test_utils.py:60] - [INFO]: batch #1300/4252 Loss: 0.2870922088623047
[2025-10-13 14:48:30] - [test_utils.py:60] - [INFO]: batch #1400/4252 Loss: 1.3301979303359985
[2025-10-13 14:48:39] - [test_utils.py:60] - [INFO]: batch #1500/4252 Loss: 2.0883824825286865
[2025-10-13 14:48:49] - [test_utils.py:60] - [INFO]: batch #1600/4252 Loss: 1.2327131032943726
[2025-10-13 14:48:59] - [test_utils.py:60] - [INFO]: batch #1700/4252 Loss: 1.4262460470199585
[2025-10-13 14:49:08] - [test_utils.py:60] - [INFO]: batch #1800/4252 Loss: 0.15442244708538055
[2025-10-13 14:49:18] - [test_utils.py:60] - [INFO]: batch #1900/4252 Loss: 0.7213192582130432
[2025-10-13 14:49:27] - [test_utils.py:60] - [INFO]: batch #2000/4252 Loss: 0.5652917623519897
[2025-10-13 14:49:36] - [test_utils.py:60] - [INFO]: batch #2100/4252 Loss: 2.640580654144287
[2025-10-13 14:49:46] - [test_utils.py:60] - [INFO]: batch #2200/4252 Loss: 0.2694070339202881
[2025-10-13 14:49:55] - [test_utils.py:60] - [INFO]: batch #2300/4252 Loss: 0.037024471908807755
[2025-10-13 14:50:04] - [test_utils.py:60] - [INFO]: batch #2400/4252 Loss: 1.9817259311676025
[2025-10-13 14:50:13] - [test_utils.py:60] - [INFO]: batch #2500/4252 Loss: 0.058505650609731674
[2025-10-13 14:50:22] - [test_utils.py:60] - [INFO]: batch #2600/4252 Loss: 2.8948757648468018
[2025-10-13 14:50:32] - [test_utils.py:60] - [INFO]: batch #2700/4252 Loss: 0.7951093912124634
[2025-10-13 14:50:41] - [test_utils.py:60] - [INFO]: batch #2800/4252 Loss: 0.7889252305030823
[2025-10-13 14:50:50] - [test_utils.py:60] - [INFO]: batch #2900/4252 Loss: 0.006853090599179268
[2025-10-13 14:51:00] - [test_utils.py:60] - [INFO]: batch #3000/4252 Loss: 4.789700508117676
[2025-10-13 14:51:09] - [test_utils.py:60] - [INFO]: batch #3100/4252 Loss: 1.202317476272583
[2025-10-13 14:51:18] - [test_utils.py:60] - [INFO]: batch #3200/4252 Loss: 0.5071825385093689
[2025-10-13 14:51:27] - [test_utils.py:60] - [INFO]: batch #3300/4252 Loss: 2.191131830215454
[2025-10-13 14:51:37] - [test_utils.py:60] - [INFO]: batch #3400/4252 Loss: 2.7853689193725586
[2025-10-13 14:51:47] - [test_utils.py:60] - [INFO]: batch #3500/4252 Loss: 0.133968323469162
[2025-10-13 14:51:56] - [test_utils.py:60] - [INFO]: batch #3600/4252 Loss: 1.6349687576293945
[2025-10-13 14:52:06] - [test_utils.py:60] - [INFO]: batch #3700/4252 Loss: 0.3599863648414612
[2025-10-13 14:52:15] - [test_utils.py:60] - [INFO]: batch #3800/4252 Loss: 1.2993022203445435
[2025-10-13 14:52:25] - [test_utils.py:60] - [INFO]: batch #3900/4252 Loss: 0.23825418949127197
[2025-10-13 14:52:34] - [test_utils.py:60] - [INFO]: batch #4000/4252 Loss: 0.744282066822052
[2025-10-13 14:52:44] - [test_utils.py:60] - [INFO]: batch #4100/4252 Loss: 2.7643864154815674
[2025-10-13 14:52:53] - [test_utils.py:60] - [INFO]: batch #4200/4252 Loss: 0.025815654546022415
[2025-10-13 14:52:58] - [test_utils.py:69] - [INFO]: Test Loss: 1.01116 | Test Accuracy: 77.21% | Test F1-score: 0.7721325159072876

[2025-10-13 14:52:58] - [finetune_resnet50.py:139] - [INFO]: Testing step completed.
[2025-10-13 14:52:58] - [finetune_resnet50.py:142] - [INFO]: Appending the epoch's metrics to CSV.
[2025-10-13 14:52:58] - [finetune_resnet50.py:146] - [INFO]: Epoch's metrics appended successfully!
[2025-10-13 14:52:58] - [finetune_resnet50.py:101] - [INFO]: Epoch 6
------------------------
[2025-10-13 14:52:58] - [finetune_resnet50.py:103] - [INFO]: Starting Training Step...
[2025-10-13 15:11:16] - [train_utils.py:67] - [INFO]: Train Loss: 0.10092 | Train Accuracy: 96.48%
[2025-10-13 15:11:16] - [finetune_resnet50.py:113] - [INFO]: Training Step Completed.
[2025-10-13 15:11:16] - [finetune_resnet50.py:117] - [INFO]: Saving model checkpoint...
[2025-10-13 15:11:17] - [finetune_resnet50.py:125] - [INFO]: Model checkpoint saved at epoch 6/10
[2025-10-13 15:11:17] - [finetune_resnet50.py:128] - [INFO]: Starting Testing Step...
[2025-10-13 15:11:26] - [test_utils.py:60] - [INFO]: batch #100/4252 Loss: 0.09076446294784546
[2025-10-13 15:11:36] - [test_utils.py:60] - [INFO]: batch #200/4252 Loss: 0.07423093914985657
[2025-10-13 15:11:45] - [test_utils.py:60] - [INFO]: batch #300/4252 Loss: 0.7076436877250671
[2025-10-13 15:11:55] - [test_utils.py:60] - [INFO]: batch #400/4252 Loss: 1.082594633102417
[2025-10-13 15:12:05] - [test_utils.py:60] - [INFO]: batch #500/4252 Loss: 0.9864410758018494
[2025-10-13 15:12:14] - [test_utils.py:60] - [INFO]: batch #600/4252 Loss: 0.8599420785903931
[2025-10-13 15:12:24] - [test_utils.py:60] - [INFO]: batch #700/4252 Loss: 0.031150948256254196
[2025-10-13 15:12:34] - [test_utils.py:60] - [INFO]: batch #800/4252 Loss: 1.4641456604003906
[2025-10-13 15:12:43] - [test_utils.py:60] - [INFO]: batch #900/4252 Loss: 0.3539975881576538
[2025-10-13 15:12:53] - [test_utils.py:60] - [INFO]: batch #1000/4252 Loss: 0.13337823748588562
[2025-10-13 15:13:02] - [test_utils.py:60] - [INFO]: batch #1100/4252 Loss: 0.6366463899612427
[2025-10-13 15:13:12] - [test_utils.py:60] - [INFO]: batch #1200/4252 Loss: 1.317674994468689
[2025-10-13 15:13:21] - [test_utils.py:60] - [INFO]: batch #1300/4252 Loss: 0.32550621032714844
[2025-10-13 15:13:31] - [test_utils.py:60] - [INFO]: batch #1400/4252 Loss: 1.1533877849578857
[2025-10-13 15:13:41] - [test_utils.py:60] - [INFO]: batch #1500/4252 Loss: 1.570397138595581
[2025-10-13 15:13:51] - [test_utils.py:60] - [INFO]: batch #1600/4252 Loss: 0.3461093306541443
[2025-10-13 15:14:00] - [test_utils.py:60] - [INFO]: batch #1700/4252 Loss: 0.6568999290466309
[2025-10-13 15:14:10] - [test_utils.py:60] - [INFO]: batch #1800/4252 Loss: 0.146776020526886
[2025-10-13 15:14:19] - [test_utils.py:60] - [INFO]: batch #1900/4252 Loss: 0.643748939037323
[2025-10-13 15:14:29] - [test_utils.py:60] - [INFO]: batch #2000/4252 Loss: 2.1342012882232666
[2025-10-13 15:14:38] - [test_utils.py:60] - [INFO]: batch #2100/4252 Loss: 2.601919651031494
[2025-10-13 15:14:47] - [test_utils.py:60] - [INFO]: batch #2200/4252 Loss: 0.3088463842868805
[2025-10-13 15:14:56] - [test_utils.py:60] - [INFO]: batch #2300/4252 Loss: 0.003922359086573124
[2025-10-13 15:15:06] - [test_utils.py:60] - [INFO]: batch #2400/4252 Loss: 1.6171209812164307
[2025-10-13 15:15:15] - [test_utils.py:60] - [INFO]: batch #2500/4252 Loss: 0.06963047385215759
[2025-10-13 15:15:25] - [test_utils.py:60] - [INFO]: batch #2600/4252 Loss: 2.3677146434783936
[2025-10-13 15:15:34] - [test_utils.py:60] - [INFO]: batch #2700/4252 Loss: 1.2638179063796997
[2025-10-13 15:15:43] - [test_utils.py:60] - [INFO]: batch #2800/4252 Loss: 0.4970572292804718
[2025-10-13 15:15:53] - [test_utils.py:60] - [INFO]: batch #2900/4252 Loss: 0.20235441625118256
[2025-10-13 15:16:02] - [test_utils.py:60] - [INFO]: batch #3000/4252 Loss: 4.2689208984375
[2025-10-13 15:16:11] - [test_utils.py:60] - [INFO]: batch #3100/4252 Loss: 0.6651257872581482
[2025-10-13 15:16:21] - [test_utils.py:60] - [INFO]: batch #3200/4252 Loss: 0.4159218370914459
[2025-10-13 15:16:30] - [test_utils.py:60] - [INFO]: batch #3300/4252 Loss: 2.137214422225952
[2025-10-13 15:16:40] - [test_utils.py:60] - [INFO]: batch #3400/4252 Loss: 2.806558132171631
[2025-10-13 15:16:50] - [test_utils.py:60] - [INFO]: batch #3500/4252 Loss: 0.18460579216480255
[2025-10-13 15:17:00] - [test_utils.py:60] - [INFO]: batch #3600/4252 Loss: 1.2808396816253662
[2025-10-13 15:17:09] - [test_utils.py:60] - [INFO]: batch #3700/4252 Loss: 0.23050124943256378
[2025-10-13 15:17:18] - [test_utils.py:60] - [INFO]: batch #3800/4252 Loss: 2.3972842693328857
[2025-10-13 15:17:28] - [test_utils.py:60] - [INFO]: batch #3900/4252 Loss: 0.12591208517551422
[2025-10-13 15:17:37] - [test_utils.py:60] - [INFO]: batch #4000/4252 Loss: 1.3533923625946045
[2025-10-13 15:17:47] - [test_utils.py:60] - [INFO]: batch #4100/4252 Loss: 1.7695715427398682
[2025-10-13 15:17:56] - [test_utils.py:60] - [INFO]: batch #4200/4252 Loss: 0.06424034386873245
[2025-10-13 15:18:01] - [test_utils.py:69] - [INFO]: Test Loss: 1.02076 | Test Accuracy: 75.53% | Test F1-score: 0.7553439140319824

[2025-10-13 15:18:01] - [finetune_resnet50.py:139] - [INFO]: Testing step completed.
[2025-10-13 15:18:01] - [finetune_resnet50.py:142] - [INFO]: Appending the epoch's metrics to CSV.
[2025-10-13 15:18:01] - [finetune_resnet50.py:146] - [INFO]: Epoch's metrics appended successfully!
[2025-10-13 15:18:01] - [finetune_resnet50.py:101] - [INFO]: Epoch 7
------------------------
[2025-10-13 15:18:01] - [finetune_resnet50.py:103] - [INFO]: Starting Training Step...
[2025-10-13 15:36:21] - [train_utils.py:67] - [INFO]: Train Loss: 0.08353 | Train Accuracy: 97.09%
[2025-10-13 15:36:21] - [finetune_resnet50.py:113] - [INFO]: Training Step Completed.
[2025-10-13 15:36:21] - [finetune_resnet50.py:128] - [INFO]: Starting Testing Step...
[2025-10-13 15:36:30] - [test_utils.py:60] - [INFO]: batch #100/4252 Loss: 0.13686180114746094
[2025-10-13 15:36:40] - [test_utils.py:60] - [INFO]: batch #200/4252 Loss: 0.14699432253837585
[2025-10-13 15:36:49] - [test_utils.py:60] - [INFO]: batch #300/4252 Loss: 0.44279274344444275
[2025-10-13 15:36:59] - [test_utils.py:60] - [INFO]: batch #400/4252 Loss: 0.7116343379020691
[2025-10-13 15:37:09] - [test_utils.py:60] - [INFO]: batch #500/4252 Loss: 0.9550002813339233
[2025-10-13 15:37:18] - [test_utils.py:60] - [INFO]: batch #600/4252 Loss: 0.6880265474319458
[2025-10-13 15:37:28] - [test_utils.py:60] - [INFO]: batch #700/4252 Loss: 0.037267979234457016
[2025-10-13 15:37:38] - [test_utils.py:60] - [INFO]: batch #800/4252 Loss: 1.3590028285980225
[2025-10-13 15:37:48] - [test_utils.py:60] - [INFO]: batch #900/4252 Loss: 0.1962590366601944
[2025-10-13 15:37:57] - [test_utils.py:60] - [INFO]: batch #1000/4252 Loss: 0.09429476410150528
[2025-10-13 15:38:07] - [test_utils.py:60] - [INFO]: batch #1100/4252 Loss: 0.5917215347290039
[2025-10-13 15:38:16] - [test_utils.py:60] - [INFO]: batch #1200/4252 Loss: 0.6312304735183716
[2025-10-13 15:38:26] - [test_utils.py:60] - [INFO]: batch #1300/4252 Loss: 0.7894962430000305
[2025-10-13 15:38:35] - [test_utils.py:60] - [INFO]: batch #1400/4252 Loss: 1.2858058214187622
[2025-10-13 15:38:45] - [test_utils.py:60] - [INFO]: batch #1500/4252 Loss: 1.7924739122390747
[2025-10-13 15:38:54] - [test_utils.py:60] - [INFO]: batch #1600/4252 Loss: 0.669320821762085
[2025-10-13 15:39:04] - [test_utils.py:60] - [INFO]: batch #1700/4252 Loss: 1.2875655889511108
[2025-10-13 15:39:14] - [test_utils.py:60] - [INFO]: batch #1800/4252 Loss: 0.015021762810647488
[2025-10-13 15:39:24] - [test_utils.py:60] - [INFO]: batch #1900/4252 Loss: 1.4062663316726685
[2025-10-13 15:39:33] - [test_utils.py:60] - [INFO]: batch #2000/4252 Loss: 0.803022027015686
[2025-10-13 15:39:42] - [test_utils.py:60] - [INFO]: batch #2100/4252 Loss: 3.2312936782836914
[2025-10-13 15:39:52] - [test_utils.py:60] - [INFO]: batch #2200/4252 Loss: 0.84479159116745
[2025-10-13 15:40:01] - [test_utils.py:60] - [INFO]: batch #2300/4252 Loss: 0.03686679154634476
[2025-10-13 15:40:11] - [test_utils.py:60] - [INFO]: batch #2400/4252 Loss: 2.3393077850341797
[2025-10-13 15:40:20] - [test_utils.py:60] - [INFO]: batch #2500/4252 Loss: 0.03699551150202751
[2025-10-13 15:40:29] - [test_utils.py:60] - [INFO]: batch #2600/4252 Loss: 2.6459810733795166
[2025-10-13 15:40:39] - [test_utils.py:60] - [INFO]: batch #2700/4252 Loss: 0.6622498035430908
[2025-10-13 15:40:48] - [test_utils.py:60] - [INFO]: batch #2800/4252 Loss: 0.6291303038597107
[2025-10-13 15:40:57] - [test_utils.py:60] - [INFO]: batch #2900/4252 Loss: 0.1313781589269638
[2025-10-13 15:41:07] - [test_utils.py:60] - [INFO]: batch #3000/4252 Loss: 4.306303977966309
[2025-10-13 15:41:17] - [test_utils.py:60] - [INFO]: batch #3100/4252 Loss: 0.9453179836273193
[2025-10-13 15:41:26] - [test_utils.py:60] - [INFO]: batch #3200/4252 Loss: 0.2717810273170471
[2025-10-13 15:41:35] - [test_utils.py:60] - [INFO]: batch #3300/4252 Loss: 2.5412638187408447
[2025-10-13 15:41:45] - [test_utils.py:60] - [INFO]: batch #3400/4252 Loss: 2.819258689880371
[2025-10-13 15:41:55] - [test_utils.py:60] - [INFO]: batch #3500/4252 Loss: 0.06188254803419113
[2025-10-13 15:42:05] - [test_utils.py:60] - [INFO]: batch #3600/4252 Loss: 0.778403103351593
[2025-10-13 15:42:14] - [test_utils.py:60] - [INFO]: batch #3700/4252 Loss: 0.3911449909210205
[2025-10-13 15:42:24] - [test_utils.py:60] - [INFO]: batch #3800/4252 Loss: 2.086247444152832
[2025-10-13 15:42:33] - [test_utils.py:60] - [INFO]: batch #3900/4252 Loss: 0.06417743861675262
[2025-10-13 15:42:42] - [test_utils.py:60] - [INFO]: batch #4000/4252 Loss: 0.8136403560638428
[2025-10-13 15:42:52] - [test_utils.py:60] - [INFO]: batch #4100/4252 Loss: 2.9585788249969482
[2025-10-13 15:43:02] - [test_utils.py:60] - [INFO]: batch #4200/4252 Loss: 0.012844756245613098
[2025-10-13 15:43:07] - [test_utils.py:69] - [INFO]: Test Loss: 1.07674 | Test Accuracy: 76.87% | Test F1-score: 0.768721878528595

[2025-10-13 15:43:07] - [finetune_resnet50.py:139] - [INFO]: Testing step completed.
[2025-10-13 15:43:07] - [finetune_resnet50.py:142] - [INFO]: Appending the epoch's metrics to CSV.
[2025-10-13 15:43:07] - [finetune_resnet50.py:146] - [INFO]: Epoch's metrics appended successfully!
[2025-10-13 15:43:07] - [finetune_resnet50.py:101] - [INFO]: Epoch 8
------------------------
[2025-10-13 15:43:07] - [finetune_resnet50.py:103] - [INFO]: Starting Training Step...
[2025-10-13 16:01:25] - [train_utils.py:67] - [INFO]: Train Loss: 0.07187 | Train Accuracy: 97.53%
[2025-10-13 16:01:25] - [finetune_resnet50.py:113] - [INFO]: Training Step Completed.
[2025-10-13 16:01:25] - [finetune_resnet50.py:117] - [INFO]: Saving model checkpoint...
[2025-10-13 16:01:26] - [finetune_resnet50.py:125] - [INFO]: Model checkpoint saved at epoch 8/10
[2025-10-13 16:01:26] - [finetune_resnet50.py:128] - [INFO]: Starting Testing Step...
[2025-10-13 16:01:35] - [test_utils.py:60] - [INFO]: batch #100/4252 Loss: 0.05884343013167381
[2025-10-13 16:01:44] - [test_utils.py:60] - [INFO]: batch #200/4252 Loss: 0.17128637433052063
[2025-10-13 16:01:54] - [test_utils.py:60] - [INFO]: batch #300/4252 Loss: 0.5727136135101318
[2025-10-13 16:02:04] - [test_utils.py:60] - [INFO]: batch #400/4252 Loss: 1.8751871585845947
[2025-10-13 16:02:14] - [test_utils.py:60] - [INFO]: batch #500/4252 Loss: 1.5324149131774902
[2025-10-13 16:02:24] - [test_utils.py:60] - [INFO]: batch #600/4252 Loss: 0.7964311838150024
[2025-10-13 16:02:33] - [test_utils.py:60] - [INFO]: batch #700/4252 Loss: 0.41826850175857544
[2025-10-13 16:02:43] - [test_utils.py:60] - [INFO]: batch #800/4252 Loss: 1.3972375392913818
[2025-10-13 16:02:53] - [test_utils.py:60] - [INFO]: batch #900/4252 Loss: 0.35719582438468933
[2025-10-13 16:03:02] - [test_utils.py:60] - [INFO]: batch #1000/4252 Loss: 0.32801738381385803
[2025-10-13 16:03:12] - [test_utils.py:60] - [INFO]: batch #1100/4252 Loss: 1.0476760864257812
[2025-10-13 16:03:22] - [test_utils.py:60] - [INFO]: batch #1200/4252 Loss: 0.6389743685722351
[2025-10-13 16:03:31] - [test_utils.py:60] - [INFO]: batch #1300/4252 Loss: 0.06373120099306107
[2025-10-13 16:03:41] - [test_utils.py:60] - [INFO]: batch #1400/4252 Loss: 1.2008126974105835
[2025-10-13 16:03:50] - [test_utils.py:60] - [INFO]: batch #1500/4252 Loss: 2.502936363220215
[2025-10-13 16:04:00] - [test_utils.py:60] - [INFO]: batch #1600/4252 Loss: 0.4885307550430298
[2025-10-13 16:04:10] - [test_utils.py:60] - [INFO]: batch #1700/4252 Loss: 1.0857257843017578
[2025-10-13 16:04:19] - [test_utils.py:60] - [INFO]: batch #1800/4252 Loss: 0.16300879418849945
[2025-10-13 16:04:29] - [test_utils.py:60] - [INFO]: batch #1900/4252 Loss: 0.9095533490180969
[2025-10-13 16:04:38] - [test_utils.py:60] - [INFO]: batch #2000/4252 Loss: 0.5474027395248413
[2025-10-13 16:04:48] - [test_utils.py:60] - [INFO]: batch #2100/4252 Loss: 4.24718713760376
[2025-10-13 16:04:57] - [test_utils.py:60] - [INFO]: batch #2200/4252 Loss: 0.24804221093654633
[2025-10-13 16:05:06] - [test_utils.py:60] - [INFO]: batch #2300/4252 Loss: 0.010453859344124794
[2025-10-13 16:05:16] - [test_utils.py:60] - [INFO]: batch #2400/4252 Loss: 2.0384621620178223
[2025-10-13 16:05:25] - [test_utils.py:60] - [INFO]: batch #2500/4252 Loss: 0.05295650288462639
[2025-10-13 16:05:34] - [test_utils.py:60] - [INFO]: batch #2600/4252 Loss: 3.29447865486145
[2025-10-13 16:05:44] - [test_utils.py:60] - [INFO]: batch #2700/4252 Loss: 0.5218947529792786
[2025-10-13 16:05:53] - [test_utils.py:60] - [INFO]: batch #2800/4252 Loss: 0.48656022548675537
[2025-10-13 16:06:02] - [test_utils.py:60] - [INFO]: batch #2900/4252 Loss: 0.01361826341599226
[2025-10-13 16:06:12] - [test_utils.py:60] - [INFO]: batch #3000/4252 Loss: 4.267106056213379
[2025-10-13 16:06:21] - [test_utils.py:60] - [INFO]: batch #3100/4252 Loss: 0.789440393447876
[2025-10-13 16:06:31] - [test_utils.py:60] - [INFO]: batch #3200/4252 Loss: 0.7812778353691101
[2025-10-13 16:06:40] - [test_utils.py:60] - [INFO]: batch #3300/4252 Loss: 2.380016803741455
[2025-10-13 16:06:49] - [test_utils.py:60] - [INFO]: batch #3400/4252 Loss: 3.0442872047424316
[2025-10-13 16:06:59] - [test_utils.py:60] - [INFO]: batch #3500/4252 Loss: 0.19413022696971893
[2025-10-13 16:07:09] - [test_utils.py:60] - [INFO]: batch #3600/4252 Loss: 0.9174481630325317
[2025-10-13 16:07:19] - [test_utils.py:60] - [INFO]: batch #3700/4252 Loss: 0.40628328919410706
[2025-10-13 16:07:28] - [test_utils.py:60] - [INFO]: batch #3800/4252 Loss: 2.3985090255737305
[2025-10-13 16:07:37] - [test_utils.py:60] - [INFO]: batch #3900/4252 Loss: 0.27607646584510803
[2025-10-13 16:07:47] - [test_utils.py:60] - [INFO]: batch #4000/4252 Loss: 0.4451087713241577
[2025-10-13 16:07:56] - [test_utils.py:60] - [INFO]: batch #4100/4252 Loss: 2.9768142700195312
[2025-10-13 16:08:06] - [test_utils.py:60] - [INFO]: batch #4200/4252 Loss: 0.019150013104081154
[2025-10-13 16:08:11] - [test_utils.py:69] - [INFO]: Test Loss: 1.12471 | Test Accuracy: 75.15% | Test F1-score: 0.7514626979827881

[2025-10-13 16:08:11] - [finetune_resnet50.py:139] - [INFO]: Testing step completed.
[2025-10-13 16:08:11] - [finetune_resnet50.py:142] - [INFO]: Appending the epoch's metrics to CSV.
[2025-10-13 16:08:11] - [finetune_resnet50.py:146] - [INFO]: Epoch's metrics appended successfully!
[2025-10-13 16:08:11] - [finetune_resnet50.py:101] - [INFO]: Epoch 9
------------------------
[2025-10-13 16:08:11] - [finetune_resnet50.py:103] - [INFO]: Starting Training Step...
[2025-10-13 16:26:28] - [train_utils.py:67] - [INFO]: Train Loss: 0.06526 | Train Accuracy: 97.78%
[2025-10-13 16:26:28] - [finetune_resnet50.py:113] - [INFO]: Training Step Completed.
[2025-10-13 16:26:28] - [finetune_resnet50.py:128] - [INFO]: Starting Testing Step...
[2025-10-13 16:26:38] - [test_utils.py:60] - [INFO]: batch #100/4252 Loss: 0.011460365727543831
[2025-10-13 16:26:48] - [test_utils.py:60] - [INFO]: batch #200/4252 Loss: 0.07705497741699219
[2025-10-13 16:26:57] - [test_utils.py:60] - [INFO]: batch #300/4252 Loss: 0.5220365524291992
[2025-10-13 16:27:07] - [test_utils.py:60] - [INFO]: batch #400/4252 Loss: 1.1550090312957764
[2025-10-13 16:27:17] - [test_utils.py:60] - [INFO]: batch #500/4252 Loss: 1.4270336627960205
[2025-10-13 16:27:26] - [test_utils.py:60] - [INFO]: batch #600/4252 Loss: 0.5991870760917664
[2025-10-13 16:27:36] - [test_utils.py:60] - [INFO]: batch #700/4252 Loss: 0.033489346504211426
[2025-10-13 16:27:46] - [test_utils.py:60] - [INFO]: batch #800/4252 Loss: 0.8831573128700256
[2025-10-13 16:27:55] - [test_utils.py:60] - [INFO]: batch #900/4252 Loss: 0.2882363498210907
[2025-10-13 16:28:05] - [test_utils.py:60] - [INFO]: batch #1000/4252 Loss: 0.3508118987083435
[2025-10-13 16:28:15] - [test_utils.py:60] - [INFO]: batch #1100/4252 Loss: 0.8266806602478027
[2025-10-13 16:28:24] - [test_utils.py:60] - [INFO]: batch #1200/4252 Loss: 0.36543548107147217
[2025-10-13 16:28:34] - [test_utils.py:60] - [INFO]: batch #1300/4252 Loss: 0.15696416795253754
[2025-10-13 16:28:44] - [test_utils.py:60] - [INFO]: batch #1400/4252 Loss: 1.8542355298995972
[2025-10-13 16:28:54] - [test_utils.py:60] - [INFO]: batch #1500/4252 Loss: 1.2748520374298096
[2025-10-13 16:29:03] - [test_utils.py:60] - [INFO]: batch #1600/4252 Loss: 1.3894405364990234
[2025-10-13 16:29:13] - [test_utils.py:60] - [INFO]: batch #1700/4252 Loss: 1.3595424890518188
[2025-10-13 16:29:23] - [test_utils.py:60] - [INFO]: batch #1800/4252 Loss: 0.17196893692016602
[2025-10-13 16:29:32] - [test_utils.py:60] - [INFO]: batch #1900/4252 Loss: 1.0346648693084717
[2025-10-13 16:29:42] - [test_utils.py:60] - [INFO]: batch #2000/4252 Loss: 1.3546974658966064
[2025-10-13 16:29:51] - [test_utils.py:60] - [INFO]: batch #2100/4252 Loss: 4.73514461517334
[2025-10-13 16:30:00] - [test_utils.py:60] - [INFO]: batch #2200/4252 Loss: 0.269974946975708
[2025-10-13 16:30:10] - [test_utils.py:60] - [INFO]: batch #2300/4252 Loss: 0.0019642827101051807
[2025-10-13 16:30:19] - [test_utils.py:60] - [INFO]: batch #2400/4252 Loss: 1.7138344049453735
[2025-10-13 16:30:29] - [test_utils.py:60] - [INFO]: batch #2500/4252 Loss: 0.016961554065346718
[2025-10-13 16:30:38] - [test_utils.py:60] - [INFO]: batch #2600/4252 Loss: 2.8886032104492188
[2025-10-13 16:30:47] - [test_utils.py:60] - [INFO]: batch #2700/4252 Loss: 0.5482537746429443
[2025-10-13 16:30:57] - [test_utils.py:60] - [INFO]: batch #2800/4252 Loss: 0.8556049466133118
[2025-10-13 16:31:06] - [test_utils.py:60] - [INFO]: batch #2900/4252 Loss: 0.006346800364553928
[2025-10-13 16:31:15] - [test_utils.py:60] - [INFO]: batch #3000/4252 Loss: 4.229619026184082
[2025-10-13 16:31:24] - [test_utils.py:60] - [INFO]: batch #3100/4252 Loss: 1.427075982093811
[2025-10-13 16:31:34] - [test_utils.py:60] - [INFO]: batch #3200/4252 Loss: 0.6623706221580505
[2025-10-13 16:31:43] - [test_utils.py:60] - [INFO]: batch #3300/4252 Loss: 2.5656487941741943
[2025-10-13 16:31:53] - [test_utils.py:60] - [INFO]: batch #3400/4252 Loss: 2.433426856994629
[2025-10-13 16:32:03] - [test_utils.py:60] - [INFO]: batch #3500/4252 Loss: 0.005998461507260799
[2025-10-13 16:32:12] - [test_utils.py:60] - [INFO]: batch #3600/4252 Loss: 1.4815651178359985
[2025-10-13 16:32:22] - [test_utils.py:60] - [INFO]: batch #3700/4252 Loss: 0.4707067012786865
[2025-10-13 16:32:31] - [test_utils.py:60] - [INFO]: batch #3800/4252 Loss: 1.22883939743042
[2025-10-13 16:32:40] - [test_utils.py:60] - [INFO]: batch #3900/4252 Loss: 0.19356666505336761
[2025-10-13 16:32:50] - [test_utils.py:60] - [INFO]: batch #4000/4252 Loss: 0.923621654510498
[2025-10-13 16:32:59] - [test_utils.py:60] - [INFO]: batch #4100/4252 Loss: 3.6908798217773438
[2025-10-13 16:33:09] - [test_utils.py:60] - [INFO]: batch #4200/4252 Loss: 0.2414483278989792
[2025-10-13 16:33:14] - [test_utils.py:69] - [INFO]: Test Loss: 1.14480 | Test Accuracy: 77.37% | Test F1-score: 0.7737423181533813

[2025-10-13 16:33:14] - [finetune_resnet50.py:139] - [INFO]: Testing step completed.
[2025-10-13 16:33:14] - [finetune_resnet50.py:142] - [INFO]: Appending the epoch's metrics to CSV.
[2025-10-13 16:33:14] - [finetune_resnet50.py:146] - [INFO]: Epoch's metrics appended successfully!
[2025-10-13 16:33:14] - [finetune_resnet50.py:101] - [INFO]: Epoch 10
------------------------
[2025-10-13 16:33:14] - [finetune_resnet50.py:103] - [INFO]: Starting Training Step...
[2025-10-13 16:51:32] - [train_utils.py:67] - [INFO]: Train Loss: 0.06063 | Train Accuracy: 97.94%
[2025-10-13 16:51:32] - [finetune_resnet50.py:113] - [INFO]: Training Step Completed.
[2025-10-13 16:51:32] - [finetune_resnet50.py:117] - [INFO]: Saving model checkpoint...
[2025-10-13 16:51:32] - [finetune_resnet50.py:125] - [INFO]: Model checkpoint saved at epoch 10/10
[2025-10-13 16:51:32] - [finetune_resnet50.py:128] - [INFO]: Starting Testing Step...
[2025-10-13 16:51:41] - [test_utils.py:60] - [INFO]: batch #100/4252 Loss: 0.2222507745027542
[2025-10-13 16:51:51] - [test_utils.py:60] - [INFO]: batch #200/4252 Loss: 0.24733537435531616
[2025-10-13 16:52:01] - [test_utils.py:60] - [INFO]: batch #300/4252 Loss: 1.1513011455535889
[2025-10-13 16:52:11] - [test_utils.py:60] - [INFO]: batch #400/4252 Loss: 1.25373113155365
[2025-10-13 16:52:20] - [test_utils.py:60] - [INFO]: batch #500/4252 Loss: 1.4589056968688965
[2025-10-13 16:52:30] - [test_utils.py:60] - [INFO]: batch #600/4252 Loss: 0.7117928266525269
[2025-10-13 16:52:40] - [test_utils.py:60] - [INFO]: batch #700/4252 Loss: 0.22071956098079681
[2025-10-13 16:52:50] - [test_utils.py:60] - [INFO]: batch #800/4252 Loss: 1.1842586994171143
[2025-10-13 16:52:59] - [test_utils.py:60] - [INFO]: batch #900/4252 Loss: 0.3205590546131134
[2025-10-13 16:53:09] - [test_utils.py:60] - [INFO]: batch #1000/4252 Loss: 0.6222444772720337
[2025-10-13 16:53:19] - [test_utils.py:60] - [INFO]: batch #1100/4252 Loss: 1.156263828277588
[2025-10-13 16:53:28] - [test_utils.py:60] - [INFO]: batch #1200/4252 Loss: 0.6056469082832336
[2025-10-13 16:53:38] - [test_utils.py:60] - [INFO]: batch #1300/4252 Loss: 0.10280211269855499
[2025-10-13 16:53:48] - [test_utils.py:60] - [INFO]: batch #1400/4252 Loss: 1.1495689153671265
[2025-10-13 16:53:57] - [test_utils.py:60] - [INFO]: batch #1500/4252 Loss: 1.6556414365768433
[2025-10-13 16:54:07] - [test_utils.py:60] - [INFO]: batch #1600/4252 Loss: 1.5911511182785034
[2025-10-13 16:54:17] - [test_utils.py:60] - [INFO]: batch #1700/4252 Loss: 0.7665960192680359
[2025-10-13 16:54:26] - [test_utils.py:60] - [INFO]: batch #1800/4252 Loss: 0.07014866173267365
[2025-10-13 16:54:36] - [test_utils.py:60] - [INFO]: batch #1900/4252 Loss: 1.2219222784042358
[2025-10-13 16:54:45] - [test_utils.py:60] - [INFO]: batch #2000/4252 Loss: 1.3686553239822388
[2025-10-13 16:54:54] - [test_utils.py:60] - [INFO]: batch #2100/4252 Loss: 4.57948112487793
[2025-10-13 16:55:04] - [test_utils.py:60] - [INFO]: batch #2200/4252 Loss: 0.4691237211227417
[2025-10-13 16:55:13] - [test_utils.py:60] - [INFO]: batch #2300/4252 Loss: 0.06163056194782257
[2025-10-13 16:55:22] - [test_utils.py:60] - [INFO]: batch #2400/4252 Loss: 1.677775502204895
[2025-10-13 16:55:32] - [test_utils.py:60] - [INFO]: batch #2500/4252 Loss: 0.12888221442699432
[2025-10-13 16:55:42] - [test_utils.py:60] - [INFO]: batch #2600/4252 Loss: 3.1117403507232666
[2025-10-13 16:55:51] - [test_utils.py:60] - [INFO]: batch #2700/4252 Loss: 0.43908533453941345
[2025-10-13 16:56:00] - [test_utils.py:60] - [INFO]: batch #2800/4252 Loss: 0.7083455324172974
[2025-10-13 16:56:09] - [test_utils.py:60] - [INFO]: batch #2900/4252 Loss: 0.00048087656614370644
[2025-10-13 16:56:19] - [test_utils.py:60] - [INFO]: batch #3000/4252 Loss: 4.420405864715576
[2025-10-13 16:56:29] - [test_utils.py:60] - [INFO]: batch #3100/4252 Loss: 1.1233478784561157
[2025-10-13 16:56:38] - [test_utils.py:60] - [INFO]: batch #3200/4252 Loss: 0.3808770477771759
[2025-10-13 16:56:48] - [test_utils.py:60] - [INFO]: batch #3300/4252 Loss: 2.4698166847229004
[2025-10-13 16:56:57] - [test_utils.py:60] - [INFO]: batch #3400/4252 Loss: 2.9171388149261475
[2025-10-13 16:57:07] - [test_utils.py:60] - [INFO]: batch #3500/4252 Loss: 0.04426319897174835
[2025-10-13 16:57:17] - [test_utils.py:60] - [INFO]: batch #3600/4252 Loss: 1.6141114234924316
[2025-10-13 16:57:27] - [test_utils.py:60] - [INFO]: batch #3700/4252 Loss: 0.7687932252883911
[2025-10-13 16:57:36] - [test_utils.py:60] - [INFO]: batch #3800/4252 Loss: 1.9623504877090454
[2025-10-13 16:57:45] - [test_utils.py:60] - [INFO]: batch #3900/4252 Loss: 0.16257859766483307
[2025-10-13 16:57:55] - [test_utils.py:60] - [INFO]: batch #4000/4252 Loss: 0.9437897205352783
[2025-10-13 16:58:05] - [test_utils.py:60] - [INFO]: batch #4100/4252 Loss: 2.3697659969329834
[2025-10-13 16:58:14] - [test_utils.py:60] - [INFO]: batch #4200/4252 Loss: 0.011365808546543121
[2025-10-13 16:58:19] - [test_utils.py:69] - [INFO]: Test Loss: 1.15310 | Test Accuracy: 75.69% | Test F1-score: 0.7569094896316528

[2025-10-13 16:58:19] - [finetune_resnet50.py:139] - [INFO]: Testing step completed.
[2025-10-13 16:58:19] - [finetune_resnet50.py:142] - [INFO]: Appending the epoch's metrics to CSV.
[2025-10-13 16:58:19] - [finetune_resnet50.py:146] - [INFO]: Epoch's metrics appended successfully!
