[2025-10-22 22:37:27] - [extract_features.py:46] - [INFO]: Using Device:cuda:0
[2025-10-22 22:37:27] - [finetune_resnet50.py:71] - [INFO]: Initializing ResNet50 model...
[2025-10-22 22:37:27] - [finetune_resnet50.py:76] - [INFO]: Model initialized and truncated.
[2025-10-22 22:37:27] - [extract_features.py:52] - [INFO]: Loading the Model's Checkpoint...
[2025-10-22 22:37:28] - [extract_features.py:64] - [INFO]: The Model is Ready and Sent to cuda:0 Device, and Set to Eval Mode.
[2025-10-22 22:37:28] - [extract_features.py:86] - [INFO]: Working on Video Number: 0
[2025-10-22 22:38:28] - [extract_features.py:86] - [INFO]: Working on Video Number: 1
[2025-10-22 22:39:29] - [extract_features.py:86] - [INFO]: Working on Video Number: 2
[2025-10-22 22:40:09] - [extract_features.py:86] - [INFO]: Working on Video Number: 3
[2025-10-22 22:40:48] - [extract_features.py:86] - [INFO]: Working on Video Number: 4
[2025-10-22 22:41:27] - [extract_features.py:86] - [INFO]: Working on Video Number: 5
[2025-10-22 22:42:05] - [extract_features.py:86] - [INFO]: Working on Video Number: 6
[2025-10-22 22:42:45] - [extract_features.py:86] - [INFO]: Working on Video Number: 7
[2025-10-22 22:43:23] - [extract_features.py:86] - [INFO]: Working on Video Number: 8
[2025-10-22 22:44:01] - [extract_features.py:86] - [INFO]: Working on Video Number: 9
[2025-10-22 22:44:37] - [extract_features.py:86] - [INFO]: Working on Video Number: 10
[2025-10-22 22:45:14] - [extract_features.py:86] - [INFO]: Working on Video Number: 11
[2025-10-22 22:45:43] - [extract_features.py:86] - [INFO]: Working on Video Number: 12
[2025-10-22 22:46:18] - [extract_features.py:86] - [INFO]: Working on Video Number: 13
[2025-10-22 22:46:57] - [extract_features.py:86] - [INFO]: Working on Video Number: 14
[2025-10-22 22:47:29] - [extract_features.py:86] - [INFO]: Working on Video Number: 15
[2025-10-22 22:48:03] - [extract_features.py:86] - [INFO]: Working on Video Number: 16
[2025-10-22 22:48:39] - [extract_features.py:86] - [INFO]: Working on Video Number: 17
[2025-10-22 22:49:12] - [extract_features.py:86] - [INFO]: Working on Video Number: 18
[2025-10-22 22:49:49] - [extract_features.py:86] - [INFO]: Working on Video Number: 19
[2025-10-22 22:50:22] - [extract_features.py:86] - [INFO]: Working on Video Number: 20
[2025-10-22 22:50:57] - [extract_features.py:86] - [INFO]: Working on Video Number: 21
[2025-10-22 22:51:34] - [extract_features.py:86] - [INFO]: Working on Video Number: 22
[2025-10-22 22:52:09] - [extract_features.py:86] - [INFO]: Working on Video Number: 23
[2025-10-22 22:53:13] - [extract_features.py:86] - [INFO]: Working on Video Number: 24
[2025-10-22 22:53:51] - [extract_features.py:86] - [INFO]: Working on Video Number: 25
[2025-10-22 22:54:27] - [extract_features.py:86] - [INFO]: Working on Video Number: 26
[2025-10-22 22:55:02] - [extract_features.py:86] - [INFO]: Working on Video Number: 27
[2025-10-22 22:55:37] - [extract_features.py:86] - [INFO]: Working on Video Number: 28
[2025-10-22 22:56:02] - [extract_features.py:86] - [INFO]: Working on Video Number: 29
[2025-10-22 22:56:35] - [extract_features.py:86] - [INFO]: Working on Video Number: 30
[2025-10-22 22:57:09] - [extract_features.py:86] - [INFO]: Working on Video Number: 31
[2025-10-22 22:57:33] - [extract_features.py:86] - [INFO]: Working on Video Number: 32
[2025-10-22 22:58:22] - [extract_features.py:86] - [INFO]: Working on Video Number: 33
[2025-10-22 22:58:39] - [extract_features.py:86] - [INFO]: Working on Video Number: 34
[2025-10-22 22:59:23] - [extract_features.py:86] - [INFO]: Working on Video Number: 35
[2025-10-22 22:59:57] - [extract_features.py:86] - [INFO]: Working on Video Number: 36
[2025-10-22 23:00:19] - [extract_features.py:86] - [INFO]: Working on Video Number: 37
[2025-10-22 23:00:50] - [extract_features.py:86] - [INFO]: Working on Video Number: 38
[2025-10-22 23:01:19] - [extract_features.py:86] - [INFO]: Working on Video Number: 39
[2025-10-22 23:01:56] - [extract_features.py:86] - [INFO]: Working on Video Number: 40
[2025-10-22 23:02:20] - [extract_features.py:86] - [INFO]: Working on Video Number: 41
[2025-10-22 23:02:44] - [extract_features.py:86] - [INFO]: Working on Video Number: 42
[2025-10-22 23:03:12] - [extract_features.py:86] - [INFO]: Working on Video Number: 43
[2025-10-22 23:03:39] - [extract_features.py:86] - [INFO]: Working on Video Number: 44
[2025-10-22 23:04:05] - [extract_features.py:86] - [INFO]: Working on Video Number: 45
[2025-10-22 23:04:48] - [extract_features.py:86] - [INFO]: Working on Video Number: 46
[2025-10-22 23:05:14] - [extract_features.py:86] - [INFO]: Working on Video Number: 47
[2025-10-22 23:05:43] - [extract_features.py:86] - [INFO]: Working on Video Number: 48
[2025-10-22 23:06:13] - [extract_features.py:86] - [INFO]: Working on Video Number: 49
[2025-10-22 23:06:31] - [extract_features.py:86] - [INFO]: Working on Video Number: 50
[2025-10-22 23:07:13] - [extract_features.py:86] - [INFO]: Working on Video Number: 51
[2025-10-22 23:07:53] - [extract_features.py:86] - [INFO]: Working on Video Number: 52
[2025-10-22 23:08:35] - [extract_features.py:86] - [INFO]: Working on Video Number: 53
[2025-10-22 23:09:19] - [extract_features.py:86] - [INFO]: Working on Video Number: 54
[2025-10-22 23:09:57] - [extract_features.py:86] - [INFO]: Working on Video Number: 55
[2025-10-22 23:09:57] - [extract_features.py:86] - [INFO]: Working on Video Number: 56
