[2025-12-06 19:37:19] - [finetune_utils.py:55] - [INFO]: Setting all seeds...
[2025-12-06 19:37:19] - [finetune_utils.py:105] - [INFO]: Using device: cuda
[2025-12-06 19:37:20] - [finetune_utils.py:35] - [INFO]: Creating optimizer...
[2025-12-06 19:37:20] - [finetune_utils.py:37] - [INFO]: Optimizer created: AdamW Optimizer.
[2025-12-06 19:37:20] - [finetune_utils.py:38] - [INFO]: Initial Learning Rate: 0.0001.
[2025-12-06 19:37:20] - [finetune_utils.py:43] - [INFO]: Creating Scheduler...
[2025-12-06 19:37:20] - [finetune_utils.py:45] - [INFO]: Scheduler Created Successfully!
[2025-12-06 19:37:20] - [finetune_utils.py:134] - [INFO]: Starting Training and Testing with number of epochs = 40
[2025-12-06 19:37:20] - [finetune_utils.py:137] - [INFO]: Opening a CSV file to log training metrics.
[2025-12-06 19:37:20] - [finetune_utils.py:148] - [INFO]: Epoch 1
-----------------------
[2025-12-06 19:37:20] - [finetune_utils.py:151] - [INFO]: Starting training step...
[2025-12-06 19:37:35] - [finetune_utils.py:162] - [INFO]: Training step completed.
[2025-12-06 19:37:35] - [finetune_utils.py:165] - [INFO]: Starting Validation step...
[2025-12-06 19:37:39] - [finetune_utils.py:175] - [INFO]: Validation step completed.
[2025-12-06 19:37:39] - [finetune_utils.py:186] - [INFO]: New BEST accuracy: 75.2765. Saving best model...
[2025-12-06 19:37:39] - [finetune_utils.py:200] - [INFO]: Best model saved successfully!
[2025-12-06 19:37:39] - [finetune_utils.py:203] - [INFO]: Appending the epoch's metrics to CSV.
[2025-12-06 19:37:39] - [finetune_utils.py:207] - [INFO]: Epoch's metrics appended successfully!
[2025-12-06 19:37:39] - [finetune_utils.py:148] - [INFO]: Epoch 2
-----------------------
[2025-12-06 19:37:39] - [finetune_utils.py:151] - [INFO]: Starting training step...
[2025-12-06 19:37:53] - [finetune_utils.py:162] - [INFO]: Training step completed.
[2025-12-06 19:37:53] - [finetune_utils.py:165] - [INFO]: Starting Validation step...
[2025-12-06 19:37:57] - [finetune_utils.py:175] - [INFO]: Validation step completed.
[2025-12-06 19:37:57] - [finetune_utils.py:186] - [INFO]: New BEST accuracy: 75.6187. Saving best model...
[2025-12-06 19:37:57] - [finetune_utils.py:200] - [INFO]: Best model saved successfully!
[2025-12-06 19:37:57] - [finetune_utils.py:203] - [INFO]: Appending the epoch's metrics to CSV.
[2025-12-06 19:37:57] - [finetune_utils.py:207] - [INFO]: Epoch's metrics appended successfully!
[2025-12-06 19:37:57] - [finetune_utils.py:148] - [INFO]: Epoch 3
-----------------------
[2025-12-06 19:37:57] - [finetune_utils.py:151] - [INFO]: Starting training step...
[2025-12-06 19:38:11] - [finetune_utils.py:162] - [INFO]: Training step completed.
[2025-12-06 19:38:11] - [finetune_utils.py:165] - [INFO]: Starting Validation step...
[2025-12-06 19:38:15] - [finetune_utils.py:175] - [INFO]: Validation step completed.
[2025-12-06 19:38:15] - [finetune_utils.py:186] - [INFO]: New BEST accuracy: 76.9791. Saving best model...
[2025-12-06 19:38:15] - [finetune_utils.py:200] - [INFO]: Best model saved successfully!
[2025-12-06 19:38:15] - [finetune_utils.py:203] - [INFO]: Appending the epoch's metrics to CSV.
[2025-12-06 19:38:15] - [finetune_utils.py:207] - [INFO]: Epoch's metrics appended successfully!
[2025-12-06 19:38:15] - [finetune_utils.py:148] - [INFO]: Epoch 4
-----------------------
[2025-12-06 19:38:15] - [finetune_utils.py:151] - [INFO]: Starting training step...
[2025-12-06 19:38:29] - [finetune_utils.py:162] - [INFO]: Training step completed.
[2025-12-06 19:38:29] - [finetune_utils.py:165] - [INFO]: Starting Validation step...
[2025-12-06 19:38:33] - [finetune_utils.py:175] - [INFO]: Validation step completed.
[2025-12-06 19:38:33] - [finetune_utils.py:186] - [INFO]: New BEST accuracy: 77.1546. Saving best model...
[2025-12-06 19:38:33] - [finetune_utils.py:200] - [INFO]: Best model saved successfully!
[2025-12-06 19:38:33] - [finetune_utils.py:203] - [INFO]: Appending the epoch's metrics to CSV.
[2025-12-06 19:38:33] - [finetune_utils.py:207] - [INFO]: Epoch's metrics appended successfully!
[2025-12-06 19:38:33] - [finetune_utils.py:148] - [INFO]: Epoch 5
-----------------------
[2025-12-06 19:38:33] - [finetune_utils.py:151] - [INFO]: Starting training step...
[2025-12-06 19:38:47] - [finetune_utils.py:162] - [INFO]: Training step completed.
[2025-12-06 19:38:47] - [finetune_utils.py:165] - [INFO]: Starting Validation step...
[2025-12-06 19:38:50] - [finetune_utils.py:175] - [INFO]: Validation step completed.
[2025-12-06 19:38:50] - [finetune_utils.py:186] - [INFO]: New BEST accuracy: 77.9094. Saving best model...
[2025-12-06 19:38:51] - [finetune_utils.py:200] - [INFO]: Best model saved successfully!
[2025-12-06 19:38:51] - [finetune_utils.py:203] - [INFO]: Appending the epoch's metrics to CSV.
[2025-12-06 19:38:51] - [finetune_utils.py:207] - [INFO]: Epoch's metrics appended successfully!
[2025-12-06 19:38:51] - [finetune_utils.py:148] - [INFO]: Epoch 6
-----------------------
[2025-12-06 19:38:51] - [finetune_utils.py:151] - [INFO]: Starting training step...
[2025-12-06 19:39:05] - [finetune_utils.py:162] - [INFO]: Training step completed.
[2025-12-06 19:39:05] - [finetune_utils.py:165] - [INFO]: Starting Validation step...
[2025-12-06 19:39:08] - [finetune_utils.py:175] - [INFO]: Validation step completed.
[2025-12-06 19:39:08] - [finetune_utils.py:186] - [INFO]: New BEST accuracy: 78.1815. Saving best model...
[2025-12-06 19:39:08] - [finetune_utils.py:200] - [INFO]: Best model saved successfully!
[2025-12-06 19:39:08] - [finetune_utils.py:203] - [INFO]: Appending the epoch's metrics to CSV.
[2025-12-06 19:39:08] - [finetune_utils.py:207] - [INFO]: Epoch's metrics appended successfully!
[2025-12-06 19:39:08] - [finetune_utils.py:148] - [INFO]: Epoch 7
-----------------------
[2025-12-06 19:39:08] - [finetune_utils.py:151] - [INFO]: Starting training step...
[2025-12-06 19:39:23] - [finetune_utils.py:162] - [INFO]: Training step completed.
[2025-12-06 19:39:23] - [finetune_utils.py:165] - [INFO]: Starting Validation step...
[2025-12-06 19:39:26] - [finetune_utils.py:175] - [INFO]: Validation step completed.
[2025-12-06 19:39:26] - [finetune_utils.py:203] - [INFO]: Appending the epoch's metrics to CSV.
[2025-12-06 19:39:26] - [finetune_utils.py:207] - [INFO]: Epoch's metrics appended successfully!
[2025-12-06 19:39:26] - [finetune_utils.py:148] - [INFO]: Epoch 8
-----------------------
[2025-12-06 19:39:26] - [finetune_utils.py:151] - [INFO]: Starting training step...
[2025-12-06 19:39:41] - [finetune_utils.py:162] - [INFO]: Training step completed.
[2025-12-06 19:39:41] - [finetune_utils.py:165] - [INFO]: Starting Validation step...
[2025-12-06 19:39:44] - [finetune_utils.py:175] - [INFO]: Validation step completed.
[2025-12-06 19:39:44] - [finetune_utils.py:203] - [INFO]: Appending the epoch's metrics to CSV.
[2025-12-06 19:39:44] - [finetune_utils.py:207] - [INFO]: Epoch's metrics appended successfully!
[2025-12-06 19:39:44] - [finetune_utils.py:148] - [INFO]: Epoch 9
-----------------------
[2025-12-06 19:39:44] - [finetune_utils.py:151] - [INFO]: Starting training step...
[2025-12-06 19:39:59] - [finetune_utils.py:162] - [INFO]: Training step completed.
[2025-12-06 19:39:59] - [finetune_utils.py:165] - [INFO]: Starting Validation step...
[2025-12-06 19:40:02] - [finetune_utils.py:175] - [INFO]: Validation step completed.
[2025-12-06 19:40:02] - [finetune_utils.py:203] - [INFO]: Appending the epoch's metrics to CSV.
[2025-12-06 19:40:02] - [finetune_utils.py:207] - [INFO]: Epoch's metrics appended successfully!
[2025-12-06 19:40:02] - [finetune_utils.py:148] - [INFO]: Epoch 10
-----------------------
[2025-12-06 19:40:02] - [finetune_utils.py:151] - [INFO]: Starting training step...
[2025-12-06 19:40:17] - [finetune_utils.py:162] - [INFO]: Training step completed.
[2025-12-06 19:40:17] - [finetune_utils.py:165] - [INFO]: Starting Validation step...
[2025-12-06 19:40:20] - [finetune_utils.py:175] - [INFO]: Validation step completed.
[2025-12-06 19:40:20] - [finetune_utils.py:186] - [INFO]: New BEST accuracy: 78.2868. Saving best model...
[2025-12-06 19:40:20] - [finetune_utils.py:200] - [INFO]: Best model saved successfully!
[2025-12-06 19:40:20] - [finetune_utils.py:203] - [INFO]: Appending the epoch's metrics to CSV.
[2025-12-06 19:40:20] - [finetune_utils.py:207] - [INFO]: Epoch's metrics appended successfully!
[2025-12-06 19:40:20] - [finetune_utils.py:148] - [INFO]: Epoch 11
-----------------------
[2025-12-06 19:40:20] - [finetune_utils.py:151] - [INFO]: Starting training step...
[2025-12-06 19:40:35] - [finetune_utils.py:162] - [INFO]: Training step completed.
[2025-12-06 19:40:35] - [finetune_utils.py:165] - [INFO]: Starting Validation step...
[2025-12-06 19:40:38] - [finetune_utils.py:175] - [INFO]: Validation step completed.
[2025-12-06 19:40:38] - [finetune_utils.py:186] - [INFO]: New BEST accuracy: 78.9451. Saving best model...
[2025-12-06 19:40:38] - [finetune_utils.py:200] - [INFO]: Best model saved successfully!
[2025-12-06 19:40:38] - [finetune_utils.py:203] - [INFO]: Appending the epoch's metrics to CSV.
[2025-12-06 19:40:38] - [finetune_utils.py:207] - [INFO]: Epoch's metrics appended successfully!
[2025-12-06 19:40:38] - [finetune_utils.py:148] - [INFO]: Epoch 12
-----------------------
[2025-12-06 19:40:38] - [finetune_utils.py:151] - [INFO]: Starting training step...
[2025-12-06 19:40:52] - [finetune_utils.py:162] - [INFO]: Training step completed.
[2025-12-06 19:40:52] - [finetune_utils.py:165] - [INFO]: Starting Validation step...
[2025-12-06 19:40:56] - [finetune_utils.py:175] - [INFO]: Validation step completed.
[2025-12-06 19:40:56] - [finetune_utils.py:203] - [INFO]: Appending the epoch's metrics to CSV.
[2025-12-06 19:40:56] - [finetune_utils.py:207] - [INFO]: Epoch's metrics appended successfully!
[2025-12-06 19:40:56] - [finetune_utils.py:148] - [INFO]: Epoch 13
-----------------------
[2025-12-06 19:40:56] - [finetune_utils.py:151] - [INFO]: Starting training step...
[2025-12-06 19:41:10] - [finetune_utils.py:162] - [INFO]: Training step completed.
[2025-12-06 19:41:10] - [finetune_utils.py:165] - [INFO]: Starting Validation step...
[2025-12-06 19:41:13] - [finetune_utils.py:175] - [INFO]: Validation step completed.
[2025-12-06 19:41:13] - [finetune_utils.py:203] - [INFO]: Appending the epoch's metrics to CSV.
[2025-12-06 19:41:13] - [finetune_utils.py:207] - [INFO]: Epoch's metrics appended successfully!
[2025-12-06 19:41:13] - [finetune_utils.py:148] - [INFO]: Epoch 14
-----------------------
[2025-12-06 19:41:13] - [finetune_utils.py:151] - [INFO]: Starting training step...
[2025-12-06 19:41:28] - [finetune_utils.py:162] - [INFO]: Training step completed.
[2025-12-06 19:41:28] - [finetune_utils.py:165] - [INFO]: Starting Validation step...
[2025-12-06 19:41:31] - [finetune_utils.py:175] - [INFO]: Validation step completed.
[2025-12-06 19:41:31] - [finetune_utils.py:203] - [INFO]: Appending the epoch's metrics to CSV.
[2025-12-06 19:41:31] - [finetune_utils.py:207] - [INFO]: Epoch's metrics appended successfully!
[2025-12-06 19:41:31] - [finetune_utils.py:148] - [INFO]: Epoch 15
-----------------------
[2025-12-06 19:41:31] - [finetune_utils.py:151] - [INFO]: Starting training step...
[2025-12-06 19:41:46] - [finetune_utils.py:162] - [INFO]: Training step completed.
[2025-12-06 19:41:46] - [finetune_utils.py:165] - [INFO]: Starting Validation step...
[2025-12-06 19:41:49] - [finetune_utils.py:175] - [INFO]: Validation step completed.
[2025-12-06 19:41:49] - [finetune_utils.py:203] - [INFO]: Appending the epoch's metrics to CSV.
[2025-12-06 19:41:49] - [finetune_utils.py:207] - [INFO]: Epoch's metrics appended successfully!
[2025-12-06 19:41:49] - [finetune_utils.py:148] - [INFO]: Epoch 16
-----------------------
[2025-12-06 19:41:49] - [finetune_utils.py:151] - [INFO]: Starting training step...
[2025-12-06 19:42:04] - [finetune_utils.py:162] - [INFO]: Training step completed.
[2025-12-06 19:42:04] - [finetune_utils.py:165] - [INFO]: Starting Validation step...
[2025-12-06 19:42:07] - [finetune_utils.py:175] - [INFO]: Validation step completed.
[2025-12-06 19:42:07] - [finetune_utils.py:203] - [INFO]: Appending the epoch's metrics to CSV.
[2025-12-06 19:42:07] - [finetune_utils.py:207] - [INFO]: Epoch's metrics appended successfully!
[2025-12-06 19:42:07] - [finetune_utils.py:148] - [INFO]: Epoch 17
-----------------------
[2025-12-06 19:42:07] - [finetune_utils.py:151] - [INFO]: Starting training step...
[2025-12-06 19:42:21] - [finetune_utils.py:162] - [INFO]: Training step completed.
[2025-12-06 19:42:21] - [finetune_utils.py:165] - [INFO]: Starting Validation step...
[2025-12-06 19:42:25] - [finetune_utils.py:175] - [INFO]: Validation step completed.
[2025-12-06 19:42:25] - [finetune_utils.py:203] - [INFO]: Appending the epoch's metrics to CSV.
[2025-12-06 19:42:25] - [finetune_utils.py:207] - [INFO]: Epoch's metrics appended successfully!
[2025-12-06 19:42:25] - [finetune_utils.py:148] - [INFO]: Epoch 18
-----------------------
[2025-12-06 19:42:25] - [finetune_utils.py:151] - [INFO]: Starting training step...
[2025-12-06 19:42:39] - [finetune_utils.py:162] - [INFO]: Training step completed.
[2025-12-06 19:42:39] - [finetune_utils.py:165] - [INFO]: Starting Validation step...
[2025-12-06 19:42:42] - [finetune_utils.py:175] - [INFO]: Validation step completed.
[2025-12-06 19:42:42] - [finetune_utils.py:203] - [INFO]: Appending the epoch's metrics to CSV.
[2025-12-06 19:42:42] - [finetune_utils.py:207] - [INFO]: Epoch's metrics appended successfully!
[2025-12-06 19:42:42] - [finetune_utils.py:148] - [INFO]: Epoch 19
-----------------------
[2025-12-06 19:42:42] - [finetune_utils.py:151] - [INFO]: Starting training step...
[2025-12-06 19:42:57] - [finetune_utils.py:162] - [INFO]: Training step completed.
[2025-12-06 19:42:57] - [finetune_utils.py:165] - [INFO]: Starting Validation step...
[2025-12-06 19:43:00] - [finetune_utils.py:175] - [INFO]: Validation step completed.
[2025-12-06 19:43:00] - [finetune_utils.py:203] - [INFO]: Appending the epoch's metrics to CSV.
[2025-12-06 19:43:00] - [finetune_utils.py:207] - [INFO]: Epoch's metrics appended successfully!
[2025-12-06 19:43:00] - [finetune_utils.py:148] - [INFO]: Epoch 20
-----------------------
[2025-12-06 19:43:00] - [finetune_utils.py:151] - [INFO]: Starting training step...
[2025-12-06 19:43:15] - [finetune_utils.py:162] - [INFO]: Training step completed.
[2025-12-06 19:43:15] - [finetune_utils.py:165] - [INFO]: Starting Validation step...
[2025-12-06 19:43:18] - [finetune_utils.py:175] - [INFO]: Validation step completed.
[2025-12-06 19:43:18] - [finetune_utils.py:203] - [INFO]: Appending the epoch's metrics to CSV.
[2025-12-06 19:43:18] - [finetune_utils.py:207] - [INFO]: Epoch's metrics appended successfully!
[2025-12-06 19:43:18] - [finetune_utils.py:148] - [INFO]: Epoch 21
-----------------------
[2025-12-06 19:43:18] - [finetune_utils.py:151] - [INFO]: Starting training step...
[2025-12-06 19:43:33] - [finetune_utils.py:162] - [INFO]: Training step completed.
[2025-12-06 19:43:33] - [finetune_utils.py:165] - [INFO]: Starting Validation step...
[2025-12-06 19:43:37] - [finetune_utils.py:175] - [INFO]: Validation step completed.
[2025-12-06 19:43:37] - [finetune_utils.py:203] - [INFO]: Appending the epoch's metrics to CSV.
[2025-12-06 19:43:37] - [finetune_utils.py:207] - [INFO]: Epoch's metrics appended successfully!
[2025-12-06 19:43:37] - [finetune_utils.py:148] - [INFO]: Epoch 22
-----------------------
[2025-12-06 19:43:37] - [finetune_utils.py:151] - [INFO]: Starting training step...
[2025-12-06 19:43:51] - [finetune_utils.py:162] - [INFO]: Training step completed.
[2025-12-06 19:43:51] - [finetune_utils.py:165] - [INFO]: Starting Validation step...
[2025-12-06 19:43:54] - [finetune_utils.py:175] - [INFO]: Validation step completed.
[2025-12-06 19:43:54] - [finetune_utils.py:203] - [INFO]: Appending the epoch's metrics to CSV.
[2025-12-06 19:43:54] - [finetune_utils.py:207] - [INFO]: Epoch's metrics appended successfully!
[2025-12-06 19:43:54] - [finetune_utils.py:148] - [INFO]: Epoch 23
-----------------------
[2025-12-06 19:43:54] - [finetune_utils.py:151] - [INFO]: Starting training step...
[2025-12-06 19:44:09] - [finetune_utils.py:162] - [INFO]: Training step completed.
[2025-12-06 19:44:09] - [finetune_utils.py:165] - [INFO]: Starting Validation step...
[2025-12-06 19:44:12] - [finetune_utils.py:175] - [INFO]: Validation step completed.
[2025-12-06 19:44:12] - [finetune_utils.py:203] - [INFO]: Appending the epoch's metrics to CSV.
[2025-12-06 19:44:12] - [finetune_utils.py:207] - [INFO]: Epoch's metrics appended successfully!
[2025-12-06 19:44:12] - [finetune_utils.py:148] - [INFO]: Epoch 24
-----------------------
[2025-12-06 19:44:12] - [finetune_utils.py:151] - [INFO]: Starting training step...
[2025-12-06 19:44:27] - [finetune_utils.py:162] - [INFO]: Training step completed.
[2025-12-06 19:44:27] - [finetune_utils.py:165] - [INFO]: Starting Validation step...
[2025-12-06 19:44:30] - [finetune_utils.py:175] - [INFO]: Validation step completed.
[2025-12-06 19:44:30] - [finetune_utils.py:203] - [INFO]: Appending the epoch's metrics to CSV.
[2025-12-06 19:44:30] - [finetune_utils.py:207] - [INFO]: Epoch's metrics appended successfully!
[2025-12-06 19:44:30] - [finetune_utils.py:148] - [INFO]: Epoch 25
-----------------------
[2025-12-06 19:44:30] - [finetune_utils.py:151] - [INFO]: Starting training step...
[2025-12-06 19:44:45] - [finetune_utils.py:162] - [INFO]: Training step completed.
[2025-12-06 19:44:45] - [finetune_utils.py:165] - [INFO]: Starting Validation step...
[2025-12-06 19:44:48] - [finetune_utils.py:175] - [INFO]: Validation step completed.
[2025-12-06 19:44:48] - [finetune_utils.py:203] - [INFO]: Appending the epoch's metrics to CSV.
[2025-12-06 19:44:48] - [finetune_utils.py:207] - [INFO]: Epoch's metrics appended successfully!
[2025-12-06 19:44:48] - [finetune_utils.py:148] - [INFO]: Epoch 26
-----------------------
[2025-12-06 19:44:48] - [finetune_utils.py:151] - [INFO]: Starting training step...
[2025-12-06 19:45:02] - [finetune_utils.py:162] - [INFO]: Training step completed.
[2025-12-06 19:45:02] - [finetune_utils.py:165] - [INFO]: Starting Validation step...
[2025-12-06 19:45:06] - [finetune_utils.py:175] - [INFO]: Validation step completed.
[2025-12-06 19:45:06] - [finetune_utils.py:203] - [INFO]: Appending the epoch's metrics to CSV.
[2025-12-06 19:45:06] - [finetune_utils.py:207] - [INFO]: Epoch's metrics appended successfully!
[2025-12-06 19:45:06] - [finetune_utils.py:148] - [INFO]: Epoch 27
-----------------------
[2025-12-06 19:45:06] - [finetune_utils.py:151] - [INFO]: Starting training step...
[2025-12-06 19:45:20] - [finetune_utils.py:162] - [INFO]: Training step completed.
[2025-12-06 19:45:20] - [finetune_utils.py:165] - [INFO]: Starting Validation step...
[2025-12-06 19:45:23] - [finetune_utils.py:175] - [INFO]: Validation step completed.
[2025-12-06 19:45:23] - [finetune_utils.py:203] - [INFO]: Appending the epoch's metrics to CSV.
[2025-12-06 19:45:23] - [finetune_utils.py:207] - [INFO]: Epoch's metrics appended successfully!
[2025-12-06 19:45:23] - [finetune_utils.py:148] - [INFO]: Epoch 28
-----------------------
[2025-12-06 19:45:23] - [finetune_utils.py:151] - [INFO]: Starting training step...
[2025-12-06 19:45:38] - [finetune_utils.py:162] - [INFO]: Training step completed.
[2025-12-06 19:45:38] - [finetune_utils.py:165] - [INFO]: Starting Validation step...
[2025-12-06 19:45:41] - [finetune_utils.py:175] - [INFO]: Validation step completed.
[2025-12-06 19:45:41] - [finetune_utils.py:203] - [INFO]: Appending the epoch's metrics to CSV.
[2025-12-06 19:45:41] - [finetune_utils.py:207] - [INFO]: Epoch's metrics appended successfully!
[2025-12-06 19:45:41] - [finetune_utils.py:148] - [INFO]: Epoch 29
-----------------------
[2025-12-06 19:45:41] - [finetune_utils.py:151] - [INFO]: Starting training step...
[2025-12-06 19:45:55] - [finetune_utils.py:162] - [INFO]: Training step completed.
[2025-12-06 19:45:55] - [finetune_utils.py:165] - [INFO]: Starting Validation step...
[2025-12-06 19:45:59] - [finetune_utils.py:175] - [INFO]: Validation step completed.
[2025-12-06 19:45:59] - [finetune_utils.py:203] - [INFO]: Appending the epoch's metrics to CSV.
[2025-12-06 19:45:59] - [finetune_utils.py:207] - [INFO]: Epoch's metrics appended successfully!
[2025-12-06 19:45:59] - [finetune_utils.py:148] - [INFO]: Epoch 30
-----------------------
[2025-12-06 19:45:59] - [finetune_utils.py:151] - [INFO]: Starting training step...
[2025-12-06 19:46:13] - [finetune_utils.py:162] - [INFO]: Training step completed.
[2025-12-06 19:46:13] - [finetune_utils.py:165] - [INFO]: Starting Validation step...
[2025-12-06 19:46:17] - [finetune_utils.py:175] - [INFO]: Validation step completed.
[2025-12-06 19:46:17] - [finetune_utils.py:203] - [INFO]: Appending the epoch's metrics to CSV.
[2025-12-06 19:46:17] - [finetune_utils.py:207] - [INFO]: Epoch's metrics appended successfully!
[2025-12-06 19:46:17] - [finetune_utils.py:148] - [INFO]: Epoch 31
-----------------------
[2025-12-06 19:46:17] - [finetune_utils.py:151] - [INFO]: Starting training step...
[2025-12-06 19:46:31] - [finetune_utils.py:162] - [INFO]: Training step completed.
[2025-12-06 19:46:31] - [finetune_utils.py:165] - [INFO]: Starting Validation step...
[2025-12-06 19:46:35] - [finetune_utils.py:175] - [INFO]: Validation step completed.
[2025-12-06 19:46:35] - [finetune_utils.py:203] - [INFO]: Appending the epoch's metrics to CSV.
[2025-12-06 19:46:35] - [finetune_utils.py:207] - [INFO]: Epoch's metrics appended successfully!
[2025-12-06 19:46:35] - [finetune_utils.py:148] - [INFO]: Epoch 32
-----------------------
[2025-12-06 19:46:35] - [finetune_utils.py:151] - [INFO]: Starting training step...
[2025-12-06 19:46:49] - [finetune_utils.py:162] - [INFO]: Training step completed.
[2025-12-06 19:46:49] - [finetune_utils.py:165] - [INFO]: Starting Validation step...
[2025-12-06 19:46:52] - [finetune_utils.py:175] - [INFO]: Validation step completed.
[2025-12-06 19:46:52] - [finetune_utils.py:203] - [INFO]: Appending the epoch's metrics to CSV.
[2025-12-06 19:46:52] - [finetune_utils.py:207] - [INFO]: Epoch's metrics appended successfully!
[2025-12-06 19:46:52] - [finetune_utils.py:148] - [INFO]: Epoch 33
-----------------------
[2025-12-06 19:46:52] - [finetune_utils.py:151] - [INFO]: Starting training step...
[2025-12-06 19:47:07] - [finetune_utils.py:162] - [INFO]: Training step completed.
[2025-12-06 19:47:07] - [finetune_utils.py:165] - [INFO]: Starting Validation step...
[2025-12-06 19:47:10] - [finetune_utils.py:175] - [INFO]: Validation step completed.
[2025-12-06 19:47:10] - [finetune_utils.py:203] - [INFO]: Appending the epoch's metrics to CSV.
[2025-12-06 19:47:10] - [finetune_utils.py:207] - [INFO]: Epoch's metrics appended successfully!
[2025-12-06 19:47:10] - [finetune_utils.py:148] - [INFO]: Epoch 34
-----------------------
[2025-12-06 19:47:10] - [finetune_utils.py:151] - [INFO]: Starting training step...
[2025-12-06 19:47:24] - [finetune_utils.py:162] - [INFO]: Training step completed.
[2025-12-06 19:47:24] - [finetune_utils.py:165] - [INFO]: Starting Validation step...
[2025-12-06 19:47:28] - [finetune_utils.py:175] - [INFO]: Validation step completed.
[2025-12-06 19:47:28] - [finetune_utils.py:203] - [INFO]: Appending the epoch's metrics to CSV.
[2025-12-06 19:47:28] - [finetune_utils.py:207] - [INFO]: Epoch's metrics appended successfully!
[2025-12-06 19:47:28] - [finetune_utils.py:148] - [INFO]: Epoch 35
-----------------------
[2025-12-06 19:47:28] - [finetune_utils.py:151] - [INFO]: Starting training step...
[2025-12-06 19:47:42] - [finetune_utils.py:162] - [INFO]: Training step completed.
[2025-12-06 19:47:42] - [finetune_utils.py:165] - [INFO]: Starting Validation step...
[2025-12-06 19:47:46] - [finetune_utils.py:175] - [INFO]: Validation step completed.
[2025-12-06 19:47:46] - [finetune_utils.py:203] - [INFO]: Appending the epoch's metrics to CSV.
[2025-12-06 19:47:46] - [finetune_utils.py:207] - [INFO]: Epoch's metrics appended successfully!
[2025-12-06 19:47:46] - [finetune_utils.py:148] - [INFO]: Epoch 36
-----------------------
[2025-12-06 19:47:46] - [finetune_utils.py:151] - [INFO]: Starting training step...
[2025-12-06 19:48:00] - [finetune_utils.py:162] - [INFO]: Training step completed.
[2025-12-06 19:48:00] - [finetune_utils.py:165] - [INFO]: Starting Validation step...
[2025-12-06 19:48:04] - [finetune_utils.py:175] - [INFO]: Validation step completed.
[2025-12-06 19:48:04] - [finetune_utils.py:203] - [INFO]: Appending the epoch's metrics to CSV.
[2025-12-06 19:48:04] - [finetune_utils.py:207] - [INFO]: Epoch's metrics appended successfully!
[2025-12-06 19:48:04] - [finetune_utils.py:148] - [INFO]: Epoch 37
-----------------------
[2025-12-06 19:48:04] - [finetune_utils.py:151] - [INFO]: Starting training step...
[2025-12-06 19:48:18] - [finetune_utils.py:162] - [INFO]: Training step completed.
[2025-12-06 19:48:18] - [finetune_utils.py:165] - [INFO]: Starting Validation step...
[2025-12-06 19:48:21] - [finetune_utils.py:175] - [INFO]: Validation step completed.
[2025-12-06 19:48:21] - [finetune_utils.py:186] - [INFO]: New BEST accuracy: 79.0328. Saving best model...
[2025-12-06 19:48:21] - [finetune_utils.py:200] - [INFO]: Best model saved successfully!
[2025-12-06 19:48:21] - [finetune_utils.py:203] - [INFO]: Appending the epoch's metrics to CSV.
[2025-12-06 19:48:21] - [finetune_utils.py:207] - [INFO]: Epoch's metrics appended successfully!
[2025-12-06 19:48:21] - [finetune_utils.py:148] - [INFO]: Epoch 38
-----------------------
[2025-12-06 19:48:21] - [finetune_utils.py:151] - [INFO]: Starting training step...
[2025-12-06 19:48:36] - [finetune_utils.py:162] - [INFO]: Training step completed.
[2025-12-06 19:48:36] - [finetune_utils.py:165] - [INFO]: Starting Validation step...
[2025-12-06 19:48:39] - [finetune_utils.py:175] - [INFO]: Validation step completed.
[2025-12-06 19:48:39] - [finetune_utils.py:203] - [INFO]: Appending the epoch's metrics to CSV.
[2025-12-06 19:48:39] - [finetune_utils.py:207] - [INFO]: Epoch's metrics appended successfully!
[2025-12-06 19:48:39] - [finetune_utils.py:148] - [INFO]: Epoch 39
-----------------------
[2025-12-06 19:48:39] - [finetune_utils.py:151] - [INFO]: Starting training step...
[2025-12-06 19:48:53] - [finetune_utils.py:162] - [INFO]: Training step completed.
[2025-12-06 19:48:53] - [finetune_utils.py:165] - [INFO]: Starting Validation step...
[2025-12-06 19:48:56] - [finetune_utils.py:175] - [INFO]: Validation step completed.
[2025-12-06 19:48:56] - [finetune_utils.py:203] - [INFO]: Appending the epoch's metrics to CSV.
[2025-12-06 19:48:56] - [finetune_utils.py:207] - [INFO]: Epoch's metrics appended successfully!
[2025-12-06 19:48:56] - [finetune_utils.py:148] - [INFO]: Epoch 40
-----------------------
[2025-12-06 19:48:56] - [finetune_utils.py:151] - [INFO]: Starting training step...
[2025-12-06 19:49:11] - [finetune_utils.py:162] - [INFO]: Training step completed.
[2025-12-06 19:49:11] - [finetune_utils.py:165] - [INFO]: Starting Validation step...
[2025-12-06 19:49:14] - [finetune_utils.py:175] - [INFO]: Validation step completed.
[2025-12-06 19:49:14] - [finetune_utils.py:203] - [INFO]: Appending the epoch's metrics to CSV.
[2025-12-06 19:49:14] - [finetune_utils.py:207] - [INFO]: Epoch's metrics appended successfully!
