[2025-10-13 12:42:20] - [finetune_resnet50.py:106] - [INFO]: Setting all seeds...
[2025-10-13 12:42:20] - [finetune_resnet50.py:84] - [INFO]: Using device: cuda
[2025-10-13 12:42:20] - [finetune_resnet50.py:46] - [INFO]: Creating Data Loaders...
[2025-10-13 12:47:32] - [finetune_resnet50.py:70] - [INFO]: Data Loaders Created Successfully!
[2025-10-13 12:47:32] - [finetune_resnet50.py:71] - [INFO]: Initializing ResNet50 model...
[2025-10-13 12:47:33] - [finetune_resnet50.py:76] - [INFO]: Model initialized and truncated.
[2025-10-13 12:47:33] - [finetune_resnet50.py:90] - [INFO]: Creating optimizer...
[2025-10-13 12:47:33] - [finetune_resnet50.py:94] - [INFO]: Optimizer created: AdamW Optimizer.
[2025-10-13 12:47:33] - [finetune_resnet50.py:95] - [INFO]: Learning Rate Scheduler Created: ReduceLROnPlateau.
[2025-10-13 12:47:33] - [finetune_resnet50.py:96] - [INFO]: Initial Learning Rate: 0.001.
[2025-10-13 12:47:33] - [finetune_resnet50.py:90] - [INFO]: Starting Training and Testing with number of epochs = 10
[2025-10-13 12:47:33] - [finetune_resnet50.py:93] - [INFO]: Opening a CSV file to log training metrics.
[2025-10-13 12:47:33] - [finetune_resnet50.py:101] - [INFO]: Epoch 1
------------------------
[2025-10-13 12:47:33] - [finetune_resnet50.py:103] - [INFO]: Starting Training Step...
[2025-10-13 13:05:53] - [finetune_resnet50.py:113] - [INFO]: Training Step Completed.
[2025-10-13 13:05:53] - [finetune_resnet50.py:128] - [INFO]: Starting Testing Step...
[2025-10-13 13:12:39] - [finetune_resnet50.py:139] - [INFO]: Testing step completed.
[2025-10-13 13:12:39] - [finetune_resnet50.py:142] - [INFO]: Appending the epoch's metrics to CSV.
[2025-10-13 13:12:39] - [finetune_resnet50.py:146] - [INFO]: Epoch's metrics appended successfully!
[2025-10-13 13:12:39] - [finetune_resnet50.py:101] - [INFO]: Epoch 2
------------------------
[2025-10-13 13:12:39] - [finetune_resnet50.py:103] - [INFO]: Starting Training Step...
[2025-10-13 13:30:59] - [finetune_resnet50.py:113] - [INFO]: Training Step Completed.
[2025-10-13 13:30:59] - [finetune_resnet50.py:117] - [INFO]: Saving model checkpoint...
[2025-10-13 13:30:59] - [finetune_resnet50.py:125] - [INFO]: Model checkpoint saved at epoch 2/10
[2025-10-13 13:30:59] - [finetune_resnet50.py:128] - [INFO]: Starting Testing Step...
[2025-10-13 13:37:44] - [finetune_resnet50.py:139] - [INFO]: Testing step completed.
[2025-10-13 13:37:44] - [finetune_resnet50.py:142] - [INFO]: Appending the epoch's metrics to CSV.
[2025-10-13 13:37:44] - [finetune_resnet50.py:146] - [INFO]: Epoch's metrics appended successfully!
[2025-10-13 13:37:44] - [finetune_resnet50.py:101] - [INFO]: Epoch 3
------------------------
[2025-10-13 13:37:44] - [finetune_resnet50.py:103] - [INFO]: Starting Training Step...
[2025-10-13 13:56:07] - [finetune_resnet50.py:113] - [INFO]: Training Step Completed.
[2025-10-13 13:56:07] - [finetune_resnet50.py:128] - [INFO]: Starting Testing Step...
[2025-10-13 14:02:52] - [finetune_resnet50.py:139] - [INFO]: Testing step completed.
[2025-10-13 14:02:52] - [finetune_resnet50.py:142] - [INFO]: Appending the epoch's metrics to CSV.
[2025-10-13 14:02:52] - [finetune_resnet50.py:146] - [INFO]: Epoch's metrics appended successfully!
[2025-10-13 14:02:52] - [finetune_resnet50.py:101] - [INFO]: Epoch 4
------------------------
[2025-10-13 14:02:52] - [finetune_resnet50.py:103] - [INFO]: Starting Training Step...
[2025-10-13 14:21:13] - [finetune_resnet50.py:113] - [INFO]: Training Step Completed.
[2025-10-13 14:21:13] - [finetune_resnet50.py:117] - [INFO]: Saving model checkpoint...
[2025-10-13 14:21:13] - [finetune_resnet50.py:125] - [INFO]: Model checkpoint saved at epoch 4/10
[2025-10-13 14:21:13] - [finetune_resnet50.py:128] - [INFO]: Starting Testing Step...
[2025-10-13 14:27:59] - [finetune_resnet50.py:139] - [INFO]: Testing step completed.
[2025-10-13 14:27:59] - [finetune_resnet50.py:142] - [INFO]: Appending the epoch's metrics to CSV.
[2025-10-13 14:27:59] - [finetune_resnet50.py:146] - [INFO]: Epoch's metrics appended successfully!
[2025-10-13 14:27:59] - [finetune_resnet50.py:101] - [INFO]: Epoch 5
------------------------
[2025-10-13 14:27:59] - [finetune_resnet50.py:103] - [INFO]: Starting Training Step...
[2025-10-13 14:46:17] - [finetune_resnet50.py:113] - [INFO]: Training Step Completed.
[2025-10-13 14:46:17] - [finetune_resnet50.py:128] - [INFO]: Starting Testing Step...
[2025-10-13 14:52:58] - [finetune_resnet50.py:139] - [INFO]: Testing step completed.
[2025-10-13 14:52:58] - [finetune_resnet50.py:142] - [INFO]: Appending the epoch's metrics to CSV.
[2025-10-13 14:52:58] - [finetune_resnet50.py:146] - [INFO]: Epoch's metrics appended successfully!
[2025-10-13 14:52:58] - [finetune_resnet50.py:101] - [INFO]: Epoch 6
------------------------
[2025-10-13 14:52:58] - [finetune_resnet50.py:103] - [INFO]: Starting Training Step...
[2025-10-13 15:11:16] - [finetune_resnet50.py:113] - [INFO]: Training Step Completed.
[2025-10-13 15:11:16] - [finetune_resnet50.py:117] - [INFO]: Saving model checkpoint...
[2025-10-13 15:11:17] - [finetune_resnet50.py:125] - [INFO]: Model checkpoint saved at epoch 6/10
[2025-10-13 15:11:17] - [finetune_resnet50.py:128] - [INFO]: Starting Testing Step...
[2025-10-13 15:18:01] - [finetune_resnet50.py:139] - [INFO]: Testing step completed.
[2025-10-13 15:18:01] - [finetune_resnet50.py:142] - [INFO]: Appending the epoch's metrics to CSV.
[2025-10-13 15:18:01] - [finetune_resnet50.py:146] - [INFO]: Epoch's metrics appended successfully!
[2025-10-13 15:18:01] - [finetune_resnet50.py:101] - [INFO]: Epoch 7
------------------------
[2025-10-13 15:18:01] - [finetune_resnet50.py:103] - [INFO]: Starting Training Step...
[2025-10-13 15:36:21] - [finetune_resnet50.py:113] - [INFO]: Training Step Completed.
[2025-10-13 15:36:21] - [finetune_resnet50.py:128] - [INFO]: Starting Testing Step...
[2025-10-13 15:43:07] - [finetune_resnet50.py:139] - [INFO]: Testing step completed.
[2025-10-13 15:43:07] - [finetune_resnet50.py:142] - [INFO]: Appending the epoch's metrics to CSV.
[2025-10-13 15:43:07] - [finetune_resnet50.py:146] - [INFO]: Epoch's metrics appended successfully!
[2025-10-13 15:43:07] - [finetune_resnet50.py:101] - [INFO]: Epoch 8
------------------------
[2025-10-13 15:43:07] - [finetune_resnet50.py:103] - [INFO]: Starting Training Step...
[2025-10-13 16:01:25] - [finetune_resnet50.py:113] - [INFO]: Training Step Completed.
[2025-10-13 16:01:25] - [finetune_resnet50.py:117] - [INFO]: Saving model checkpoint...
[2025-10-13 16:01:26] - [finetune_resnet50.py:125] - [INFO]: Model checkpoint saved at epoch 8/10
[2025-10-13 16:01:26] - [finetune_resnet50.py:128] - [INFO]: Starting Testing Step...
[2025-10-13 16:08:11] - [finetune_resnet50.py:139] - [INFO]: Testing step completed.
[2025-10-13 16:08:11] - [finetune_resnet50.py:142] - [INFO]: Appending the epoch's metrics to CSV.
[2025-10-13 16:08:11] - [finetune_resnet50.py:146] - [INFO]: Epoch's metrics appended successfully!
[2025-10-13 16:08:11] - [finetune_resnet50.py:101] - [INFO]: Epoch 9
------------------------
[2025-10-13 16:08:11] - [finetune_resnet50.py:103] - [INFO]: Starting Training Step...
[2025-10-13 16:26:28] - [finetune_resnet50.py:113] - [INFO]: Training Step Completed.
[2025-10-13 16:26:28] - [finetune_resnet50.py:128] - [INFO]: Starting Testing Step...
[2025-10-13 16:33:14] - [finetune_resnet50.py:139] - [INFO]: Testing step completed.
[2025-10-13 16:33:14] - [finetune_resnet50.py:142] - [INFO]: Appending the epoch's metrics to CSV.
[2025-10-13 16:33:14] - [finetune_resnet50.py:146] - [INFO]: Epoch's metrics appended successfully!
[2025-10-13 16:33:14] - [finetune_resnet50.py:101] - [INFO]: Epoch 10
------------------------
[2025-10-13 16:33:14] - [finetune_resnet50.py:103] - [INFO]: Starting Training Step...
[2025-10-13 16:51:32] - [finetune_resnet50.py:113] - [INFO]: Training Step Completed.
[2025-10-13 16:51:32] - [finetune_resnet50.py:117] - [INFO]: Saving model checkpoint...
[2025-10-13 16:51:32] - [finetune_resnet50.py:125] - [INFO]: Model checkpoint saved at epoch 10/10
[2025-10-13 16:51:32] - [finetune_resnet50.py:128] - [INFO]: Starting Testing Step...
[2025-10-13 16:58:19] - [finetune_resnet50.py:139] - [INFO]: Testing step completed.
[2025-10-13 16:58:19] - [finetune_resnet50.py:142] - [INFO]: Appending the epoch's metrics to CSV.
[2025-10-13 16:58:19] - [finetune_resnet50.py:146] - [INFO]: Epoch's metrics appended successfully!
