[2025-11-17 00:46:46] - [finetune_helper.py:195] - [INFO]: Setting all seeds...
[2025-11-17 00:46:46] - [finetune_helper.py:240] - [INFO]: Using device: cuda
[2025-11-17 00:46:46] - [finetune_helper.py:48] - [INFO]: Creating data loaders...
[2025-11-17 00:46:48] - [finetune_helper.py:124] - [INFO]: Data loaders created.
[2025-11-17 00:46:48] - [finetune_helper.py:175] - [INFO]: Creating optimizer...
[2025-11-17 00:46:48] - [finetune_helper.py:177] - [INFO]: Optimizer created: AdamW Optimizer.
[2025-11-17 00:46:48] - [finetune_helper.py:178] - [INFO]: Initial Learning Rate: 0.0001.
[2025-11-17 00:46:48] - [finetune_helper.py:269] - [INFO]: Starting Training and Testing with number of epochs = 40
[2025-11-17 00:46:48] - [finetune_helper.py:272] - [INFO]: Opening a CSV file to log training metrics.
[2025-11-17 00:46:48] - [finetune_helper.py:281] - [INFO]: Epoch 1
-----------------------
[2025-11-17 00:46:48] - [finetune_helper.py:283] - [INFO]: Starting training step...
[2025-11-17 00:46:49] - [finetune_helper.py:294] - [INFO]: Training step completed.
[2025-11-17 00:46:49] - [finetune_helper.py:321] - [INFO]: Starting testing step...
[2025-11-17 00:46:49] - [finetune_helper.py:334] - [INFO]: Testing step completed.
[2025-11-17 00:46:49] - [finetune_helper.py:337] - [INFO]: Appending the epoch's metrics to CSV.
[2025-11-17 00:46:49] - [finetune_helper.py:341] - [INFO]: Epoch's metrics appended successfully!
[2025-11-17 00:46:49] - [finetune_helper.py:281] - [INFO]: Epoch 2
-----------------------
[2025-11-17 00:46:49] - [finetune_helper.py:283] - [INFO]: Starting training step...
[2025-11-17 00:46:50] - [finetune_helper.py:294] - [INFO]: Training step completed.
[2025-11-17 00:46:50] - [finetune_helper.py:321] - [INFO]: Starting testing step...
[2025-11-17 00:46:50] - [finetune_helper.py:334] - [INFO]: Testing step completed.
[2025-11-17 00:46:50] - [finetune_helper.py:337] - [INFO]: Appending the epoch's metrics to CSV.
[2025-11-17 00:46:50] - [finetune_helper.py:341] - [INFO]: Epoch's metrics appended successfully!
[2025-11-17 00:46:50] - [finetune_helper.py:281] - [INFO]: Epoch 3
-----------------------
[2025-11-17 00:46:50] - [finetune_helper.py:283] - [INFO]: Starting training step...
[2025-11-17 00:46:51] - [finetune_helper.py:294] - [INFO]: Training step completed.
[2025-11-17 00:46:51] - [finetune_helper.py:321] - [INFO]: Starting testing step...
[2025-11-17 00:46:51] - [finetune_helper.py:334] - [INFO]: Testing step completed.
[2025-11-17 00:46:51] - [finetune_helper.py:337] - [INFO]: Appending the epoch's metrics to CSV.
[2025-11-17 00:46:51] - [finetune_helper.py:341] - [INFO]: Epoch's metrics appended successfully!
[2025-11-17 00:46:51] - [finetune_helper.py:281] - [INFO]: Epoch 4
-----------------------
[2025-11-17 00:46:51] - [finetune_helper.py:283] - [INFO]: Starting training step...
[2025-11-17 00:46:51] - [finetune_helper.py:294] - [INFO]: Training step completed.
[2025-11-17 00:46:51] - [finetune_helper.py:321] - [INFO]: Starting testing step...
[2025-11-17 00:46:52] - [finetune_helper.py:334] - [INFO]: Testing step completed.
[2025-11-17 00:46:52] - [finetune_helper.py:337] - [INFO]: Appending the epoch's metrics to CSV.
[2025-11-17 00:46:52] - [finetune_helper.py:341] - [INFO]: Epoch's metrics appended successfully!
[2025-11-17 00:46:52] - [finetune_helper.py:281] - [INFO]: Epoch 5
-----------------------
[2025-11-17 00:46:52] - [finetune_helper.py:283] - [INFO]: Starting training step...
[2025-11-17 00:46:52] - [finetune_helper.py:294] - [INFO]: Training step completed.
[2025-11-17 00:46:52] - [finetune_helper.py:310] - [INFO]: Saving model checkpoint...
[2025-11-17 00:46:52] - [finetune_helper.py:318] - [INFO]: Model checkpoint saved at epoch 5/40.
[2025-11-17 00:46:52] - [finetune_helper.py:321] - [INFO]: Starting testing step...
[2025-11-17 00:46:52] - [finetune_helper.py:334] - [INFO]: Testing step completed.
[2025-11-17 00:46:52] - [finetune_helper.py:337] - [INFO]: Appending the epoch's metrics to CSV.
[2025-11-17 00:46:52] - [finetune_helper.py:341] - [INFO]: Epoch's metrics appended successfully!
[2025-11-17 00:46:52] - [finetune_helper.py:281] - [INFO]: Epoch 6
-----------------------
[2025-11-17 00:46:52] - [finetune_helper.py:283] - [INFO]: Starting training step...
[2025-11-17 00:46:53] - [finetune_helper.py:294] - [INFO]: Training step completed.
[2025-11-17 00:46:53] - [finetune_helper.py:321] - [INFO]: Starting testing step...
[2025-11-17 00:46:53] - [finetune_helper.py:334] - [INFO]: Testing step completed.
[2025-11-17 00:46:53] - [finetune_helper.py:337] - [INFO]: Appending the epoch's metrics to CSV.
[2025-11-17 00:46:53] - [finetune_helper.py:341] - [INFO]: Epoch's metrics appended successfully!
[2025-11-17 00:46:53] - [finetune_helper.py:281] - [INFO]: Epoch 7
-----------------------
[2025-11-17 00:46:53] - [finetune_helper.py:283] - [INFO]: Starting training step...
[2025-11-17 00:46:54] - [finetune_helper.py:294] - [INFO]: Training step completed.
[2025-11-17 00:46:54] - [finetune_helper.py:321] - [INFO]: Starting testing step...
[2025-11-17 00:46:54] - [finetune_helper.py:334] - [INFO]: Testing step completed.
[2025-11-17 00:46:54] - [finetune_helper.py:337] - [INFO]: Appending the epoch's metrics to CSV.
[2025-11-17 00:46:54] - [finetune_helper.py:341] - [INFO]: Epoch's metrics appended successfully!
[2025-11-17 00:46:54] - [finetune_helper.py:281] - [INFO]: Epoch 8
-----------------------
[2025-11-17 00:46:54] - [finetune_helper.py:283] - [INFO]: Starting training step...
[2025-11-17 00:46:55] - [finetune_helper.py:294] - [INFO]: Training step completed.
[2025-11-17 00:46:55] - [finetune_helper.py:321] - [INFO]: Starting testing step...
[2025-11-17 00:46:55] - [finetune_helper.py:334] - [INFO]: Testing step completed.
[2025-11-17 00:46:55] - [finetune_helper.py:337] - [INFO]: Appending the epoch's metrics to CSV.
[2025-11-17 00:46:55] - [finetune_helper.py:341] - [INFO]: Epoch's metrics appended successfully!
[2025-11-17 00:46:55] - [finetune_helper.py:281] - [INFO]: Epoch 9
-----------------------
[2025-11-17 00:46:55] - [finetune_helper.py:283] - [INFO]: Starting training step...
[2025-11-17 00:46:55] - [finetune_helper.py:294] - [INFO]: Training step completed.
[2025-11-17 00:46:55] - [finetune_helper.py:321] - [INFO]: Starting testing step...
[2025-11-17 00:46:55] - [finetune_helper.py:334] - [INFO]: Testing step completed.
[2025-11-17 00:46:55] - [finetune_helper.py:337] - [INFO]: Appending the epoch's metrics to CSV.
[2025-11-17 00:46:55] - [finetune_helper.py:341] - [INFO]: Epoch's metrics appended successfully!
[2025-11-17 00:46:55] - [finetune_helper.py:281] - [INFO]: Epoch 10
-----------------------
[2025-11-17 00:46:55] - [finetune_helper.py:283] - [INFO]: Starting training step...
[2025-11-17 00:46:56] - [finetune_helper.py:294] - [INFO]: Training step completed.
[2025-11-17 00:46:56] - [finetune_helper.py:310] - [INFO]: Saving model checkpoint...
[2025-11-17 00:46:56] - [finetune_helper.py:318] - [INFO]: Model checkpoint saved at epoch 10/40.
[2025-11-17 00:46:56] - [finetune_helper.py:321] - [INFO]: Starting testing step...
[2025-11-17 00:46:56] - [finetune_helper.py:334] - [INFO]: Testing step completed.
[2025-11-17 00:46:56] - [finetune_helper.py:337] - [INFO]: Appending the epoch's metrics to CSV.
[2025-11-17 00:46:56] - [finetune_helper.py:341] - [INFO]: Epoch's metrics appended successfully!
[2025-11-17 00:46:56] - [finetune_helper.py:281] - [INFO]: Epoch 11
-----------------------
[2025-11-17 00:46:56] - [finetune_helper.py:283] - [INFO]: Starting training step...
[2025-11-17 00:46:57] - [finetune_helper.py:294] - [INFO]: Training step completed.
[2025-11-17 00:46:57] - [finetune_helper.py:321] - [INFO]: Starting testing step...
[2025-11-17 00:46:57] - [finetune_helper.py:334] - [INFO]: Testing step completed.
[2025-11-17 00:46:57] - [finetune_helper.py:337] - [INFO]: Appending the epoch's metrics to CSV.
[2025-11-17 00:46:57] - [finetune_helper.py:341] - [INFO]: Epoch's metrics appended successfully!
[2025-11-17 00:46:57] - [finetune_helper.py:281] - [INFO]: Epoch 12
-----------------------
[2025-11-17 00:46:57] - [finetune_helper.py:283] - [INFO]: Starting training step...
[2025-11-17 00:46:58] - [finetune_helper.py:294] - [INFO]: Training step completed.
[2025-11-17 00:46:58] - [finetune_helper.py:321] - [INFO]: Starting testing step...
[2025-11-17 00:46:58] - [finetune_helper.py:334] - [INFO]: Testing step completed.
[2025-11-17 00:46:58] - [finetune_helper.py:337] - [INFO]: Appending the epoch's metrics to CSV.
[2025-11-17 00:46:58] - [finetune_helper.py:341] - [INFO]: Epoch's metrics appended successfully!
[2025-11-17 00:46:58] - [finetune_helper.py:281] - [INFO]: Epoch 13
-----------------------
[2025-11-17 00:46:58] - [finetune_helper.py:283] - [INFO]: Starting training step...
[2025-11-17 00:46:58] - [finetune_helper.py:294] - [INFO]: Training step completed.
[2025-11-17 00:46:58] - [finetune_helper.py:321] - [INFO]: Starting testing step...
[2025-11-17 00:46:58] - [finetune_helper.py:334] - [INFO]: Testing step completed.
[2025-11-17 00:46:58] - [finetune_helper.py:337] - [INFO]: Appending the epoch's metrics to CSV.
[2025-11-17 00:46:58] - [finetune_helper.py:341] - [INFO]: Epoch's metrics appended successfully!
[2025-11-17 00:46:58] - [finetune_helper.py:281] - [INFO]: Epoch 14
-----------------------
[2025-11-17 00:46:58] - [finetune_helper.py:283] - [INFO]: Starting training step...
[2025-11-17 00:46:59] - [finetune_helper.py:294] - [INFO]: Training step completed.
[2025-11-17 00:46:59] - [finetune_helper.py:321] - [INFO]: Starting testing step...
[2025-11-17 00:46:59] - [finetune_helper.py:334] - [INFO]: Testing step completed.
[2025-11-17 00:46:59] - [finetune_helper.py:337] - [INFO]: Appending the epoch's metrics to CSV.
[2025-11-17 00:46:59] - [finetune_helper.py:341] - [INFO]: Epoch's metrics appended successfully!
[2025-11-17 00:46:59] - [finetune_helper.py:281] - [INFO]: Epoch 15
-----------------------
[2025-11-17 00:46:59] - [finetune_helper.py:283] - [INFO]: Starting training step...
[2025-11-17 00:47:00] - [finetune_helper.py:294] - [INFO]: Training step completed.
[2025-11-17 00:47:00] - [finetune_helper.py:310] - [INFO]: Saving model checkpoint...
[2025-11-17 00:47:00] - [finetune_helper.py:318] - [INFO]: Model checkpoint saved at epoch 15/40.
[2025-11-17 00:47:00] - [finetune_helper.py:321] - [INFO]: Starting testing step...
[2025-11-17 00:47:00] - [finetune_helper.py:334] - [INFO]: Testing step completed.
[2025-11-17 00:47:00] - [finetune_helper.py:337] - [INFO]: Appending the epoch's metrics to CSV.
[2025-11-17 00:47:00] - [finetune_helper.py:341] - [INFO]: Epoch's metrics appended successfully!
[2025-11-17 00:47:00] - [finetune_helper.py:281] - [INFO]: Epoch 16
-----------------------
[2025-11-17 00:47:00] - [finetune_helper.py:283] - [INFO]: Starting training step...
[2025-11-17 00:47:01] - [finetune_helper.py:294] - [INFO]: Training step completed.
[2025-11-17 00:47:01] - [finetune_helper.py:321] - [INFO]: Starting testing step...
[2025-11-17 00:47:01] - [finetune_helper.py:334] - [INFO]: Testing step completed.
[2025-11-17 00:47:01] - [finetune_helper.py:337] - [INFO]: Appending the epoch's metrics to CSV.
[2025-11-17 00:47:01] - [finetune_helper.py:341] - [INFO]: Epoch's metrics appended successfully!
[2025-11-17 00:47:01] - [finetune_helper.py:281] - [INFO]: Epoch 17
-----------------------
[2025-11-17 00:47:01] - [finetune_helper.py:283] - [INFO]: Starting training step...
[2025-11-17 00:47:02] - [finetune_helper.py:294] - [INFO]: Training step completed.
[2025-11-17 00:47:02] - [finetune_helper.py:321] - [INFO]: Starting testing step...
[2025-11-17 00:47:02] - [finetune_helper.py:334] - [INFO]: Testing step completed.
[2025-11-17 00:47:02] - [finetune_helper.py:337] - [INFO]: Appending the epoch's metrics to CSV.
[2025-11-17 00:47:02] - [finetune_helper.py:341] - [INFO]: Epoch's metrics appended successfully!
[2025-11-17 00:47:02] - [finetune_helper.py:281] - [INFO]: Epoch 18
-----------------------
[2025-11-17 00:47:02] - [finetune_helper.py:283] - [INFO]: Starting training step...
[2025-11-17 00:47:02] - [finetune_helper.py:294] - [INFO]: Training step completed.
[2025-11-17 00:47:02] - [finetune_helper.py:321] - [INFO]: Starting testing step...
[2025-11-17 00:47:02] - [finetune_helper.py:334] - [INFO]: Testing step completed.
[2025-11-17 00:47:02] - [finetune_helper.py:337] - [INFO]: Appending the epoch's metrics to CSV.
[2025-11-17 00:47:02] - [finetune_helper.py:341] - [INFO]: Epoch's metrics appended successfully!
[2025-11-17 00:47:02] - [finetune_helper.py:281] - [INFO]: Epoch 19
-----------------------
[2025-11-17 00:47:02] - [finetune_helper.py:283] - [INFO]: Starting training step...
[2025-11-17 00:47:03] - [finetune_helper.py:294] - [INFO]: Training step completed.
[2025-11-17 00:47:03] - [finetune_helper.py:321] - [INFO]: Starting testing step...
[2025-11-17 00:47:03] - [finetune_helper.py:334] - [INFO]: Testing step completed.
[2025-11-17 00:47:03] - [finetune_helper.py:337] - [INFO]: Appending the epoch's metrics to CSV.
[2025-11-17 00:47:03] - [finetune_helper.py:341] - [INFO]: Epoch's metrics appended successfully!
[2025-11-17 00:47:03] - [finetune_helper.py:281] - [INFO]: Epoch 20
-----------------------
[2025-11-17 00:47:03] - [finetune_helper.py:283] - [INFO]: Starting training step...
[2025-11-17 00:47:04] - [finetune_helper.py:294] - [INFO]: Training step completed.
[2025-11-17 00:47:04] - [finetune_helper.py:310] - [INFO]: Saving model checkpoint...
[2025-11-17 00:47:04] - [finetune_helper.py:318] - [INFO]: Model checkpoint saved at epoch 20/40.
[2025-11-17 00:47:04] - [finetune_helper.py:321] - [INFO]: Starting testing step...
[2025-11-17 00:47:04] - [finetune_helper.py:334] - [INFO]: Testing step completed.
[2025-11-17 00:47:04] - [finetune_helper.py:337] - [INFO]: Appending the epoch's metrics to CSV.
[2025-11-17 00:47:04] - [finetune_helper.py:341] - [INFO]: Epoch's metrics appended successfully!
[2025-11-17 00:47:04] - [finetune_helper.py:281] - [INFO]: Epoch 21
-----------------------
[2025-11-17 00:47:04] - [finetune_helper.py:283] - [INFO]: Starting training step...
[2025-11-17 00:47:05] - [finetune_helper.py:294] - [INFO]: Training step completed.
[2025-11-17 00:47:05] - [finetune_helper.py:321] - [INFO]: Starting testing step...
[2025-11-17 00:47:05] - [finetune_helper.py:334] - [INFO]: Testing step completed.
[2025-11-17 00:47:05] - [finetune_helper.py:337] - [INFO]: Appending the epoch's metrics to CSV.
[2025-11-17 00:47:05] - [finetune_helper.py:341] - [INFO]: Epoch's metrics appended successfully!
[2025-11-17 00:47:05] - [finetune_helper.py:281] - [INFO]: Epoch 22
-----------------------
[2025-11-17 00:47:05] - [finetune_helper.py:283] - [INFO]: Starting training step...
[2025-11-17 00:47:06] - [finetune_helper.py:294] - [INFO]: Training step completed.
[2025-11-17 00:47:06] - [finetune_helper.py:321] - [INFO]: Starting testing step...
[2025-11-17 00:47:06] - [finetune_helper.py:334] - [INFO]: Testing step completed.
[2025-11-17 00:47:06] - [finetune_helper.py:337] - [INFO]: Appending the epoch's metrics to CSV.
[2025-11-17 00:47:06] - [finetune_helper.py:341] - [INFO]: Epoch's metrics appended successfully!
[2025-11-17 00:47:06] - [finetune_helper.py:281] - [INFO]: Epoch 23
-----------------------
[2025-11-17 00:47:06] - [finetune_helper.py:283] - [INFO]: Starting training step...
[2025-11-17 00:47:06] - [finetune_helper.py:294] - [INFO]: Training step completed.
[2025-11-17 00:47:06] - [finetune_helper.py:321] - [INFO]: Starting testing step...
[2025-11-17 00:47:06] - [finetune_helper.py:334] - [INFO]: Testing step completed.
[2025-11-17 00:47:06] - [finetune_helper.py:337] - [INFO]: Appending the epoch's metrics to CSV.
[2025-11-17 00:47:06] - [finetune_helper.py:341] - [INFO]: Epoch's metrics appended successfully!
[2025-11-17 00:47:06] - [finetune_helper.py:281] - [INFO]: Epoch 24
-----------------------
[2025-11-17 00:47:06] - [finetune_helper.py:283] - [INFO]: Starting training step...
[2025-11-17 00:47:07] - [finetune_helper.py:294] - [INFO]: Training step completed.
[2025-11-17 00:47:07] - [finetune_helper.py:321] - [INFO]: Starting testing step...
[2025-11-17 00:47:07] - [finetune_helper.py:334] - [INFO]: Testing step completed.
[2025-11-17 00:47:07] - [finetune_helper.py:337] - [INFO]: Appending the epoch's metrics to CSV.
[2025-11-17 00:47:07] - [finetune_helper.py:341] - [INFO]: Epoch's metrics appended successfully!
[2025-11-17 00:47:07] - [finetune_helper.py:281] - [INFO]: Epoch 25
-----------------------
[2025-11-17 00:47:07] - [finetune_helper.py:283] - [INFO]: Starting training step...
[2025-11-17 00:47:08] - [finetune_helper.py:294] - [INFO]: Training step completed.
[2025-11-17 00:47:08] - [finetune_helper.py:310] - [INFO]: Saving model checkpoint...
[2025-11-17 00:47:08] - [finetune_helper.py:318] - [INFO]: Model checkpoint saved at epoch 25/40.
[2025-11-17 00:47:08] - [finetune_helper.py:321] - [INFO]: Starting testing step...
[2025-11-17 00:47:08] - [finetune_helper.py:334] - [INFO]: Testing step completed.
[2025-11-17 00:47:08] - [finetune_helper.py:337] - [INFO]: Appending the epoch's metrics to CSV.
[2025-11-17 00:47:08] - [finetune_helper.py:341] - [INFO]: Epoch's metrics appended successfully!
[2025-11-17 00:47:08] - [finetune_helper.py:281] - [INFO]: Epoch 26
-----------------------
[2025-11-17 00:47:08] - [finetune_helper.py:283] - [INFO]: Starting training step...
[2025-11-17 00:47:09] - [finetune_helper.py:294] - [INFO]: Training step completed.
[2025-11-17 00:47:09] - [finetune_helper.py:321] - [INFO]: Starting testing step...
[2025-11-17 00:47:09] - [finetune_helper.py:334] - [INFO]: Testing step completed.
[2025-11-17 00:47:09] - [finetune_helper.py:337] - [INFO]: Appending the epoch's metrics to CSV.
[2025-11-17 00:47:09] - [finetune_helper.py:341] - [INFO]: Epoch's metrics appended successfully!
[2025-11-17 00:47:09] - [finetune_helper.py:281] - [INFO]: Epoch 27
-----------------------
[2025-11-17 00:47:09] - [finetune_helper.py:283] - [INFO]: Starting training step...
[2025-11-17 00:47:10] - [finetune_helper.py:294] - [INFO]: Training step completed.
[2025-11-17 00:47:10] - [finetune_helper.py:321] - [INFO]: Starting testing step...
[2025-11-17 00:47:10] - [finetune_helper.py:334] - [INFO]: Testing step completed.
[2025-11-17 00:47:10] - [finetune_helper.py:337] - [INFO]: Appending the epoch's metrics to CSV.
[2025-11-17 00:47:10] - [finetune_helper.py:341] - [INFO]: Epoch's metrics appended successfully!
[2025-11-17 00:47:10] - [finetune_helper.py:281] - [INFO]: Epoch 28
-----------------------
[2025-11-17 00:47:10] - [finetune_helper.py:283] - [INFO]: Starting training step...
[2025-11-17 00:47:10] - [finetune_helper.py:294] - [INFO]: Training step completed.
[2025-11-17 00:47:10] - [finetune_helper.py:321] - [INFO]: Starting testing step...
[2025-11-17 00:47:10] - [finetune_helper.py:334] - [INFO]: Testing step completed.
[2025-11-17 00:47:10] - [finetune_helper.py:337] - [INFO]: Appending the epoch's metrics to CSV.
[2025-11-17 00:47:10] - [finetune_helper.py:341] - [INFO]: Epoch's metrics appended successfully!
[2025-11-17 00:47:10] - [finetune_helper.py:281] - [INFO]: Epoch 29
-----------------------
[2025-11-17 00:47:10] - [finetune_helper.py:283] - [INFO]: Starting training step...
[2025-11-17 00:47:11] - [finetune_helper.py:294] - [INFO]: Training step completed.
[2025-11-17 00:47:11] - [finetune_helper.py:321] - [INFO]: Starting testing step...
[2025-11-17 00:47:11] - [finetune_helper.py:334] - [INFO]: Testing step completed.
[2025-11-17 00:47:11] - [finetune_helper.py:337] - [INFO]: Appending the epoch's metrics to CSV.
[2025-11-17 00:47:11] - [finetune_helper.py:341] - [INFO]: Epoch's metrics appended successfully!
[2025-11-17 00:47:11] - [finetune_helper.py:281] - [INFO]: Epoch 30
-----------------------
[2025-11-17 00:47:11] - [finetune_helper.py:283] - [INFO]: Starting training step...
[2025-11-17 00:47:12] - [finetune_helper.py:294] - [INFO]: Training step completed.
[2025-11-17 00:47:12] - [finetune_helper.py:310] - [INFO]: Saving model checkpoint...
[2025-11-17 00:47:12] - [finetune_helper.py:318] - [INFO]: Model checkpoint saved at epoch 30/40.
[2025-11-17 00:47:12] - [finetune_helper.py:321] - [INFO]: Starting testing step...
[2025-11-17 00:47:12] - [finetune_helper.py:334] - [INFO]: Testing step completed.
[2025-11-17 00:47:12] - [finetune_helper.py:337] - [INFO]: Appending the epoch's metrics to CSV.
[2025-11-17 00:47:12] - [finetune_helper.py:341] - [INFO]: Epoch's metrics appended successfully!
[2025-11-17 00:47:12] - [finetune_helper.py:281] - [INFO]: Epoch 31
-----------------------
[2025-11-17 00:47:12] - [finetune_helper.py:283] - [INFO]: Starting training step...
[2025-11-17 00:47:13] - [finetune_helper.py:294] - [INFO]: Training step completed.
[2025-11-17 00:47:13] - [finetune_helper.py:321] - [INFO]: Starting testing step...
[2025-11-17 00:47:13] - [finetune_helper.py:334] - [INFO]: Testing step completed.
[2025-11-17 00:47:13] - [finetune_helper.py:337] - [INFO]: Appending the epoch's metrics to CSV.
[2025-11-17 00:47:13] - [finetune_helper.py:341] - [INFO]: Epoch's metrics appended successfully!
[2025-11-17 00:47:13] - [finetune_helper.py:281] - [INFO]: Epoch 32
-----------------------
[2025-11-17 00:47:13] - [finetune_helper.py:283] - [INFO]: Starting training step...
[2025-11-17 00:47:13] - [finetune_helper.py:294] - [INFO]: Training step completed.
[2025-11-17 00:47:13] - [finetune_helper.py:321] - [INFO]: Starting testing step...
[2025-11-17 00:47:13] - [finetune_helper.py:334] - [INFO]: Testing step completed.
[2025-11-17 00:47:13] - [finetune_helper.py:337] - [INFO]: Appending the epoch's metrics to CSV.
[2025-11-17 00:47:13] - [finetune_helper.py:341] - [INFO]: Epoch's metrics appended successfully!
[2025-11-17 00:47:13] - [finetune_helper.py:281] - [INFO]: Epoch 33
-----------------------
[2025-11-17 00:47:13] - [finetune_helper.py:283] - [INFO]: Starting training step...
[2025-11-17 00:47:14] - [finetune_helper.py:294] - [INFO]: Training step completed.
[2025-11-17 00:47:14] - [finetune_helper.py:321] - [INFO]: Starting testing step...
[2025-11-17 00:47:14] - [finetune_helper.py:334] - [INFO]: Testing step completed.
[2025-11-17 00:47:14] - [finetune_helper.py:337] - [INFO]: Appending the epoch's metrics to CSV.
[2025-11-17 00:47:14] - [finetune_helper.py:341] - [INFO]: Epoch's metrics appended successfully!
[2025-11-17 00:47:14] - [finetune_helper.py:281] - [INFO]: Epoch 34
-----------------------
[2025-11-17 00:47:14] - [finetune_helper.py:283] - [INFO]: Starting training step...
[2025-11-17 00:47:15] - [finetune_helper.py:294] - [INFO]: Training step completed.
[2025-11-17 00:47:15] - [finetune_helper.py:321] - [INFO]: Starting testing step...
[2025-11-17 00:47:15] - [finetune_helper.py:334] - [INFO]: Testing step completed.
[2025-11-17 00:47:15] - [finetune_helper.py:337] - [INFO]: Appending the epoch's metrics to CSV.
[2025-11-17 00:47:15] - [finetune_helper.py:341] - [INFO]: Epoch's metrics appended successfully!
[2025-11-17 00:47:15] - [finetune_helper.py:281] - [INFO]: Epoch 35
-----------------------
[2025-11-17 00:47:15] - [finetune_helper.py:283] - [INFO]: Starting training step...
[2025-11-17 00:47:16] - [finetune_helper.py:294] - [INFO]: Training step completed.
[2025-11-17 00:47:16] - [finetune_helper.py:310] - [INFO]: Saving model checkpoint...
[2025-11-17 00:47:16] - [finetune_helper.py:318] - [INFO]: Model checkpoint saved at epoch 35/40.
[2025-11-17 00:47:16] - [finetune_helper.py:321] - [INFO]: Starting testing step...
[2025-11-17 00:47:16] - [finetune_helper.py:334] - [INFO]: Testing step completed.
[2025-11-17 00:47:16] - [finetune_helper.py:337] - [INFO]: Appending the epoch's metrics to CSV.
[2025-11-17 00:47:16] - [finetune_helper.py:341] - [INFO]: Epoch's metrics appended successfully!
[2025-11-17 00:47:16] - [finetune_helper.py:281] - [INFO]: Epoch 36
-----------------------
[2025-11-17 00:47:16] - [finetune_helper.py:283] - [INFO]: Starting training step...
[2025-11-17 00:47:16] - [finetune_helper.py:294] - [INFO]: Training step completed.
[2025-11-17 00:47:16] - [finetune_helper.py:321] - [INFO]: Starting testing step...
[2025-11-17 00:47:17] - [finetune_helper.py:334] - [INFO]: Testing step completed.
[2025-11-17 00:47:17] - [finetune_helper.py:337] - [INFO]: Appending the epoch's metrics to CSV.
[2025-11-17 00:47:17] - [finetune_helper.py:341] - [INFO]: Epoch's metrics appended successfully!
[2025-11-17 00:47:17] - [finetune_helper.py:281] - [INFO]: Epoch 37
-----------------------
[2025-11-17 00:47:17] - [finetune_helper.py:283] - [INFO]: Starting training step...
[2025-11-17 00:47:17] - [finetune_helper.py:294] - [INFO]: Training step completed.
[2025-11-17 00:47:17] - [finetune_helper.py:321] - [INFO]: Starting testing step...
[2025-11-17 00:47:17] - [finetune_helper.py:334] - [INFO]: Testing step completed.
[2025-11-17 00:47:17] - [finetune_helper.py:337] - [INFO]: Appending the epoch's metrics to CSV.
[2025-11-17 00:47:17] - [finetune_helper.py:341] - [INFO]: Epoch's metrics appended successfully!
[2025-11-17 00:47:17] - [finetune_helper.py:281] - [INFO]: Epoch 38
-----------------------
[2025-11-17 00:47:17] - [finetune_helper.py:283] - [INFO]: Starting training step...
[2025-11-17 00:47:18] - [finetune_helper.py:294] - [INFO]: Training step completed.
[2025-11-17 00:47:18] - [finetune_helper.py:321] - [INFO]: Starting testing step...
[2025-11-17 00:47:18] - [finetune_helper.py:334] - [INFO]: Testing step completed.
[2025-11-17 00:47:18] - [finetune_helper.py:337] - [INFO]: Appending the epoch's metrics to CSV.
[2025-11-17 00:47:18] - [finetune_helper.py:341] - [INFO]: Epoch's metrics appended successfully!
[2025-11-17 00:47:18] - [finetune_helper.py:281] - [INFO]: Epoch 39
-----------------------
[2025-11-17 00:47:18] - [finetune_helper.py:283] - [INFO]: Starting training step...
[2025-11-17 00:47:19] - [finetune_helper.py:294] - [INFO]: Training step completed.
[2025-11-17 00:47:19] - [finetune_helper.py:321] - [INFO]: Starting testing step...
[2025-11-17 00:47:19] - [finetune_helper.py:334] - [INFO]: Testing step completed.
[2025-11-17 00:47:19] - [finetune_helper.py:337] - [INFO]: Appending the epoch's metrics to CSV.
[2025-11-17 00:47:19] - [finetune_helper.py:341] - [INFO]: Epoch's metrics appended successfully!
[2025-11-17 00:47:19] - [finetune_helper.py:281] - [INFO]: Epoch 40
-----------------------
[2025-11-17 00:47:19] - [finetune_helper.py:283] - [INFO]: Starting training step...
[2025-11-17 00:47:19] - [finetune_helper.py:294] - [INFO]: Training step completed.
[2025-11-17 00:47:19] - [finetune_helper.py:310] - [INFO]: Saving model checkpoint...
[2025-11-17 00:47:20] - [finetune_helper.py:318] - [INFO]: Model checkpoint saved at epoch 40/40.
[2025-11-17 00:47:20] - [finetune_helper.py:321] - [INFO]: Starting testing step...
[2025-11-17 00:47:20] - [finetune_helper.py:334] - [INFO]: Testing step completed.
[2025-11-17 00:47:20] - [finetune_helper.py:337] - [INFO]: Appending the epoch's metrics to CSV.
[2025-11-17 00:47:20] - [finetune_helper.py:341] - [INFO]: Epoch's metrics appended successfully!
