[2025-11-08 23:03:34] - [extract_features_helper.py:41] - [INFO]: Using Device:cuda:0
[2025-11-08 23:03:34] - [finetune_helper.py:132] - [INFO]: Initializing ResNet50 model...
[2025-11-08 23:03:34] - [finetune_helper.py:137] - [INFO]: Model initialized and truncated.
[2025-11-08 23:03:34] - [extract_features_helper.py:47] - [INFO]: Loading the Model's Checkpoint...
[2025-11-08 23:03:35] - [extract_features_helper.py:61] - [INFO]: The Model is Ready and Sent to cuda:0 Device, and Set to Eval Mode.
[2025-11-08 23:03:35] - [extract_features_helper.py:94] - [INFO]: Working on Video Number: 0
[2025-11-08 23:05:16] - [extract_features_helper.py:94] - [INFO]: Working on Video Number: 1
[2025-11-08 23:06:54] - [extract_features_helper.py:94] - [INFO]: Working on Video Number: 2
[2025-11-08 23:07:34] - [extract_features_helper.py:94] - [INFO]: Working on Video Number: 3
[2025-11-08 23:08:11] - [extract_features_helper.py:94] - [INFO]: Working on Video Number: 4
[2025-11-08 23:08:51] - [extract_features_helper.py:94] - [INFO]: Working on Video Number: 5
[2025-11-08 23:09:29] - [extract_features_helper.py:94] - [INFO]: Working on Video Number: 6
[2025-11-08 23:10:10] - [extract_features_helper.py:94] - [INFO]: Working on Video Number: 7
[2025-11-08 23:10:49] - [extract_features_helper.py:94] - [INFO]: Working on Video Number: 8
[2025-11-08 23:11:27] - [extract_features_helper.py:94] - [INFO]: Working on Video Number: 9
[2025-11-08 23:12:03] - [extract_features_helper.py:94] - [INFO]: Working on Video Number: 10
[2025-11-08 23:12:40] - [extract_features_helper.py:94] - [INFO]: Working on Video Number: 11
[2025-11-08 23:13:09] - [extract_features_helper.py:94] - [INFO]: Working on Video Number: 12
[2025-11-08 23:13:44] - [extract_features_helper.py:94] - [INFO]: Working on Video Number: 13
[2025-11-08 23:14:23] - [extract_features_helper.py:94] - [INFO]: Working on Video Number: 14
[2025-11-08 23:14:56] - [extract_features_helper.py:94] - [INFO]: Working on Video Number: 15
[2025-11-08 23:15:30] - [extract_features_helper.py:94] - [INFO]: Working on Video Number: 16
[2025-11-08 23:16:05] - [extract_features_helper.py:94] - [INFO]: Working on Video Number: 17
[2025-11-08 23:16:38] - [extract_features_helper.py:94] - [INFO]: Working on Video Number: 18
[2025-11-08 23:17:15] - [extract_features_helper.py:94] - [INFO]: Working on Video Number: 19
[2025-11-08 23:17:48] - [extract_features_helper.py:94] - [INFO]: Working on Video Number: 20
[2025-11-08 23:18:24] - [extract_features_helper.py:94] - [INFO]: Working on Video Number: 21
[2025-11-08 23:19:01] - [extract_features_helper.py:94] - [INFO]: Working on Video Number: 22
[2025-11-08 23:19:36] - [extract_features_helper.py:94] - [INFO]: Working on Video Number: 23
[2025-11-08 23:20:40] - [extract_features_helper.py:94] - [INFO]: Working on Video Number: 24
[2025-11-08 23:21:18] - [extract_features_helper.py:94] - [INFO]: Working on Video Number: 25
[2025-11-08 23:21:55] - [extract_features_helper.py:94] - [INFO]: Working on Video Number: 26
[2025-11-08 23:22:31] - [extract_features_helper.py:94] - [INFO]: Working on Video Number: 27
[2025-11-08 23:23:06] - [extract_features_helper.py:94] - [INFO]: Working on Video Number: 28
[2025-11-08 23:23:31] - [extract_features_helper.py:94] - [INFO]: Working on Video Number: 29
[2025-11-08 23:24:05] - [extract_features_helper.py:94] - [INFO]: Working on Video Number: 30
[2025-11-08 23:24:40] - [extract_features_helper.py:94] - [INFO]: Working on Video Number: 31
[2025-11-08 23:25:03] - [extract_features_helper.py:94] - [INFO]: Working on Video Number: 32
[2025-11-08 23:25:53] - [extract_features_helper.py:94] - [INFO]: Working on Video Number: 33
[2025-11-08 23:26:10] - [extract_features_helper.py:94] - [INFO]: Working on Video Number: 34
[2025-11-08 23:26:55] - [extract_features_helper.py:94] - [INFO]: Working on Video Number: 35
[2025-11-08 23:27:28] - [extract_features_helper.py:94] - [INFO]: Working on Video Number: 36
[2025-11-08 23:27:51] - [extract_features_helper.py:94] - [INFO]: Working on Video Number: 37
[2025-11-08 23:28:23] - [extract_features_helper.py:94] - [INFO]: Working on Video Number: 38
[2025-11-08 23:28:53] - [extract_features_helper.py:94] - [INFO]: Working on Video Number: 39
[2025-11-08 23:29:30] - [extract_features_helper.py:94] - [INFO]: Working on Video Number: 40
[2025-11-08 23:29:54] - [extract_features_helper.py:94] - [INFO]: Working on Video Number: 41
[2025-11-08 23:30:19] - [extract_features_helper.py:94] - [INFO]: Working on Video Number: 42
[2025-11-08 23:30:48] - [extract_features_helper.py:94] - [INFO]: Working on Video Number: 43
[2025-11-08 23:31:16] - [extract_features_helper.py:94] - [INFO]: Working on Video Number: 44
[2025-11-08 23:31:44] - [extract_features_helper.py:94] - [INFO]: Working on Video Number: 45
[2025-11-08 23:32:27] - [extract_features_helper.py:94] - [INFO]: Working on Video Number: 46
[2025-11-08 23:32:55] - [extract_features_helper.py:94] - [INFO]: Working on Video Number: 47
[2025-11-08 23:33:24] - [extract_features_helper.py:94] - [INFO]: Working on Video Number: 48
[2025-11-08 23:33:56] - [extract_features_helper.py:94] - [INFO]: Working on Video Number: 49
[2025-11-08 23:34:14] - [extract_features_helper.py:94] - [INFO]: Working on Video Number: 50
[2025-11-08 23:34:57] - [extract_features_helper.py:94] - [INFO]: Working on Video Number: 51
[2025-11-08 23:35:38] - [extract_features_helper.py:94] - [INFO]: Working on Video Number: 52
[2025-11-08 23:36:20] - [extract_features_helper.py:94] - [INFO]: Working on Video Number: 53
[2025-11-08 23:37:05] - [extract_features_helper.py:94] - [INFO]: Working on Video Number: 54
[2025-11-08 23:37:45] - [extract_features_helper.py:94] - [INFO]: Working on Video Number: 55
[2025-11-08 23:37:45] - [extract_features_helper.py:94] - [INFO]: Working on Video Number: 56
