[2025-11-09 23:49:40] - [finetune_helper.py:195] - [INFO]: Setting all seeds...
[2025-11-09 23:49:40] - [finetune_helper.py:240] - [INFO]: Using device: cuda
[2025-11-09 23:49:40] - [finetune_helper.py:48] - [INFO]: Creating data loaders...
[2025-11-09 23:49:44] - [finetune_helper.py:124] - [INFO]: Data loaders created.
[2025-11-09 23:49:44] - [finetune_helper.py:175] - [INFO]: Creating optimizer...
[2025-11-09 23:49:44] - [finetune_helper.py:177] - [INFO]: Optimizer created: AdamW Optimizer.
[2025-11-09 23:49:44] - [finetune_helper.py:178] - [INFO]: Initial Learning Rate: 0.0001.
[2025-11-09 23:49:44] - [finetune_helper.py:268] - [INFO]: Starting Training and Testing with number of epochs = 40
[2025-11-09 23:49:44] - [finetune_helper.py:271] - [INFO]: Opening a CSV file to log training metrics.
[2025-11-09 23:49:44] - [finetune_helper.py:280] - [INFO]: Epoch 1
-----------------------
[2025-11-09 23:49:44] - [finetune_helper.py:282] - [INFO]: Starting training step...
[2025-11-09 23:49:47] - [finetune_helper.py:293] - [INFO]: Training step completed.
[2025-11-09 23:49:47] - [finetune_helper.py:309] - [INFO]: Starting testing step...
[2025-11-09 23:49:48] - [finetune_helper.py:322] - [INFO]: Testing step completed.
[2025-11-09 23:49:48] - [finetune_helper.py:325] - [INFO]: Appending the epoch's metrics to CSV.
[2025-11-09 23:49:48] - [finetune_helper.py:329] - [INFO]: Epoch's metrics appended successfully!
[2025-11-09 23:49:48] - [finetune_helper.py:280] - [INFO]: Epoch 2
-----------------------
[2025-11-09 23:49:48] - [finetune_helper.py:282] - [INFO]: Starting training step...
[2025-11-09 23:49:50] - [finetune_helper.py:293] - [INFO]: Training step completed.
[2025-11-09 23:49:50] - [finetune_helper.py:297] - [INFO]: Saving model checkpoint...
[2025-11-09 23:49:51] - [finetune_helper.py:305] - [INFO]: Model checkpoint saved at epoch 2/40.
[2025-11-09 23:49:51] - [finetune_helper.py:309] - [INFO]: Starting testing step...
[2025-11-09 23:49:52] - [finetune_helper.py:322] - [INFO]: Testing step completed.
[2025-11-09 23:49:52] - [finetune_helper.py:325] - [INFO]: Appending the epoch's metrics to CSV.
[2025-11-09 23:49:52] - [finetune_helper.py:329] - [INFO]: Epoch's metrics appended successfully!
[2025-11-09 23:49:52] - [finetune_helper.py:280] - [INFO]: Epoch 3
-----------------------
[2025-11-09 23:49:52] - [finetune_helper.py:282] - [INFO]: Starting training step...
[2025-11-09 23:49:54] - [finetune_helper.py:293] - [INFO]: Training step completed.
[2025-11-09 23:49:54] - [finetune_helper.py:309] - [INFO]: Starting testing step...
[2025-11-09 23:49:55] - [finetune_helper.py:322] - [INFO]: Testing step completed.
[2025-11-09 23:49:55] - [finetune_helper.py:325] - [INFO]: Appending the epoch's metrics to CSV.
[2025-11-09 23:49:55] - [finetune_helper.py:329] - [INFO]: Epoch's metrics appended successfully!
[2025-11-09 23:49:55] - [finetune_helper.py:280] - [INFO]: Epoch 4
-----------------------
[2025-11-09 23:49:55] - [finetune_helper.py:282] - [INFO]: Starting training step...
[2025-11-09 23:49:57] - [finetune_helper.py:293] - [INFO]: Training step completed.
[2025-11-09 23:49:57] - [finetune_helper.py:297] - [INFO]: Saving model checkpoint...
[2025-11-09 23:49:57] - [finetune_helper.py:305] - [INFO]: Model checkpoint saved at epoch 4/40.
[2025-11-09 23:49:57] - [finetune_helper.py:309] - [INFO]: Starting testing step...
[2025-11-09 23:49:58] - [finetune_helper.py:322] - [INFO]: Testing step completed.
[2025-11-09 23:49:58] - [finetune_helper.py:325] - [INFO]: Appending the epoch's metrics to CSV.
[2025-11-09 23:49:58] - [finetune_helper.py:329] - [INFO]: Epoch's metrics appended successfully!
[2025-11-09 23:49:58] - [finetune_helper.py:280] - [INFO]: Epoch 5
-----------------------
[2025-11-09 23:49:58] - [finetune_helper.py:282] - [INFO]: Starting training step...
[2025-11-09 23:50:00] - [finetune_helper.py:293] - [INFO]: Training step completed.
[2025-11-09 23:50:00] - [finetune_helper.py:309] - [INFO]: Starting testing step...
[2025-11-09 23:50:01] - [finetune_helper.py:322] - [INFO]: Testing step completed.
[2025-11-09 23:50:01] - [finetune_helper.py:325] - [INFO]: Appending the epoch's metrics to CSV.
[2025-11-09 23:50:01] - [finetune_helper.py:329] - [INFO]: Epoch's metrics appended successfully!
[2025-11-09 23:50:01] - [finetune_helper.py:280] - [INFO]: Epoch 6
-----------------------
[2025-11-09 23:50:01] - [finetune_helper.py:282] - [INFO]: Starting training step...
[2025-11-09 23:50:04] - [finetune_helper.py:293] - [INFO]: Training step completed.
[2025-11-09 23:50:04] - [finetune_helper.py:297] - [INFO]: Saving model checkpoint...
[2025-11-09 23:50:04] - [finetune_helper.py:305] - [INFO]: Model checkpoint saved at epoch 6/40.
[2025-11-09 23:50:04] - [finetune_helper.py:309] - [INFO]: Starting testing step...
[2025-11-09 23:50:05] - [finetune_helper.py:322] - [INFO]: Testing step completed.
[2025-11-09 23:50:05] - [finetune_helper.py:325] - [INFO]: Appending the epoch's metrics to CSV.
[2025-11-09 23:50:05] - [finetune_helper.py:329] - [INFO]: Epoch's metrics appended successfully!
[2025-11-09 23:50:05] - [finetune_helper.py:280] - [INFO]: Epoch 7
-----------------------
[2025-11-09 23:50:05] - [finetune_helper.py:282] - [INFO]: Starting training step...
[2025-11-09 23:50:07] - [finetune_helper.py:293] - [INFO]: Training step completed.
[2025-11-09 23:50:07] - [finetune_helper.py:309] - [INFO]: Starting testing step...
[2025-11-09 23:50:08] - [finetune_helper.py:322] - [INFO]: Testing step completed.
[2025-11-09 23:50:08] - [finetune_helper.py:325] - [INFO]: Appending the epoch's metrics to CSV.
[2025-11-09 23:50:08] - [finetune_helper.py:329] - [INFO]: Epoch's metrics appended successfully!
[2025-11-09 23:50:08] - [finetune_helper.py:280] - [INFO]: Epoch 8
-----------------------
[2025-11-09 23:50:08] - [finetune_helper.py:282] - [INFO]: Starting training step...
[2025-11-09 23:50:10] - [finetune_helper.py:293] - [INFO]: Training step completed.
[2025-11-09 23:50:10] - [finetune_helper.py:297] - [INFO]: Saving model checkpoint...
[2025-11-09 23:50:10] - [finetune_helper.py:305] - [INFO]: Model checkpoint saved at epoch 8/40.
[2025-11-09 23:50:10] - [finetune_helper.py:309] - [INFO]: Starting testing step...
[2025-11-09 23:50:11] - [finetune_helper.py:322] - [INFO]: Testing step completed.
[2025-11-09 23:50:11] - [finetune_helper.py:325] - [INFO]: Appending the epoch's metrics to CSV.
[2025-11-09 23:50:11] - [finetune_helper.py:329] - [INFO]: Epoch's metrics appended successfully!
[2025-11-09 23:50:11] - [finetune_helper.py:280] - [INFO]: Epoch 9
-----------------------
[2025-11-09 23:50:11] - [finetune_helper.py:282] - [INFO]: Starting training step...
[2025-11-09 23:50:13] - [finetune_helper.py:293] - [INFO]: Training step completed.
[2025-11-09 23:50:13] - [finetune_helper.py:309] - [INFO]: Starting testing step...
[2025-11-09 23:50:14] - [finetune_helper.py:322] - [INFO]: Testing step completed.
[2025-11-09 23:50:14] - [finetune_helper.py:325] - [INFO]: Appending the epoch's metrics to CSV.
[2025-11-09 23:50:14] - [finetune_helper.py:329] - [INFO]: Epoch's metrics appended successfully!
[2025-11-09 23:50:14] - [finetune_helper.py:280] - [INFO]: Epoch 10
-----------------------
[2025-11-09 23:50:14] - [finetune_helper.py:282] - [INFO]: Starting training step...
[2025-11-09 23:50:17] - [finetune_helper.py:293] - [INFO]: Training step completed.
[2025-11-09 23:50:17] - [finetune_helper.py:297] - [INFO]: Saving model checkpoint...
[2025-11-09 23:50:17] - [finetune_helper.py:305] - [INFO]: Model checkpoint saved at epoch 10/40.
[2025-11-09 23:50:17] - [finetune_helper.py:309] - [INFO]: Starting testing step...
[2025-11-09 23:50:18] - [finetune_helper.py:322] - [INFO]: Testing step completed.
[2025-11-09 23:50:18] - [finetune_helper.py:325] - [INFO]: Appending the epoch's metrics to CSV.
[2025-11-09 23:50:18] - [finetune_helper.py:329] - [INFO]: Epoch's metrics appended successfully!
[2025-11-09 23:50:18] - [finetune_helper.py:280] - [INFO]: Epoch 11
-----------------------
[2025-11-09 23:50:18] - [finetune_helper.py:282] - [INFO]: Starting training step...
[2025-11-09 23:50:20] - [finetune_helper.py:293] - [INFO]: Training step completed.
[2025-11-09 23:50:20] - [finetune_helper.py:309] - [INFO]: Starting testing step...
[2025-11-09 23:50:21] - [finetune_helper.py:322] - [INFO]: Testing step completed.
[2025-11-09 23:50:21] - [finetune_helper.py:325] - [INFO]: Appending the epoch's metrics to CSV.
[2025-11-09 23:50:21] - [finetune_helper.py:329] - [INFO]: Epoch's metrics appended successfully!
[2025-11-09 23:50:21] - [finetune_helper.py:280] - [INFO]: Epoch 12
-----------------------
[2025-11-09 23:50:21] - [finetune_helper.py:282] - [INFO]: Starting training step...
[2025-11-09 23:50:23] - [finetune_helper.py:293] - [INFO]: Training step completed.
[2025-11-09 23:50:23] - [finetune_helper.py:297] - [INFO]: Saving model checkpoint...
[2025-11-09 23:50:23] - [finetune_helper.py:305] - [INFO]: Model checkpoint saved at epoch 12/40.
[2025-11-09 23:50:23] - [finetune_helper.py:309] - [INFO]: Starting testing step...
[2025-11-09 23:50:24] - [finetune_helper.py:322] - [INFO]: Testing step completed.
[2025-11-09 23:50:24] - [finetune_helper.py:325] - [INFO]: Appending the epoch's metrics to CSV.
[2025-11-09 23:50:24] - [finetune_helper.py:329] - [INFO]: Epoch's metrics appended successfully!
[2025-11-09 23:50:24] - [finetune_helper.py:280] - [INFO]: Epoch 13
-----------------------
[2025-11-09 23:50:24] - [finetune_helper.py:282] - [INFO]: Starting training step...
[2025-11-09 23:50:27] - [finetune_helper.py:293] - [INFO]: Training step completed.
[2025-11-09 23:50:27] - [finetune_helper.py:309] - [INFO]: Starting testing step...
[2025-11-09 23:50:28] - [finetune_helper.py:322] - [INFO]: Testing step completed.
[2025-11-09 23:50:28] - [finetune_helper.py:325] - [INFO]: Appending the epoch's metrics to CSV.
[2025-11-09 23:50:28] - [finetune_helper.py:329] - [INFO]: Epoch's metrics appended successfully!
[2025-11-09 23:50:28] - [finetune_helper.py:280] - [INFO]: Epoch 14
-----------------------
[2025-11-09 23:50:28] - [finetune_helper.py:282] - [INFO]: Starting training step...
[2025-11-09 23:50:30] - [finetune_helper.py:293] - [INFO]: Training step completed.
[2025-11-09 23:50:30] - [finetune_helper.py:297] - [INFO]: Saving model checkpoint...
[2025-11-09 23:50:30] - [finetune_helper.py:305] - [INFO]: Model checkpoint saved at epoch 14/40.
[2025-11-09 23:50:30] - [finetune_helper.py:309] - [INFO]: Starting testing step...
[2025-11-09 23:50:31] - [finetune_helper.py:322] - [INFO]: Testing step completed.
[2025-11-09 23:50:31] - [finetune_helper.py:325] - [INFO]: Appending the epoch's metrics to CSV.
[2025-11-09 23:50:31] - [finetune_helper.py:329] - [INFO]: Epoch's metrics appended successfully!
[2025-11-09 23:50:31] - [finetune_helper.py:280] - [INFO]: Epoch 15
-----------------------
[2025-11-09 23:50:31] - [finetune_helper.py:282] - [INFO]: Starting training step...
[2025-11-09 23:50:33] - [finetune_helper.py:293] - [INFO]: Training step completed.
[2025-11-09 23:50:33] - [finetune_helper.py:309] - [INFO]: Starting testing step...
[2025-11-09 23:50:34] - [finetune_helper.py:322] - [INFO]: Testing step completed.
[2025-11-09 23:50:34] - [finetune_helper.py:325] - [INFO]: Appending the epoch's metrics to CSV.
[2025-11-09 23:50:34] - [finetune_helper.py:329] - [INFO]: Epoch's metrics appended successfully!
[2025-11-09 23:50:34] - [finetune_helper.py:280] - [INFO]: Epoch 16
-----------------------
[2025-11-09 23:50:34] - [finetune_helper.py:282] - [INFO]: Starting training step...
[2025-11-09 23:50:37] - [finetune_helper.py:293] - [INFO]: Training step completed.
[2025-11-09 23:50:37] - [finetune_helper.py:297] - [INFO]: Saving model checkpoint...
[2025-11-09 23:50:37] - [finetune_helper.py:305] - [INFO]: Model checkpoint saved at epoch 16/40.
[2025-11-09 23:50:37] - [finetune_helper.py:309] - [INFO]: Starting testing step...
[2025-11-09 23:50:38] - [finetune_helper.py:322] - [INFO]: Testing step completed.
[2025-11-09 23:50:38] - [finetune_helper.py:325] - [INFO]: Appending the epoch's metrics to CSV.
[2025-11-09 23:50:38] - [finetune_helper.py:329] - [INFO]: Epoch's metrics appended successfully!
[2025-11-09 23:50:38] - [finetune_helper.py:280] - [INFO]: Epoch 17
-----------------------
[2025-11-09 23:50:38] - [finetune_helper.py:282] - [INFO]: Starting training step...
[2025-11-09 23:50:40] - [finetune_helper.py:293] - [INFO]: Training step completed.
[2025-11-09 23:50:40] - [finetune_helper.py:309] - [INFO]: Starting testing step...
[2025-11-09 23:50:41] - [finetune_helper.py:322] - [INFO]: Testing step completed.
[2025-11-09 23:50:41] - [finetune_helper.py:325] - [INFO]: Appending the epoch's metrics to CSV.
[2025-11-09 23:50:41] - [finetune_helper.py:329] - [INFO]: Epoch's metrics appended successfully!
[2025-11-09 23:50:41] - [finetune_helper.py:280] - [INFO]: Epoch 18
-----------------------
[2025-11-09 23:50:41] - [finetune_helper.py:282] - [INFO]: Starting training step...
[2025-11-09 23:50:43] - [finetune_helper.py:293] - [INFO]: Training step completed.
[2025-11-09 23:50:43] - [finetune_helper.py:297] - [INFO]: Saving model checkpoint...
[2025-11-09 23:50:43] - [finetune_helper.py:305] - [INFO]: Model checkpoint saved at epoch 18/40.
[2025-11-09 23:50:43] - [finetune_helper.py:309] - [INFO]: Starting testing step...
[2025-11-09 23:50:44] - [finetune_helper.py:322] - [INFO]: Testing step completed.
[2025-11-09 23:50:44] - [finetune_helper.py:325] - [INFO]: Appending the epoch's metrics to CSV.
[2025-11-09 23:50:44] - [finetune_helper.py:329] - [INFO]: Epoch's metrics appended successfully!
[2025-11-09 23:50:44] - [finetune_helper.py:280] - [INFO]: Epoch 19
-----------------------
[2025-11-09 23:50:44] - [finetune_helper.py:282] - [INFO]: Starting training step...
[2025-11-09 23:50:47] - [finetune_helper.py:293] - [INFO]: Training step completed.
[2025-11-09 23:50:47] - [finetune_helper.py:309] - [INFO]: Starting testing step...
[2025-11-09 23:50:48] - [finetune_helper.py:322] - [INFO]: Testing step completed.
[2025-11-09 23:50:48] - [finetune_helper.py:325] - [INFO]: Appending the epoch's metrics to CSV.
[2025-11-09 23:50:48] - [finetune_helper.py:329] - [INFO]: Epoch's metrics appended successfully!
[2025-11-09 23:50:48] - [finetune_helper.py:280] - [INFO]: Epoch 20
-----------------------
[2025-11-09 23:50:48] - [finetune_helper.py:282] - [INFO]: Starting training step...
[2025-11-09 23:50:50] - [finetune_helper.py:293] - [INFO]: Training step completed.
[2025-11-09 23:50:50] - [finetune_helper.py:297] - [INFO]: Saving model checkpoint...
[2025-11-09 23:50:50] - [finetune_helper.py:305] - [INFO]: Model checkpoint saved at epoch 20/40.
[2025-11-09 23:50:50] - [finetune_helper.py:309] - [INFO]: Starting testing step...
[2025-11-09 23:50:51] - [finetune_helper.py:322] - [INFO]: Testing step completed.
[2025-11-09 23:50:51] - [finetune_helper.py:325] - [INFO]: Appending the epoch's metrics to CSV.
[2025-11-09 23:50:51] - [finetune_helper.py:329] - [INFO]: Epoch's metrics appended successfully!
[2025-11-09 23:50:51] - [finetune_helper.py:280] - [INFO]: Epoch 21
-----------------------
[2025-11-09 23:50:51] - [finetune_helper.py:282] - [INFO]: Starting training step...
[2025-11-09 23:50:53] - [finetune_helper.py:293] - [INFO]: Training step completed.
[2025-11-09 23:50:53] - [finetune_helper.py:309] - [INFO]: Starting testing step...
[2025-11-09 23:50:54] - [finetune_helper.py:322] - [INFO]: Testing step completed.
[2025-11-09 23:50:54] - [finetune_helper.py:325] - [INFO]: Appending the epoch's metrics to CSV.
[2025-11-09 23:50:54] - [finetune_helper.py:329] - [INFO]: Epoch's metrics appended successfully!
[2025-11-09 23:50:54] - [finetune_helper.py:280] - [INFO]: Epoch 22
-----------------------
[2025-11-09 23:50:54] - [finetune_helper.py:282] - [INFO]: Starting training step...
[2025-11-09 23:50:57] - [finetune_helper.py:293] - [INFO]: Training step completed.
[2025-11-09 23:50:57] - [finetune_helper.py:297] - [INFO]: Saving model checkpoint...
[2025-11-09 23:50:57] - [finetune_helper.py:305] - [INFO]: Model checkpoint saved at epoch 22/40.
[2025-11-09 23:50:57] - [finetune_helper.py:309] - [INFO]: Starting testing step...
[2025-11-09 23:50:58] - [finetune_helper.py:322] - [INFO]: Testing step completed.
[2025-11-09 23:50:58] - [finetune_helper.py:325] - [INFO]: Appending the epoch's metrics to CSV.
[2025-11-09 23:50:58] - [finetune_helper.py:329] - [INFO]: Epoch's metrics appended successfully!
[2025-11-09 23:50:58] - [finetune_helper.py:280] - [INFO]: Epoch 23
-----------------------
[2025-11-09 23:50:58] - [finetune_helper.py:282] - [INFO]: Starting training step...
[2025-11-09 23:51:00] - [finetune_helper.py:293] - [INFO]: Training step completed.
[2025-11-09 23:51:00] - [finetune_helper.py:309] - [INFO]: Starting testing step...
[2025-11-09 23:51:01] - [finetune_helper.py:322] - [INFO]: Testing step completed.
[2025-11-09 23:51:01] - [finetune_helper.py:325] - [INFO]: Appending the epoch's metrics to CSV.
[2025-11-09 23:51:01] - [finetune_helper.py:329] - [INFO]: Epoch's metrics appended successfully!
[2025-11-09 23:51:01] - [finetune_helper.py:280] - [INFO]: Epoch 24
-----------------------
[2025-11-09 23:51:01] - [finetune_helper.py:282] - [INFO]: Starting training step...
[2025-11-09 23:51:03] - [finetune_helper.py:293] - [INFO]: Training step completed.
[2025-11-09 23:51:03] - [finetune_helper.py:297] - [INFO]: Saving model checkpoint...
[2025-11-09 23:51:03] - [finetune_helper.py:305] - [INFO]: Model checkpoint saved at epoch 24/40.
[2025-11-09 23:51:03] - [finetune_helper.py:309] - [INFO]: Starting testing step...
[2025-11-09 23:51:04] - [finetune_helper.py:322] - [INFO]: Testing step completed.
[2025-11-09 23:51:04] - [finetune_helper.py:325] - [INFO]: Appending the epoch's metrics to CSV.
[2025-11-09 23:51:04] - [finetune_helper.py:329] - [INFO]: Epoch's metrics appended successfully!
[2025-11-09 23:51:04] - [finetune_helper.py:280] - [INFO]: Epoch 25
-----------------------
[2025-11-09 23:51:04] - [finetune_helper.py:282] - [INFO]: Starting training step...
[2025-11-09 23:51:07] - [finetune_helper.py:293] - [INFO]: Training step completed.
[2025-11-09 23:51:07] - [finetune_helper.py:309] - [INFO]: Starting testing step...
[2025-11-09 23:51:08] - [finetune_helper.py:322] - [INFO]: Testing step completed.
[2025-11-09 23:51:08] - [finetune_helper.py:325] - [INFO]: Appending the epoch's metrics to CSV.
[2025-11-09 23:51:08] - [finetune_helper.py:329] - [INFO]: Epoch's metrics appended successfully!
[2025-11-09 23:51:08] - [finetune_helper.py:280] - [INFO]: Epoch 26
-----------------------
[2025-11-09 23:51:08] - [finetune_helper.py:282] - [INFO]: Starting training step...
[2025-11-09 23:51:10] - [finetune_helper.py:293] - [INFO]: Training step completed.
[2025-11-09 23:51:10] - [finetune_helper.py:297] - [INFO]: Saving model checkpoint...
[2025-11-09 23:51:10] - [finetune_helper.py:305] - [INFO]: Model checkpoint saved at epoch 26/40.
[2025-11-09 23:51:10] - [finetune_helper.py:309] - [INFO]: Starting testing step...
[2025-11-09 23:51:11] - [finetune_helper.py:322] - [INFO]: Testing step completed.
[2025-11-09 23:51:11] - [finetune_helper.py:325] - [INFO]: Appending the epoch's metrics to CSV.
[2025-11-09 23:51:11] - [finetune_helper.py:329] - [INFO]: Epoch's metrics appended successfully!
[2025-11-09 23:51:11] - [finetune_helper.py:280] - [INFO]: Epoch 27
-----------------------
[2025-11-09 23:51:11] - [finetune_helper.py:282] - [INFO]: Starting training step...
[2025-11-09 23:51:13] - [finetune_helper.py:293] - [INFO]: Training step completed.
[2025-11-09 23:51:13] - [finetune_helper.py:309] - [INFO]: Starting testing step...
[2025-11-09 23:51:14] - [finetune_helper.py:322] - [INFO]: Testing step completed.
[2025-11-09 23:51:14] - [finetune_helper.py:325] - [INFO]: Appending the epoch's metrics to CSV.
[2025-11-09 23:51:15] - [finetune_helper.py:329] - [INFO]: Epoch's metrics appended successfully!
[2025-11-09 23:51:15] - [finetune_helper.py:280] - [INFO]: Epoch 28
-----------------------
[2025-11-09 23:51:15] - [finetune_helper.py:282] - [INFO]: Starting training step...
[2025-11-09 23:51:17] - [finetune_helper.py:293] - [INFO]: Training step completed.
[2025-11-09 23:51:17] - [finetune_helper.py:297] - [INFO]: Saving model checkpoint...
[2025-11-09 23:51:17] - [finetune_helper.py:305] - [INFO]: Model checkpoint saved at epoch 28/40.
[2025-11-09 23:51:17] - [finetune_helper.py:309] - [INFO]: Starting testing step...
[2025-11-09 23:51:18] - [finetune_helper.py:322] - [INFO]: Testing step completed.
[2025-11-09 23:51:18] - [finetune_helper.py:325] - [INFO]: Appending the epoch's metrics to CSV.
[2025-11-09 23:51:18] - [finetune_helper.py:329] - [INFO]: Epoch's metrics appended successfully!
[2025-11-09 23:51:18] - [finetune_helper.py:280] - [INFO]: Epoch 29
-----------------------
[2025-11-09 23:51:18] - [finetune_helper.py:282] - [INFO]: Starting training step...
[2025-11-09 23:51:20] - [finetune_helper.py:293] - [INFO]: Training step completed.
[2025-11-09 23:51:20] - [finetune_helper.py:309] - [INFO]: Starting testing step...
[2025-11-09 23:51:21] - [finetune_helper.py:322] - [INFO]: Testing step completed.
[2025-11-09 23:51:21] - [finetune_helper.py:325] - [INFO]: Appending the epoch's metrics to CSV.
[2025-11-09 23:51:21] - [finetune_helper.py:329] - [INFO]: Epoch's metrics appended successfully!
[2025-11-09 23:51:21] - [finetune_helper.py:280] - [INFO]: Epoch 30
-----------------------
[2025-11-09 23:51:21] - [finetune_helper.py:282] - [INFO]: Starting training step...
[2025-11-09 23:51:23] - [finetune_helper.py:293] - [INFO]: Training step completed.
[2025-11-09 23:51:23] - [finetune_helper.py:297] - [INFO]: Saving model checkpoint...
[2025-11-09 23:51:23] - [finetune_helper.py:305] - [INFO]: Model checkpoint saved at epoch 30/40.
[2025-11-09 23:51:23] - [finetune_helper.py:309] - [INFO]: Starting testing step...
[2025-11-09 23:51:24] - [finetune_helper.py:322] - [INFO]: Testing step completed.
[2025-11-09 23:51:24] - [finetune_helper.py:325] - [INFO]: Appending the epoch's metrics to CSV.
[2025-11-09 23:51:24] - [finetune_helper.py:329] - [INFO]: Epoch's metrics appended successfully!
[2025-11-09 23:51:24] - [finetune_helper.py:280] - [INFO]: Epoch 31
-----------------------
[2025-11-09 23:51:24] - [finetune_helper.py:282] - [INFO]: Starting training step...
[2025-11-09 23:51:27] - [finetune_helper.py:293] - [INFO]: Training step completed.
[2025-11-09 23:51:27] - [finetune_helper.py:309] - [INFO]: Starting testing step...
[2025-11-09 23:51:28] - [finetune_helper.py:322] - [INFO]: Testing step completed.
[2025-11-09 23:51:28] - [finetune_helper.py:325] - [INFO]: Appending the epoch's metrics to CSV.
[2025-11-09 23:51:28] - [finetune_helper.py:329] - [INFO]: Epoch's metrics appended successfully!
[2025-11-09 23:51:28] - [finetune_helper.py:280] - [INFO]: Epoch 32
-----------------------
[2025-11-09 23:51:28] - [finetune_helper.py:282] - [INFO]: Starting training step...
[2025-11-09 23:51:30] - [finetune_helper.py:293] - [INFO]: Training step completed.
[2025-11-09 23:51:30] - [finetune_helper.py:297] - [INFO]: Saving model checkpoint...
[2025-11-09 23:51:30] - [finetune_helper.py:305] - [INFO]: Model checkpoint saved at epoch 32/40.
[2025-11-09 23:51:30] - [finetune_helper.py:309] - [INFO]: Starting testing step...
[2025-11-09 23:51:31] - [finetune_helper.py:322] - [INFO]: Testing step completed.
[2025-11-09 23:51:31] - [finetune_helper.py:325] - [INFO]: Appending the epoch's metrics to CSV.
[2025-11-09 23:51:31] - [finetune_helper.py:329] - [INFO]: Epoch's metrics appended successfully!
[2025-11-09 23:51:31] - [finetune_helper.py:280] - [INFO]: Epoch 33
-----------------------
[2025-11-09 23:51:31] - [finetune_helper.py:282] - [INFO]: Starting training step...
[2025-11-09 23:51:33] - [finetune_helper.py:293] - [INFO]: Training step completed.
[2025-11-09 23:51:33] - [finetune_helper.py:309] - [INFO]: Starting testing step...
[2025-11-09 23:51:34] - [finetune_helper.py:322] - [INFO]: Testing step completed.
[2025-11-09 23:51:34] - [finetune_helper.py:325] - [INFO]: Appending the epoch's metrics to CSV.
[2025-11-09 23:51:34] - [finetune_helper.py:329] - [INFO]: Epoch's metrics appended successfully!
[2025-11-09 23:51:34] - [finetune_helper.py:280] - [INFO]: Epoch 34
-----------------------
[2025-11-09 23:51:34] - [finetune_helper.py:282] - [INFO]: Starting training step...
[2025-11-09 23:51:37] - [finetune_helper.py:293] - [INFO]: Training step completed.
[2025-11-09 23:51:37] - [finetune_helper.py:297] - [INFO]: Saving model checkpoint...
[2025-11-09 23:51:37] - [finetune_helper.py:305] - [INFO]: Model checkpoint saved at epoch 34/40.
[2025-11-09 23:51:37] - [finetune_helper.py:309] - [INFO]: Starting testing step...
[2025-11-09 23:51:38] - [finetune_helper.py:322] - [INFO]: Testing step completed.
[2025-11-09 23:51:38] - [finetune_helper.py:325] - [INFO]: Appending the epoch's metrics to CSV.
[2025-11-09 23:51:38] - [finetune_helper.py:329] - [INFO]: Epoch's metrics appended successfully!
[2025-11-09 23:51:38] - [finetune_helper.py:280] - [INFO]: Epoch 35
-----------------------
[2025-11-09 23:51:38] - [finetune_helper.py:282] - [INFO]: Starting training step...
[2025-11-09 23:51:40] - [finetune_helper.py:293] - [INFO]: Training step completed.
[2025-11-09 23:51:40] - [finetune_helper.py:309] - [INFO]: Starting testing step...
[2025-11-09 23:51:41] - [finetune_helper.py:322] - [INFO]: Testing step completed.
[2025-11-09 23:51:41] - [finetune_helper.py:325] - [INFO]: Appending the epoch's metrics to CSV.
[2025-11-09 23:51:41] - [finetune_helper.py:329] - [INFO]: Epoch's metrics appended successfully!
[2025-11-09 23:51:41] - [finetune_helper.py:280] - [INFO]: Epoch 36
-----------------------
[2025-11-09 23:51:41] - [finetune_helper.py:282] - [INFO]: Starting training step...
[2025-11-09 23:51:44] - [finetune_helper.py:293] - [INFO]: Training step completed.
[2025-11-09 23:51:44] - [finetune_helper.py:297] - [INFO]: Saving model checkpoint...
[2025-11-09 23:51:44] - [finetune_helper.py:305] - [INFO]: Model checkpoint saved at epoch 36/40.
[2025-11-09 23:51:44] - [finetune_helper.py:309] - [INFO]: Starting testing step...
[2025-11-09 23:51:45] - [finetune_helper.py:322] - [INFO]: Testing step completed.
[2025-11-09 23:51:45] - [finetune_helper.py:325] - [INFO]: Appending the epoch's metrics to CSV.
[2025-11-09 23:51:45] - [finetune_helper.py:329] - [INFO]: Epoch's metrics appended successfully!
[2025-11-09 23:51:45] - [finetune_helper.py:280] - [INFO]: Epoch 37
-----------------------
[2025-11-09 23:51:45] - [finetune_helper.py:282] - [INFO]: Starting training step...
[2025-11-09 23:51:47] - [finetune_helper.py:293] - [INFO]: Training step completed.
[2025-11-09 23:51:47] - [finetune_helper.py:309] - [INFO]: Starting testing step...
[2025-11-09 23:51:48] - [finetune_helper.py:322] - [INFO]: Testing step completed.
[2025-11-09 23:51:48] - [finetune_helper.py:325] - [INFO]: Appending the epoch's metrics to CSV.
[2025-11-09 23:51:48] - [finetune_helper.py:329] - [INFO]: Epoch's metrics appended successfully!
[2025-11-09 23:51:48] - [finetune_helper.py:280] - [INFO]: Epoch 38
-----------------------
[2025-11-09 23:51:48] - [finetune_helper.py:282] - [INFO]: Starting training step...
[2025-11-09 23:51:50] - [finetune_helper.py:293] - [INFO]: Training step completed.
[2025-11-09 23:51:50] - [finetune_helper.py:297] - [INFO]: Saving model checkpoint...
[2025-11-09 23:51:50] - [finetune_helper.py:305] - [INFO]: Model checkpoint saved at epoch 38/40.
[2025-11-09 23:51:50] - [finetune_helper.py:309] - [INFO]: Starting testing step...
[2025-11-09 23:51:51] - [finetune_helper.py:322] - [INFO]: Testing step completed.
[2025-11-09 23:51:51] - [finetune_helper.py:325] - [INFO]: Appending the epoch's metrics to CSV.
[2025-11-09 23:51:51] - [finetune_helper.py:329] - [INFO]: Epoch's metrics appended successfully!
[2025-11-09 23:51:51] - [finetune_helper.py:280] - [INFO]: Epoch 39
-----------------------
[2025-11-09 23:51:51] - [finetune_helper.py:282] - [INFO]: Starting training step...
[2025-11-09 23:51:54] - [finetune_helper.py:293] - [INFO]: Training step completed.
[2025-11-09 23:51:54] - [finetune_helper.py:309] - [INFO]: Starting testing step...
[2025-11-09 23:51:55] - [finetune_helper.py:322] - [INFO]: Testing step completed.
[2025-11-09 23:51:55] - [finetune_helper.py:325] - [INFO]: Appending the epoch's metrics to CSV.
[2025-11-09 23:51:55] - [finetune_helper.py:329] - [INFO]: Epoch's metrics appended successfully!
[2025-11-09 23:51:55] - [finetune_helper.py:280] - [INFO]: Epoch 40
-----------------------
[2025-11-09 23:51:55] - [finetune_helper.py:282] - [INFO]: Starting training step...
[2025-11-09 23:51:57] - [finetune_helper.py:293] - [INFO]: Training step completed.
[2025-11-09 23:51:57] - [finetune_helper.py:297] - [INFO]: Saving model checkpoint...
[2025-11-09 23:51:57] - [finetune_helper.py:305] - [INFO]: Model checkpoint saved at epoch 40/40.
[2025-11-09 23:51:57] - [finetune_helper.py:309] - [INFO]: Starting testing step...
[2025-11-09 23:51:58] - [finetune_helper.py:322] - [INFO]: Testing step completed.
[2025-11-09 23:51:58] - [finetune_helper.py:325] - [INFO]: Appending the epoch's metrics to CSV.
[2025-11-09 23:51:58] - [finetune_helper.py:329] - [INFO]: Epoch's metrics appended successfully!
