[2025-11-17 18:44:14] - [train_lstm.py:39] - [INFO]: Starting Training Two Stage Group Activity Temporal Classifier on Features' Dataset (Player-level then frame-level)...
[2025-11-17 18:44:14] - [finetune_helper.py:208] - [INFO]: Setting all seeds...
[2025-11-17 18:44:14] - [finetune_helper.py:254] - [INFO]: Using device: cuda
[2025-11-17 18:44:14] - [finetune_helper.py:49] - [INFO]: Creating data loaders...
[2025-11-17 18:44:14] - [datasets.py:232] - [INFO]: Initializing Features Dataset...
[2025-11-17 18:44:14] - [datasets.py:252] - [INFO]: Collecting Images' features and labels...
[2025-11-17 18:44:17] - [datasets.py:234] - [INFO]: Features Dataset Initialized with 2183 Samples!
[2025-11-17 18:44:17] - [datasets.py:232] - [INFO]: Initializing Features Dataset...
[2025-11-17 18:44:17] - [datasets.py:252] - [INFO]: Collecting Images' features and labels...
[2025-11-17 18:44:19] - [datasets.py:234] - [INFO]: Features Dataset Initialized with 1266 Samples!
[2025-11-17 18:44:19] - [finetune_helper.py:125] - [INFO]: Data loaders created.
[2025-11-17 18:44:19] - [lstm_model.py:61] - [INFO]: Initializing Two Stage Activity Temporal Classifier...
[2025-11-17 18:44:19] - [lstm_model.py:86] - [INFO]: Model Initialized Successfully!
[2025-11-17 18:44:19] - [finetune_helper.py:188] - [INFO]: Creating optimizer...
[2025-11-17 18:44:19] - [finetune_helper.py:190] - [INFO]: Optimizer created: AdamW Optimizer.
[2025-11-17 18:44:19] - [finetune_helper.py:191] - [INFO]: Initial Learning Rate: 0.0001.
[2025-11-17 18:44:19] - [finetune_helper.py:285] - [INFO]: Starting Training and Testing with number of epochs = 40
[2025-11-17 18:44:19] - [finetune_helper.py:288] - [INFO]: Opening a CSV file to log training metrics.
[2025-11-17 18:44:19] - [finetune_helper.py:297] - [INFO]: Epoch 1
-----------------------
[2025-11-17 18:44:19] - [finetune_helper.py:299] - [INFO]: Starting training step...
[2025-11-17 18:44:23] - [train_utils.py:72] - [INFO]: Train Loss: 1.81433 | Train Accuracy: 34.86%
[2025-11-17 18:44:23] - [finetune_helper.py:310] - [INFO]: Training step completed.
[2025-11-17 18:44:23] - [finetune_helper.py:337] - [INFO]: Starting testing step...
[2025-11-17 18:44:24] - [test_utils.py:75] - [INFO]: Test Loss: 1.79752 | Test Accuracy: 53.08% | Test F1-score: 0.5308057069778442

[2025-11-17 18:44:24] - [finetune_helper.py:350] - [INFO]: Testing step completed.
[2025-11-17 18:44:24] - [finetune_helper.py:353] - [INFO]: Appending the epoch's metrics to CSV.
[2025-11-17 18:44:24] - [finetune_helper.py:357] - [INFO]: Epoch's metrics appended successfully!
[2025-11-17 18:44:24] - [finetune_helper.py:297] - [INFO]: Epoch 2
-----------------------
[2025-11-17 18:44:24] - [finetune_helper.py:299] - [INFO]: Starting training step...
[2025-11-17 18:44:27] - [train_utils.py:72] - [INFO]: Train Loss: 1.34459 | Train Accuracy: 61.98%
[2025-11-17 18:44:27] - [finetune_helper.py:310] - [INFO]: Training step completed.
[2025-11-17 18:44:27] - [finetune_helper.py:337] - [INFO]: Starting testing step...
[2025-11-17 18:44:28] - [test_utils.py:75] - [INFO]: Test Loss: 1.10898 | Test Accuracy: 69.35% | Test F1-score: 0.6935229301452637

[2025-11-17 18:44:28] - [finetune_helper.py:350] - [INFO]: Testing step completed.
[2025-11-17 18:44:28] - [finetune_helper.py:353] - [INFO]: Appending the epoch's metrics to CSV.
[2025-11-17 18:44:28] - [finetune_helper.py:357] - [INFO]: Epoch's metrics appended successfully!
[2025-11-17 18:44:28] - [finetune_helper.py:297] - [INFO]: Epoch 3
-----------------------
[2025-11-17 18:44:28] - [finetune_helper.py:299] - [INFO]: Starting training step...
[2025-11-17 18:44:30] - [train_utils.py:72] - [INFO]: Train Loss: 0.92781 | Train Accuracy: 77.46%
[2025-11-17 18:44:30] - [finetune_helper.py:310] - [INFO]: Training step completed.
[2025-11-17 18:44:30] - [finetune_helper.py:337] - [INFO]: Starting testing step...
[2025-11-17 18:44:32] - [test_utils.py:75] - [INFO]: Test Loss: 0.96731 | Test Accuracy: 68.56% | Test F1-score: 0.6856240034103394

[2025-11-17 18:44:32] - [finetune_helper.py:350] - [INFO]: Testing step completed.
[2025-11-17 18:44:32] - [finetune_helper.py:353] - [INFO]: Appending the epoch's metrics to CSV.
[2025-11-17 18:44:32] - [finetune_helper.py:357] - [INFO]: Epoch's metrics appended successfully!
[2025-11-17 18:44:32] - [finetune_helper.py:297] - [INFO]: Epoch 4
-----------------------
[2025-11-17 18:44:32] - [finetune_helper.py:299] - [INFO]: Starting training step...
[2025-11-17 18:44:34] - [train_utils.py:72] - [INFO]: Train Loss: 0.65483 | Train Accuracy: 84.33%
[2025-11-17 18:44:34] - [finetune_helper.py:310] - [INFO]: Training step completed.
[2025-11-17 18:44:34] - [finetune_helper.py:337] - [INFO]: Starting testing step...
[2025-11-17 18:44:35] - [test_utils.py:75] - [INFO]: Test Loss: 0.94799 | Test Accuracy: 67.14% | Test F1-score: 0.6714060306549072

[2025-11-17 18:44:35] - [finetune_helper.py:350] - [INFO]: Testing step completed.
[2025-11-17 18:44:35] - [finetune_helper.py:353] - [INFO]: Appending the epoch's metrics to CSV.
[2025-11-17 18:44:35] - [finetune_helper.py:357] - [INFO]: Epoch's metrics appended successfully!
[2025-11-17 18:44:35] - [finetune_helper.py:297] - [INFO]: Epoch 5
-----------------------
[2025-11-17 18:44:35] - [finetune_helper.py:299] - [INFO]: Starting training step...
[2025-11-17 18:44:38] - [train_utils.py:72] - [INFO]: Train Loss: 0.45594 | Train Accuracy: 88.18%
[2025-11-17 18:44:38] - [finetune_helper.py:310] - [INFO]: Training step completed.
[2025-11-17 18:44:38] - [finetune_helper.py:326] - [INFO]: Saving model checkpoint...
[2025-11-17 18:44:38] - [finetune_helper.py:334] - [INFO]: Model checkpoint saved at epoch 5/40.
[2025-11-17 18:44:38] - [finetune_helper.py:337] - [INFO]: Starting testing step...
[2025-11-17 18:44:39] - [test_utils.py:75] - [INFO]: Test Loss: 1.06966 | Test Accuracy: 65.01% | Test F1-score: 0.6500790119171143

[2025-11-17 18:44:39] - [finetune_helper.py:350] - [INFO]: Testing step completed.
[2025-11-17 18:44:39] - [finetune_helper.py:353] - [INFO]: Appending the epoch's metrics to CSV.
[2025-11-17 18:44:39] - [finetune_helper.py:357] - [INFO]: Epoch's metrics appended successfully!
[2025-11-17 18:44:39] - [finetune_helper.py:297] - [INFO]: Epoch 6
-----------------------
[2025-11-17 18:44:39] - [finetune_helper.py:299] - [INFO]: Starting training step...
[2025-11-17 18:44:42] - [train_utils.py:72] - [INFO]: Train Loss: 0.31684 | Train Accuracy: 92.26%
[2025-11-17 18:44:42] - [finetune_helper.py:310] - [INFO]: Training step completed.
[2025-11-17 18:44:42] - [finetune_helper.py:337] - [INFO]: Starting testing step...
[2025-11-17 18:44:43] - [test_utils.py:75] - [INFO]: Test Loss: 0.73194 | Test Accuracy: 73.62% | Test F1-score: 0.7361769080162048

[2025-11-17 18:44:43] - [finetune_helper.py:350] - [INFO]: Testing step completed.
[2025-11-17 18:44:43] - [finetune_helper.py:353] - [INFO]: Appending the epoch's metrics to CSV.
[2025-11-17 18:44:43] - [finetune_helper.py:357] - [INFO]: Epoch's metrics appended successfully!
[2025-11-17 18:44:43] - [finetune_helper.py:297] - [INFO]: Epoch 7
-----------------------
[2025-11-17 18:44:43] - [finetune_helper.py:299] - [INFO]: Starting training step...
[2025-11-17 18:44:45] - [train_utils.py:72] - [INFO]: Train Loss: 0.22381 | Train Accuracy: 93.95%
[2025-11-17 18:44:45] - [finetune_helper.py:310] - [INFO]: Training step completed.
[2025-11-17 18:44:45] - [finetune_helper.py:337] - [INFO]: Starting testing step...
[2025-11-17 18:44:46] - [test_utils.py:75] - [INFO]: Test Loss: 0.77898 | Test Accuracy: 70.93% | Test F1-score: 0.7093206644058228

[2025-11-17 18:44:46] - [finetune_helper.py:350] - [INFO]: Testing step completed.
[2025-11-17 18:44:46] - [finetune_helper.py:353] - [INFO]: Appending the epoch's metrics to CSV.
[2025-11-17 18:44:46] - [finetune_helper.py:357] - [INFO]: Epoch's metrics appended successfully!
[2025-11-17 18:44:46] - [finetune_helper.py:297] - [INFO]: Epoch 8
-----------------------
[2025-11-17 18:44:46] - [finetune_helper.py:299] - [INFO]: Starting training step...
[2025-11-17 18:44:49] - [train_utils.py:72] - [INFO]: Train Loss: 0.16459 | Train Accuracy: 95.92%
[2025-11-17 18:44:49] - [finetune_helper.py:310] - [INFO]: Training step completed.
[2025-11-17 18:44:49] - [finetune_helper.py:337] - [INFO]: Starting testing step...
[2025-11-17 18:44:50] - [test_utils.py:75] - [INFO]: Test Loss: 0.69199 | Test Accuracy: 77.49% | Test F1-score: 0.7748815417289734

[2025-11-17 18:44:50] - [finetune_helper.py:350] - [INFO]: Testing step completed.
[2025-11-17 18:44:50] - [finetune_helper.py:353] - [INFO]: Appending the epoch's metrics to CSV.
[2025-11-17 18:44:50] - [finetune_helper.py:357] - [INFO]: Epoch's metrics appended successfully!
[2025-11-17 18:44:50] - [finetune_helper.py:297] - [INFO]: Epoch 9
-----------------------
[2025-11-17 18:44:50] - [finetune_helper.py:299] - [INFO]: Starting training step...
[2025-11-17 18:44:53] - [train_utils.py:72] - [INFO]: Train Loss: 0.13118 | Train Accuracy: 96.89%
[2025-11-17 18:44:53] - [finetune_helper.py:310] - [INFO]: Training step completed.
[2025-11-17 18:44:53] - [finetune_helper.py:337] - [INFO]: Starting testing step...
[2025-11-17 18:44:54] - [test_utils.py:75] - [INFO]: Test Loss: 0.88771 | Test Accuracy: 70.06% | Test F1-score: 0.7006319165229797

[2025-11-17 18:44:54] - [finetune_helper.py:350] - [INFO]: Testing step completed.
[2025-11-17 18:44:54] - [finetune_helper.py:353] - [INFO]: Appending the epoch's metrics to CSV.
[2025-11-17 18:44:54] - [finetune_helper.py:357] - [INFO]: Epoch's metrics appended successfully!
[2025-11-17 18:44:54] - [finetune_helper.py:297] - [INFO]: Epoch 10
-----------------------
[2025-11-17 18:44:54] - [finetune_helper.py:299] - [INFO]: Starting training step...
[2025-11-17 18:44:56] - [train_utils.py:72] - [INFO]: Train Loss: 0.11194 | Train Accuracy: 98.08%
[2025-11-17 18:44:56] - [finetune_helper.py:310] - [INFO]: Training step completed.
[2025-11-17 18:44:56] - [finetune_helper.py:326] - [INFO]: Saving model checkpoint...
[2025-11-17 18:44:57] - [finetune_helper.py:334] - [INFO]: Model checkpoint saved at epoch 10/40.
[2025-11-17 18:44:57] - [finetune_helper.py:337] - [INFO]: Starting testing step...
[2025-11-17 18:44:58] - [test_utils.py:75] - [INFO]: Test Loss: 0.63230 | Test Accuracy: 77.96% | Test F1-score: 0.7796208262443542

[2025-11-17 18:44:58] - [finetune_helper.py:350] - [INFO]: Testing step completed.
[2025-11-17 18:44:58] - [finetune_helper.py:353] - [INFO]: Appending the epoch's metrics to CSV.
[2025-11-17 18:44:58] - [finetune_helper.py:357] - [INFO]: Epoch's metrics appended successfully!
[2025-11-17 18:44:58] - [finetune_helper.py:297] - [INFO]: Epoch 11
-----------------------
[2025-11-17 18:44:58] - [finetune_helper.py:299] - [INFO]: Starting training step...
[2025-11-17 18:45:00] - [train_utils.py:72] - [INFO]: Train Loss: 0.08726 | Train Accuracy: 98.99%
[2025-11-17 18:45:00] - [finetune_helper.py:310] - [INFO]: Training step completed.
[2025-11-17 18:45:00] - [finetune_helper.py:337] - [INFO]: Starting testing step...
[2025-11-17 18:45:01] - [test_utils.py:75] - [INFO]: Test Loss: 1.32006 | Test Accuracy: 63.35% | Test F1-score: 0.6334913372993469

[2025-11-17 18:45:01] - [finetune_helper.py:350] - [INFO]: Testing step completed.
[2025-11-17 18:45:01] - [finetune_helper.py:353] - [INFO]: Appending the epoch's metrics to CSV.
[2025-11-17 18:45:01] - [finetune_helper.py:357] - [INFO]: Epoch's metrics appended successfully!
[2025-11-17 18:45:01] - [finetune_helper.py:297] - [INFO]: Epoch 12
-----------------------
[2025-11-17 18:45:01] - [finetune_helper.py:299] - [INFO]: Starting training step...
[2025-11-17 18:45:04] - [train_utils.py:72] - [INFO]: Train Loss: 0.13567 | Train Accuracy: 97.80%
[2025-11-17 18:45:04] - [finetune_helper.py:310] - [INFO]: Training step completed.
[2025-11-17 18:45:04] - [finetune_helper.py:337] - [INFO]: Starting testing step...
[2025-11-17 18:45:05] - [test_utils.py:75] - [INFO]: Test Loss: 0.97047 | Test Accuracy: 70.22% | Test F1-score: 0.7022116780281067

[2025-11-17 18:45:05] - [finetune_helper.py:350] - [INFO]: Testing step completed.
[2025-11-17 18:45:05] - [finetune_helper.py:353] - [INFO]: Appending the epoch's metrics to CSV.
[2025-11-17 18:45:05] - [finetune_helper.py:357] - [INFO]: Epoch's metrics appended successfully!
[2025-11-17 18:45:05] - [finetune_helper.py:297] - [INFO]: Epoch 13
-----------------------
[2025-11-17 18:45:05] - [finetune_helper.py:299] - [INFO]: Starting training step...
[2025-11-17 18:45:07] - [train_utils.py:72] - [INFO]: Train Loss: 0.11896 | Train Accuracy: 97.89%
[2025-11-17 18:45:07] - [finetune_helper.py:310] - [INFO]: Training step completed.
[2025-11-17 18:45:07] - [finetune_helper.py:337] - [INFO]: Starting testing step...
[2025-11-17 18:45:09] - [test_utils.py:75] - [INFO]: Test Loss: 1.03161 | Test Accuracy: 67.46% | Test F1-score: 0.6745655536651611

[2025-11-17 18:45:09] - [finetune_helper.py:350] - [INFO]: Testing step completed.
[2025-11-17 18:45:09] - [finetune_helper.py:353] - [INFO]: Appending the epoch's metrics to CSV.
[2025-11-17 18:45:09] - [finetune_helper.py:357] - [INFO]: Epoch's metrics appended successfully!
[2025-11-17 18:45:09] - [finetune_helper.py:297] - [INFO]: Epoch 14
-----------------------
[2025-11-17 18:45:09] - [finetune_helper.py:299] - [INFO]: Starting training step...
[2025-11-17 18:45:11] - [train_utils.py:72] - [INFO]: Train Loss: 0.07542 | Train Accuracy: 98.90%
[2025-11-17 18:45:11] - [finetune_helper.py:310] - [INFO]: Training step completed.
[2025-11-17 18:45:11] - [finetune_helper.py:337] - [INFO]: Starting testing step...
[2025-11-17 18:45:12] - [test_utils.py:75] - [INFO]: Test Loss: 0.70257 | Test Accuracy: 77.25% | Test F1-score: 0.7725117802619934

[2025-11-17 18:45:12] - [finetune_helper.py:350] - [INFO]: Testing step completed.
[2025-11-17 18:45:12] - [finetune_helper.py:353] - [INFO]: Appending the epoch's metrics to CSV.
[2025-11-17 18:45:12] - [finetune_helper.py:357] - [INFO]: Epoch's metrics appended successfully!
[2025-11-17 18:45:12] - [finetune_helper.py:297] - [INFO]: Epoch 15
-----------------------
[2025-11-17 18:45:12] - [finetune_helper.py:299] - [INFO]: Starting training step...
[2025-11-17 18:45:15] - [train_utils.py:72] - [INFO]: Train Loss: 0.04461 | Train Accuracy: 99.68%
[2025-11-17 18:45:15] - [finetune_helper.py:310] - [INFO]: Training step completed.
[2025-11-17 18:45:15] - [finetune_helper.py:326] - [INFO]: Saving model checkpoint...
[2025-11-17 18:45:15] - [finetune_helper.py:334] - [INFO]: Model checkpoint saved at epoch 15/40.
[2025-11-17 18:45:15] - [finetune_helper.py:337] - [INFO]: Starting testing step...
[2025-11-17 18:45:16] - [test_utils.py:75] - [INFO]: Test Loss: 0.79040 | Test Accuracy: 75.67% | Test F1-score: 0.7567140460014343

[2025-11-17 18:45:16] - [finetune_helper.py:350] - [INFO]: Testing step completed.
[2025-11-17 18:45:16] - [finetune_helper.py:353] - [INFO]: Appending the epoch's metrics to CSV.
[2025-11-17 18:45:16] - [finetune_helper.py:357] - [INFO]: Epoch's metrics appended successfully!
[2025-11-17 18:45:16] - [finetune_helper.py:297] - [INFO]: Epoch 16
-----------------------
[2025-11-17 18:45:16] - [finetune_helper.py:299] - [INFO]: Starting training step...
[2025-11-17 18:45:19] - [train_utils.py:72] - [INFO]: Train Loss: 0.05378 | Train Accuracy: 98.90%
[2025-11-17 18:45:19] - [finetune_helper.py:310] - [INFO]: Training step completed.
[2025-11-17 18:45:19] - [finetune_helper.py:337] - [INFO]: Starting testing step...
[2025-11-17 18:45:20] - [test_utils.py:75] - [INFO]: Test Loss: 0.62633 | Test Accuracy: 80.41% | Test F1-score: 0.8041074275970459

[2025-11-17 18:45:20] - [finetune_helper.py:350] - [INFO]: Testing step completed.
[2025-11-17 18:45:20] - [finetune_helper.py:353] - [INFO]: Appending the epoch's metrics to CSV.
[2025-11-17 18:45:20] - [finetune_helper.py:357] - [INFO]: Epoch's metrics appended successfully!
[2025-11-17 18:45:20] - [finetune_helper.py:297] - [INFO]: Epoch 17
-----------------------
[2025-11-17 18:45:20] - [finetune_helper.py:299] - [INFO]: Starting training step...
[2025-11-17 18:45:22] - [train_utils.py:72] - [INFO]: Train Loss: 0.03084 | Train Accuracy: 99.68%
[2025-11-17 18:45:22] - [finetune_helper.py:310] - [INFO]: Training step completed.
[2025-11-17 18:45:22] - [finetune_helper.py:337] - [INFO]: Starting testing step...
[2025-11-17 18:45:23] - [test_utils.py:75] - [INFO]: Test Loss: 0.66438 | Test Accuracy: 78.99% | Test F1-score: 0.789889395236969

[2025-11-17 18:45:23] - [finetune_helper.py:350] - [INFO]: Testing step completed.
[2025-11-17 18:45:23] - [finetune_helper.py:353] - [INFO]: Appending the epoch's metrics to CSV.
[2025-11-17 18:45:23] - [finetune_helper.py:357] - [INFO]: Epoch's metrics appended successfully!
[2025-11-17 18:45:23] - [finetune_helper.py:297] - [INFO]: Epoch 18
-----------------------
[2025-11-17 18:45:23] - [finetune_helper.py:299] - [INFO]: Starting training step...
[2025-11-17 18:45:26] - [train_utils.py:72] - [INFO]: Train Loss: 0.03000 | Train Accuracy: 99.77%
[2025-11-17 18:45:26] - [finetune_helper.py:310] - [INFO]: Training step completed.
[2025-11-17 18:45:26] - [finetune_helper.py:337] - [INFO]: Starting testing step...
[2025-11-17 18:45:27] - [test_utils.py:75] - [INFO]: Test Loss: 0.71108 | Test Accuracy: 78.67% | Test F1-score: 0.7867298722267151

[2025-11-17 18:45:27] - [finetune_helper.py:350] - [INFO]: Testing step completed.
[2025-11-17 18:45:27] - [finetune_helper.py:353] - [INFO]: Appending the epoch's metrics to CSV.
[2025-11-17 18:45:27] - [finetune_helper.py:357] - [INFO]: Epoch's metrics appended successfully!
[2025-11-17 18:45:27] - [finetune_helper.py:297] - [INFO]: Epoch 19
-----------------------
[2025-11-17 18:45:27] - [finetune_helper.py:299] - [INFO]: Starting training step...
[2025-11-17 18:45:29] - [train_utils.py:72] - [INFO]: Train Loss: 0.04583 | Train Accuracy: 99.13%
[2025-11-17 18:45:29] - [finetune_helper.py:310] - [INFO]: Training step completed.
[2025-11-17 18:45:29] - [finetune_helper.py:337] - [INFO]: Starting testing step...
[2025-11-17 18:45:30] - [test_utils.py:75] - [INFO]: Test Loss: 0.76390 | Test Accuracy: 79.78% | Test F1-score: 0.7977883219718933

[2025-11-17 18:45:30] - [finetune_helper.py:350] - [INFO]: Testing step completed.
[2025-11-17 18:45:30] - [finetune_helper.py:353] - [INFO]: Appending the epoch's metrics to CSV.
[2025-11-17 18:45:30] - [finetune_helper.py:357] - [INFO]: Epoch's metrics appended successfully!
[2025-11-17 18:45:30] - [finetune_helper.py:297] - [INFO]: Epoch 20
-----------------------
[2025-11-17 18:45:30] - [finetune_helper.py:299] - [INFO]: Starting training step...
[2025-11-17 18:45:33] - [train_utils.py:72] - [INFO]: Train Loss: 0.02769 | Train Accuracy: 99.77%
[2025-11-17 18:45:33] - [finetune_helper.py:310] - [INFO]: Training step completed.
[2025-11-17 18:45:33] - [finetune_helper.py:326] - [INFO]: Saving model checkpoint...
[2025-11-17 18:45:33] - [finetune_helper.py:334] - [INFO]: Model checkpoint saved at epoch 20/40.
[2025-11-17 18:45:33] - [finetune_helper.py:337] - [INFO]: Starting testing step...
[2025-11-17 18:45:34] - [test_utils.py:75] - [INFO]: Test Loss: 0.70535 | Test Accuracy: 79.62% | Test F1-score: 0.7962085604667664

[2025-11-17 18:45:34] - [finetune_helper.py:350] - [INFO]: Testing step completed.
[2025-11-17 18:45:34] - [finetune_helper.py:353] - [INFO]: Appending the epoch's metrics to CSV.
[2025-11-17 18:45:34] - [finetune_helper.py:357] - [INFO]: Epoch's metrics appended successfully!
[2025-11-17 18:45:34] - [finetune_helper.py:297] - [INFO]: Epoch 21
-----------------------
[2025-11-17 18:45:34] - [finetune_helper.py:299] - [INFO]: Starting training step...
[2025-11-17 18:45:37] - [train_utils.py:72] - [INFO]: Train Loss: 0.03652 | Train Accuracy: 99.63%
[2025-11-17 18:45:37] - [finetune_helper.py:310] - [INFO]: Training step completed.
[2025-11-17 18:45:37] - [finetune_helper.py:337] - [INFO]: Starting testing step...
[2025-11-17 18:45:38] - [test_utils.py:75] - [INFO]: Test Loss: 0.92726 | Test Accuracy: 72.91% | Test F1-score: 0.7290679216384888

[2025-11-17 18:45:38] - [finetune_helper.py:350] - [INFO]: Testing step completed.
[2025-11-17 18:45:38] - [finetune_helper.py:353] - [INFO]: Appending the epoch's metrics to CSV.
[2025-11-17 18:45:38] - [finetune_helper.py:357] - [INFO]: Epoch's metrics appended successfully!
[2025-11-17 18:45:38] - [finetune_helper.py:297] - [INFO]: Epoch 22
-----------------------
[2025-11-17 18:45:38] - [finetune_helper.py:299] - [INFO]: Starting training step...
[2025-11-17 18:45:40] - [train_utils.py:72] - [INFO]: Train Loss: 0.07759 | Train Accuracy: 98.03%
[2025-11-17 18:45:40] - [finetune_helper.py:310] - [INFO]: Training step completed.
[2025-11-17 18:45:40] - [finetune_helper.py:337] - [INFO]: Starting testing step...
[2025-11-17 18:45:41] - [test_utils.py:75] - [INFO]: Test Loss: 0.78650 | Test Accuracy: 79.07% | Test F1-score: 0.7906792163848877

[2025-11-17 18:45:41] - [finetune_helper.py:350] - [INFO]: Testing step completed.
[2025-11-17 18:45:41] - [finetune_helper.py:353] - [INFO]: Appending the epoch's metrics to CSV.
[2025-11-17 18:45:41] - [finetune_helper.py:357] - [INFO]: Epoch's metrics appended successfully!
[2025-11-17 18:45:41] - [finetune_helper.py:297] - [INFO]: Epoch 23
-----------------------
[2025-11-17 18:45:41] - [finetune_helper.py:299] - [INFO]: Starting training step...
[2025-11-17 18:45:44] - [train_utils.py:72] - [INFO]: Train Loss: 0.02818 | Train Accuracy: 99.59%
[2025-11-17 18:45:44] - [finetune_helper.py:310] - [INFO]: Training step completed.
[2025-11-17 18:45:44] - [finetune_helper.py:337] - [INFO]: Starting testing step...
[2025-11-17 18:45:45] - [test_utils.py:75] - [INFO]: Test Loss: 0.74874 | Test Accuracy: 78.91% | Test F1-score: 0.7890995144844055

[2025-11-17 18:45:45] - [finetune_helper.py:350] - [INFO]: Testing step completed.
[2025-11-17 18:45:45] - [finetune_helper.py:353] - [INFO]: Appending the epoch's metrics to CSV.
[2025-11-17 18:45:45] - [finetune_helper.py:357] - [INFO]: Epoch's metrics appended successfully!
[2025-11-17 18:45:45] - [finetune_helper.py:297] - [INFO]: Epoch 24
-----------------------
[2025-11-17 18:45:45] - [finetune_helper.py:299] - [INFO]: Starting training step...
[2025-11-17 18:45:47] - [train_utils.py:72] - [INFO]: Train Loss: 0.01981 | Train Accuracy: 99.91%
[2025-11-17 18:45:47] - [finetune_helper.py:310] - [INFO]: Training step completed.
[2025-11-17 18:45:47] - [finetune_helper.py:337] - [INFO]: Starting testing step...
[2025-11-17 18:45:48] - [test_utils.py:75] - [INFO]: Test Loss: 0.62778 | Test Accuracy: 81.91% | Test F1-score: 0.8191153407096863

[2025-11-17 18:45:48] - [finetune_helper.py:350] - [INFO]: Testing step completed.
[2025-11-17 18:45:48] - [finetune_helper.py:353] - [INFO]: Appending the epoch's metrics to CSV.
[2025-11-17 18:45:48] - [finetune_helper.py:357] - [INFO]: Epoch's metrics appended successfully!
[2025-11-17 18:45:48] - [finetune_helper.py:297] - [INFO]: Epoch 25
-----------------------
[2025-11-17 18:45:48] - [finetune_helper.py:299] - [INFO]: Starting training step...
[2025-11-17 18:45:51] - [train_utils.py:72] - [INFO]: Train Loss: 0.01472 | Train Accuracy: 99.95%
[2025-11-17 18:45:51] - [finetune_helper.py:310] - [INFO]: Training step completed.
[2025-11-17 18:45:51] - [finetune_helper.py:326] - [INFO]: Saving model checkpoint...
[2025-11-17 18:45:51] - [finetune_helper.py:334] - [INFO]: Model checkpoint saved at epoch 25/40.
[2025-11-17 18:45:51] - [finetune_helper.py:337] - [INFO]: Starting testing step...
[2025-11-17 18:45:52] - [test_utils.py:75] - [INFO]: Test Loss: 0.66186 | Test Accuracy: 81.36% | Test F1-score: 0.8135861754417419

[2025-11-17 18:45:52] - [finetune_helper.py:350] - [INFO]: Testing step completed.
[2025-11-17 18:45:52] - [finetune_helper.py:353] - [INFO]: Appending the epoch's metrics to CSV.
[2025-11-17 18:45:52] - [finetune_helper.py:357] - [INFO]: Epoch's metrics appended successfully!
[2025-11-17 18:45:52] - [finetune_helper.py:297] - [INFO]: Epoch 26
-----------------------
[2025-11-17 18:45:52] - [finetune_helper.py:299] - [INFO]: Starting training step...
[2025-11-17 18:45:55] - [train_utils.py:72] - [INFO]: Train Loss: 0.01114 | Train Accuracy: 99.95%
[2025-11-17 18:45:55] - [finetune_helper.py:310] - [INFO]: Training step completed.
[2025-11-17 18:45:55] - [finetune_helper.py:337] - [INFO]: Starting testing step...
[2025-11-17 18:45:56] - [test_utils.py:75] - [INFO]: Test Loss: 0.67572 | Test Accuracy: 81.44% | Test F1-score: 0.8143759965896606

[2025-11-17 18:45:56] - [finetune_helper.py:350] - [INFO]: Testing step completed.
[2025-11-17 18:45:56] - [finetune_helper.py:353] - [INFO]: Appending the epoch's metrics to CSV.
[2025-11-17 18:45:56] - [finetune_helper.py:357] - [INFO]: Epoch's metrics appended successfully!
[2025-11-17 18:45:56] - [finetune_helper.py:297] - [INFO]: Epoch 27
-----------------------
[2025-11-17 18:45:56] - [finetune_helper.py:299] - [INFO]: Starting training step...
[2025-11-17 18:45:58] - [train_utils.py:72] - [INFO]: Train Loss: 0.00954 | Train Accuracy: 100.00%
[2025-11-17 18:45:58] - [finetune_helper.py:310] - [INFO]: Training step completed.
[2025-11-17 18:45:58] - [finetune_helper.py:337] - [INFO]: Starting testing step...
[2025-11-17 18:45:59] - [test_utils.py:75] - [INFO]: Test Loss: 0.62431 | Test Accuracy: 81.75% | Test F1-score: 0.8175355195999146

[2025-11-17 18:45:59] - [finetune_helper.py:350] - [INFO]: Testing step completed.
[2025-11-17 18:45:59] - [finetune_helper.py:353] - [INFO]: Appending the epoch's metrics to CSV.
[2025-11-17 18:45:59] - [finetune_helper.py:357] - [INFO]: Epoch's metrics appended successfully!
[2025-11-17 18:45:59] - [finetune_helper.py:297] - [INFO]: Epoch 28
-----------------------
[2025-11-17 18:45:59] - [finetune_helper.py:299] - [INFO]: Starting training step...
[2025-11-17 18:46:02] - [train_utils.py:72] - [INFO]: Train Loss: 0.00926 | Train Accuracy: 100.00%
[2025-11-17 18:46:02] - [finetune_helper.py:310] - [INFO]: Training step completed.
[2025-11-17 18:46:02] - [finetune_helper.py:337] - [INFO]: Starting testing step...
[2025-11-17 18:46:03] - [test_utils.py:75] - [INFO]: Test Loss: 0.63706 | Test Accuracy: 82.78% | Test F1-score: 0.8278040289878845

[2025-11-17 18:46:03] - [finetune_helper.py:350] - [INFO]: Testing step completed.
[2025-11-17 18:46:03] - [finetune_helper.py:353] - [INFO]: Appending the epoch's metrics to CSV.
[2025-11-17 18:46:03] - [finetune_helper.py:357] - [INFO]: Epoch's metrics appended successfully!
[2025-11-17 18:46:03] - [finetune_helper.py:297] - [INFO]: Epoch 29
-----------------------
[2025-11-17 18:46:03] - [finetune_helper.py:299] - [INFO]: Starting training step...
[2025-11-17 18:46:06] - [train_utils.py:72] - [INFO]: Train Loss: 0.00866 | Train Accuracy: 100.00%
[2025-11-17 18:46:06] - [finetune_helper.py:310] - [INFO]: Training step completed.
[2025-11-17 18:46:06] - [finetune_helper.py:337] - [INFO]: Starting testing step...
[2025-11-17 18:46:07] - [test_utils.py:75] - [INFO]: Test Loss: 0.66212 | Test Accuracy: 81.28% | Test F1-score: 0.8127962350845337

[2025-11-17 18:46:07] - [finetune_helper.py:350] - [INFO]: Testing step completed.
[2025-11-17 18:46:07] - [finetune_helper.py:353] - [INFO]: Appending the epoch's metrics to CSV.
[2025-11-17 18:46:07] - [finetune_helper.py:357] - [INFO]: Epoch's metrics appended successfully!
[2025-11-17 18:46:07] - [finetune_helper.py:297] - [INFO]: Epoch 30
-----------------------
[2025-11-17 18:46:07] - [finetune_helper.py:299] - [INFO]: Starting training step...
[2025-11-17 18:46:10] - [train_utils.py:72] - [INFO]: Train Loss: 0.01208 | Train Accuracy: 99.86%
[2025-11-17 18:46:10] - [finetune_helper.py:310] - [INFO]: Training step completed.
[2025-11-17 18:46:10] - [finetune_helper.py:326] - [INFO]: Saving model checkpoint...
[2025-11-17 18:46:10] - [finetune_helper.py:334] - [INFO]: Model checkpoint saved at epoch 30/40.
[2025-11-17 18:46:10] - [finetune_helper.py:337] - [INFO]: Starting testing step...
[2025-11-17 18:46:11] - [test_utils.py:75] - [INFO]: Test Loss: 0.73732 | Test Accuracy: 80.33% | Test F1-score: 0.8033175468444824

[2025-11-17 18:46:11] - [finetune_helper.py:350] - [INFO]: Testing step completed.
[2025-11-17 18:46:11] - [finetune_helper.py:353] - [INFO]: Appending the epoch's metrics to CSV.
[2025-11-17 18:46:11] - [finetune_helper.py:357] - [INFO]: Epoch's metrics appended successfully!
[2025-11-17 18:46:11] - [finetune_helper.py:297] - [INFO]: Epoch 31
-----------------------
[2025-11-17 18:46:11] - [finetune_helper.py:299] - [INFO]: Starting training step...
[2025-11-17 18:46:14] - [train_utils.py:72] - [INFO]: Train Loss: 0.00938 | Train Accuracy: 99.95%
[2025-11-17 18:46:14] - [finetune_helper.py:310] - [INFO]: Training step completed.
[2025-11-17 18:46:14] - [finetune_helper.py:337] - [INFO]: Starting testing step...
[2025-11-17 18:46:15] - [test_utils.py:75] - [INFO]: Test Loss: 0.66705 | Test Accuracy: 81.83% | Test F1-score: 0.8183254599571228

[2025-11-17 18:46:15] - [finetune_helper.py:350] - [INFO]: Testing step completed.
[2025-11-17 18:46:15] - [finetune_helper.py:353] - [INFO]: Appending the epoch's metrics to CSV.
[2025-11-17 18:46:15] - [finetune_helper.py:357] - [INFO]: Epoch's metrics appended successfully!
[2025-11-17 18:46:15] - [finetune_helper.py:297] - [INFO]: Epoch 32
-----------------------
[2025-11-17 18:46:15] - [finetune_helper.py:299] - [INFO]: Starting training step...
[2025-11-17 18:46:17] - [train_utils.py:72] - [INFO]: Train Loss: 0.00848 | Train Accuracy: 99.95%
[2025-11-17 18:46:17] - [finetune_helper.py:310] - [INFO]: Training step completed.
[2025-11-17 18:46:17] - [finetune_helper.py:337] - [INFO]: Starting testing step...
[2025-11-17 18:46:18] - [test_utils.py:75] - [INFO]: Test Loss: 0.72176 | Test Accuracy: 80.96% | Test F1-score: 0.809636652469635

[2025-11-17 18:46:18] - [finetune_helper.py:350] - [INFO]: Testing step completed.
[2025-11-17 18:46:18] - [finetune_helper.py:353] - [INFO]: Appending the epoch's metrics to CSV.
[2025-11-17 18:46:18] - [finetune_helper.py:357] - [INFO]: Epoch's metrics appended successfully!
[2025-11-17 18:46:18] - [finetune_helper.py:297] - [INFO]: Epoch 33
-----------------------
[2025-11-17 18:46:18] - [finetune_helper.py:299] - [INFO]: Starting training step...
[2025-11-17 18:46:21] - [train_utils.py:72] - [INFO]: Train Loss: 0.01392 | Train Accuracy: 99.86%
[2025-11-17 18:46:21] - [finetune_helper.py:310] - [INFO]: Training step completed.
[2025-11-17 18:46:21] - [finetune_helper.py:337] - [INFO]: Starting testing step...
[2025-11-17 18:46:22] - [test_utils.py:75] - [INFO]: Test Loss: 0.74748 | Test Accuracy: 80.17% | Test F1-score: 0.8017377853393555

[2025-11-17 18:46:22] - [finetune_helper.py:350] - [INFO]: Testing step completed.
[2025-11-17 18:46:22] - [finetune_helper.py:353] - [INFO]: Appending the epoch's metrics to CSV.
[2025-11-17 18:46:22] - [finetune_helper.py:357] - [INFO]: Epoch's metrics appended successfully!
[2025-11-17 18:46:22] - [finetune_helper.py:297] - [INFO]: Epoch 34
-----------------------
[2025-11-17 18:46:22] - [finetune_helper.py:299] - [INFO]: Starting training step...
[2025-11-17 18:46:24] - [train_utils.py:72] - [INFO]: Train Loss: 0.05201 | Train Accuracy: 98.99%
[2025-11-17 18:46:24] - [finetune_helper.py:310] - [INFO]: Training step completed.
[2025-11-17 18:46:24] - [finetune_helper.py:337] - [INFO]: Starting testing step...
[2025-11-17 18:46:25] - [test_utils.py:75] - [INFO]: Test Loss: 0.79759 | Test Accuracy: 78.67% | Test F1-score: 0.7867298722267151

[2025-11-17 18:46:25] - [finetune_helper.py:350] - [INFO]: Testing step completed.
[2025-11-17 18:46:25] - [finetune_helper.py:353] - [INFO]: Appending the epoch's metrics to CSV.
[2025-11-17 18:46:25] - [finetune_helper.py:357] - [INFO]: Epoch's metrics appended successfully!
[2025-11-17 18:46:25] - [finetune_helper.py:297] - [INFO]: Epoch 35
-----------------------
[2025-11-17 18:46:25] - [finetune_helper.py:299] - [INFO]: Starting training step...
[2025-11-17 18:46:28] - [train_utils.py:72] - [INFO]: Train Loss: 0.02076 | Train Accuracy: 99.73%
[2025-11-17 18:46:28] - [finetune_helper.py:310] - [INFO]: Training step completed.
[2025-11-17 18:46:28] - [finetune_helper.py:326] - [INFO]: Saving model checkpoint...
[2025-11-17 18:46:28] - [finetune_helper.py:334] - [INFO]: Model checkpoint saved at epoch 35/40.
[2025-11-17 18:46:28] - [finetune_helper.py:337] - [INFO]: Starting testing step...
[2025-11-17 18:46:29] - [test_utils.py:75] - [INFO]: Test Loss: 0.87641 | Test Accuracy: 78.91% | Test F1-score: 0.7890995144844055

[2025-11-17 18:46:29] - [finetune_helper.py:350] - [INFO]: Testing step completed.
[2025-11-17 18:46:29] - [finetune_helper.py:353] - [INFO]: Appending the epoch's metrics to CSV.
[2025-11-17 18:46:29] - [finetune_helper.py:357] - [INFO]: Epoch's metrics appended successfully!
[2025-11-17 18:46:29] - [finetune_helper.py:297] - [INFO]: Epoch 36
-----------------------
[2025-11-17 18:46:29] - [finetune_helper.py:299] - [INFO]: Starting training step...
[2025-11-17 18:46:32] - [train_utils.py:72] - [INFO]: Train Loss: 0.01528 | Train Accuracy: 99.73%
[2025-11-17 18:46:32] - [finetune_helper.py:310] - [INFO]: Training step completed.
[2025-11-17 18:46:32] - [finetune_helper.py:337] - [INFO]: Starting testing step...
[2025-11-17 18:46:33] - [test_utils.py:75] - [INFO]: Test Loss: 0.74347 | Test Accuracy: 79.70% | Test F1-score: 0.7969984412193298

[2025-11-17 18:46:33] - [finetune_helper.py:350] - [INFO]: Testing step completed.
[2025-11-17 18:46:33] - [finetune_helper.py:353] - [INFO]: Appending the epoch's metrics to CSV.
[2025-11-17 18:46:33] - [finetune_helper.py:357] - [INFO]: Epoch's metrics appended successfully!
[2025-11-17 18:46:33] - [finetune_helper.py:297] - [INFO]: Epoch 37
-----------------------
[2025-11-17 18:46:33] - [finetune_helper.py:299] - [INFO]: Starting training step...
[2025-11-17 18:46:35] - [train_utils.py:72] - [INFO]: Train Loss: 0.01174 | Train Accuracy: 99.91%
[2025-11-17 18:46:35] - [finetune_helper.py:310] - [INFO]: Training step completed.
[2025-11-17 18:46:35] - [finetune_helper.py:337] - [INFO]: Starting testing step...
[2025-11-17 18:46:37] - [test_utils.py:75] - [INFO]: Test Loss: 0.72217 | Test Accuracy: 80.88% | Test F1-score: 0.8088467717170715

[2025-11-17 18:46:37] - [finetune_helper.py:350] - [INFO]: Testing step completed.
[2025-11-17 18:46:37] - [finetune_helper.py:353] - [INFO]: Appending the epoch's metrics to CSV.
[2025-11-17 18:46:37] - [finetune_helper.py:357] - [INFO]: Epoch's metrics appended successfully!
[2025-11-17 18:46:37] - [finetune_helper.py:297] - [INFO]: Epoch 38
-----------------------
[2025-11-17 18:46:37] - [finetune_helper.py:299] - [INFO]: Starting training step...
[2025-11-17 18:46:39] - [train_utils.py:72] - [INFO]: Train Loss: 0.02209 | Train Accuracy: 99.77%
[2025-11-17 18:46:39] - [finetune_helper.py:310] - [INFO]: Training step completed.
[2025-11-17 18:46:39] - [finetune_helper.py:337] - [INFO]: Starting testing step...
[2025-11-17 18:46:40] - [test_utils.py:75] - [INFO]: Test Loss: 1.05260 | Test Accuracy: 74.33% | Test F1-score: 0.7432859539985657

[2025-11-17 18:46:40] - [finetune_helper.py:350] - [INFO]: Testing step completed.
[2025-11-17 18:46:40] - [finetune_helper.py:353] - [INFO]: Appending the epoch's metrics to CSV.
[2025-11-17 18:46:40] - [finetune_helper.py:357] - [INFO]: Epoch's metrics appended successfully!
[2025-11-17 18:46:40] - [finetune_helper.py:297] - [INFO]: Epoch 39
-----------------------
[2025-11-17 18:46:40] - [finetune_helper.py:299] - [INFO]: Starting training step...
[2025-11-17 18:46:43] - [train_utils.py:72] - [INFO]: Train Loss: 0.04958 | Train Accuracy: 98.81%
[2025-11-17 18:46:43] - [finetune_helper.py:310] - [INFO]: Training step completed.
[2025-11-17 18:46:43] - [finetune_helper.py:337] - [INFO]: Starting testing step...
[2025-11-17 18:46:44] - [test_utils.py:75] - [INFO]: Test Loss: 1.14390 | Test Accuracy: 76.46% | Test F1-score: 0.7646129727363586

[2025-11-17 18:46:44] - [finetune_helper.py:350] - [INFO]: Testing step completed.
[2025-11-17 18:46:44] - [finetune_helper.py:353] - [INFO]: Appending the epoch's metrics to CSV.
[2025-11-17 18:46:44] - [finetune_helper.py:357] - [INFO]: Epoch's metrics appended successfully!
[2025-11-17 18:46:44] - [finetune_helper.py:297] - [INFO]: Epoch 40
-----------------------
[2025-11-17 18:46:44] - [finetune_helper.py:299] - [INFO]: Starting training step...
[2025-11-17 18:46:47] - [train_utils.py:72] - [INFO]: Train Loss: 0.02511 | Train Accuracy: 99.45%
[2025-11-17 18:46:47] - [finetune_helper.py:310] - [INFO]: Training step completed.
[2025-11-17 18:46:47] - [finetune_helper.py:326] - [INFO]: Saving model checkpoint...
[2025-11-17 18:46:47] - [finetune_helper.py:334] - [INFO]: Model checkpoint saved at epoch 40/40.
[2025-11-17 18:46:47] - [finetune_helper.py:337] - [INFO]: Starting testing step...
[2025-11-17 18:46:48] - [test_utils.py:75] - [INFO]: Test Loss: 1.13117 | Test Accuracy: 74.80% | Test F1-score: 0.7480252385139465

[2025-11-17 18:46:48] - [finetune_helper.py:350] - [INFO]: Testing step completed.
[2025-11-17 18:46:48] - [finetune_helper.py:353] - [INFO]: Appending the epoch's metrics to CSV.
[2025-11-17 18:46:48] - [finetune_helper.py:357] - [INFO]: Epoch's metrics appended successfully!
[2025-11-17 18:46:48] - [train_lstm.py:65] - [INFO]: Training Two Stage Group Activity Temporal Classifier Finished Successfully!
[2025-11-17 18:46:48] - [train_lstm.py:67] - [INFO]: Visualizing Results...
[2025-11-17 18:46:48] - [visualize_helper.py:17] - [INFO]: Loading data for visualization...
[2025-11-17 18:46:48] - [visualize_helper.py:19] - [INFO]: Data loaded successfully.
[2025-11-17 18:46:48] - [visualize_helper.py:21] - [INFO]: Preparing results dictionary...
[2025-11-17 18:46:48] - [visualize_helper.py:23] - [INFO]: Results dictionary prepared.
[2025-11-17 18:46:48] - [visualize_helper.py:25] - [INFO]: Generating plots...
[2025-11-17 18:46:51] - [visualize_helper.py:27] - [INFO]: All plots generated successfully and saved to 'assets/baselines_assets/baseline7/exp1'.
[2025-11-17 18:46:51] - [train_lstm.py:75] - [INFO]: Visualization Finished Successfully!
