[2025-11-17 18:44:14] - [finetune_helper.py:208] - [INFO]: Setting all seeds...
[2025-11-17 18:44:14] - [finetune_helper.py:254] - [INFO]: Using device: cuda
[2025-11-17 18:44:14] - [finetune_helper.py:49] - [INFO]: Creating data loaders...
[2025-11-17 18:44:19] - [finetune_helper.py:125] - [INFO]: Data loaders created.
[2025-11-17 18:44:19] - [finetune_helper.py:188] - [INFO]: Creating optimizer...
[2025-11-17 18:44:19] - [finetune_helper.py:190] - [INFO]: Optimizer created: AdamW Optimizer.
[2025-11-17 18:44:19] - [finetune_helper.py:191] - [INFO]: Initial Learning Rate: 0.0001.
[2025-11-17 18:44:19] - [finetune_helper.py:285] - [INFO]: Starting Training and Testing with number of epochs = 40
[2025-11-17 18:44:19] - [finetune_helper.py:288] - [INFO]: Opening a CSV file to log training metrics.
[2025-11-17 18:44:19] - [finetune_helper.py:297] - [INFO]: Epoch 1
-----------------------
[2025-11-17 18:44:19] - [finetune_helper.py:299] - [INFO]: Starting training step...
[2025-11-17 18:44:23] - [finetune_helper.py:310] - [INFO]: Training step completed.
[2025-11-17 18:44:23] - [finetune_helper.py:337] - [INFO]: Starting testing step...
[2025-11-17 18:44:24] - [finetune_helper.py:350] - [INFO]: Testing step completed.
[2025-11-17 18:44:24] - [finetune_helper.py:353] - [INFO]: Appending the epoch's metrics to CSV.
[2025-11-17 18:44:24] - [finetune_helper.py:357] - [INFO]: Epoch's metrics appended successfully!
[2025-11-17 18:44:24] - [finetune_helper.py:297] - [INFO]: Epoch 2
-----------------------
[2025-11-17 18:44:24] - [finetune_helper.py:299] - [INFO]: Starting training step...
[2025-11-17 18:44:27] - [finetune_helper.py:310] - [INFO]: Training step completed.
[2025-11-17 18:44:27] - [finetune_helper.py:337] - [INFO]: Starting testing step...
[2025-11-17 18:44:28] - [finetune_helper.py:350] - [INFO]: Testing step completed.
[2025-11-17 18:44:28] - [finetune_helper.py:353] - [INFO]: Appending the epoch's metrics to CSV.
[2025-11-17 18:44:28] - [finetune_helper.py:357] - [INFO]: Epoch's metrics appended successfully!
[2025-11-17 18:44:28] - [finetune_helper.py:297] - [INFO]: Epoch 3
-----------------------
[2025-11-17 18:44:28] - [finetune_helper.py:299] - [INFO]: Starting training step...
[2025-11-17 18:44:30] - [finetune_helper.py:310] - [INFO]: Training step completed.
[2025-11-17 18:44:30] - [finetune_helper.py:337] - [INFO]: Starting testing step...
[2025-11-17 18:44:32] - [finetune_helper.py:350] - [INFO]: Testing step completed.
[2025-11-17 18:44:32] - [finetune_helper.py:353] - [INFO]: Appending the epoch's metrics to CSV.
[2025-11-17 18:44:32] - [finetune_helper.py:357] - [INFO]: Epoch's metrics appended successfully!
[2025-11-17 18:44:32] - [finetune_helper.py:297] - [INFO]: Epoch 4
-----------------------
[2025-11-17 18:44:32] - [finetune_helper.py:299] - [INFO]: Starting training step...
[2025-11-17 18:44:34] - [finetune_helper.py:310] - [INFO]: Training step completed.
[2025-11-17 18:44:34] - [finetune_helper.py:337] - [INFO]: Starting testing step...
[2025-11-17 18:44:35] - [finetune_helper.py:350] - [INFO]: Testing step completed.
[2025-11-17 18:44:35] - [finetune_helper.py:353] - [INFO]: Appending the epoch's metrics to CSV.
[2025-11-17 18:44:35] - [finetune_helper.py:357] - [INFO]: Epoch's metrics appended successfully!
[2025-11-17 18:44:35] - [finetune_helper.py:297] - [INFO]: Epoch 5
-----------------------
[2025-11-17 18:44:35] - [finetune_helper.py:299] - [INFO]: Starting training step...
[2025-11-17 18:44:38] - [finetune_helper.py:310] - [INFO]: Training step completed.
[2025-11-17 18:44:38] - [finetune_helper.py:326] - [INFO]: Saving model checkpoint...
[2025-11-17 18:44:38] - [finetune_helper.py:334] - [INFO]: Model checkpoint saved at epoch 5/40.
[2025-11-17 18:44:38] - [finetune_helper.py:337] - [INFO]: Starting testing step...
[2025-11-17 18:44:39] - [finetune_helper.py:350] - [INFO]: Testing step completed.
[2025-11-17 18:44:39] - [finetune_helper.py:353] - [INFO]: Appending the epoch's metrics to CSV.
[2025-11-17 18:44:39] - [finetune_helper.py:357] - [INFO]: Epoch's metrics appended successfully!
[2025-11-17 18:44:39] - [finetune_helper.py:297] - [INFO]: Epoch 6
-----------------------
[2025-11-17 18:44:39] - [finetune_helper.py:299] - [INFO]: Starting training step...
[2025-11-17 18:44:42] - [finetune_helper.py:310] - [INFO]: Training step completed.
[2025-11-17 18:44:42] - [finetune_helper.py:337] - [INFO]: Starting testing step...
[2025-11-17 18:44:43] - [finetune_helper.py:350] - [INFO]: Testing step completed.
[2025-11-17 18:44:43] - [finetune_helper.py:353] - [INFO]: Appending the epoch's metrics to CSV.
[2025-11-17 18:44:43] - [finetune_helper.py:357] - [INFO]: Epoch's metrics appended successfully!
[2025-11-17 18:44:43] - [finetune_helper.py:297] - [INFO]: Epoch 7
-----------------------
[2025-11-17 18:44:43] - [finetune_helper.py:299] - [INFO]: Starting training step...
[2025-11-17 18:44:45] - [finetune_helper.py:310] - [INFO]: Training step completed.
[2025-11-17 18:44:45] - [finetune_helper.py:337] - [INFO]: Starting testing step...
[2025-11-17 18:44:46] - [finetune_helper.py:350] - [INFO]: Testing step completed.
[2025-11-17 18:44:46] - [finetune_helper.py:353] - [INFO]: Appending the epoch's metrics to CSV.
[2025-11-17 18:44:46] - [finetune_helper.py:357] - [INFO]: Epoch's metrics appended successfully!
[2025-11-17 18:44:46] - [finetune_helper.py:297] - [INFO]: Epoch 8
-----------------------
[2025-11-17 18:44:46] - [finetune_helper.py:299] - [INFO]: Starting training step...
[2025-11-17 18:44:49] - [finetune_helper.py:310] - [INFO]: Training step completed.
[2025-11-17 18:44:49] - [finetune_helper.py:337] - [INFO]: Starting testing step...
[2025-11-17 18:44:50] - [finetune_helper.py:350] - [INFO]: Testing step completed.
[2025-11-17 18:44:50] - [finetune_helper.py:353] - [INFO]: Appending the epoch's metrics to CSV.
[2025-11-17 18:44:50] - [finetune_helper.py:357] - [INFO]: Epoch's metrics appended successfully!
[2025-11-17 18:44:50] - [finetune_helper.py:297] - [INFO]: Epoch 9
-----------------------
[2025-11-17 18:44:50] - [finetune_helper.py:299] - [INFO]: Starting training step...
[2025-11-17 18:44:53] - [finetune_helper.py:310] - [INFO]: Training step completed.
[2025-11-17 18:44:53] - [finetune_helper.py:337] - [INFO]: Starting testing step...
[2025-11-17 18:44:54] - [finetune_helper.py:350] - [INFO]: Testing step completed.
[2025-11-17 18:44:54] - [finetune_helper.py:353] - [INFO]: Appending the epoch's metrics to CSV.
[2025-11-17 18:44:54] - [finetune_helper.py:357] - [INFO]: Epoch's metrics appended successfully!
[2025-11-17 18:44:54] - [finetune_helper.py:297] - [INFO]: Epoch 10
-----------------------
[2025-11-17 18:44:54] - [finetune_helper.py:299] - [INFO]: Starting training step...
[2025-11-17 18:44:56] - [finetune_helper.py:310] - [INFO]: Training step completed.
[2025-11-17 18:44:56] - [finetune_helper.py:326] - [INFO]: Saving model checkpoint...
[2025-11-17 18:44:57] - [finetune_helper.py:334] - [INFO]: Model checkpoint saved at epoch 10/40.
[2025-11-17 18:44:57] - [finetune_helper.py:337] - [INFO]: Starting testing step...
[2025-11-17 18:44:58] - [finetune_helper.py:350] - [INFO]: Testing step completed.
[2025-11-17 18:44:58] - [finetune_helper.py:353] - [INFO]: Appending the epoch's metrics to CSV.
[2025-11-17 18:44:58] - [finetune_helper.py:357] - [INFO]: Epoch's metrics appended successfully!
[2025-11-17 18:44:58] - [finetune_helper.py:297] - [INFO]: Epoch 11
-----------------------
[2025-11-17 18:44:58] - [finetune_helper.py:299] - [INFO]: Starting training step...
[2025-11-17 18:45:00] - [finetune_helper.py:310] - [INFO]: Training step completed.
[2025-11-17 18:45:00] - [finetune_helper.py:337] - [INFO]: Starting testing step...
[2025-11-17 18:45:01] - [finetune_helper.py:350] - [INFO]: Testing step completed.
[2025-11-17 18:45:01] - [finetune_helper.py:353] - [INFO]: Appending the epoch's metrics to CSV.
[2025-11-17 18:45:01] - [finetune_helper.py:357] - [INFO]: Epoch's metrics appended successfully!
[2025-11-17 18:45:01] - [finetune_helper.py:297] - [INFO]: Epoch 12
-----------------------
[2025-11-17 18:45:01] - [finetune_helper.py:299] - [INFO]: Starting training step...
[2025-11-17 18:45:04] - [finetune_helper.py:310] - [INFO]: Training step completed.
[2025-11-17 18:45:04] - [finetune_helper.py:337] - [INFO]: Starting testing step...
[2025-11-17 18:45:05] - [finetune_helper.py:350] - [INFO]: Testing step completed.
[2025-11-17 18:45:05] - [finetune_helper.py:353] - [INFO]: Appending the epoch's metrics to CSV.
[2025-11-17 18:45:05] - [finetune_helper.py:357] - [INFO]: Epoch's metrics appended successfully!
[2025-11-17 18:45:05] - [finetune_helper.py:297] - [INFO]: Epoch 13
-----------------------
[2025-11-17 18:45:05] - [finetune_helper.py:299] - [INFO]: Starting training step...
[2025-11-17 18:45:07] - [finetune_helper.py:310] - [INFO]: Training step completed.
[2025-11-17 18:45:07] - [finetune_helper.py:337] - [INFO]: Starting testing step...
[2025-11-17 18:45:09] - [finetune_helper.py:350] - [INFO]: Testing step completed.
[2025-11-17 18:45:09] - [finetune_helper.py:353] - [INFO]: Appending the epoch's metrics to CSV.
[2025-11-17 18:45:09] - [finetune_helper.py:357] - [INFO]: Epoch's metrics appended successfully!
[2025-11-17 18:45:09] - [finetune_helper.py:297] - [INFO]: Epoch 14
-----------------------
[2025-11-17 18:45:09] - [finetune_helper.py:299] - [INFO]: Starting training step...
[2025-11-17 18:45:11] - [finetune_helper.py:310] - [INFO]: Training step completed.
[2025-11-17 18:45:11] - [finetune_helper.py:337] - [INFO]: Starting testing step...
[2025-11-17 18:45:12] - [finetune_helper.py:350] - [INFO]: Testing step completed.
[2025-11-17 18:45:12] - [finetune_helper.py:353] - [INFO]: Appending the epoch's metrics to CSV.
[2025-11-17 18:45:12] - [finetune_helper.py:357] - [INFO]: Epoch's metrics appended successfully!
[2025-11-17 18:45:12] - [finetune_helper.py:297] - [INFO]: Epoch 15
-----------------------
[2025-11-17 18:45:12] - [finetune_helper.py:299] - [INFO]: Starting training step...
[2025-11-17 18:45:15] - [finetune_helper.py:310] - [INFO]: Training step completed.
[2025-11-17 18:45:15] - [finetune_helper.py:326] - [INFO]: Saving model checkpoint...
[2025-11-17 18:45:15] - [finetune_helper.py:334] - [INFO]: Model checkpoint saved at epoch 15/40.
[2025-11-17 18:45:15] - [finetune_helper.py:337] - [INFO]: Starting testing step...
[2025-11-17 18:45:16] - [finetune_helper.py:350] - [INFO]: Testing step completed.
[2025-11-17 18:45:16] - [finetune_helper.py:353] - [INFO]: Appending the epoch's metrics to CSV.
[2025-11-17 18:45:16] - [finetune_helper.py:357] - [INFO]: Epoch's metrics appended successfully!
[2025-11-17 18:45:16] - [finetune_helper.py:297] - [INFO]: Epoch 16
-----------------------
[2025-11-17 18:45:16] - [finetune_helper.py:299] - [INFO]: Starting training step...
[2025-11-17 18:45:19] - [finetune_helper.py:310] - [INFO]: Training step completed.
[2025-11-17 18:45:19] - [finetune_helper.py:337] - [INFO]: Starting testing step...
[2025-11-17 18:45:20] - [finetune_helper.py:350] - [INFO]: Testing step completed.
[2025-11-17 18:45:20] - [finetune_helper.py:353] - [INFO]: Appending the epoch's metrics to CSV.
[2025-11-17 18:45:20] - [finetune_helper.py:357] - [INFO]: Epoch's metrics appended successfully!
[2025-11-17 18:45:20] - [finetune_helper.py:297] - [INFO]: Epoch 17
-----------------------
[2025-11-17 18:45:20] - [finetune_helper.py:299] - [INFO]: Starting training step...
[2025-11-17 18:45:22] - [finetune_helper.py:310] - [INFO]: Training step completed.
[2025-11-17 18:45:22] - [finetune_helper.py:337] - [INFO]: Starting testing step...
[2025-11-17 18:45:23] - [finetune_helper.py:350] - [INFO]: Testing step completed.
[2025-11-17 18:45:23] - [finetune_helper.py:353] - [INFO]: Appending the epoch's metrics to CSV.
[2025-11-17 18:45:23] - [finetune_helper.py:357] - [INFO]: Epoch's metrics appended successfully!
[2025-11-17 18:45:23] - [finetune_helper.py:297] - [INFO]: Epoch 18
-----------------------
[2025-11-17 18:45:23] - [finetune_helper.py:299] - [INFO]: Starting training step...
[2025-11-17 18:45:26] - [finetune_helper.py:310] - [INFO]: Training step completed.
[2025-11-17 18:45:26] - [finetune_helper.py:337] - [INFO]: Starting testing step...
[2025-11-17 18:45:27] - [finetune_helper.py:350] - [INFO]: Testing step completed.
[2025-11-17 18:45:27] - [finetune_helper.py:353] - [INFO]: Appending the epoch's metrics to CSV.
[2025-11-17 18:45:27] - [finetune_helper.py:357] - [INFO]: Epoch's metrics appended successfully!
[2025-11-17 18:45:27] - [finetune_helper.py:297] - [INFO]: Epoch 19
-----------------------
[2025-11-17 18:45:27] - [finetune_helper.py:299] - [INFO]: Starting training step...
[2025-11-17 18:45:29] - [finetune_helper.py:310] - [INFO]: Training step completed.
[2025-11-17 18:45:29] - [finetune_helper.py:337] - [INFO]: Starting testing step...
[2025-11-17 18:45:30] - [finetune_helper.py:350] - [INFO]: Testing step completed.
[2025-11-17 18:45:30] - [finetune_helper.py:353] - [INFO]: Appending the epoch's metrics to CSV.
[2025-11-17 18:45:30] - [finetune_helper.py:357] - [INFO]: Epoch's metrics appended successfully!
[2025-11-17 18:45:30] - [finetune_helper.py:297] - [INFO]: Epoch 20
-----------------------
[2025-11-17 18:45:30] - [finetune_helper.py:299] - [INFO]: Starting training step...
[2025-11-17 18:45:33] - [finetune_helper.py:310] - [INFO]: Training step completed.
[2025-11-17 18:45:33] - [finetune_helper.py:326] - [INFO]: Saving model checkpoint...
[2025-11-17 18:45:33] - [finetune_helper.py:334] - [INFO]: Model checkpoint saved at epoch 20/40.
[2025-11-17 18:45:33] - [finetune_helper.py:337] - [INFO]: Starting testing step...
[2025-11-17 18:45:34] - [finetune_helper.py:350] - [INFO]: Testing step completed.
[2025-11-17 18:45:34] - [finetune_helper.py:353] - [INFO]: Appending the epoch's metrics to CSV.
[2025-11-17 18:45:34] - [finetune_helper.py:357] - [INFO]: Epoch's metrics appended successfully!
[2025-11-17 18:45:34] - [finetune_helper.py:297] - [INFO]: Epoch 21
-----------------------
[2025-11-17 18:45:34] - [finetune_helper.py:299] - [INFO]: Starting training step...
[2025-11-17 18:45:37] - [finetune_helper.py:310] - [INFO]: Training step completed.
[2025-11-17 18:45:37] - [finetune_helper.py:337] - [INFO]: Starting testing step...
[2025-11-17 18:45:38] - [finetune_helper.py:350] - [INFO]: Testing step completed.
[2025-11-17 18:45:38] - [finetune_helper.py:353] - [INFO]: Appending the epoch's metrics to CSV.
[2025-11-17 18:45:38] - [finetune_helper.py:357] - [INFO]: Epoch's metrics appended successfully!
[2025-11-17 18:45:38] - [finetune_helper.py:297] - [INFO]: Epoch 22
-----------------------
[2025-11-17 18:45:38] - [finetune_helper.py:299] - [INFO]: Starting training step...
[2025-11-17 18:45:40] - [finetune_helper.py:310] - [INFO]: Training step completed.
[2025-11-17 18:45:40] - [finetune_helper.py:337] - [INFO]: Starting testing step...
[2025-11-17 18:45:41] - [finetune_helper.py:350] - [INFO]: Testing step completed.
[2025-11-17 18:45:41] - [finetune_helper.py:353] - [INFO]: Appending the epoch's metrics to CSV.
[2025-11-17 18:45:41] - [finetune_helper.py:357] - [INFO]: Epoch's metrics appended successfully!
[2025-11-17 18:45:41] - [finetune_helper.py:297] - [INFO]: Epoch 23
-----------------------
[2025-11-17 18:45:41] - [finetune_helper.py:299] - [INFO]: Starting training step...
[2025-11-17 18:45:44] - [finetune_helper.py:310] - [INFO]: Training step completed.
[2025-11-17 18:45:44] - [finetune_helper.py:337] - [INFO]: Starting testing step...
[2025-11-17 18:45:45] - [finetune_helper.py:350] - [INFO]: Testing step completed.
[2025-11-17 18:45:45] - [finetune_helper.py:353] - [INFO]: Appending the epoch's metrics to CSV.
[2025-11-17 18:45:45] - [finetune_helper.py:357] - [INFO]: Epoch's metrics appended successfully!
[2025-11-17 18:45:45] - [finetune_helper.py:297] - [INFO]: Epoch 24
-----------------------
[2025-11-17 18:45:45] - [finetune_helper.py:299] - [INFO]: Starting training step...
[2025-11-17 18:45:47] - [finetune_helper.py:310] - [INFO]: Training step completed.
[2025-11-17 18:45:47] - [finetune_helper.py:337] - [INFO]: Starting testing step...
[2025-11-17 18:45:48] - [finetune_helper.py:350] - [INFO]: Testing step completed.
[2025-11-17 18:45:48] - [finetune_helper.py:353] - [INFO]: Appending the epoch's metrics to CSV.
[2025-11-17 18:45:48] - [finetune_helper.py:357] - [INFO]: Epoch's metrics appended successfully!
[2025-11-17 18:45:48] - [finetune_helper.py:297] - [INFO]: Epoch 25
-----------------------
[2025-11-17 18:45:48] - [finetune_helper.py:299] - [INFO]: Starting training step...
[2025-11-17 18:45:51] - [finetune_helper.py:310] - [INFO]: Training step completed.
[2025-11-17 18:45:51] - [finetune_helper.py:326] - [INFO]: Saving model checkpoint...
[2025-11-17 18:45:51] - [finetune_helper.py:334] - [INFO]: Model checkpoint saved at epoch 25/40.
[2025-11-17 18:45:51] - [finetune_helper.py:337] - [INFO]: Starting testing step...
[2025-11-17 18:45:52] - [finetune_helper.py:350] - [INFO]: Testing step completed.
[2025-11-17 18:45:52] - [finetune_helper.py:353] - [INFO]: Appending the epoch's metrics to CSV.
[2025-11-17 18:45:52] - [finetune_helper.py:357] - [INFO]: Epoch's metrics appended successfully!
[2025-11-17 18:45:52] - [finetune_helper.py:297] - [INFO]: Epoch 26
-----------------------
[2025-11-17 18:45:52] - [finetune_helper.py:299] - [INFO]: Starting training step...
[2025-11-17 18:45:55] - [finetune_helper.py:310] - [INFO]: Training step completed.
[2025-11-17 18:45:55] - [finetune_helper.py:337] - [INFO]: Starting testing step...
[2025-11-17 18:45:56] - [finetune_helper.py:350] - [INFO]: Testing step completed.
[2025-11-17 18:45:56] - [finetune_helper.py:353] - [INFO]: Appending the epoch's metrics to CSV.
[2025-11-17 18:45:56] - [finetune_helper.py:357] - [INFO]: Epoch's metrics appended successfully!
[2025-11-17 18:45:56] - [finetune_helper.py:297] - [INFO]: Epoch 27
-----------------------
[2025-11-17 18:45:56] - [finetune_helper.py:299] - [INFO]: Starting training step...
[2025-11-17 18:45:58] - [finetune_helper.py:310] - [INFO]: Training step completed.
[2025-11-17 18:45:58] - [finetune_helper.py:337] - [INFO]: Starting testing step...
[2025-11-17 18:45:59] - [finetune_helper.py:350] - [INFO]: Testing step completed.
[2025-11-17 18:45:59] - [finetune_helper.py:353] - [INFO]: Appending the epoch's metrics to CSV.
[2025-11-17 18:45:59] - [finetune_helper.py:357] - [INFO]: Epoch's metrics appended successfully!
[2025-11-17 18:45:59] - [finetune_helper.py:297] - [INFO]: Epoch 28
-----------------------
[2025-11-17 18:45:59] - [finetune_helper.py:299] - [INFO]: Starting training step...
[2025-11-17 18:46:02] - [finetune_helper.py:310] - [INFO]: Training step completed.
[2025-11-17 18:46:02] - [finetune_helper.py:337] - [INFO]: Starting testing step...
[2025-11-17 18:46:03] - [finetune_helper.py:350] - [INFO]: Testing step completed.
[2025-11-17 18:46:03] - [finetune_helper.py:353] - [INFO]: Appending the epoch's metrics to CSV.
[2025-11-17 18:46:03] - [finetune_helper.py:357] - [INFO]: Epoch's metrics appended successfully!
[2025-11-17 18:46:03] - [finetune_helper.py:297] - [INFO]: Epoch 29
-----------------------
[2025-11-17 18:46:03] - [finetune_helper.py:299] - [INFO]: Starting training step...
[2025-11-17 18:46:06] - [finetune_helper.py:310] - [INFO]: Training step completed.
[2025-11-17 18:46:06] - [finetune_helper.py:337] - [INFO]: Starting testing step...
[2025-11-17 18:46:07] - [finetune_helper.py:350] - [INFO]: Testing step completed.
[2025-11-17 18:46:07] - [finetune_helper.py:353] - [INFO]: Appending the epoch's metrics to CSV.
[2025-11-17 18:46:07] - [finetune_helper.py:357] - [INFO]: Epoch's metrics appended successfully!
[2025-11-17 18:46:07] - [finetune_helper.py:297] - [INFO]: Epoch 30
-----------------------
[2025-11-17 18:46:07] - [finetune_helper.py:299] - [INFO]: Starting training step...
[2025-11-17 18:46:10] - [finetune_helper.py:310] - [INFO]: Training step completed.
[2025-11-17 18:46:10] - [finetune_helper.py:326] - [INFO]: Saving model checkpoint...
[2025-11-17 18:46:10] - [finetune_helper.py:334] - [INFO]: Model checkpoint saved at epoch 30/40.
[2025-11-17 18:46:10] - [finetune_helper.py:337] - [INFO]: Starting testing step...
[2025-11-17 18:46:11] - [finetune_helper.py:350] - [INFO]: Testing step completed.
[2025-11-17 18:46:11] - [finetune_helper.py:353] - [INFO]: Appending the epoch's metrics to CSV.
[2025-11-17 18:46:11] - [finetune_helper.py:357] - [INFO]: Epoch's metrics appended successfully!
[2025-11-17 18:46:11] - [finetune_helper.py:297] - [INFO]: Epoch 31
-----------------------
[2025-11-17 18:46:11] - [finetune_helper.py:299] - [INFO]: Starting training step...
[2025-11-17 18:46:14] - [finetune_helper.py:310] - [INFO]: Training step completed.
[2025-11-17 18:46:14] - [finetune_helper.py:337] - [INFO]: Starting testing step...
[2025-11-17 18:46:15] - [finetune_helper.py:350] - [INFO]: Testing step completed.
[2025-11-17 18:46:15] - [finetune_helper.py:353] - [INFO]: Appending the epoch's metrics to CSV.
[2025-11-17 18:46:15] - [finetune_helper.py:357] - [INFO]: Epoch's metrics appended successfully!
[2025-11-17 18:46:15] - [finetune_helper.py:297] - [INFO]: Epoch 32
-----------------------
[2025-11-17 18:46:15] - [finetune_helper.py:299] - [INFO]: Starting training step...
[2025-11-17 18:46:17] - [finetune_helper.py:310] - [INFO]: Training step completed.
[2025-11-17 18:46:17] - [finetune_helper.py:337] - [INFO]: Starting testing step...
[2025-11-17 18:46:18] - [finetune_helper.py:350] - [INFO]: Testing step completed.
[2025-11-17 18:46:18] - [finetune_helper.py:353] - [INFO]: Appending the epoch's metrics to CSV.
[2025-11-17 18:46:18] - [finetune_helper.py:357] - [INFO]: Epoch's metrics appended successfully!
[2025-11-17 18:46:18] - [finetune_helper.py:297] - [INFO]: Epoch 33
-----------------------
[2025-11-17 18:46:18] - [finetune_helper.py:299] - [INFO]: Starting training step...
[2025-11-17 18:46:21] - [finetune_helper.py:310] - [INFO]: Training step completed.
[2025-11-17 18:46:21] - [finetune_helper.py:337] - [INFO]: Starting testing step...
[2025-11-17 18:46:22] - [finetune_helper.py:350] - [INFO]: Testing step completed.
[2025-11-17 18:46:22] - [finetune_helper.py:353] - [INFO]: Appending the epoch's metrics to CSV.
[2025-11-17 18:46:22] - [finetune_helper.py:357] - [INFO]: Epoch's metrics appended successfully!
[2025-11-17 18:46:22] - [finetune_helper.py:297] - [INFO]: Epoch 34
-----------------------
[2025-11-17 18:46:22] - [finetune_helper.py:299] - [INFO]: Starting training step...
[2025-11-17 18:46:24] - [finetune_helper.py:310] - [INFO]: Training step completed.
[2025-11-17 18:46:24] - [finetune_helper.py:337] - [INFO]: Starting testing step...
[2025-11-17 18:46:25] - [finetune_helper.py:350] - [INFO]: Testing step completed.
[2025-11-17 18:46:25] - [finetune_helper.py:353] - [INFO]: Appending the epoch's metrics to CSV.
[2025-11-17 18:46:25] - [finetune_helper.py:357] - [INFO]: Epoch's metrics appended successfully!
[2025-11-17 18:46:25] - [finetune_helper.py:297] - [INFO]: Epoch 35
-----------------------
[2025-11-17 18:46:25] - [finetune_helper.py:299] - [INFO]: Starting training step...
[2025-11-17 18:46:28] - [finetune_helper.py:310] - [INFO]: Training step completed.
[2025-11-17 18:46:28] - [finetune_helper.py:326] - [INFO]: Saving model checkpoint...
[2025-11-17 18:46:28] - [finetune_helper.py:334] - [INFO]: Model checkpoint saved at epoch 35/40.
[2025-11-17 18:46:28] - [finetune_helper.py:337] - [INFO]: Starting testing step...
[2025-11-17 18:46:29] - [finetune_helper.py:350] - [INFO]: Testing step completed.
[2025-11-17 18:46:29] - [finetune_helper.py:353] - [INFO]: Appending the epoch's metrics to CSV.
[2025-11-17 18:46:29] - [finetune_helper.py:357] - [INFO]: Epoch's metrics appended successfully!
[2025-11-17 18:46:29] - [finetune_helper.py:297] - [INFO]: Epoch 36
-----------------------
[2025-11-17 18:46:29] - [finetune_helper.py:299] - [INFO]: Starting training step...
[2025-11-17 18:46:32] - [finetune_helper.py:310] - [INFO]: Training step completed.
[2025-11-17 18:46:32] - [finetune_helper.py:337] - [INFO]: Starting testing step...
[2025-11-17 18:46:33] - [finetune_helper.py:350] - [INFO]: Testing step completed.
[2025-11-17 18:46:33] - [finetune_helper.py:353] - [INFO]: Appending the epoch's metrics to CSV.
[2025-11-17 18:46:33] - [finetune_helper.py:357] - [INFO]: Epoch's metrics appended successfully!
[2025-11-17 18:46:33] - [finetune_helper.py:297] - [INFO]: Epoch 37
-----------------------
[2025-11-17 18:46:33] - [finetune_helper.py:299] - [INFO]: Starting training step...
[2025-11-17 18:46:35] - [finetune_helper.py:310] - [INFO]: Training step completed.
[2025-11-17 18:46:35] - [finetune_helper.py:337] - [INFO]: Starting testing step...
[2025-11-17 18:46:37] - [finetune_helper.py:350] - [INFO]: Testing step completed.
[2025-11-17 18:46:37] - [finetune_helper.py:353] - [INFO]: Appending the epoch's metrics to CSV.
[2025-11-17 18:46:37] - [finetune_helper.py:357] - [INFO]: Epoch's metrics appended successfully!
[2025-11-17 18:46:37] - [finetune_helper.py:297] - [INFO]: Epoch 38
-----------------------
[2025-11-17 18:46:37] - [finetune_helper.py:299] - [INFO]: Starting training step...
[2025-11-17 18:46:39] - [finetune_helper.py:310] - [INFO]: Training step completed.
[2025-11-17 18:46:39] - [finetune_helper.py:337] - [INFO]: Starting testing step...
[2025-11-17 18:46:40] - [finetune_helper.py:350] - [INFO]: Testing step completed.
[2025-11-17 18:46:40] - [finetune_helper.py:353] - [INFO]: Appending the epoch's metrics to CSV.
[2025-11-17 18:46:40] - [finetune_helper.py:357] - [INFO]: Epoch's metrics appended successfully!
[2025-11-17 18:46:40] - [finetune_helper.py:297] - [INFO]: Epoch 39
-----------------------
[2025-11-17 18:46:40] - [finetune_helper.py:299] - [INFO]: Starting training step...
[2025-11-17 18:46:43] - [finetune_helper.py:310] - [INFO]: Training step completed.
[2025-11-17 18:46:43] - [finetune_helper.py:337] - [INFO]: Starting testing step...
[2025-11-17 18:46:44] - [finetune_helper.py:350] - [INFO]: Testing step completed.
[2025-11-17 18:46:44] - [finetune_helper.py:353] - [INFO]: Appending the epoch's metrics to CSV.
[2025-11-17 18:46:44] - [finetune_helper.py:357] - [INFO]: Epoch's metrics appended successfully!
[2025-11-17 18:46:44] - [finetune_helper.py:297] - [INFO]: Epoch 40
-----------------------
[2025-11-17 18:46:44] - [finetune_helper.py:299] - [INFO]: Starting training step...
[2025-11-17 18:46:47] - [finetune_helper.py:310] - [INFO]: Training step completed.
[2025-11-17 18:46:47] - [finetune_helper.py:326] - [INFO]: Saving model checkpoint...
[2025-11-17 18:46:47] - [finetune_helper.py:334] - [INFO]: Model checkpoint saved at epoch 40/40.
[2025-11-17 18:46:47] - [finetune_helper.py:337] - [INFO]: Starting testing step...
[2025-11-17 18:46:48] - [finetune_helper.py:350] - [INFO]: Testing step completed.
[2025-11-17 18:46:48] - [finetune_helper.py:353] - [INFO]: Appending the epoch's metrics to CSV.
[2025-11-17 18:46:48] - [finetune_helper.py:357] - [INFO]: Epoch's metrics appended successfully!
