[2025-11-22 23:42:01] - [finetune_helper.py:221] - [INFO]: Setting all seeds...
[2025-11-22 23:42:01] - [finetune_helper.py:268] - [INFO]: Using device: cuda
[2025-11-22 23:42:01] - [finetune_helper.py:50] - [INFO]: Creating data loaders...
[2025-11-22 23:42:05] - [finetune_helper.py:126] - [INFO]: Data loaders created.
[2025-11-22 23:42:05] - [finetune_helper.py:201] - [INFO]: Creating optimizer...
[2025-11-22 23:42:05] - [finetune_helper.py:203] - [INFO]: Optimizer created: AdamW Optimizer.
[2025-11-22 23:42:05] - [finetune_helper.py:204] - [INFO]: Initial Learning Rate: 0.0001.
[2025-11-22 23:42:05] - [finetune_helper.py:209] - [INFO]: Creating Scheduler...
[2025-11-22 23:42:05] - [finetune_helper.py:211] - [INFO]: Scheduler Created Successfully!
[2025-11-22 23:42:05] - [finetune_helper.py:302] - [INFO]: Starting Training and Testing with number of epochs = 40
[2025-11-22 23:42:05] - [finetune_helper.py:305] - [INFO]: Opening a CSV file to log training metrics.
[2025-11-22 23:42:05] - [finetune_helper.py:314] - [INFO]: Epoch 1
-----------------------
[2025-11-22 23:42:05] - [finetune_helper.py:316] - [INFO]: Starting training step...
[2025-11-22 23:42:13] - [finetune_helper.py:327] - [INFO]: Training step completed.
[2025-11-22 23:42:13] - [finetune_helper.py:354] - [INFO]: Starting testing step...
[2025-11-22 23:42:14] - [finetune_helper.py:370] - [INFO]: Testing step completed.
[2025-11-22 23:42:14] - [finetune_helper.py:373] - [INFO]: Appending the epoch's metrics to CSV.
[2025-11-22 23:42:14] - [finetune_helper.py:377] - [INFO]: Epoch's metrics appended successfully!
[2025-11-22 23:42:14] - [finetune_helper.py:314] - [INFO]: Epoch 2
-----------------------
[2025-11-22 23:42:14] - [finetune_helper.py:316] - [INFO]: Starting training step...
[2025-11-22 23:42:21] - [finetune_helper.py:327] - [INFO]: Training step completed.
[2025-11-22 23:42:21] - [finetune_helper.py:354] - [INFO]: Starting testing step...
[2025-11-22 23:42:22] - [finetune_helper.py:370] - [INFO]: Testing step completed.
[2025-11-22 23:42:22] - [finetune_helper.py:373] - [INFO]: Appending the epoch's metrics to CSV.
[2025-11-22 23:42:22] - [finetune_helper.py:377] - [INFO]: Epoch's metrics appended successfully!
[2025-11-22 23:42:22] - [finetune_helper.py:314] - [INFO]: Epoch 3
-----------------------
[2025-11-22 23:42:22] - [finetune_helper.py:316] - [INFO]: Starting training step...
[2025-11-22 23:42:29] - [finetune_helper.py:327] - [INFO]: Training step completed.
[2025-11-22 23:42:29] - [finetune_helper.py:354] - [INFO]: Starting testing step...
[2025-11-22 23:42:30] - [finetune_helper.py:370] - [INFO]: Testing step completed.
[2025-11-22 23:42:30] - [finetune_helper.py:373] - [INFO]: Appending the epoch's metrics to CSV.
[2025-11-22 23:42:30] - [finetune_helper.py:377] - [INFO]: Epoch's metrics appended successfully!
[2025-11-22 23:42:30] - [finetune_helper.py:314] - [INFO]: Epoch 4
-----------------------
[2025-11-22 23:42:30] - [finetune_helper.py:316] - [INFO]: Starting training step...
[2025-11-22 23:42:37] - [finetune_helper.py:327] - [INFO]: Training step completed.
[2025-11-22 23:42:37] - [finetune_helper.py:354] - [INFO]: Starting testing step...
[2025-11-22 23:42:38] - [finetune_helper.py:370] - [INFO]: Testing step completed.
[2025-11-22 23:42:38] - [finetune_helper.py:373] - [INFO]: Appending the epoch's metrics to CSV.
[2025-11-22 23:42:38] - [finetune_helper.py:377] - [INFO]: Epoch's metrics appended successfully!
[2025-11-22 23:42:38] - [finetune_helper.py:314] - [INFO]: Epoch 5
-----------------------
[2025-11-22 23:42:38] - [finetune_helper.py:316] - [INFO]: Starting training step...
[2025-11-22 23:42:45] - [finetune_helper.py:327] - [INFO]: Training step completed.
[2025-11-22 23:42:45] - [finetune_helper.py:343] - [INFO]: Saving model checkpoint...
[2025-11-22 23:42:46] - [finetune_helper.py:351] - [INFO]: Model checkpoint saved at epoch 5/40.
[2025-11-22 23:42:46] - [finetune_helper.py:354] - [INFO]: Starting testing step...
[2025-11-22 23:42:47] - [finetune_helper.py:370] - [INFO]: Testing step completed.
[2025-11-22 23:42:47] - [finetune_helper.py:373] - [INFO]: Appending the epoch's metrics to CSV.
[2025-11-22 23:42:47] - [finetune_helper.py:377] - [INFO]: Epoch's metrics appended successfully!
[2025-11-22 23:42:47] - [finetune_helper.py:314] - [INFO]: Epoch 6
-----------------------
[2025-11-22 23:42:47] - [finetune_helper.py:316] - [INFO]: Starting training step...
[2025-11-22 23:42:54] - [finetune_helper.py:327] - [INFO]: Training step completed.
[2025-11-22 23:42:54] - [finetune_helper.py:354] - [INFO]: Starting testing step...
[2025-11-22 23:42:55] - [finetune_helper.py:370] - [INFO]: Testing step completed.
[2025-11-22 23:42:55] - [finetune_helper.py:373] - [INFO]: Appending the epoch's metrics to CSV.
[2025-11-22 23:42:55] - [finetune_helper.py:377] - [INFO]: Epoch's metrics appended successfully!
[2025-11-22 23:42:55] - [finetune_helper.py:314] - [INFO]: Epoch 7
-----------------------
[2025-11-22 23:42:55] - [finetune_helper.py:316] - [INFO]: Starting training step...
[2025-11-22 23:43:02] - [finetune_helper.py:327] - [INFO]: Training step completed.
[2025-11-22 23:43:02] - [finetune_helper.py:354] - [INFO]: Starting testing step...
[2025-11-22 23:43:03] - [finetune_helper.py:370] - [INFO]: Testing step completed.
[2025-11-22 23:43:03] - [finetune_helper.py:373] - [INFO]: Appending the epoch's metrics to CSV.
[2025-11-22 23:43:03] - [finetune_helper.py:377] - [INFO]: Epoch's metrics appended successfully!
[2025-11-22 23:43:03] - [finetune_helper.py:314] - [INFO]: Epoch 8
-----------------------
[2025-11-22 23:43:03] - [finetune_helper.py:316] - [INFO]: Starting training step...
[2025-11-22 23:43:10] - [finetune_helper.py:327] - [INFO]: Training step completed.
[2025-11-22 23:43:10] - [finetune_helper.py:354] - [INFO]: Starting testing step...
[2025-11-22 23:43:11] - [finetune_helper.py:370] - [INFO]: Testing step completed.
[2025-11-22 23:43:11] - [finetune_helper.py:373] - [INFO]: Appending the epoch's metrics to CSV.
[2025-11-22 23:43:11] - [finetune_helper.py:377] - [INFO]: Epoch's metrics appended successfully!
[2025-11-22 23:43:11] - [finetune_helper.py:314] - [INFO]: Epoch 9
-----------------------
[2025-11-22 23:43:11] - [finetune_helper.py:316] - [INFO]: Starting training step...
[2025-11-22 23:43:18] - [finetune_helper.py:327] - [INFO]: Training step completed.
[2025-11-22 23:43:18] - [finetune_helper.py:354] - [INFO]: Starting testing step...
[2025-11-22 23:43:19] - [finetune_helper.py:370] - [INFO]: Testing step completed.
[2025-11-22 23:43:19] - [finetune_helper.py:373] - [INFO]: Appending the epoch's metrics to CSV.
[2025-11-22 23:43:19] - [finetune_helper.py:377] - [INFO]: Epoch's metrics appended successfully!
[2025-11-22 23:43:19] - [finetune_helper.py:314] - [INFO]: Epoch 10
-----------------------
[2025-11-22 23:43:19] - [finetune_helper.py:316] - [INFO]: Starting training step...
[2025-11-22 23:43:26] - [finetune_helper.py:327] - [INFO]: Training step completed.
[2025-11-22 23:43:26] - [finetune_helper.py:343] - [INFO]: Saving model checkpoint...
[2025-11-22 23:43:26] - [finetune_helper.py:351] - [INFO]: Model checkpoint saved at epoch 10/40.
[2025-11-22 23:43:26] - [finetune_helper.py:354] - [INFO]: Starting testing step...
[2025-11-22 23:43:27] - [finetune_helper.py:370] - [INFO]: Testing step completed.
[2025-11-22 23:43:27] - [finetune_helper.py:373] - [INFO]: Appending the epoch's metrics to CSV.
[2025-11-22 23:43:27] - [finetune_helper.py:377] - [INFO]: Epoch's metrics appended successfully!
[2025-11-22 23:43:27] - [finetune_helper.py:314] - [INFO]: Epoch 11
-----------------------
[2025-11-22 23:43:27] - [finetune_helper.py:316] - [INFO]: Starting training step...
[2025-11-22 23:43:34] - [finetune_helper.py:327] - [INFO]: Training step completed.
[2025-11-22 23:43:34] - [finetune_helper.py:354] - [INFO]: Starting testing step...
[2025-11-22 23:43:35] - [finetune_helper.py:370] - [INFO]: Testing step completed.
[2025-11-22 23:43:35] - [finetune_helper.py:373] - [INFO]: Appending the epoch's metrics to CSV.
[2025-11-22 23:43:35] - [finetune_helper.py:377] - [INFO]: Epoch's metrics appended successfully!
[2025-11-22 23:43:35] - [finetune_helper.py:314] - [INFO]: Epoch 12
-----------------------
[2025-11-22 23:43:35] - [finetune_helper.py:316] - [INFO]: Starting training step...
[2025-11-22 23:43:42] - [finetune_helper.py:327] - [INFO]: Training step completed.
[2025-11-22 23:43:42] - [finetune_helper.py:354] - [INFO]: Starting testing step...
[2025-11-22 23:43:43] - [finetune_helper.py:370] - [INFO]: Testing step completed.
[2025-11-22 23:43:43] - [finetune_helper.py:373] - [INFO]: Appending the epoch's metrics to CSV.
[2025-11-22 23:43:43] - [finetune_helper.py:377] - [INFO]: Epoch's metrics appended successfully!
[2025-11-22 23:43:43] - [finetune_helper.py:314] - [INFO]: Epoch 13
-----------------------
[2025-11-22 23:43:43] - [finetune_helper.py:316] - [INFO]: Starting training step...
[2025-11-22 23:43:50] - [finetune_helper.py:327] - [INFO]: Training step completed.
[2025-11-22 23:43:50] - [finetune_helper.py:354] - [INFO]: Starting testing step...
[2025-11-22 23:43:51] - [finetune_helper.py:370] - [INFO]: Testing step completed.
[2025-11-22 23:43:51] - [finetune_helper.py:373] - [INFO]: Appending the epoch's metrics to CSV.
[2025-11-22 23:43:51] - [finetune_helper.py:377] - [INFO]: Epoch's metrics appended successfully!
[2025-11-22 23:43:51] - [finetune_helper.py:314] - [INFO]: Epoch 14
-----------------------
[2025-11-22 23:43:51] - [finetune_helper.py:316] - [INFO]: Starting training step...
[2025-11-22 23:43:58] - [finetune_helper.py:327] - [INFO]: Training step completed.
[2025-11-22 23:43:58] - [finetune_helper.py:354] - [INFO]: Starting testing step...
[2025-11-22 23:43:59] - [finetune_helper.py:370] - [INFO]: Testing step completed.
[2025-11-22 23:43:59] - [finetune_helper.py:373] - [INFO]: Appending the epoch's metrics to CSV.
[2025-11-22 23:43:59] - [finetune_helper.py:377] - [INFO]: Epoch's metrics appended successfully!
[2025-11-22 23:43:59] - [finetune_helper.py:314] - [INFO]: Epoch 15
-----------------------
[2025-11-22 23:43:59] - [finetune_helper.py:316] - [INFO]: Starting training step...
[2025-11-22 23:44:06] - [finetune_helper.py:327] - [INFO]: Training step completed.
[2025-11-22 23:44:06] - [finetune_helper.py:343] - [INFO]: Saving model checkpoint...
[2025-11-22 23:44:07] - [finetune_helper.py:351] - [INFO]: Model checkpoint saved at epoch 15/40.
[2025-11-22 23:44:07] - [finetune_helper.py:354] - [INFO]: Starting testing step...
[2025-11-22 23:44:08] - [finetune_helper.py:370] - [INFO]: Testing step completed.
[2025-11-22 23:44:08] - [finetune_helper.py:373] - [INFO]: Appending the epoch's metrics to CSV.
[2025-11-22 23:44:08] - [finetune_helper.py:377] - [INFO]: Epoch's metrics appended successfully!
[2025-11-22 23:44:08] - [finetune_helper.py:314] - [INFO]: Epoch 16
-----------------------
[2025-11-22 23:44:08] - [finetune_helper.py:316] - [INFO]: Starting training step...
[2025-11-22 23:44:15] - [finetune_helper.py:327] - [INFO]: Training step completed.
[2025-11-22 23:44:15] - [finetune_helper.py:354] - [INFO]: Starting testing step...
[2025-11-22 23:44:16] - [finetune_helper.py:370] - [INFO]: Testing step completed.
[2025-11-22 23:44:16] - [finetune_helper.py:373] - [INFO]: Appending the epoch's metrics to CSV.
[2025-11-22 23:44:16] - [finetune_helper.py:377] - [INFO]: Epoch's metrics appended successfully!
[2025-11-22 23:44:16] - [finetune_helper.py:314] - [INFO]: Epoch 17
-----------------------
[2025-11-22 23:44:16] - [finetune_helper.py:316] - [INFO]: Starting training step...
[2025-11-22 23:44:23] - [finetune_helper.py:327] - [INFO]: Training step completed.
[2025-11-22 23:44:23] - [finetune_helper.py:354] - [INFO]: Starting testing step...
[2025-11-22 23:44:24] - [finetune_helper.py:370] - [INFO]: Testing step completed.
[2025-11-22 23:44:24] - [finetune_helper.py:373] - [INFO]: Appending the epoch's metrics to CSV.
[2025-11-22 23:44:24] - [finetune_helper.py:377] - [INFO]: Epoch's metrics appended successfully!
[2025-11-22 23:44:24] - [finetune_helper.py:314] - [INFO]: Epoch 18
-----------------------
[2025-11-22 23:44:24] - [finetune_helper.py:316] - [INFO]: Starting training step...
[2025-11-22 23:44:31] - [finetune_helper.py:327] - [INFO]: Training step completed.
[2025-11-22 23:44:31] - [finetune_helper.py:354] - [INFO]: Starting testing step...
[2025-11-22 23:44:32] - [finetune_helper.py:370] - [INFO]: Testing step completed.
[2025-11-22 23:44:32] - [finetune_helper.py:373] - [INFO]: Appending the epoch's metrics to CSV.
[2025-11-22 23:44:32] - [finetune_helper.py:377] - [INFO]: Epoch's metrics appended successfully!
[2025-11-22 23:44:32] - [finetune_helper.py:314] - [INFO]: Epoch 19
-----------------------
[2025-11-22 23:44:32] - [finetune_helper.py:316] - [INFO]: Starting training step...
[2025-11-22 23:44:39] - [finetune_helper.py:327] - [INFO]: Training step completed.
[2025-11-22 23:44:39] - [finetune_helper.py:354] - [INFO]: Starting testing step...
[2025-11-22 23:44:40] - [finetune_helper.py:370] - [INFO]: Testing step completed.
[2025-11-22 23:44:40] - [finetune_helper.py:373] - [INFO]: Appending the epoch's metrics to CSV.
[2025-11-22 23:44:40] - [finetune_helper.py:377] - [INFO]: Epoch's metrics appended successfully!
[2025-11-22 23:44:40] - [finetune_helper.py:314] - [INFO]: Epoch 20
-----------------------
[2025-11-22 23:44:40] - [finetune_helper.py:316] - [INFO]: Starting training step...
[2025-11-22 23:44:47] - [finetune_helper.py:327] - [INFO]: Training step completed.
[2025-11-22 23:44:47] - [finetune_helper.py:343] - [INFO]: Saving model checkpoint...
[2025-11-22 23:44:48] - [finetune_helper.py:351] - [INFO]: Model checkpoint saved at epoch 20/40.
[2025-11-22 23:44:48] - [finetune_helper.py:354] - [INFO]: Starting testing step...
[2025-11-22 23:44:49] - [finetune_helper.py:370] - [INFO]: Testing step completed.
[2025-11-22 23:44:49] - [finetune_helper.py:373] - [INFO]: Appending the epoch's metrics to CSV.
[2025-11-22 23:44:49] - [finetune_helper.py:377] - [INFO]: Epoch's metrics appended successfully!
[2025-11-22 23:44:49] - [finetune_helper.py:314] - [INFO]: Epoch 21
-----------------------
[2025-11-22 23:44:49] - [finetune_helper.py:316] - [INFO]: Starting training step...
[2025-11-22 23:44:56] - [finetune_helper.py:327] - [INFO]: Training step completed.
[2025-11-22 23:44:56] - [finetune_helper.py:354] - [INFO]: Starting testing step...
[2025-11-22 23:44:57] - [finetune_helper.py:370] - [INFO]: Testing step completed.
[2025-11-22 23:44:57] - [finetune_helper.py:373] - [INFO]: Appending the epoch's metrics to CSV.
[2025-11-22 23:44:57] - [finetune_helper.py:377] - [INFO]: Epoch's metrics appended successfully!
[2025-11-22 23:44:57] - [finetune_helper.py:314] - [INFO]: Epoch 22
-----------------------
[2025-11-22 23:44:57] - [finetune_helper.py:316] - [INFO]: Starting training step...
[2025-11-22 23:45:04] - [finetune_helper.py:327] - [INFO]: Training step completed.
[2025-11-22 23:45:04] - [finetune_helper.py:354] - [INFO]: Starting testing step...
[2025-11-22 23:45:05] - [finetune_helper.py:370] - [INFO]: Testing step completed.
[2025-11-22 23:45:05] - [finetune_helper.py:373] - [INFO]: Appending the epoch's metrics to CSV.
[2025-11-22 23:45:05] - [finetune_helper.py:377] - [INFO]: Epoch's metrics appended successfully!
[2025-11-22 23:45:05] - [finetune_helper.py:314] - [INFO]: Epoch 23
-----------------------
[2025-11-22 23:45:05] - [finetune_helper.py:316] - [INFO]: Starting training step...
[2025-11-22 23:45:12] - [finetune_helper.py:327] - [INFO]: Training step completed.
[2025-11-22 23:45:12] - [finetune_helper.py:354] - [INFO]: Starting testing step...
[2025-11-22 23:45:13] - [finetune_helper.py:370] - [INFO]: Testing step completed.
[2025-11-22 23:45:13] - [finetune_helper.py:373] - [INFO]: Appending the epoch's metrics to CSV.
[2025-11-22 23:45:13] - [finetune_helper.py:377] - [INFO]: Epoch's metrics appended successfully!
[2025-11-22 23:45:13] - [finetune_helper.py:314] - [INFO]: Epoch 24
-----------------------
[2025-11-22 23:45:13] - [finetune_helper.py:316] - [INFO]: Starting training step...
[2025-11-22 23:45:20] - [finetune_helper.py:327] - [INFO]: Training step completed.
[2025-11-22 23:45:20] - [finetune_helper.py:354] - [INFO]: Starting testing step...
[2025-11-22 23:45:21] - [finetune_helper.py:370] - [INFO]: Testing step completed.
[2025-11-22 23:45:21] - [finetune_helper.py:373] - [INFO]: Appending the epoch's metrics to CSV.
[2025-11-22 23:45:21] - [finetune_helper.py:377] - [INFO]: Epoch's metrics appended successfully!
[2025-11-22 23:45:21] - [finetune_helper.py:314] - [INFO]: Epoch 25
-----------------------
[2025-11-22 23:45:21] - [finetune_helper.py:316] - [INFO]: Starting training step...
[2025-11-22 23:45:28] - [finetune_helper.py:327] - [INFO]: Training step completed.
[2025-11-22 23:45:28] - [finetune_helper.py:343] - [INFO]: Saving model checkpoint...
[2025-11-22 23:45:28] - [finetune_helper.py:351] - [INFO]: Model checkpoint saved at epoch 25/40.
[2025-11-22 23:45:28] - [finetune_helper.py:354] - [INFO]: Starting testing step...
[2025-11-22 23:45:29] - [finetune_helper.py:370] - [INFO]: Testing step completed.
[2025-11-22 23:45:29] - [finetune_helper.py:373] - [INFO]: Appending the epoch's metrics to CSV.
[2025-11-22 23:45:29] - [finetune_helper.py:377] - [INFO]: Epoch's metrics appended successfully!
[2025-11-22 23:45:29] - [finetune_helper.py:314] - [INFO]: Epoch 26
-----------------------
[2025-11-22 23:45:29] - [finetune_helper.py:316] - [INFO]: Starting training step...
[2025-11-22 23:45:36] - [finetune_helper.py:327] - [INFO]: Training step completed.
[2025-11-22 23:45:36] - [finetune_helper.py:354] - [INFO]: Starting testing step...
[2025-11-22 23:45:37] - [finetune_helper.py:370] - [INFO]: Testing step completed.
[2025-11-22 23:45:37] - [finetune_helper.py:373] - [INFO]: Appending the epoch's metrics to CSV.
[2025-11-22 23:45:37] - [finetune_helper.py:377] - [INFO]: Epoch's metrics appended successfully!
[2025-11-22 23:45:37] - [finetune_helper.py:314] - [INFO]: Epoch 27
-----------------------
[2025-11-22 23:45:37] - [finetune_helper.py:316] - [INFO]: Starting training step...
[2025-11-22 23:45:44] - [finetune_helper.py:327] - [INFO]: Training step completed.
[2025-11-22 23:45:44] - [finetune_helper.py:354] - [INFO]: Starting testing step...
[2025-11-22 23:45:45] - [finetune_helper.py:370] - [INFO]: Testing step completed.
[2025-11-22 23:45:45] - [finetune_helper.py:373] - [INFO]: Appending the epoch's metrics to CSV.
[2025-11-22 23:45:45] - [finetune_helper.py:377] - [INFO]: Epoch's metrics appended successfully!
[2025-11-22 23:45:45] - [finetune_helper.py:314] - [INFO]: Epoch 28
-----------------------
[2025-11-22 23:45:45] - [finetune_helper.py:316] - [INFO]: Starting training step...
[2025-11-22 23:45:52] - [finetune_helper.py:327] - [INFO]: Training step completed.
[2025-11-22 23:45:52] - [finetune_helper.py:354] - [INFO]: Starting testing step...
[2025-11-22 23:45:53] - [finetune_helper.py:370] - [INFO]: Testing step completed.
[2025-11-22 23:45:53] - [finetune_helper.py:373] - [INFO]: Appending the epoch's metrics to CSV.
[2025-11-22 23:45:53] - [finetune_helper.py:377] - [INFO]: Epoch's metrics appended successfully!
[2025-11-22 23:45:53] - [finetune_helper.py:314] - [INFO]: Epoch 29
-----------------------
[2025-11-22 23:45:53] - [finetune_helper.py:316] - [INFO]: Starting training step...
[2025-11-22 23:46:00] - [finetune_helper.py:327] - [INFO]: Training step completed.
[2025-11-22 23:46:00] - [finetune_helper.py:354] - [INFO]: Starting testing step...
[2025-11-22 23:46:01] - [finetune_helper.py:370] - [INFO]: Testing step completed.
[2025-11-22 23:46:01] - [finetune_helper.py:373] - [INFO]: Appending the epoch's metrics to CSV.
[2025-11-22 23:46:01] - [finetune_helper.py:377] - [INFO]: Epoch's metrics appended successfully!
[2025-11-22 23:46:01] - [finetune_helper.py:314] - [INFO]: Epoch 30
-----------------------
[2025-11-22 23:46:01] - [finetune_helper.py:316] - [INFO]: Starting training step...
[2025-11-22 23:46:08] - [finetune_helper.py:327] - [INFO]: Training step completed.
[2025-11-22 23:46:08] - [finetune_helper.py:343] - [INFO]: Saving model checkpoint...
[2025-11-22 23:46:09] - [finetune_helper.py:351] - [INFO]: Model checkpoint saved at epoch 30/40.
[2025-11-22 23:46:09] - [finetune_helper.py:354] - [INFO]: Starting testing step...
[2025-11-22 23:46:10] - [finetune_helper.py:370] - [INFO]: Testing step completed.
[2025-11-22 23:46:10] - [finetune_helper.py:373] - [INFO]: Appending the epoch's metrics to CSV.
[2025-11-22 23:46:10] - [finetune_helper.py:377] - [INFO]: Epoch's metrics appended successfully!
[2025-11-22 23:46:10] - [finetune_helper.py:314] - [INFO]: Epoch 31
-----------------------
[2025-11-22 23:46:10] - [finetune_helper.py:316] - [INFO]: Starting training step...
[2025-11-22 23:46:17] - [finetune_helper.py:327] - [INFO]: Training step completed.
[2025-11-22 23:46:17] - [finetune_helper.py:354] - [INFO]: Starting testing step...
[2025-11-22 23:46:18] - [finetune_helper.py:370] - [INFO]: Testing step completed.
[2025-11-22 23:46:18] - [finetune_helper.py:373] - [INFO]: Appending the epoch's metrics to CSV.
[2025-11-22 23:46:18] - [finetune_helper.py:377] - [INFO]: Epoch's metrics appended successfully!
[2025-11-22 23:46:18] - [finetune_helper.py:314] - [INFO]: Epoch 32
-----------------------
[2025-11-22 23:46:18] - [finetune_helper.py:316] - [INFO]: Starting training step...
[2025-11-22 23:46:25] - [finetune_helper.py:327] - [INFO]: Training step completed.
[2025-11-22 23:46:25] - [finetune_helper.py:354] - [INFO]: Starting testing step...
[2025-11-22 23:46:26] - [finetune_helper.py:370] - [INFO]: Testing step completed.
[2025-11-22 23:46:26] - [finetune_helper.py:373] - [INFO]: Appending the epoch's metrics to CSV.
[2025-11-22 23:46:26] - [finetune_helper.py:377] - [INFO]: Epoch's metrics appended successfully!
[2025-11-22 23:46:26] - [finetune_helper.py:314] - [INFO]: Epoch 33
-----------------------
[2025-11-22 23:46:26] - [finetune_helper.py:316] - [INFO]: Starting training step...
[2025-11-22 23:46:33] - [finetune_helper.py:327] - [INFO]: Training step completed.
[2025-11-22 23:46:33] - [finetune_helper.py:354] - [INFO]: Starting testing step...
[2025-11-22 23:46:34] - [finetune_helper.py:370] - [INFO]: Testing step completed.
[2025-11-22 23:46:34] - [finetune_helper.py:373] - [INFO]: Appending the epoch's metrics to CSV.
[2025-11-22 23:46:34] - [finetune_helper.py:377] - [INFO]: Epoch's metrics appended successfully!
[2025-11-22 23:46:34] - [finetune_helper.py:314] - [INFO]: Epoch 34
-----------------------
[2025-11-22 23:46:34] - [finetune_helper.py:316] - [INFO]: Starting training step...
[2025-11-22 23:46:41] - [finetune_helper.py:327] - [INFO]: Training step completed.
[2025-11-22 23:46:41] - [finetune_helper.py:354] - [INFO]: Starting testing step...
[2025-11-22 23:46:42] - [finetune_helper.py:370] - [INFO]: Testing step completed.
[2025-11-22 23:46:42] - [finetune_helper.py:373] - [INFO]: Appending the epoch's metrics to CSV.
[2025-11-22 23:46:42] - [finetune_helper.py:377] - [INFO]: Epoch's metrics appended successfully!
[2025-11-22 23:46:42] - [finetune_helper.py:314] - [INFO]: Epoch 35
-----------------------
[2025-11-22 23:46:42] - [finetune_helper.py:316] - [INFO]: Starting training step...
[2025-11-22 23:46:49] - [finetune_helper.py:327] - [INFO]: Training step completed.
[2025-11-22 23:46:49] - [finetune_helper.py:343] - [INFO]: Saving model checkpoint...
[2025-11-22 23:46:50] - [finetune_helper.py:351] - [INFO]: Model checkpoint saved at epoch 35/40.
[2025-11-22 23:46:50] - [finetune_helper.py:354] - [INFO]: Starting testing step...
[2025-11-22 23:46:51] - [finetune_helper.py:370] - [INFO]: Testing step completed.
[2025-11-22 23:46:51] - [finetune_helper.py:373] - [INFO]: Appending the epoch's metrics to CSV.
[2025-11-22 23:46:51] - [finetune_helper.py:377] - [INFO]: Epoch's metrics appended successfully!
[2025-11-22 23:46:51] - [finetune_helper.py:314] - [INFO]: Epoch 36
-----------------------
[2025-11-22 23:46:51] - [finetune_helper.py:316] - [INFO]: Starting training step...
[2025-11-22 23:46:58] - [finetune_helper.py:327] - [INFO]: Training step completed.
[2025-11-22 23:46:58] - [finetune_helper.py:354] - [INFO]: Starting testing step...
[2025-11-22 23:46:59] - [finetune_helper.py:370] - [INFO]: Testing step completed.
[2025-11-22 23:46:59] - [finetune_helper.py:373] - [INFO]: Appending the epoch's metrics to CSV.
[2025-11-22 23:46:59] - [finetune_helper.py:377] - [INFO]: Epoch's metrics appended successfully!
[2025-11-22 23:46:59] - [finetune_helper.py:314] - [INFO]: Epoch 37
-----------------------
[2025-11-22 23:46:59] - [finetune_helper.py:316] - [INFO]: Starting training step...
[2025-11-22 23:47:06] - [finetune_helper.py:327] - [INFO]: Training step completed.
[2025-11-22 23:47:06] - [finetune_helper.py:354] - [INFO]: Starting testing step...
[2025-11-22 23:47:07] - [finetune_helper.py:370] - [INFO]: Testing step completed.
[2025-11-22 23:47:07] - [finetune_helper.py:373] - [INFO]: Appending the epoch's metrics to CSV.
[2025-11-22 23:47:07] - [finetune_helper.py:377] - [INFO]: Epoch's metrics appended successfully!
[2025-11-22 23:47:07] - [finetune_helper.py:314] - [INFO]: Epoch 38
-----------------------
[2025-11-22 23:47:07] - [finetune_helper.py:316] - [INFO]: Starting training step...
[2025-11-22 23:47:14] - [finetune_helper.py:327] - [INFO]: Training step completed.
[2025-11-22 23:47:14] - [finetune_helper.py:354] - [INFO]: Starting testing step...
[2025-11-22 23:47:15] - [finetune_helper.py:370] - [INFO]: Testing step completed.
[2025-11-22 23:47:15] - [finetune_helper.py:373] - [INFO]: Appending the epoch's metrics to CSV.
[2025-11-22 23:47:15] - [finetune_helper.py:377] - [INFO]: Epoch's metrics appended successfully!
[2025-11-22 23:47:15] - [finetune_helper.py:314] - [INFO]: Epoch 39
-----------------------
[2025-11-22 23:47:15] - [finetune_helper.py:316] - [INFO]: Starting training step...
[2025-11-22 23:47:22] - [finetune_helper.py:327] - [INFO]: Training step completed.
[2025-11-22 23:47:22] - [finetune_helper.py:354] - [INFO]: Starting testing step...
[2025-11-22 23:47:23] - [finetune_helper.py:370] - [INFO]: Testing step completed.
[2025-11-22 23:47:23] - [finetune_helper.py:373] - [INFO]: Appending the epoch's metrics to CSV.
[2025-11-22 23:47:23] - [finetune_helper.py:377] - [INFO]: Epoch's metrics appended successfully!
[2025-11-22 23:47:23] - [finetune_helper.py:314] - [INFO]: Epoch 40
-----------------------
[2025-11-22 23:47:23] - [finetune_helper.py:316] - [INFO]: Starting training step...
[2025-11-22 23:47:30] - [finetune_helper.py:327] - [INFO]: Training step completed.
[2025-11-22 23:47:30] - [finetune_helper.py:343] - [INFO]: Saving model checkpoint...
[2025-11-22 23:47:31] - [finetune_helper.py:351] - [INFO]: Model checkpoint saved at epoch 40/40.
[2025-11-22 23:47:31] - [finetune_helper.py:354] - [INFO]: Starting testing step...
[2025-11-22 23:47:32] - [finetune_helper.py:370] - [INFO]: Testing step completed.
[2025-11-22 23:47:32] - [finetune_helper.py:373] - [INFO]: Appending the epoch's metrics to CSV.
[2025-11-22 23:47:32] - [finetune_helper.py:377] - [INFO]: Epoch's metrics appended successfully!
