[2025-12-07 23:41:57] - [trainer.py:39] - [INFO]: Starting Training Two Stage Group Activity Temporal Classifier on Features' Dataset (Player-level then frame-level)...
[2025-12-07 23:41:57] - [finetune_utils.py:55] - [INFO]: Setting all seeds...
[2025-12-07 23:41:57] - [finetune_utils.py:105] - [INFO]: Using device: cuda
[2025-12-07 23:41:57] - [FeaturesDataset.py:54] - [INFO]: Initializing Features Dataset...
[2025-12-07 23:41:57] - [FeaturesDataset.py:74] - [INFO]: Collecting Images' features and labels...
[2025-12-07 23:42:36] - [FeaturesDataset.py:56] - [INFO]: Features Dataset Initialized with 2183 Samples!
[2025-12-07 23:42:36] - [FeaturesDataset.py:54] - [INFO]: Initializing Features Dataset...
[2025-12-07 23:42:36] - [FeaturesDataset.py:74] - [INFO]: Collecting Images' features and labels...
[2025-12-07 23:42:45] - [FeaturesDataset.py:56] - [INFO]: Features Dataset Initialized with 1266 Samples!
[2025-12-07 23:42:45] - [baseline7.py:60] - [INFO]: Initializing Two Stage Activity Temporal Classifier...
[2025-12-07 23:42:45] - [baseline7.py:84] - [INFO]: Model Initialized Successfully!
[2025-12-07 23:42:45] - [finetune_utils.py:35] - [INFO]: Creating optimizer...
[2025-12-07 23:42:45] - [finetune_utils.py:37] - [INFO]: Optimizer created: AdamW Optimizer.
[2025-12-07 23:42:45] - [finetune_utils.py:38] - [INFO]: Initial Learning Rate: 0.0001.
[2025-12-07 23:42:45] - [finetune_utils.py:43] - [INFO]: Creating Scheduler...
[2025-12-07 23:42:45] - [finetune_utils.py:45] - [INFO]: Scheduler Created Successfully!
[2025-12-07 23:42:45] - [finetune_utils.py:134] - [INFO]: Starting Training and Testing with number of epochs = 40
[2025-12-07 23:42:45] - [finetune_utils.py:137] - [INFO]: Opening a CSV file to log training metrics.
[2025-12-07 23:42:45] - [finetune_utils.py:148] - [INFO]: Epoch 1
-----------------------
[2025-12-07 23:42:45] - [finetune_utils.py:151] - [INFO]: Starting training step...
[2025-12-07 23:42:55] - [train_utils.py:68] - [INFO]: Train Loss: 1.48804 | Train Accuracy: 47.43%
[2025-12-07 23:42:55] - [finetune_utils.py:162] - [INFO]: Training step completed.
[2025-12-07 23:42:55] - [finetune_utils.py:165] - [INFO]: Starting Validation step...
[2025-12-07 23:42:57] - [val_utils.py:74] - [INFO]: Validation Loss: 0.77241 | Validation Accuracy: 73.93% | Validation F1-score: 0.7354906797409058

[2025-12-07 23:42:57] - [finetune_utils.py:175] - [INFO]: Validation step completed.
[2025-12-07 23:42:57] - [finetune_utils.py:186] - [INFO]: New BEST accuracy: 73.9336. Saving best model...
[2025-12-07 23:42:57] - [finetune_utils.py:200] - [INFO]: Best model saved successfully!
[2025-12-07 23:42:57] - [finetune_utils.py:203] - [INFO]: Appending the epoch's metrics to CSV.
[2025-12-07 23:42:57] - [finetune_utils.py:207] - [INFO]: Epoch's metrics appended successfully!
[2025-12-07 23:42:57] - [finetune_utils.py:148] - [INFO]: Epoch 2
-----------------------
[2025-12-07 23:42:57] - [finetune_utils.py:151] - [INFO]: Starting training step...
[2025-12-07 23:43:06] - [train_utils.py:68] - [INFO]: Train Loss: 1.17232 | Train Accuracy: 63.98%
[2025-12-07 23:43:06] - [finetune_utils.py:162] - [INFO]: Training step completed.
[2025-12-07 23:43:06] - [finetune_utils.py:165] - [INFO]: Starting Validation step...
[2025-12-07 23:43:08] - [val_utils.py:74] - [INFO]: Validation Loss: 0.76691 | Validation Accuracy: 70.22% | Validation F1-score: 0.6827096939086914

[2025-12-07 23:43:08] - [finetune_utils.py:175] - [INFO]: Validation step completed.
[2025-12-07 23:43:08] - [finetune_utils.py:203] - [INFO]: Appending the epoch's metrics to CSV.
[2025-12-07 23:43:08] - [finetune_utils.py:207] - [INFO]: Epoch's metrics appended successfully!
[2025-12-07 23:43:08] - [finetune_utils.py:148] - [INFO]: Epoch 3
-----------------------
[2025-12-07 23:43:08] - [finetune_utils.py:151] - [INFO]: Starting training step...
[2025-12-07 23:43:17] - [train_utils.py:68] - [INFO]: Train Loss: 1.04022 | Train Accuracy: 68.70%
[2025-12-07 23:43:17] - [finetune_utils.py:162] - [INFO]: Training step completed.
[2025-12-07 23:43:17] - [finetune_utils.py:165] - [INFO]: Starting Validation step...
[2025-12-07 23:43:18] - [val_utils.py:74] - [INFO]: Validation Loss: 0.65386 | Validation Accuracy: 78.75% | Validation F1-score: 0.7859777808189392

[2025-12-07 23:43:18] - [finetune_utils.py:175] - [INFO]: Validation step completed.
[2025-12-07 23:43:18] - [finetune_utils.py:186] - [INFO]: New BEST accuracy: 78.7520. Saving best model...
[2025-12-07 23:43:19] - [finetune_utils.py:200] - [INFO]: Best model saved successfully!
[2025-12-07 23:43:19] - [finetune_utils.py:203] - [INFO]: Appending the epoch's metrics to CSV.
[2025-12-07 23:43:19] - [finetune_utils.py:207] - [INFO]: Epoch's metrics appended successfully!
[2025-12-07 23:43:19] - [finetune_utils.py:148] - [INFO]: Epoch 4
-----------------------
[2025-12-07 23:43:19] - [finetune_utils.py:151] - [INFO]: Starting training step...
[2025-12-07 23:43:27] - [train_utils.py:68] - [INFO]: Train Loss: 0.87789 | Train Accuracy: 74.89%
[2025-12-07 23:43:27] - [finetune_utils.py:162] - [INFO]: Training step completed.
[2025-12-07 23:43:27] - [finetune_utils.py:165] - [INFO]: Starting Validation step...
[2025-12-07 23:43:29] - [val_utils.py:74] - [INFO]: Validation Loss: 0.54717 | Validation Accuracy: 80.25% | Validation F1-score: 0.7890274524688721

[2025-12-07 23:43:29] - [finetune_utils.py:175] - [INFO]: Validation step completed.
[2025-12-07 23:43:29] - [finetune_utils.py:186] - [INFO]: New BEST accuracy: 80.2528. Saving best model...
[2025-12-07 23:43:29] - [finetune_utils.py:200] - [INFO]: Best model saved successfully!
[2025-12-07 23:43:29] - [finetune_utils.py:203] - [INFO]: Appending the epoch's metrics to CSV.
[2025-12-07 23:43:29] - [finetune_utils.py:207] - [INFO]: Epoch's metrics appended successfully!
[2025-12-07 23:43:29] - [finetune_utils.py:148] - [INFO]: Epoch 5
-----------------------
[2025-12-07 23:43:29] - [finetune_utils.py:151] - [INFO]: Starting training step...
[2025-12-07 23:43:38] - [train_utils.py:68] - [INFO]: Train Loss: 0.92044 | Train Accuracy: 74.84%
[2025-12-07 23:43:38] - [finetune_utils.py:162] - [INFO]: Training step completed.
[2025-12-07 23:43:38] - [finetune_utils.py:165] - [INFO]: Starting Validation step...
[2025-12-07 23:43:40] - [val_utils.py:74] - [INFO]: Validation Loss: 0.59303 | Validation Accuracy: 78.44% | Validation F1-score: 0.785507082939148

[2025-12-07 23:43:40] - [finetune_utils.py:175] - [INFO]: Validation step completed.
[2025-12-07 23:43:40] - [finetune_utils.py:203] - [INFO]: Appending the epoch's metrics to CSV.
[2025-12-07 23:43:40] - [finetune_utils.py:207] - [INFO]: Epoch's metrics appended successfully!
[2025-12-07 23:43:40] - [finetune_utils.py:148] - [INFO]: Epoch 6
-----------------------
[2025-12-07 23:43:40] - [finetune_utils.py:151] - [INFO]: Starting training step...
[2025-12-07 23:43:49] - [train_utils.py:68] - [INFO]: Train Loss: 0.79521 | Train Accuracy: 78.78%
[2025-12-07 23:43:49] - [finetune_utils.py:162] - [INFO]: Training step completed.
[2025-12-07 23:43:49] - [finetune_utils.py:165] - [INFO]: Starting Validation step...
[2025-12-07 23:43:50] - [val_utils.py:74] - [INFO]: Validation Loss: 0.59936 | Validation Accuracy: 80.17% | Validation F1-score: 0.7899891138076782

[2025-12-07 23:43:50] - [finetune_utils.py:175] - [INFO]: Validation step completed.
[2025-12-07 23:43:50] - [finetune_utils.py:203] - [INFO]: Appending the epoch's metrics to CSV.
[2025-12-07 23:43:50] - [finetune_utils.py:207] - [INFO]: Epoch's metrics appended successfully!
[2025-12-07 23:43:50] - [finetune_utils.py:148] - [INFO]: Epoch 7
-----------------------
[2025-12-07 23:43:50] - [finetune_utils.py:151] - [INFO]: Starting training step...
[2025-12-07 23:43:59] - [train_utils.py:68] - [INFO]: Train Loss: 0.79179 | Train Accuracy: 79.19%
[2025-12-07 23:43:59] - [finetune_utils.py:162] - [INFO]: Training step completed.
[2025-12-07 23:43:59] - [finetune_utils.py:165] - [INFO]: Starting Validation step...
[2025-12-07 23:44:01] - [val_utils.py:74] - [INFO]: Validation Loss: 0.52761 | Validation Accuracy: 81.52% | Validation F1-score: 0.8029934763908386

[2025-12-07 23:44:01] - [finetune_utils.py:175] - [INFO]: Validation step completed.
[2025-12-07 23:44:01] - [finetune_utils.py:186] - [INFO]: New BEST accuracy: 81.5166. Saving best model...
[2025-12-07 23:44:01] - [finetune_utils.py:200] - [INFO]: Best model saved successfully!
[2025-12-07 23:44:01] - [finetune_utils.py:203] - [INFO]: Appending the epoch's metrics to CSV.
[2025-12-07 23:44:01] - [finetune_utils.py:207] - [INFO]: Epoch's metrics appended successfully!
[2025-12-07 23:44:01] - [finetune_utils.py:148] - [INFO]: Epoch 8
-----------------------
[2025-12-07 23:44:01] - [finetune_utils.py:151] - [INFO]: Starting training step...
[2025-12-07 23:44:10] - [train_utils.py:68] - [INFO]: Train Loss: 0.81191 | Train Accuracy: 78.87%
[2025-12-07 23:44:10] - [finetune_utils.py:162] - [INFO]: Training step completed.
[2025-12-07 23:44:10] - [finetune_utils.py:165] - [INFO]: Starting Validation step...
[2025-12-07 23:44:12] - [val_utils.py:74] - [INFO]: Validation Loss: 0.65301 | Validation Accuracy: 79.62% | Validation F1-score: 0.7981604337692261

[2025-12-07 23:44:12] - [finetune_utils.py:175] - [INFO]: Validation step completed.
[2025-12-07 23:44:12] - [finetune_utils.py:203] - [INFO]: Appending the epoch's metrics to CSV.
[2025-12-07 23:44:12] - [finetune_utils.py:207] - [INFO]: Epoch's metrics appended successfully!
[2025-12-07 23:44:12] - [finetune_utils.py:148] - [INFO]: Epoch 9
-----------------------
[2025-12-07 23:44:12] - [finetune_utils.py:151] - [INFO]: Starting training step...
[2025-12-07 23:44:20] - [train_utils.py:68] - [INFO]: Train Loss: 0.73469 | Train Accuracy: 81.90%
[2025-12-07 23:44:20] - [finetune_utils.py:162] - [INFO]: Training step completed.
[2025-12-07 23:44:20] - [finetune_utils.py:165] - [INFO]: Starting Validation step...
[2025-12-07 23:44:22] - [val_utils.py:74] - [INFO]: Validation Loss: 0.57311 | Validation Accuracy: 81.83% | Validation F1-score: 0.8161383867263794

[2025-12-07 23:44:22] - [finetune_utils.py:175] - [INFO]: Validation step completed.
[2025-12-07 23:44:22] - [finetune_utils.py:186] - [INFO]: New BEST accuracy: 81.8325. Saving best model...
[2025-12-07 23:44:22] - [finetune_utils.py:200] - [INFO]: Best model saved successfully!
[2025-12-07 23:44:22] - [finetune_utils.py:203] - [INFO]: Appending the epoch's metrics to CSV.
[2025-12-07 23:44:22] - [finetune_utils.py:207] - [INFO]: Epoch's metrics appended successfully!
[2025-12-07 23:44:22] - [finetune_utils.py:148] - [INFO]: Epoch 10
-----------------------
[2025-12-07 23:44:22] - [finetune_utils.py:151] - [INFO]: Starting training step...
[2025-12-07 23:44:31] - [train_utils.py:68] - [INFO]: Train Loss: 0.71789 | Train Accuracy: 82.40%
[2025-12-07 23:44:31] - [finetune_utils.py:162] - [INFO]: Training step completed.
[2025-12-07 23:44:31] - [finetune_utils.py:165] - [INFO]: Starting Validation step...
[2025-12-07 23:44:33] - [val_utils.py:74] - [INFO]: Validation Loss: 0.54557 | Validation Accuracy: 81.99% | Validation F1-score: 0.8208380341529846

[2025-12-07 23:44:33] - [finetune_utils.py:175] - [INFO]: Validation step completed.
[2025-12-07 23:44:33] - [finetune_utils.py:186] - [INFO]: New BEST accuracy: 81.9905. Saving best model...
[2025-12-07 23:44:33] - [finetune_utils.py:200] - [INFO]: Best model saved successfully!
[2025-12-07 23:44:33] - [finetune_utils.py:203] - [INFO]: Appending the epoch's metrics to CSV.
[2025-12-07 23:44:33] - [finetune_utils.py:207] - [INFO]: Epoch's metrics appended successfully!
[2025-12-07 23:44:33] - [finetune_utils.py:148] - [INFO]: Epoch 11
-----------------------
[2025-12-07 23:44:33] - [finetune_utils.py:151] - [INFO]: Starting training step...
[2025-12-07 23:44:42] - [train_utils.py:68] - [INFO]: Train Loss: 0.71023 | Train Accuracy: 82.58%
[2025-12-07 23:44:42] - [finetune_utils.py:162] - [INFO]: Training step completed.
[2025-12-07 23:44:42] - [finetune_utils.py:165] - [INFO]: Starting Validation step...
[2025-12-07 23:44:43] - [val_utils.py:74] - [INFO]: Validation Loss: 0.57049 | Validation Accuracy: 80.96% | Validation F1-score: 0.8114346861839294

[2025-12-07 23:44:43] - [finetune_utils.py:175] - [INFO]: Validation step completed.
[2025-12-07 23:44:43] - [finetune_utils.py:203] - [INFO]: Appending the epoch's metrics to CSV.
[2025-12-07 23:44:43] - [finetune_utils.py:207] - [INFO]: Epoch's metrics appended successfully!
[2025-12-07 23:44:43] - [finetune_utils.py:148] - [INFO]: Epoch 12
-----------------------
[2025-12-07 23:44:43] - [finetune_utils.py:151] - [INFO]: Starting training step...
[2025-12-07 23:44:52] - [train_utils.py:68] - [INFO]: Train Loss: 0.63438 | Train Accuracy: 86.02%
[2025-12-07 23:44:52] - [finetune_utils.py:162] - [INFO]: Training step completed.
[2025-12-07 23:44:52] - [finetune_utils.py:165] - [INFO]: Starting Validation step...
[2025-12-07 23:44:54] - [val_utils.py:74] - [INFO]: Validation Loss: 0.50100 | Validation Accuracy: 83.18% | Validation F1-score: 0.8324195146560669

[2025-12-07 23:44:54] - [finetune_utils.py:175] - [INFO]: Validation step completed.
[2025-12-07 23:44:54] - [finetune_utils.py:186] - [INFO]: New BEST accuracy: 83.1754. Saving best model...
[2025-12-07 23:44:54] - [finetune_utils.py:200] - [INFO]: Best model saved successfully!
[2025-12-07 23:44:54] - [finetune_utils.py:203] - [INFO]: Appending the epoch's metrics to CSV.
[2025-12-07 23:44:54] - [finetune_utils.py:207] - [INFO]: Epoch's metrics appended successfully!
[2025-12-07 23:44:54] - [finetune_utils.py:148] - [INFO]: Epoch 13
-----------------------
[2025-12-07 23:44:54] - [finetune_utils.py:151] - [INFO]: Starting training step...
[2025-12-07 23:45:03] - [train_utils.py:68] - [INFO]: Train Loss: 0.57721 | Train Accuracy: 86.85%
[2025-12-07 23:45:03] - [finetune_utils.py:162] - [INFO]: Training step completed.
[2025-12-07 23:45:03] - [finetune_utils.py:165] - [INFO]: Starting Validation step...
[2025-12-07 23:45:05] - [val_utils.py:74] - [INFO]: Validation Loss: 0.49094 | Validation Accuracy: 84.52% | Validation F1-score: 0.8451600074768066

[2025-12-07 23:45:05] - [finetune_utils.py:175] - [INFO]: Validation step completed.
[2025-12-07 23:45:05] - [finetune_utils.py:186] - [INFO]: New BEST accuracy: 84.5182. Saving best model...
[2025-12-07 23:45:06] - [finetune_utils.py:200] - [INFO]: Best model saved successfully!
[2025-12-07 23:45:06] - [finetune_utils.py:203] - [INFO]: Appending the epoch's metrics to CSV.
[2025-12-07 23:45:06] - [finetune_utils.py:207] - [INFO]: Epoch's metrics appended successfully!
[2025-12-07 23:45:06] - [finetune_utils.py:148] - [INFO]: Epoch 14
-----------------------
[2025-12-07 23:45:06] - [finetune_utils.py:151] - [INFO]: Starting training step...
[2025-12-07 23:45:15] - [train_utils.py:68] - [INFO]: Train Loss: 0.58356 | Train Accuracy: 87.31%
[2025-12-07 23:45:15] - [finetune_utils.py:162] - [INFO]: Training step completed.
[2025-12-07 23:45:15] - [finetune_utils.py:165] - [INFO]: Starting Validation step...
[2025-12-07 23:45:17] - [val_utils.py:74] - [INFO]: Validation Loss: 0.51008 | Validation Accuracy: 84.36% | Validation F1-score: 0.8438258171081543

[2025-12-07 23:45:17] - [finetune_utils.py:175] - [INFO]: Validation step completed.
[2025-12-07 23:45:17] - [finetune_utils.py:203] - [INFO]: Appending the epoch's metrics to CSV.
[2025-12-07 23:45:17] - [finetune_utils.py:207] - [INFO]: Epoch's metrics appended successfully!
[2025-12-07 23:45:17] - [finetune_utils.py:148] - [INFO]: Epoch 15
-----------------------
[2025-12-07 23:45:17] - [finetune_utils.py:151] - [INFO]: Starting training step...
[2025-12-07 23:45:25] - [train_utils.py:68] - [INFO]: Train Loss: 0.54757 | Train Accuracy: 87.81%
[2025-12-07 23:45:25] - [finetune_utils.py:162] - [INFO]: Training step completed.
[2025-12-07 23:45:25] - [finetune_utils.py:165] - [INFO]: Starting Validation step...
[2025-12-07 23:45:27] - [val_utils.py:74] - [INFO]: Validation Loss: 0.50024 | Validation Accuracy: 83.49% | Validation F1-score: 0.8349496722221375

[2025-12-07 23:45:27] - [finetune_utils.py:175] - [INFO]: Validation step completed.
[2025-12-07 23:45:27] - [finetune_utils.py:203] - [INFO]: Appending the epoch's metrics to CSV.
[2025-12-07 23:45:27] - [finetune_utils.py:207] - [INFO]: Epoch's metrics appended successfully!
[2025-12-07 23:45:27] - [finetune_utils.py:148] - [INFO]: Epoch 16
-----------------------
[2025-12-07 23:45:27] - [finetune_utils.py:151] - [INFO]: Starting training step...
[2025-12-07 23:45:36] - [train_utils.py:68] - [INFO]: Train Loss: 0.55234 | Train Accuracy: 87.58%
[2025-12-07 23:45:36] - [finetune_utils.py:162] - [INFO]: Training step completed.
[2025-12-07 23:45:36] - [finetune_utils.py:165] - [INFO]: Starting Validation step...
[2025-12-07 23:45:38] - [val_utils.py:74] - [INFO]: Validation Loss: 0.50160 | Validation Accuracy: 84.44% | Validation F1-score: 0.8444870710372925

[2025-12-07 23:45:38] - [finetune_utils.py:175] - [INFO]: Validation step completed.
[2025-12-07 23:45:38] - [finetune_utils.py:203] - [INFO]: Appending the epoch's metrics to CSV.
[2025-12-07 23:45:38] - [finetune_utils.py:207] - [INFO]: Epoch's metrics appended successfully!
[2025-12-07 23:45:38] - [finetune_utils.py:148] - [INFO]: Epoch 17
-----------------------
[2025-12-07 23:45:38] - [finetune_utils.py:151] - [INFO]: Starting training step...
[2025-12-07 23:45:46] - [train_utils.py:68] - [INFO]: Train Loss: 0.51534 | Train Accuracy: 88.36%
[2025-12-07 23:45:46] - [finetune_utils.py:162] - [INFO]: Training step completed.
[2025-12-07 23:45:46] - [finetune_utils.py:165] - [INFO]: Starting Validation step...
[2025-12-07 23:45:48] - [val_utils.py:74] - [INFO]: Validation Loss: 0.51215 | Validation Accuracy: 83.97% | Validation F1-score: 0.8404826521873474

[2025-12-07 23:45:48] - [finetune_utils.py:175] - [INFO]: Validation step completed.
[2025-12-07 23:45:48] - [finetune_utils.py:203] - [INFO]: Appending the epoch's metrics to CSV.
[2025-12-07 23:45:48] - [finetune_utils.py:207] - [INFO]: Epoch's metrics appended successfully!
[2025-12-07 23:45:48] - [finetune_utils.py:148] - [INFO]: Epoch 18
-----------------------
[2025-12-07 23:45:48] - [finetune_utils.py:151] - [INFO]: Starting training step...
[2025-12-07 23:45:57] - [train_utils.py:68] - [INFO]: Train Loss: 0.51452 | Train Accuracy: 88.54%
[2025-12-07 23:45:57] - [finetune_utils.py:162] - [INFO]: Training step completed.
[2025-12-07 23:45:57] - [finetune_utils.py:165] - [INFO]: Starting Validation step...
[2025-12-07 23:45:59] - [val_utils.py:74] - [INFO]: Validation Loss: 0.48275 | Validation Accuracy: 84.60% | Validation F1-score: 0.8471280336380005

[2025-12-07 23:45:59] - [finetune_utils.py:175] - [INFO]: Validation step completed.
[2025-12-07 23:45:59] - [finetune_utils.py:186] - [INFO]: New BEST accuracy: 84.5972. Saving best model...
[2025-12-07 23:45:59] - [finetune_utils.py:200] - [INFO]: Best model saved successfully!
[2025-12-07 23:45:59] - [finetune_utils.py:203] - [INFO]: Appending the epoch's metrics to CSV.
[2025-12-07 23:45:59] - [finetune_utils.py:207] - [INFO]: Epoch's metrics appended successfully!
[2025-12-07 23:45:59] - [finetune_utils.py:148] - [INFO]: Epoch 19
-----------------------
[2025-12-07 23:45:59] - [finetune_utils.py:151] - [INFO]: Starting training step...
[2025-12-07 23:46:08] - [train_utils.py:68] - [INFO]: Train Loss: 0.59429 | Train Accuracy: 86.25%
[2025-12-07 23:46:08] - [finetune_utils.py:162] - [INFO]: Training step completed.
[2025-12-07 23:46:08] - [finetune_utils.py:165] - [INFO]: Starting Validation step...
[2025-12-07 23:46:10] - [val_utils.py:74] - [INFO]: Validation Loss: 0.48493 | Validation Accuracy: 84.99% | Validation F1-score: 0.8508577942848206

[2025-12-07 23:46:10] - [finetune_utils.py:175] - [INFO]: Validation step completed.
[2025-12-07 23:46:10] - [finetune_utils.py:186] - [INFO]: New BEST accuracy: 84.9921. Saving best model...
[2025-12-07 23:46:10] - [finetune_utils.py:200] - [INFO]: Best model saved successfully!
[2025-12-07 23:46:10] - [finetune_utils.py:203] - [INFO]: Appending the epoch's metrics to CSV.
[2025-12-07 23:46:10] - [finetune_utils.py:207] - [INFO]: Epoch's metrics appended successfully!
[2025-12-07 23:46:10] - [finetune_utils.py:148] - [INFO]: Epoch 20
-----------------------
[2025-12-07 23:46:10] - [finetune_utils.py:151] - [INFO]: Starting training step...
[2025-12-07 23:46:19] - [train_utils.py:68] - [INFO]: Train Loss: 0.49521 | Train Accuracy: 88.50%
[2025-12-07 23:46:19] - [finetune_utils.py:162] - [INFO]: Training step completed.
[2025-12-07 23:46:19] - [finetune_utils.py:165] - [INFO]: Starting Validation step...
[2025-12-07 23:46:21] - [val_utils.py:74] - [INFO]: Validation Loss: 0.52108 | Validation Accuracy: 83.97% | Validation F1-score: 0.8406420946121216

[2025-12-07 23:46:21] - [finetune_utils.py:175] - [INFO]: Validation step completed.
[2025-12-07 23:46:21] - [finetune_utils.py:203] - [INFO]: Appending the epoch's metrics to CSV.
[2025-12-07 23:46:21] - [finetune_utils.py:207] - [INFO]: Epoch's metrics appended successfully!
[2025-12-07 23:46:21] - [finetune_utils.py:148] - [INFO]: Epoch 21
-----------------------
[2025-12-07 23:46:21] - [finetune_utils.py:151] - [INFO]: Starting training step...
[2025-12-07 23:46:30] - [train_utils.py:68] - [INFO]: Train Loss: 0.54781 | Train Accuracy: 87.72%
[2025-12-07 23:46:30] - [finetune_utils.py:162] - [INFO]: Training step completed.
[2025-12-07 23:46:30] - [finetune_utils.py:165] - [INFO]: Starting Validation step...
[2025-12-07 23:46:31] - [val_utils.py:74] - [INFO]: Validation Loss: 0.47600 | Validation Accuracy: 85.23% | Validation F1-score: 0.8530872464179993

[2025-12-07 23:46:31] - [finetune_utils.py:175] - [INFO]: Validation step completed.
[2025-12-07 23:46:31] - [finetune_utils.py:186] - [INFO]: New BEST accuracy: 85.2291. Saving best model...
[2025-12-07 23:46:32] - [finetune_utils.py:200] - [INFO]: Best model saved successfully!
[2025-12-07 23:46:32] - [finetune_utils.py:203] - [INFO]: Appending the epoch's metrics to CSV.
[2025-12-07 23:46:32] - [finetune_utils.py:207] - [INFO]: Epoch's metrics appended successfully!
[2025-12-07 23:46:32] - [finetune_utils.py:148] - [INFO]: Epoch 22
-----------------------
[2025-12-07 23:46:32] - [finetune_utils.py:151] - [INFO]: Starting training step...
[2025-12-07 23:46:40] - [train_utils.py:68] - [INFO]: Train Loss: 0.53477 | Train Accuracy: 88.18%
[2025-12-07 23:46:40] - [finetune_utils.py:162] - [INFO]: Training step completed.
[2025-12-07 23:46:40] - [finetune_utils.py:165] - [INFO]: Starting Validation step...
[2025-12-07 23:46:42] - [val_utils.py:74] - [INFO]: Validation Loss: 0.48256 | Validation Accuracy: 85.07% | Validation F1-score: 0.8515257835388184

[2025-12-07 23:46:42] - [finetune_utils.py:175] - [INFO]: Validation step completed.
[2025-12-07 23:46:42] - [finetune_utils.py:203] - [INFO]: Appending the epoch's metrics to CSV.
[2025-12-07 23:46:42] - [finetune_utils.py:207] - [INFO]: Epoch's metrics appended successfully!
[2025-12-07 23:46:42] - [finetune_utils.py:148] - [INFO]: Epoch 23
-----------------------
[2025-12-07 23:46:42] - [finetune_utils.py:151] - [INFO]: Starting training step...
[2025-12-07 23:46:51] - [train_utils.py:68] - [INFO]: Train Loss: 0.55276 | Train Accuracy: 87.49%
[2025-12-07 23:46:51] - [finetune_utils.py:162] - [INFO]: Training step completed.
[2025-12-07 23:46:51] - [finetune_utils.py:165] - [INFO]: Starting Validation step...
[2025-12-07 23:46:53] - [val_utils.py:74] - [INFO]: Validation Loss: 0.49257 | Validation Accuracy: 84.68% | Validation F1-score: 0.8471499681472778

[2025-12-07 23:46:53] - [finetune_utils.py:175] - [INFO]: Validation step completed.
[2025-12-07 23:46:53] - [finetune_utils.py:203] - [INFO]: Appending the epoch's metrics to CSV.
[2025-12-07 23:46:53] - [finetune_utils.py:207] - [INFO]: Epoch's metrics appended successfully!
[2025-12-07 23:46:53] - [finetune_utils.py:148] - [INFO]: Epoch 24
-----------------------
[2025-12-07 23:46:53] - [finetune_utils.py:151] - [INFO]: Starting training step...
[2025-12-07 23:47:01] - [train_utils.py:68] - [INFO]: Train Loss: 0.51189 | Train Accuracy: 88.31%
[2025-12-07 23:47:01] - [finetune_utils.py:162] - [INFO]: Training step completed.
[2025-12-07 23:47:01] - [finetune_utils.py:165] - [INFO]: Starting Validation step...
[2025-12-07 23:47:03] - [val_utils.py:74] - [INFO]: Validation Loss: 0.47579 | Validation Accuracy: 84.76% | Validation F1-score: 0.8484178185462952

[2025-12-07 23:47:03] - [finetune_utils.py:175] - [INFO]: Validation step completed.
[2025-12-07 23:47:03] - [finetune_utils.py:203] - [INFO]: Appending the epoch's metrics to CSV.
[2025-12-07 23:47:03] - [finetune_utils.py:207] - [INFO]: Epoch's metrics appended successfully!
[2025-12-07 23:47:03] - [finetune_utils.py:148] - [INFO]: Epoch 25
-----------------------
[2025-12-07 23:47:03] - [finetune_utils.py:151] - [INFO]: Starting training step...
[2025-12-07 23:47:12] - [train_utils.py:68] - [INFO]: Train Loss: 0.52989 | Train Accuracy: 87.72%
[2025-12-07 23:47:12] - [finetune_utils.py:162] - [INFO]: Training step completed.
[2025-12-07 23:47:12] - [finetune_utils.py:165] - [INFO]: Starting Validation step...
[2025-12-07 23:47:14] - [val_utils.py:74] - [INFO]: Validation Loss: 0.47285 | Validation Accuracy: 85.47% | Validation F1-score: 0.8556889295578003

[2025-12-07 23:47:14] - [finetune_utils.py:175] - [INFO]: Validation step completed.
[2025-12-07 23:47:14] - [finetune_utils.py:186] - [INFO]: New BEST accuracy: 85.4660. Saving best model...
[2025-12-07 23:47:14] - [finetune_utils.py:200] - [INFO]: Best model saved successfully!
[2025-12-07 23:47:14] - [finetune_utils.py:203] - [INFO]: Appending the epoch's metrics to CSV.
[2025-12-07 23:47:14] - [finetune_utils.py:207] - [INFO]: Epoch's metrics appended successfully!
[2025-12-07 23:47:14] - [finetune_utils.py:148] - [INFO]: Epoch 26
-----------------------
[2025-12-07 23:47:14] - [finetune_utils.py:151] - [INFO]: Starting training step...
[2025-12-07 23:47:23] - [train_utils.py:68] - [INFO]: Train Loss: 0.49117 | Train Accuracy: 89.51%
[2025-12-07 23:47:23] - [finetune_utils.py:162] - [INFO]: Training step completed.
[2025-12-07 23:47:23] - [finetune_utils.py:165] - [INFO]: Starting Validation step...
[2025-12-07 23:47:25] - [val_utils.py:74] - [INFO]: Validation Loss: 0.49386 | Validation Accuracy: 84.83% | Validation F1-score: 0.8488141298294067

[2025-12-07 23:47:25] - [finetune_utils.py:175] - [INFO]: Validation step completed.
[2025-12-07 23:47:25] - [finetune_utils.py:203] - [INFO]: Appending the epoch's metrics to CSV.
[2025-12-07 23:47:25] - [finetune_utils.py:207] - [INFO]: Epoch's metrics appended successfully!
[2025-12-07 23:47:25] - [finetune_utils.py:148] - [INFO]: Epoch 27
-----------------------
[2025-12-07 23:47:25] - [finetune_utils.py:151] - [INFO]: Starting training step...
[2025-12-07 23:47:34] - [train_utils.py:68] - [INFO]: Train Loss: 0.52609 | Train Accuracy: 88.13%
[2025-12-07 23:47:34] - [finetune_utils.py:162] - [INFO]: Training step completed.
[2025-12-07 23:47:34] - [finetune_utils.py:165] - [INFO]: Starting Validation step...
[2025-12-07 23:47:35] - [val_utils.py:74] - [INFO]: Validation Loss: 0.50078 | Validation Accuracy: 83.89% | Validation F1-score: 0.8383879661560059

[2025-12-07 23:47:35] - [finetune_utils.py:175] - [INFO]: Validation step completed.
[2025-12-07 23:47:35] - [finetune_utils.py:203] - [INFO]: Appending the epoch's metrics to CSV.
[2025-12-07 23:47:35] - [finetune_utils.py:207] - [INFO]: Epoch's metrics appended successfully!
[2025-12-07 23:47:35] - [finetune_utils.py:148] - [INFO]: Epoch 28
-----------------------
[2025-12-07 23:47:35] - [finetune_utils.py:151] - [INFO]: Starting training step...
[2025-12-07 23:47:44] - [train_utils.py:68] - [INFO]: Train Loss: 0.51297 | Train Accuracy: 88.04%
[2025-12-07 23:47:44] - [finetune_utils.py:162] - [INFO]: Training step completed.
[2025-12-07 23:47:44] - [finetune_utils.py:165] - [INFO]: Starting Validation step...
[2025-12-07 23:47:46] - [val_utils.py:74] - [INFO]: Validation Loss: 0.48284 | Validation Accuracy: 84.28% | Validation F1-score: 0.8425111770629883

[2025-12-07 23:47:46] - [finetune_utils.py:175] - [INFO]: Validation step completed.
[2025-12-07 23:47:46] - [finetune_utils.py:203] - [INFO]: Appending the epoch's metrics to CSV.
[2025-12-07 23:47:46] - [finetune_utils.py:207] - [INFO]: Epoch's metrics appended successfully!
[2025-12-07 23:47:46] - [finetune_utils.py:148] - [INFO]: Epoch 29
-----------------------
[2025-12-07 23:47:46] - [finetune_utils.py:151] - [INFO]: Starting training step...
[2025-12-07 23:47:55] - [train_utils.py:68] - [INFO]: Train Loss: 0.53425 | Train Accuracy: 87.53%
[2025-12-07 23:47:55] - [finetune_utils.py:162] - [INFO]: Training step completed.
[2025-12-07 23:47:55] - [finetune_utils.py:165] - [INFO]: Starting Validation step...
[2025-12-07 23:47:57] - [val_utils.py:74] - [INFO]: Validation Loss: 0.47690 | Validation Accuracy: 85.07% | Validation F1-score: 0.8510775566101074

[2025-12-07 23:47:57] - [finetune_utils.py:175] - [INFO]: Validation step completed.
[2025-12-07 23:47:57] - [finetune_utils.py:203] - [INFO]: Appending the epoch's metrics to CSV.
[2025-12-07 23:47:57] - [finetune_utils.py:207] - [INFO]: Epoch's metrics appended successfully!
[2025-12-07 23:47:57] - [finetune_utils.py:148] - [INFO]: Epoch 30
-----------------------
[2025-12-07 23:47:57] - [finetune_utils.py:151] - [INFO]: Starting training step...
[2025-12-07 23:48:05] - [train_utils.py:68] - [INFO]: Train Loss: 0.50859 | Train Accuracy: 88.59%
[2025-12-07 23:48:05] - [finetune_utils.py:162] - [INFO]: Training step completed.
[2025-12-07 23:48:05] - [finetune_utils.py:165] - [INFO]: Starting Validation step...
[2025-12-07 23:48:07] - [val_utils.py:74] - [INFO]: Validation Loss: 0.50422 | Validation Accuracy: 84.60% | Validation F1-score: 0.8463817834854126

[2025-12-07 23:48:07] - [finetune_utils.py:175] - [INFO]: Validation step completed.
[2025-12-07 23:48:07] - [finetune_utils.py:203] - [INFO]: Appending the epoch's metrics to CSV.
[2025-12-07 23:48:07] - [finetune_utils.py:207] - [INFO]: Epoch's metrics appended successfully!
[2025-12-07 23:48:07] - [finetune_utils.py:148] - [INFO]: Epoch 31
-----------------------
[2025-12-07 23:48:07] - [finetune_utils.py:151] - [INFO]: Starting training step...
[2025-12-07 23:48:15] - [train_utils.py:68] - [INFO]: Train Loss: 0.47513 | Train Accuracy: 90.01%
[2025-12-07 23:48:15] - [finetune_utils.py:162] - [INFO]: Training step completed.
[2025-12-07 23:48:15] - [finetune_utils.py:165] - [INFO]: Starting Validation step...
[2025-12-07 23:48:17] - [val_utils.py:74] - [INFO]: Validation Loss: 0.49860 | Validation Accuracy: 84.68% | Validation F1-score: 0.84812992811203

[2025-12-07 23:48:17] - [finetune_utils.py:175] - [INFO]: Validation step completed.
[2025-12-07 23:48:17] - [finetune_utils.py:203] - [INFO]: Appending the epoch's metrics to CSV.
[2025-12-07 23:48:17] - [finetune_utils.py:207] - [INFO]: Epoch's metrics appended successfully!
[2025-12-07 23:48:17] - [finetune_utils.py:148] - [INFO]: Epoch 32
-----------------------
[2025-12-07 23:48:17] - [finetune_utils.py:151] - [INFO]: Starting training step...
[2025-12-07 23:48:26] - [train_utils.py:68] - [INFO]: Train Loss: 0.46270 | Train Accuracy: 89.37%
[2025-12-07 23:48:26] - [finetune_utils.py:162] - [INFO]: Training step completed.
[2025-12-07 23:48:26] - [finetune_utils.py:165] - [INFO]: Starting Validation step...
[2025-12-07 23:48:28] - [val_utils.py:74] - [INFO]: Validation Loss: 0.45569 | Validation Accuracy: 85.47% | Validation F1-score: 0.8553605079650879

[2025-12-07 23:48:28] - [finetune_utils.py:175] - [INFO]: Validation step completed.
[2025-12-07 23:48:28] - [finetune_utils.py:203] - [INFO]: Appending the epoch's metrics to CSV.
[2025-12-07 23:48:28] - [finetune_utils.py:207] - [INFO]: Epoch's metrics appended successfully!
[2025-12-07 23:48:28] - [finetune_utils.py:148] - [INFO]: Epoch 33
-----------------------
[2025-12-07 23:48:28] - [finetune_utils.py:151] - [INFO]: Starting training step...
[2025-12-07 23:48:36] - [train_utils.py:68] - [INFO]: Train Loss: 0.52351 | Train Accuracy: 88.13%
[2025-12-07 23:48:36] - [finetune_utils.py:162] - [INFO]: Training step completed.
[2025-12-07 23:48:36] - [finetune_utils.py:165] - [INFO]: Starting Validation step...
[2025-12-07 23:48:38] - [val_utils.py:74] - [INFO]: Validation Loss: 0.48440 | Validation Accuracy: 84.99% | Validation F1-score: 0.8505263328552246

[2025-12-07 23:48:38] - [finetune_utils.py:175] - [INFO]: Validation step completed.
[2025-12-07 23:48:38] - [finetune_utils.py:203] - [INFO]: Appending the epoch's metrics to CSV.
[2025-12-07 23:48:38] - [finetune_utils.py:207] - [INFO]: Epoch's metrics appended successfully!
[2025-12-07 23:48:38] - [finetune_utils.py:148] - [INFO]: Epoch 34
-----------------------
[2025-12-07 23:48:38] - [finetune_utils.py:151] - [INFO]: Starting training step...
[2025-12-07 23:48:47] - [train_utils.py:68] - [INFO]: Train Loss: 0.52309 | Train Accuracy: 88.08%
[2025-12-07 23:48:47] - [finetune_utils.py:162] - [INFO]: Training step completed.
[2025-12-07 23:48:47] - [finetune_utils.py:165] - [INFO]: Starting Validation step...
[2025-12-07 23:48:49] - [val_utils.py:74] - [INFO]: Validation Loss: 0.47889 | Validation Accuracy: 84.12% | Validation F1-score: 0.841497540473938

[2025-12-07 23:48:49] - [finetune_utils.py:175] - [INFO]: Validation step completed.
[2025-12-07 23:48:49] - [finetune_utils.py:203] - [INFO]: Appending the epoch's metrics to CSV.
[2025-12-07 23:48:49] - [finetune_utils.py:207] - [INFO]: Epoch's metrics appended successfully!
[2025-12-07 23:48:49] - [finetune_utils.py:148] - [INFO]: Epoch 35
-----------------------
[2025-12-07 23:48:49] - [finetune_utils.py:151] - [INFO]: Starting training step...
[2025-12-07 23:48:58] - [train_utils.py:68] - [INFO]: Train Loss: 0.52573 | Train Accuracy: 87.12%
[2025-12-07 23:48:58] - [finetune_utils.py:162] - [INFO]: Training step completed.
[2025-12-07 23:48:58] - [finetune_utils.py:165] - [INFO]: Starting Validation step...
[2025-12-07 23:49:00] - [val_utils.py:74] - [INFO]: Validation Loss: 0.48393 | Validation Accuracy: 84.83% | Validation F1-score: 0.8489919900894165

[2025-12-07 23:49:00] - [finetune_utils.py:175] - [INFO]: Validation step completed.
[2025-12-07 23:49:00] - [finetune_utils.py:203] - [INFO]: Appending the epoch's metrics to CSV.
[2025-12-07 23:49:00] - [finetune_utils.py:207] - [INFO]: Epoch's metrics appended successfully!
[2025-12-07 23:49:00] - [finetune_utils.py:148] - [INFO]: Epoch 36
-----------------------
[2025-12-07 23:49:00] - [finetune_utils.py:151] - [INFO]: Starting training step...
[2025-12-07 23:49:08] - [train_utils.py:68] - [INFO]: Train Loss: 0.46671 | Train Accuracy: 90.01%
[2025-12-07 23:49:08] - [finetune_utils.py:162] - [INFO]: Training step completed.
[2025-12-07 23:49:08] - [finetune_utils.py:165] - [INFO]: Starting Validation step...
[2025-12-07 23:49:10] - [val_utils.py:74] - [INFO]: Validation Loss: 0.49536 | Validation Accuracy: 84.52% | Validation F1-score: 0.8461219668388367

[2025-12-07 23:49:10] - [finetune_utils.py:175] - [INFO]: Validation step completed.
[2025-12-07 23:49:10] - [finetune_utils.py:203] - [INFO]: Appending the epoch's metrics to CSV.
[2025-12-07 23:49:10] - [finetune_utils.py:207] - [INFO]: Epoch's metrics appended successfully!
[2025-12-07 23:49:10] - [finetune_utils.py:148] - [INFO]: Epoch 37
-----------------------
[2025-12-07 23:49:10] - [finetune_utils.py:151] - [INFO]: Starting training step...
[2025-12-07 23:49:19] - [train_utils.py:68] - [INFO]: Train Loss: 0.48750 | Train Accuracy: 88.68%
[2025-12-07 23:49:19] - [finetune_utils.py:162] - [INFO]: Training step completed.
[2025-12-07 23:49:19] - [finetune_utils.py:165] - [INFO]: Starting Validation step...
[2025-12-07 23:49:21] - [val_utils.py:74] - [INFO]: Validation Loss: 0.50853 | Validation Accuracy: 84.52% | Validation F1-score: 0.8459266424179077

[2025-12-07 23:49:21] - [finetune_utils.py:175] - [INFO]: Validation step completed.
[2025-12-07 23:49:21] - [finetune_utils.py:203] - [INFO]: Appending the epoch's metrics to CSV.
[2025-12-07 23:49:21] - [finetune_utils.py:207] - [INFO]: Epoch's metrics appended successfully!
[2025-12-07 23:49:21] - [finetune_utils.py:148] - [INFO]: Epoch 38
-----------------------
[2025-12-07 23:49:21] - [finetune_utils.py:151] - [INFO]: Starting training step...
[2025-12-07 23:49:30] - [train_utils.py:68] - [INFO]: Train Loss: 0.50478 | Train Accuracy: 88.45%
[2025-12-07 23:49:30] - [finetune_utils.py:162] - [INFO]: Training step completed.
[2025-12-07 23:49:30] - [finetune_utils.py:165] - [INFO]: Starting Validation step...
[2025-12-07 23:49:32] - [val_utils.py:74] - [INFO]: Validation Loss: 0.47711 | Validation Accuracy: 85.23% | Validation F1-score: 0.8528456687927246

[2025-12-07 23:49:32] - [finetune_utils.py:175] - [INFO]: Validation step completed.
[2025-12-07 23:49:32] - [finetune_utils.py:203] - [INFO]: Appending the epoch's metrics to CSV.
[2025-12-07 23:49:32] - [finetune_utils.py:207] - [INFO]: Epoch's metrics appended successfully!
[2025-12-07 23:49:32] - [finetune_utils.py:148] - [INFO]: Epoch 39
-----------------------
[2025-12-07 23:49:32] - [finetune_utils.py:151] - [INFO]: Starting training step...
[2025-12-07 23:49:40] - [train_utils.py:68] - [INFO]: Train Loss: 0.57574 | Train Accuracy: 86.21%
[2025-12-07 23:49:40] - [finetune_utils.py:162] - [INFO]: Training step completed.
[2025-12-07 23:49:40] - [finetune_utils.py:165] - [INFO]: Starting Validation step...
[2025-12-07 23:49:42] - [val_utils.py:74] - [INFO]: Validation Loss: 0.48340 | Validation Accuracy: 84.76% | Validation F1-score: 0.8479671478271484

[2025-12-07 23:49:42] - [finetune_utils.py:175] - [INFO]: Validation step completed.
[2025-12-07 23:49:42] - [finetune_utils.py:203] - [INFO]: Appending the epoch's metrics to CSV.
[2025-12-07 23:49:42] - [finetune_utils.py:207] - [INFO]: Epoch's metrics appended successfully!
[2025-12-07 23:49:42] - [finetune_utils.py:148] - [INFO]: Epoch 40
-----------------------
[2025-12-07 23:49:42] - [finetune_utils.py:151] - [INFO]: Starting training step...
[2025-12-07 23:49:50] - [train_utils.py:68] - [INFO]: Train Loss: 0.50483 | Train Accuracy: 88.63%
[2025-12-07 23:49:50] - [finetune_utils.py:162] - [INFO]: Training step completed.
[2025-12-07 23:49:50] - [finetune_utils.py:165] - [INFO]: Starting Validation step...
[2025-12-07 23:49:52] - [val_utils.py:74] - [INFO]: Validation Loss: 0.48175 | Validation Accuracy: 84.76% | Validation F1-score: 0.8470674753189087

[2025-12-07 23:49:52] - [finetune_utils.py:175] - [INFO]: Validation step completed.
[2025-12-07 23:49:52] - [finetune_utils.py:203] - [INFO]: Appending the epoch's metrics to CSV.
[2025-12-07 23:49:52] - [finetune_utils.py:207] - [INFO]: Epoch's metrics appended successfully!
[2025-12-07 23:49:53] - [trainer.py:65] - [INFO]: Training Two Stage Group Activity Temporal Classifier Finished Successfully!
[2025-12-07 23:49:53] - [trainer.py:67] - [INFO]: Visualizing Results...
[2025-12-07 23:49:53] - [visualize_utils.py:173] - [INFO]: Loading data for visualization...
[2025-12-07 23:49:53] - [visualize_utils.py:175] - [INFO]: Data loaded successfully.
[2025-12-07 23:49:53] - [visualize_utils.py:177] - [INFO]: Preparing results dictionary...
[2025-12-07 23:49:53] - [visualize_utils.py:179] - [INFO]: Results dictionary prepared.
[2025-12-07 23:49:53] - [visualize_utils.py:181] - [INFO]: Generating plots...
[2025-12-07 23:49:56] - [visualize_utils.py:183] - [INFO]: All plots generated successfully and saved to 'assets/baselines_assets/baseline7/exp4'.
[2025-12-07 23:49:56] - [trainer.py:75] - [INFO]: Visualization Finished Successfully!
