[2025-11-19 23:28:02] - [train_lstm.py:39] - [INFO]: Starting Training Two Stage Group Activity Temporal Classifier on Features' Dataset (Player-level then frame-level)...
[2025-11-19 23:28:02] - [finetune_helper.py:208] - [INFO]: Setting all seeds...
[2025-11-19 23:28:02] - [finetune_helper.py:254] - [INFO]: Using device: cuda
[2025-11-19 23:28:02] - [finetune_helper.py:49] - [INFO]: Creating data loaders...
[2025-11-19 23:28:02] - [datasets.py:232] - [INFO]: Initializing Features Dataset...
[2025-11-19 23:28:02] - [datasets.py:252] - [INFO]: Collecting Images' features and labels...
[2025-11-19 23:28:07] - [datasets.py:234] - [INFO]: Features Dataset Initialized with 2183 Samples!
[2025-11-19 23:28:07] - [datasets.py:232] - [INFO]: Initializing Features Dataset...
[2025-11-19 23:28:07] - [datasets.py:252] - [INFO]: Collecting Images' features and labels...
[2025-11-19 23:28:10] - [datasets.py:234] - [INFO]: Features Dataset Initialized with 1266 Samples!
[2025-11-19 23:28:10] - [finetune_helper.py:125] - [INFO]: Data loaders created.
[2025-11-19 23:28:10] - [lstm_model.py:61] - [INFO]: Initializing Two Stage Activity Temporal Classifier...
[2025-11-19 23:28:10] - [lstm_model.py:85] - [INFO]: Model Initialized Successfully!
[2025-11-19 23:28:10] - [finetune_helper.py:188] - [INFO]: Creating optimizer...
[2025-11-19 23:28:10] - [finetune_helper.py:190] - [INFO]: Optimizer created: AdamW Optimizer.
[2025-11-19 23:28:10] - [finetune_helper.py:191] - [INFO]: Initial Learning Rate: 0.0001.
[2025-11-19 23:28:10] - [finetune_helper.py:285] - [INFO]: Starting Training and Testing with number of epochs = 40
[2025-11-19 23:28:10] - [finetune_helper.py:288] - [INFO]: Opening a CSV file to log training metrics.
[2025-11-19 23:28:10] - [finetune_helper.py:297] - [INFO]: Epoch 1
-----------------------
[2025-11-19 23:28:10] - [finetune_helper.py:299] - [INFO]: Starting training step...
[2025-11-19 23:28:13] - [train_utils.py:72] - [INFO]: Train Loss: 1.21316 | Train Accuracy: 59.28%
[2025-11-19 23:28:13] - [finetune_helper.py:310] - [INFO]: Training step completed.
[2025-11-19 23:28:13] - [finetune_helper.py:337] - [INFO]: Starting testing step...
[2025-11-19 23:28:15] - [test_utils.py:75] - [INFO]: Test Loss: 1.36881 | Test Accuracy: 71.56% | Test F1-score: 0.7156398892402649

[2025-11-19 23:28:15] - [finetune_helper.py:350] - [INFO]: Testing step completed.
[2025-11-19 23:28:15] - [finetune_helper.py:353] - [INFO]: Appending the epoch's metrics to CSV.
[2025-11-19 23:28:15] - [finetune_helper.py:357] - [INFO]: Epoch's metrics appended successfully!
[2025-11-19 23:28:15] - [finetune_helper.py:297] - [INFO]: Epoch 2
-----------------------
[2025-11-19 23:28:15] - [finetune_helper.py:299] - [INFO]: Starting training step...
[2025-11-19 23:28:17] - [train_utils.py:72] - [INFO]: Train Loss: 0.57649 | Train Accuracy: 83.92%
[2025-11-19 23:28:17] - [finetune_helper.py:310] - [INFO]: Training step completed.
[2025-11-19 23:28:17] - [finetune_helper.py:337] - [INFO]: Starting testing step...
[2025-11-19 23:28:19] - [test_utils.py:75] - [INFO]: Test Loss: 0.65113 | Test Accuracy: 77.88% | Test F1-score: 0.7788309454917908

[2025-11-19 23:28:19] - [finetune_helper.py:350] - [INFO]: Testing step completed.
[2025-11-19 23:28:19] - [finetune_helper.py:353] - [INFO]: Appending the epoch's metrics to CSV.
[2025-11-19 23:28:19] - [finetune_helper.py:357] - [INFO]: Epoch's metrics appended successfully!
[2025-11-19 23:28:19] - [finetune_helper.py:297] - [INFO]: Epoch 3
-----------------------
[2025-11-19 23:28:19] - [finetune_helper.py:299] - [INFO]: Starting training step...
[2025-11-19 23:28:21] - [train_utils.py:72] - [INFO]: Train Loss: 0.37602 | Train Accuracy: 90.29%
[2025-11-19 23:28:21] - [finetune_helper.py:310] - [INFO]: Training step completed.
[2025-11-19 23:28:21] - [finetune_helper.py:337] - [INFO]: Starting testing step...
[2025-11-19 23:28:22] - [test_utils.py:75] - [INFO]: Test Loss: 1.01100 | Test Accuracy: 64.77% | Test F1-score: 0.647709310054779

[2025-11-19 23:28:22] - [finetune_helper.py:350] - [INFO]: Testing step completed.
[2025-11-19 23:28:22] - [finetune_helper.py:353] - [INFO]: Appending the epoch's metrics to CSV.
[2025-11-19 23:28:22] - [finetune_helper.py:357] - [INFO]: Epoch's metrics appended successfully!
[2025-11-19 23:28:22] - [finetune_helper.py:297] - [INFO]: Epoch 4
-----------------------
[2025-11-19 23:28:22] - [finetune_helper.py:299] - [INFO]: Starting training step...
[2025-11-19 23:28:25] - [train_utils.py:72] - [INFO]: Train Loss: 0.26041 | Train Accuracy: 93.63%
[2025-11-19 23:28:25] - [finetune_helper.py:310] - [INFO]: Training step completed.
[2025-11-19 23:28:25] - [finetune_helper.py:337] - [INFO]: Starting testing step...
[2025-11-19 23:28:27] - [test_utils.py:75] - [INFO]: Test Loss: 0.60395 | Test Accuracy: 77.33% | Test F1-score: 0.7733017802238464

[2025-11-19 23:28:27] - [finetune_helper.py:350] - [INFO]: Testing step completed.
[2025-11-19 23:28:27] - [finetune_helper.py:353] - [INFO]: Appending the epoch's metrics to CSV.
[2025-11-19 23:28:27] - [finetune_helper.py:357] - [INFO]: Epoch's metrics appended successfully!
[2025-11-19 23:28:27] - [finetune_helper.py:297] - [INFO]: Epoch 5
-----------------------
[2025-11-19 23:28:27] - [finetune_helper.py:299] - [INFO]: Starting training step...
[2025-11-19 23:28:29] - [train_utils.py:72] - [INFO]: Train Loss: 0.16797 | Train Accuracy: 97.02%
[2025-11-19 23:28:29] - [finetune_helper.py:310] - [INFO]: Training step completed.
[2025-11-19 23:28:29] - [finetune_helper.py:326] - [INFO]: Saving model checkpoint...
[2025-11-19 23:28:30] - [finetune_helper.py:334] - [INFO]: Model checkpoint saved at epoch 5/40.
[2025-11-19 23:28:30] - [finetune_helper.py:337] - [INFO]: Starting testing step...
[2025-11-19 23:28:31] - [test_utils.py:75] - [INFO]: Test Loss: 0.70928 | Test Accuracy: 76.15% | Test F1-score: 0.76145339012146

[2025-11-19 23:28:31] - [finetune_helper.py:350] - [INFO]: Testing step completed.
[2025-11-19 23:28:31] - [finetune_helper.py:353] - [INFO]: Appending the epoch's metrics to CSV.
[2025-11-19 23:28:31] - [finetune_helper.py:357] - [INFO]: Epoch's metrics appended successfully!
[2025-11-19 23:28:31] - [finetune_helper.py:297] - [INFO]: Epoch 6
-----------------------
[2025-11-19 23:28:31] - [finetune_helper.py:299] - [INFO]: Starting training step...
[2025-11-19 23:28:34] - [train_utils.py:72] - [INFO]: Train Loss: 0.11782 | Train Accuracy: 98.53%
[2025-11-19 23:28:34] - [finetune_helper.py:310] - [INFO]: Training step completed.
[2025-11-19 23:28:34] - [finetune_helper.py:337] - [INFO]: Starting testing step...
[2025-11-19 23:28:35] - [test_utils.py:75] - [INFO]: Test Loss: 0.54707 | Test Accuracy: 81.20% | Test F1-score: 0.8120062947273254

[2025-11-19 23:28:35] - [finetune_helper.py:350] - [INFO]: Testing step completed.
[2025-11-19 23:28:35] - [finetune_helper.py:353] - [INFO]: Appending the epoch's metrics to CSV.
[2025-11-19 23:28:35] - [finetune_helper.py:357] - [INFO]: Epoch's metrics appended successfully!
[2025-11-19 23:28:35] - [finetune_helper.py:297] - [INFO]: Epoch 7
-----------------------
[2025-11-19 23:28:35] - [finetune_helper.py:299] - [INFO]: Starting training step...
[2025-11-19 23:28:37] - [train_utils.py:72] - [INFO]: Train Loss: 0.08254 | Train Accuracy: 99.04%
[2025-11-19 23:28:37] - [finetune_helper.py:310] - [INFO]: Training step completed.
[2025-11-19 23:28:37] - [finetune_helper.py:337] - [INFO]: Starting testing step...
[2025-11-19 23:28:39] - [test_utils.py:75] - [INFO]: Test Loss: 0.66739 | Test Accuracy: 77.41% | Test F1-score: 0.7740916609764099

[2025-11-19 23:28:39] - [finetune_helper.py:350] - [INFO]: Testing step completed.
[2025-11-19 23:28:39] - [finetune_helper.py:353] - [INFO]: Appending the epoch's metrics to CSV.
[2025-11-19 23:28:39] - [finetune_helper.py:357] - [INFO]: Epoch's metrics appended successfully!
[2025-11-19 23:28:39] - [finetune_helper.py:297] - [INFO]: Epoch 8
-----------------------
[2025-11-19 23:28:39] - [finetune_helper.py:299] - [INFO]: Starting training step...
[2025-11-19 23:28:41] - [train_utils.py:72] - [INFO]: Train Loss: 0.05012 | Train Accuracy: 99.63%
[2025-11-19 23:28:41] - [finetune_helper.py:310] - [INFO]: Training step completed.
[2025-11-19 23:28:41] - [finetune_helper.py:337] - [INFO]: Starting testing step...
[2025-11-19 23:28:42] - [test_utils.py:75] - [INFO]: Test Loss: 0.63046 | Test Accuracy: 79.38% | Test F1-score: 0.7938388586044312

[2025-11-19 23:28:42] - [finetune_helper.py:350] - [INFO]: Testing step completed.
[2025-11-19 23:28:42] - [finetune_helper.py:353] - [INFO]: Appending the epoch's metrics to CSV.
[2025-11-19 23:28:42] - [finetune_helper.py:357] - [INFO]: Epoch's metrics appended successfully!
[2025-11-19 23:28:42] - [finetune_helper.py:297] - [INFO]: Epoch 9
-----------------------
[2025-11-19 23:28:42] - [finetune_helper.py:299] - [INFO]: Starting training step...
[2025-11-19 23:28:45] - [train_utils.py:72] - [INFO]: Train Loss: 0.06664 | Train Accuracy: 98.90%
[2025-11-19 23:28:45] - [finetune_helper.py:310] - [INFO]: Training step completed.
[2025-11-19 23:28:45] - [finetune_helper.py:337] - [INFO]: Starting testing step...
[2025-11-19 23:28:46] - [test_utils.py:75] - [INFO]: Test Loss: 0.71628 | Test Accuracy: 76.94% | Test F1-score: 0.7693523168563843

[2025-11-19 23:28:46] - [finetune_helper.py:350] - [INFO]: Testing step completed.
[2025-11-19 23:28:46] - [finetune_helper.py:353] - [INFO]: Appending the epoch's metrics to CSV.
[2025-11-19 23:28:46] - [finetune_helper.py:357] - [INFO]: Epoch's metrics appended successfully!
[2025-11-19 23:28:46] - [finetune_helper.py:297] - [INFO]: Epoch 10
-----------------------
[2025-11-19 23:28:46] - [finetune_helper.py:299] - [INFO]: Starting training step...
[2025-11-19 23:28:49] - [train_utils.py:72] - [INFO]: Train Loss: 0.03138 | Train Accuracy: 99.86%
[2025-11-19 23:28:49] - [finetune_helper.py:310] - [INFO]: Training step completed.
[2025-11-19 23:28:49] - [finetune_helper.py:326] - [INFO]: Saving model checkpoint...
[2025-11-19 23:28:49] - [finetune_helper.py:334] - [INFO]: Model checkpoint saved at epoch 10/40.
[2025-11-19 23:28:49] - [finetune_helper.py:337] - [INFO]: Starting testing step...
[2025-11-19 23:28:50] - [test_utils.py:75] - [INFO]: Test Loss: 0.65127 | Test Accuracy: 79.78% | Test F1-score: 0.7977883219718933

[2025-11-19 23:28:50] - [finetune_helper.py:350] - [INFO]: Testing step completed.
[2025-11-19 23:28:50] - [finetune_helper.py:353] - [INFO]: Appending the epoch's metrics to CSV.
[2025-11-19 23:28:50] - [finetune_helper.py:357] - [INFO]: Epoch's metrics appended successfully!
[2025-11-19 23:28:50] - [finetune_helper.py:297] - [INFO]: Epoch 11
-----------------------
[2025-11-19 23:28:50] - [finetune_helper.py:299] - [INFO]: Starting training step...
[2025-11-19 23:28:53] - [train_utils.py:72] - [INFO]: Train Loss: 0.02043 | Train Accuracy: 100.00%
[2025-11-19 23:28:53] - [finetune_helper.py:310] - [INFO]: Training step completed.
[2025-11-19 23:28:53] - [finetune_helper.py:337] - [INFO]: Starting testing step...
[2025-11-19 23:28:54] - [test_utils.py:75] - [INFO]: Test Loss: 0.50232 | Test Accuracy: 83.57% | Test F1-score: 0.8357030153274536

[2025-11-19 23:28:54] - [finetune_helper.py:350] - [INFO]: Testing step completed.
[2025-11-19 23:28:54] - [finetune_helper.py:353] - [INFO]: Appending the epoch's metrics to CSV.
[2025-11-19 23:28:54] - [finetune_helper.py:357] - [INFO]: Epoch's metrics appended successfully!
[2025-11-19 23:28:54] - [finetune_helper.py:297] - [INFO]: Epoch 12
-----------------------
[2025-11-19 23:28:54] - [finetune_helper.py:299] - [INFO]: Starting training step...
[2025-11-19 23:28:57] - [train_utils.py:72] - [INFO]: Train Loss: 0.01593 | Train Accuracy: 99.95%
[2025-11-19 23:28:57] - [finetune_helper.py:310] - [INFO]: Training step completed.
[2025-11-19 23:28:57] - [finetune_helper.py:337] - [INFO]: Starting testing step...
[2025-11-19 23:28:58] - [test_utils.py:75] - [INFO]: Test Loss: 0.58960 | Test Accuracy: 82.39% | Test F1-score: 0.8238547444343567

[2025-11-19 23:28:58] - [finetune_helper.py:350] - [INFO]: Testing step completed.
[2025-11-19 23:28:58] - [finetune_helper.py:353] - [INFO]: Appending the epoch's metrics to CSV.
[2025-11-19 23:28:58] - [finetune_helper.py:357] - [INFO]: Epoch's metrics appended successfully!
[2025-11-19 23:28:58] - [finetune_helper.py:297] - [INFO]: Epoch 13
-----------------------
[2025-11-19 23:28:58] - [finetune_helper.py:299] - [INFO]: Starting training step...
[2025-11-19 23:29:01] - [train_utils.py:72] - [INFO]: Train Loss: 0.01294 | Train Accuracy: 100.00%
[2025-11-19 23:29:01] - [finetune_helper.py:310] - [INFO]: Training step completed.
[2025-11-19 23:29:01] - [finetune_helper.py:337] - [INFO]: Starting testing step...
[2025-11-19 23:29:02] - [test_utils.py:75] - [INFO]: Test Loss: 0.50728 | Test Accuracy: 83.49% | Test F1-score: 0.8349131345748901

[2025-11-19 23:29:02] - [finetune_helper.py:350] - [INFO]: Testing step completed.
[2025-11-19 23:29:02] - [finetune_helper.py:353] - [INFO]: Appending the epoch's metrics to CSV.
[2025-11-19 23:29:02] - [finetune_helper.py:357] - [INFO]: Epoch's metrics appended successfully!
[2025-11-19 23:29:02] - [finetune_helper.py:297] - [INFO]: Epoch 14
-----------------------
[2025-11-19 23:29:02] - [finetune_helper.py:299] - [INFO]: Starting training step...
[2025-11-19 23:29:05] - [train_utils.py:72] - [INFO]: Train Loss: 0.01022 | Train Accuracy: 100.00%
[2025-11-19 23:29:05] - [finetune_helper.py:310] - [INFO]: Training step completed.
[2025-11-19 23:29:05] - [finetune_helper.py:337] - [INFO]: Starting testing step...
[2025-11-19 23:29:06] - [test_utils.py:75] - [INFO]: Test Loss: 0.51466 | Test Accuracy: 83.02% | Test F1-score: 0.8301737904548645

[2025-11-19 23:29:06] - [finetune_helper.py:350] - [INFO]: Testing step completed.
[2025-11-19 23:29:06] - [finetune_helper.py:353] - [INFO]: Appending the epoch's metrics to CSV.
[2025-11-19 23:29:06] - [finetune_helper.py:357] - [INFO]: Epoch's metrics appended successfully!
[2025-11-19 23:29:06] - [finetune_helper.py:297] - [INFO]: Epoch 15
-----------------------
[2025-11-19 23:29:06] - [finetune_helper.py:299] - [INFO]: Starting training step...
[2025-11-19 23:29:09] - [train_utils.py:72] - [INFO]: Train Loss: 0.00922 | Train Accuracy: 100.00%
[2025-11-19 23:29:09] - [finetune_helper.py:310] - [INFO]: Training step completed.
[2025-11-19 23:29:09] - [finetune_helper.py:326] - [INFO]: Saving model checkpoint...
[2025-11-19 23:29:09] - [finetune_helper.py:334] - [INFO]: Model checkpoint saved at epoch 15/40.
[2025-11-19 23:29:09] - [finetune_helper.py:337] - [INFO]: Starting testing step...
[2025-11-19 23:29:10] - [test_utils.py:75] - [INFO]: Test Loss: 0.54274 | Test Accuracy: 83.97% | Test F1-score: 0.839652419090271

[2025-11-19 23:29:10] - [finetune_helper.py:350] - [INFO]: Testing step completed.
[2025-11-19 23:29:10] - [finetune_helper.py:353] - [INFO]: Appending the epoch's metrics to CSV.
[2025-11-19 23:29:10] - [finetune_helper.py:357] - [INFO]: Epoch's metrics appended successfully!
[2025-11-19 23:29:10] - [finetune_helper.py:297] - [INFO]: Epoch 16
-----------------------
[2025-11-19 23:29:10] - [finetune_helper.py:299] - [INFO]: Starting training step...
[2025-11-19 23:29:13] - [train_utils.py:72] - [INFO]: Train Loss: 0.00777 | Train Accuracy: 100.00%
[2025-11-19 23:29:13] - [finetune_helper.py:310] - [INFO]: Training step completed.
[2025-11-19 23:29:13] - [finetune_helper.py:337] - [INFO]: Starting testing step...
[2025-11-19 23:29:14] - [test_utils.py:75] - [INFO]: Test Loss: 0.58578 | Test Accuracy: 82.39% | Test F1-score: 0.8238547444343567

[2025-11-19 23:29:14] - [finetune_helper.py:350] - [INFO]: Testing step completed.
[2025-11-19 23:29:14] - [finetune_helper.py:353] - [INFO]: Appending the epoch's metrics to CSV.
[2025-11-19 23:29:14] - [finetune_helper.py:357] - [INFO]: Epoch's metrics appended successfully!
[2025-11-19 23:29:14] - [finetune_helper.py:297] - [INFO]: Epoch 17
-----------------------
[2025-11-19 23:29:14] - [finetune_helper.py:299] - [INFO]: Starting training step...
[2025-11-19 23:29:16] - [train_utils.py:72] - [INFO]: Train Loss: 0.00736 | Train Accuracy: 100.00%
[2025-11-19 23:29:16] - [finetune_helper.py:310] - [INFO]: Training step completed.
[2025-11-19 23:29:16] - [finetune_helper.py:337] - [INFO]: Starting testing step...
[2025-11-19 23:29:18] - [test_utils.py:75] - [INFO]: Test Loss: 0.54393 | Test Accuracy: 83.89% | Test F1-score: 0.8388625383377075

[2025-11-19 23:29:18] - [finetune_helper.py:350] - [INFO]: Testing step completed.
[2025-11-19 23:29:18] - [finetune_helper.py:353] - [INFO]: Appending the epoch's metrics to CSV.
[2025-11-19 23:29:18] - [finetune_helper.py:357] - [INFO]: Epoch's metrics appended successfully!
[2025-11-19 23:29:18] - [finetune_helper.py:297] - [INFO]: Epoch 18
-----------------------
[2025-11-19 23:29:18] - [finetune_helper.py:299] - [INFO]: Starting training step...
[2025-11-19 23:29:20] - [train_utils.py:72] - [INFO]: Train Loss: 0.00691 | Train Accuracy: 100.00%
[2025-11-19 23:29:20] - [finetune_helper.py:310] - [INFO]: Training step completed.
[2025-11-19 23:29:20] - [finetune_helper.py:337] - [INFO]: Starting testing step...
[2025-11-19 23:29:21] - [test_utils.py:75] - [INFO]: Test Loss: 0.54061 | Test Accuracy: 83.57% | Test F1-score: 0.8357030153274536

[2025-11-19 23:29:21] - [finetune_helper.py:350] - [INFO]: Testing step completed.
[2025-11-19 23:29:21] - [finetune_helper.py:353] - [INFO]: Appending the epoch's metrics to CSV.
[2025-11-19 23:29:21] - [finetune_helper.py:357] - [INFO]: Epoch's metrics appended successfully!
[2025-11-19 23:29:21] - [finetune_helper.py:297] - [INFO]: Epoch 19
-----------------------
[2025-11-19 23:29:21] - [finetune_helper.py:299] - [INFO]: Starting training step...
[2025-11-19 23:29:24] - [train_utils.py:72] - [INFO]: Train Loss: 0.00707 | Train Accuracy: 100.00%
[2025-11-19 23:29:24] - [finetune_helper.py:310] - [INFO]: Training step completed.
[2025-11-19 23:29:24] - [finetune_helper.py:337] - [INFO]: Starting testing step...
[2025-11-19 23:29:25] - [test_utils.py:75] - [INFO]: Test Loss: 0.55519 | Test Accuracy: 83.25% | Test F1-score: 0.8325434327125549

[2025-11-19 23:29:25] - [finetune_helper.py:350] - [INFO]: Testing step completed.
[2025-11-19 23:29:25] - [finetune_helper.py:353] - [INFO]: Appending the epoch's metrics to CSV.
[2025-11-19 23:29:25] - [finetune_helper.py:357] - [INFO]: Epoch's metrics appended successfully!
[2025-11-19 23:29:25] - [finetune_helper.py:297] - [INFO]: Epoch 20
-----------------------
[2025-11-19 23:29:25] - [finetune_helper.py:299] - [INFO]: Starting training step...
[2025-11-19 23:29:28] - [train_utils.py:72] - [INFO]: Train Loss: 0.00712 | Train Accuracy: 100.00%
[2025-11-19 23:29:28] - [finetune_helper.py:310] - [INFO]: Training step completed.
[2025-11-19 23:29:28] - [finetune_helper.py:326] - [INFO]: Saving model checkpoint...
[2025-11-19 23:29:28] - [finetune_helper.py:334] - [INFO]: Model checkpoint saved at epoch 20/40.
[2025-11-19 23:29:28] - [finetune_helper.py:337] - [INFO]: Starting testing step...
[2025-11-19 23:29:30] - [test_utils.py:75] - [INFO]: Test Loss: 0.63763 | Test Accuracy: 81.12% | Test F1-score: 0.811216413974762

[2025-11-19 23:29:30] - [finetune_helper.py:350] - [INFO]: Testing step completed.
[2025-11-19 23:29:30] - [finetune_helper.py:353] - [INFO]: Appending the epoch's metrics to CSV.
[2025-11-19 23:29:30] - [finetune_helper.py:357] - [INFO]: Epoch's metrics appended successfully!
[2025-11-19 23:29:30] - [finetune_helper.py:297] - [INFO]: Epoch 21
-----------------------
[2025-11-19 23:29:30] - [finetune_helper.py:299] - [INFO]: Starting training step...
[2025-11-19 23:29:32] - [train_utils.py:72] - [INFO]: Train Loss: 0.04753 | Train Accuracy: 98.76%
[2025-11-19 23:29:32] - [finetune_helper.py:310] - [INFO]: Training step completed.
[2025-11-19 23:29:32] - [finetune_helper.py:337] - [INFO]: Starting testing step...
[2025-11-19 23:29:33] - [test_utils.py:75] - [INFO]: Test Loss: 2.45201 | Test Accuracy: 57.66% | Test F1-score: 0.5766192674636841

[2025-11-19 23:29:33] - [finetune_helper.py:350] - [INFO]: Testing step completed.
[2025-11-19 23:29:33] - [finetune_helper.py:353] - [INFO]: Appending the epoch's metrics to CSV.
[2025-11-19 23:29:33] - [finetune_helper.py:357] - [INFO]: Epoch's metrics appended successfully!
[2025-11-19 23:29:33] - [finetune_helper.py:297] - [INFO]: Epoch 22
-----------------------
[2025-11-19 23:29:33] - [finetune_helper.py:299] - [INFO]: Starting training step...
[2025-11-19 23:29:36] - [train_utils.py:72] - [INFO]: Train Loss: 0.06902 | Train Accuracy: 97.85%
[2025-11-19 23:29:36] - [finetune_helper.py:310] - [INFO]: Training step completed.
[2025-11-19 23:29:36] - [finetune_helper.py:337] - [INFO]: Starting testing step...
[2025-11-19 23:29:37] - [test_utils.py:75] - [INFO]: Test Loss: 0.68265 | Test Accuracy: 79.30% | Test F1-score: 0.7930489778518677

[2025-11-19 23:29:37] - [finetune_helper.py:350] - [INFO]: Testing step completed.
[2025-11-19 23:29:37] - [finetune_helper.py:353] - [INFO]: Appending the epoch's metrics to CSV.
[2025-11-19 23:29:37] - [finetune_helper.py:357] - [INFO]: Epoch's metrics appended successfully!
[2025-11-19 23:29:37] - [finetune_helper.py:297] - [INFO]: Epoch 23
-----------------------
[2025-11-19 23:29:37] - [finetune_helper.py:299] - [INFO]: Starting training step...
[2025-11-19 23:29:40] - [train_utils.py:72] - [INFO]: Train Loss: 0.02405 | Train Accuracy: 99.50%
[2025-11-19 23:29:40] - [finetune_helper.py:310] - [INFO]: Training step completed.
[2025-11-19 23:29:40] - [finetune_helper.py:337] - [INFO]: Starting testing step...
[2025-11-19 23:29:41] - [test_utils.py:75] - [INFO]: Test Loss: 0.58239 | Test Accuracy: 82.31% | Test F1-score: 0.8230647444725037

[2025-11-19 23:29:41] - [finetune_helper.py:350] - [INFO]: Testing step completed.
[2025-11-19 23:29:41] - [finetune_helper.py:353] - [INFO]: Appending the epoch's metrics to CSV.
[2025-11-19 23:29:41] - [finetune_helper.py:357] - [INFO]: Epoch's metrics appended successfully!
[2025-11-19 23:29:41] - [finetune_helper.py:297] - [INFO]: Epoch 24
-----------------------
[2025-11-19 23:29:41] - [finetune_helper.py:299] - [INFO]: Starting training step...
[2025-11-19 23:29:45] - [train_utils.py:72] - [INFO]: Train Loss: 0.00795 | Train Accuracy: 100.00%
[2025-11-19 23:29:45] - [finetune_helper.py:310] - [INFO]: Training step completed.
[2025-11-19 23:29:45] - [finetune_helper.py:337] - [INFO]: Starting testing step...
[2025-11-19 23:29:46] - [test_utils.py:75] - [INFO]: Test Loss: 0.54750 | Test Accuracy: 84.28% | Test F1-score: 0.8428120613098145

[2025-11-19 23:29:46] - [finetune_helper.py:350] - [INFO]: Testing step completed.
[2025-11-19 23:29:46] - [finetune_helper.py:353] - [INFO]: Appending the epoch's metrics to CSV.
[2025-11-19 23:29:46] - [finetune_helper.py:357] - [INFO]: Epoch's metrics appended successfully!
[2025-11-19 23:29:46] - [finetune_helper.py:297] - [INFO]: Epoch 25
-----------------------
[2025-11-19 23:29:46] - [finetune_helper.py:299] - [INFO]: Starting training step...
[2025-11-19 23:29:49] - [train_utils.py:72] - [INFO]: Train Loss: 0.00495 | Train Accuracy: 100.00%
[2025-11-19 23:29:49] - [finetune_helper.py:310] - [INFO]: Training step completed.
[2025-11-19 23:29:49] - [finetune_helper.py:326] - [INFO]: Saving model checkpoint...
[2025-11-19 23:29:49] - [finetune_helper.py:334] - [INFO]: Model checkpoint saved at epoch 25/40.
[2025-11-19 23:29:49] - [finetune_helper.py:337] - [INFO]: Starting testing step...
[2025-11-19 23:29:51] - [test_utils.py:75] - [INFO]: Test Loss: 0.55843 | Test Accuracy: 84.12% | Test F1-score: 0.8412322402000427

[2025-11-19 23:29:51] - [finetune_helper.py:350] - [INFO]: Testing step completed.
[2025-11-19 23:29:51] - [finetune_helper.py:353] - [INFO]: Appending the epoch's metrics to CSV.
[2025-11-19 23:29:51] - [finetune_helper.py:357] - [INFO]: Epoch's metrics appended successfully!
[2025-11-19 23:29:51] - [finetune_helper.py:297] - [INFO]: Epoch 26
-----------------------
[2025-11-19 23:29:51] - [finetune_helper.py:299] - [INFO]: Starting training step...
[2025-11-19 23:29:54] - [train_utils.py:72] - [INFO]: Train Loss: 0.00502 | Train Accuracy: 100.00%
[2025-11-19 23:29:54] - [finetune_helper.py:310] - [INFO]: Training step completed.
[2025-11-19 23:29:54] - [finetune_helper.py:337] - [INFO]: Starting testing step...
[2025-11-19 23:29:55] - [test_utils.py:75] - [INFO]: Test Loss: 0.55034 | Test Accuracy: 84.36% | Test F1-score: 0.8436018824577332

[2025-11-19 23:29:55] - [finetune_helper.py:350] - [INFO]: Testing step completed.
[2025-11-19 23:29:55] - [finetune_helper.py:353] - [INFO]: Appending the epoch's metrics to CSV.
[2025-11-19 23:29:55] - [finetune_helper.py:357] - [INFO]: Epoch's metrics appended successfully!
[2025-11-19 23:29:55] - [finetune_helper.py:297] - [INFO]: Epoch 27
-----------------------
[2025-11-19 23:29:55] - [finetune_helper.py:299] - [INFO]: Starting training step...
[2025-11-19 23:29:58] - [train_utils.py:72] - [INFO]: Train Loss: 0.00599 | Train Accuracy: 100.00%
[2025-11-19 23:29:58] - [finetune_helper.py:310] - [INFO]: Training step completed.
[2025-11-19 23:29:58] - [finetune_helper.py:337] - [INFO]: Starting testing step...
[2025-11-19 23:29:59] - [test_utils.py:75] - [INFO]: Test Loss: 0.54800 | Test Accuracy: 83.41% | Test F1-score: 0.8341231942176819

[2025-11-19 23:29:59] - [finetune_helper.py:350] - [INFO]: Testing step completed.
[2025-11-19 23:29:59] - [finetune_helper.py:353] - [INFO]: Appending the epoch's metrics to CSV.
[2025-11-19 23:29:59] - [finetune_helper.py:357] - [INFO]: Epoch's metrics appended successfully!
[2025-11-19 23:29:59] - [finetune_helper.py:297] - [INFO]: Epoch 28
-----------------------
[2025-11-19 23:29:59] - [finetune_helper.py:299] - [INFO]: Starting training step...
[2025-11-19 23:30:02] - [train_utils.py:72] - [INFO]: Train Loss: 0.00385 | Train Accuracy: 100.00%
[2025-11-19 23:30:02] - [finetune_helper.py:310] - [INFO]: Training step completed.
[2025-11-19 23:30:02] - [finetune_helper.py:337] - [INFO]: Starting testing step...
[2025-11-19 23:30:04] - [test_utils.py:75] - [INFO]: Test Loss: 0.54456 | Test Accuracy: 83.73% | Test F1-score: 0.8372827768325806

[2025-11-19 23:30:04] - [finetune_helper.py:350] - [INFO]: Testing step completed.
[2025-11-19 23:30:04] - [finetune_helper.py:353] - [INFO]: Appending the epoch's metrics to CSV.
[2025-11-19 23:30:04] - [finetune_helper.py:357] - [INFO]: Epoch's metrics appended successfully!
[2025-11-19 23:30:04] - [finetune_helper.py:297] - [INFO]: Epoch 29
-----------------------
[2025-11-19 23:30:04] - [finetune_helper.py:299] - [INFO]: Starting training step...
[2025-11-19 23:30:07] - [train_utils.py:72] - [INFO]: Train Loss: 0.00458 | Train Accuracy: 100.00%
[2025-11-19 23:30:07] - [finetune_helper.py:310] - [INFO]: Training step completed.
[2025-11-19 23:30:07] - [finetune_helper.py:337] - [INFO]: Starting testing step...
[2025-11-19 23:30:08] - [test_utils.py:75] - [INFO]: Test Loss: 0.65433 | Test Accuracy: 81.28% | Test F1-score: 0.8127962350845337

[2025-11-19 23:30:08] - [finetune_helper.py:350] - [INFO]: Testing step completed.
[2025-11-19 23:30:08] - [finetune_helper.py:353] - [INFO]: Appending the epoch's metrics to CSV.
[2025-11-19 23:30:08] - [finetune_helper.py:357] - [INFO]: Epoch's metrics appended successfully!
[2025-11-19 23:30:08] - [finetune_helper.py:297] - [INFO]: Epoch 30
-----------------------
[2025-11-19 23:30:08] - [finetune_helper.py:299] - [INFO]: Starting training step...
[2025-11-19 23:30:11] - [train_utils.py:72] - [INFO]: Train Loss: 0.02623 | Train Accuracy: 99.13%
[2025-11-19 23:30:11] - [finetune_helper.py:310] - [INFO]: Training step completed.
[2025-11-19 23:30:11] - [finetune_helper.py:326] - [INFO]: Saving model checkpoint...
[2025-11-19 23:30:11] - [finetune_helper.py:334] - [INFO]: Model checkpoint saved at epoch 30/40.
[2025-11-19 23:30:11] - [finetune_helper.py:337] - [INFO]: Starting testing step...
[2025-11-19 23:30:12] - [test_utils.py:75] - [INFO]: Test Loss: 1.71542 | Test Accuracy: 59.79% | Test F1-score: 0.597946286201477

[2025-11-19 23:30:12] - [finetune_helper.py:350] - [INFO]: Testing step completed.
[2025-11-19 23:30:12] - [finetune_helper.py:353] - [INFO]: Appending the epoch's metrics to CSV.
[2025-11-19 23:30:12] - [finetune_helper.py:357] - [INFO]: Epoch's metrics appended successfully!
[2025-11-19 23:30:12] - [finetune_helper.py:297] - [INFO]: Epoch 31
-----------------------
[2025-11-19 23:30:12] - [finetune_helper.py:299] - [INFO]: Starting training step...
[2025-11-19 23:30:15] - [train_utils.py:72] - [INFO]: Train Loss: 0.01754 | Train Accuracy: 99.68%
[2025-11-19 23:30:15] - [finetune_helper.py:310] - [INFO]: Training step completed.
[2025-11-19 23:30:15] - [finetune_helper.py:337] - [INFO]: Starting testing step...
[2025-11-19 23:30:16] - [test_utils.py:75] - [INFO]: Test Loss: 0.69943 | Test Accuracy: 80.25% | Test F1-score: 0.802527666091919

[2025-11-19 23:30:16] - [finetune_helper.py:350] - [INFO]: Testing step completed.
[2025-11-19 23:30:16] - [finetune_helper.py:353] - [INFO]: Appending the epoch's metrics to CSV.
[2025-11-19 23:30:16] - [finetune_helper.py:357] - [INFO]: Epoch's metrics appended successfully!
[2025-11-19 23:30:16] - [finetune_helper.py:297] - [INFO]: Epoch 32
-----------------------
[2025-11-19 23:30:16] - [finetune_helper.py:299] - [INFO]: Starting training step...
[2025-11-19 23:30:19] - [train_utils.py:72] - [INFO]: Train Loss: 0.01235 | Train Accuracy: 99.77%
[2025-11-19 23:30:19] - [finetune_helper.py:310] - [INFO]: Training step completed.
[2025-11-19 23:30:19] - [finetune_helper.py:337] - [INFO]: Starting testing step...
[2025-11-19 23:30:20] - [test_utils.py:75] - [INFO]: Test Loss: 0.66610 | Test Accuracy: 81.75% | Test F1-score: 0.8175355195999146

[2025-11-19 23:30:20] - [finetune_helper.py:350] - [INFO]: Testing step completed.
[2025-11-19 23:30:20] - [finetune_helper.py:353] - [INFO]: Appending the epoch's metrics to CSV.
[2025-11-19 23:30:20] - [finetune_helper.py:357] - [INFO]: Epoch's metrics appended successfully!
[2025-11-19 23:30:20] - [finetune_helper.py:297] - [INFO]: Epoch 33
-----------------------
[2025-11-19 23:30:20] - [finetune_helper.py:299] - [INFO]: Starting training step...
[2025-11-19 23:30:23] - [train_utils.py:72] - [INFO]: Train Loss: 0.00617 | Train Accuracy: 100.00%
[2025-11-19 23:30:23] - [finetune_helper.py:310] - [INFO]: Training step completed.
[2025-11-19 23:30:23] - [finetune_helper.py:337] - [INFO]: Starting testing step...
[2025-11-19 23:30:24] - [test_utils.py:75] - [INFO]: Test Loss: 0.60024 | Test Accuracy: 83.10% | Test F1-score: 0.830963671207428

[2025-11-19 23:30:24] - [finetune_helper.py:350] - [INFO]: Testing step completed.
[2025-11-19 23:30:24] - [finetune_helper.py:353] - [INFO]: Appending the epoch's metrics to CSV.
[2025-11-19 23:30:24] - [finetune_helper.py:357] - [INFO]: Epoch's metrics appended successfully!
[2025-11-19 23:30:24] - [finetune_helper.py:297] - [INFO]: Epoch 34
-----------------------
[2025-11-19 23:30:24] - [finetune_helper.py:299] - [INFO]: Starting training step...
[2025-11-19 23:30:27] - [train_utils.py:72] - [INFO]: Train Loss: 0.00353 | Train Accuracy: 100.00%
[2025-11-19 23:30:27] - [finetune_helper.py:310] - [INFO]: Training step completed.
[2025-11-19 23:30:27] - [finetune_helper.py:337] - [INFO]: Starting testing step...
[2025-11-19 23:30:28] - [test_utils.py:75] - [INFO]: Test Loss: 0.56627 | Test Accuracy: 84.60% | Test F1-score: 0.8459715843200684

[2025-11-19 23:30:28] - [finetune_helper.py:350] - [INFO]: Testing step completed.
[2025-11-19 23:30:28] - [finetune_helper.py:353] - [INFO]: Appending the epoch's metrics to CSV.
[2025-11-19 23:30:28] - [finetune_helper.py:357] - [INFO]: Epoch's metrics appended successfully!
[2025-11-19 23:30:28] - [finetune_helper.py:297] - [INFO]: Epoch 35
-----------------------
[2025-11-19 23:30:28] - [finetune_helper.py:299] - [INFO]: Starting training step...
[2025-11-19 23:30:31] - [train_utils.py:72] - [INFO]: Train Loss: 0.00286 | Train Accuracy: 100.00%
[2025-11-19 23:30:31] - [finetune_helper.py:310] - [INFO]: Training step completed.
[2025-11-19 23:30:31] - [finetune_helper.py:326] - [INFO]: Saving model checkpoint...
[2025-11-19 23:30:31] - [finetune_helper.py:334] - [INFO]: Model checkpoint saved at epoch 35/40.
[2025-11-19 23:30:31] - [finetune_helper.py:337] - [INFO]: Starting testing step...
[2025-11-19 23:30:32] - [test_utils.py:75] - [INFO]: Test Loss: 0.59105 | Test Accuracy: 82.94% | Test F1-score: 0.829383909702301

[2025-11-19 23:30:32] - [finetune_helper.py:350] - [INFO]: Testing step completed.
[2025-11-19 23:30:32] - [finetune_helper.py:353] - [INFO]: Appending the epoch's metrics to CSV.
[2025-11-19 23:30:32] - [finetune_helper.py:357] - [INFO]: Epoch's metrics appended successfully!
[2025-11-19 23:30:32] - [finetune_helper.py:297] - [INFO]: Epoch 36
-----------------------
[2025-11-19 23:30:32] - [finetune_helper.py:299] - [INFO]: Starting training step...
[2025-11-19 23:30:35] - [train_utils.py:72] - [INFO]: Train Loss: 0.00275 | Train Accuracy: 100.00%
[2025-11-19 23:30:35] - [finetune_helper.py:310] - [INFO]: Training step completed.
[2025-11-19 23:30:35] - [finetune_helper.py:337] - [INFO]: Starting testing step...
[2025-11-19 23:30:36] - [test_utils.py:75] - [INFO]: Test Loss: 0.55387 | Test Accuracy: 84.36% | Test F1-score: 0.8436018824577332

[2025-11-19 23:30:36] - [finetune_helper.py:350] - [INFO]: Testing step completed.
[2025-11-19 23:30:36] - [finetune_helper.py:353] - [INFO]: Appending the epoch's metrics to CSV.
[2025-11-19 23:30:36] - [finetune_helper.py:357] - [INFO]: Epoch's metrics appended successfully!
[2025-11-19 23:30:36] - [finetune_helper.py:297] - [INFO]: Epoch 37
-----------------------
[2025-11-19 23:30:36] - [finetune_helper.py:299] - [INFO]: Starting training step...
[2025-11-19 23:30:38] - [train_utils.py:72] - [INFO]: Train Loss: 0.00376 | Train Accuracy: 100.00%
[2025-11-19 23:30:38] - [finetune_helper.py:310] - [INFO]: Training step completed.
[2025-11-19 23:30:38] - [finetune_helper.py:337] - [INFO]: Starting testing step...
[2025-11-19 23:30:40] - [test_utils.py:75] - [INFO]: Test Loss: 0.55707 | Test Accuracy: 84.36% | Test F1-score: 0.8436018824577332

[2025-11-19 23:30:40] - [finetune_helper.py:350] - [INFO]: Testing step completed.
[2025-11-19 23:30:40] - [finetune_helper.py:353] - [INFO]: Appending the epoch's metrics to CSV.
[2025-11-19 23:30:40] - [finetune_helper.py:357] - [INFO]: Epoch's metrics appended successfully!
[2025-11-19 23:30:40] - [finetune_helper.py:297] - [INFO]: Epoch 38
-----------------------
[2025-11-19 23:30:40] - [finetune_helper.py:299] - [INFO]: Starting training step...
[2025-11-19 23:30:42] - [train_utils.py:72] - [INFO]: Train Loss: 0.01053 | Train Accuracy: 99.82%
[2025-11-19 23:30:42] - [finetune_helper.py:310] - [INFO]: Training step completed.
[2025-11-19 23:30:42] - [finetune_helper.py:337] - [INFO]: Starting testing step...
[2025-11-19 23:30:43] - [test_utils.py:75] - [INFO]: Test Loss: 0.65385 | Test Accuracy: 81.67% | Test F1-score: 0.8167456388473511

[2025-11-19 23:30:43] - [finetune_helper.py:350] - [INFO]: Testing step completed.
[2025-11-19 23:30:43] - [finetune_helper.py:353] - [INFO]: Appending the epoch's metrics to CSV.
[2025-11-19 23:30:43] - [finetune_helper.py:357] - [INFO]: Epoch's metrics appended successfully!
[2025-11-19 23:30:43] - [finetune_helper.py:297] - [INFO]: Epoch 39
-----------------------
[2025-11-19 23:30:43] - [finetune_helper.py:299] - [INFO]: Starting training step...
[2025-11-19 23:30:46] - [train_utils.py:72] - [INFO]: Train Loss: 0.01081 | Train Accuracy: 99.91%
[2025-11-19 23:30:46] - [finetune_helper.py:310] - [INFO]: Training step completed.
[2025-11-19 23:30:46] - [finetune_helper.py:337] - [INFO]: Starting testing step...
[2025-11-19 23:30:47] - [test_utils.py:75] - [INFO]: Test Loss: 0.82377 | Test Accuracy: 78.04% | Test F1-score: 0.7804107666015625

[2025-11-19 23:30:47] - [finetune_helper.py:350] - [INFO]: Testing step completed.
[2025-11-19 23:30:47] - [finetune_helper.py:353] - [INFO]: Appending the epoch's metrics to CSV.
[2025-11-19 23:30:47] - [finetune_helper.py:357] - [INFO]: Epoch's metrics appended successfully!
[2025-11-19 23:30:47] - [finetune_helper.py:297] - [INFO]: Epoch 40
-----------------------
[2025-11-19 23:30:47] - [finetune_helper.py:299] - [INFO]: Starting training step...
[2025-11-19 23:30:50] - [train_utils.py:72] - [INFO]: Train Loss: 0.02621 | Train Accuracy: 99.40%
[2025-11-19 23:30:50] - [finetune_helper.py:310] - [INFO]: Training step completed.
[2025-11-19 23:30:50] - [finetune_helper.py:326] - [INFO]: Saving model checkpoint...
[2025-11-19 23:30:50] - [finetune_helper.py:334] - [INFO]: Model checkpoint saved at epoch 40/40.
[2025-11-19 23:30:50] - [finetune_helper.py:337] - [INFO]: Starting testing step...
[2025-11-19 23:30:51] - [test_utils.py:75] - [INFO]: Test Loss: 0.83920 | Test Accuracy: 80.33% | Test F1-score: 0.8033175468444824

[2025-11-19 23:30:51] - [finetune_helper.py:350] - [INFO]: Testing step completed.
[2025-11-19 23:30:51] - [finetune_helper.py:353] - [INFO]: Appending the epoch's metrics to CSV.
[2025-11-19 23:30:51] - [finetune_helper.py:357] - [INFO]: Epoch's metrics appended successfully!
[2025-11-19 23:30:52] - [train_lstm.py:65] - [INFO]: Training Two Stage Group Activity Temporal Classifier Finished Successfully!
[2025-11-19 23:30:52] - [train_lstm.py:67] - [INFO]: Visualizing Results...
[2025-11-19 23:30:52] - [visualize_helper.py:17] - [INFO]: Loading data for visualization...
[2025-11-19 23:30:52] - [visualize_helper.py:19] - [INFO]: Data loaded successfully.
[2025-11-19 23:30:52] - [visualize_helper.py:21] - [INFO]: Preparing results dictionary...
[2025-11-19 23:30:52] - [visualize_helper.py:23] - [INFO]: Results dictionary prepared.
[2025-11-19 23:30:52] - [visualize_helper.py:25] - [INFO]: Generating plots...
[2025-11-19 23:30:54] - [visualize_helper.py:27] - [INFO]: All plots generated successfully and saved to 'assets/baselines_assets/baseline7/exp2'.
[2025-11-19 23:30:54] - [train_lstm.py:75] - [INFO]: Visualization Finished Successfully!
