[2025-11-19 23:28:02] - [finetune_helper.py:208] - [INFO]: Setting all seeds...
[2025-11-19 23:28:02] - [finetune_helper.py:254] - [INFO]: Using device: cuda
[2025-11-19 23:28:02] - [finetune_helper.py:49] - [INFO]: Creating data loaders...
[2025-11-19 23:28:10] - [finetune_helper.py:125] - [INFO]: Data loaders created.
[2025-11-19 23:28:10] - [finetune_helper.py:188] - [INFO]: Creating optimizer...
[2025-11-19 23:28:10] - [finetune_helper.py:190] - [INFO]: Optimizer created: AdamW Optimizer.
[2025-11-19 23:28:10] - [finetune_helper.py:191] - [INFO]: Initial Learning Rate: 0.0001.
[2025-11-19 23:28:10] - [finetune_helper.py:285] - [INFO]: Starting Training and Testing with number of epochs = 40
[2025-11-19 23:28:10] - [finetune_helper.py:288] - [INFO]: Opening a CSV file to log training metrics.
[2025-11-19 23:28:10] - [finetune_helper.py:297] - [INFO]: Epoch 1
-----------------------
[2025-11-19 23:28:10] - [finetune_helper.py:299] - [INFO]: Starting training step...
[2025-11-19 23:28:13] - [finetune_helper.py:310] - [INFO]: Training step completed.
[2025-11-19 23:28:13] - [finetune_helper.py:337] - [INFO]: Starting testing step...
[2025-11-19 23:28:15] - [finetune_helper.py:350] - [INFO]: Testing step completed.
[2025-11-19 23:28:15] - [finetune_helper.py:353] - [INFO]: Appending the epoch's metrics to CSV.
[2025-11-19 23:28:15] - [finetune_helper.py:357] - [INFO]: Epoch's metrics appended successfully!
[2025-11-19 23:28:15] - [finetune_helper.py:297] - [INFO]: Epoch 2
-----------------------
[2025-11-19 23:28:15] - [finetune_helper.py:299] - [INFO]: Starting training step...
[2025-11-19 23:28:17] - [finetune_helper.py:310] - [INFO]: Training step completed.
[2025-11-19 23:28:17] - [finetune_helper.py:337] - [INFO]: Starting testing step...
[2025-11-19 23:28:19] - [finetune_helper.py:350] - [INFO]: Testing step completed.
[2025-11-19 23:28:19] - [finetune_helper.py:353] - [INFO]: Appending the epoch's metrics to CSV.
[2025-11-19 23:28:19] - [finetune_helper.py:357] - [INFO]: Epoch's metrics appended successfully!
[2025-11-19 23:28:19] - [finetune_helper.py:297] - [INFO]: Epoch 3
-----------------------
[2025-11-19 23:28:19] - [finetune_helper.py:299] - [INFO]: Starting training step...
[2025-11-19 23:28:21] - [finetune_helper.py:310] - [INFO]: Training step completed.
[2025-11-19 23:28:21] - [finetune_helper.py:337] - [INFO]: Starting testing step...
[2025-11-19 23:28:22] - [finetune_helper.py:350] - [INFO]: Testing step completed.
[2025-11-19 23:28:22] - [finetune_helper.py:353] - [INFO]: Appending the epoch's metrics to CSV.
[2025-11-19 23:28:22] - [finetune_helper.py:357] - [INFO]: Epoch's metrics appended successfully!
[2025-11-19 23:28:22] - [finetune_helper.py:297] - [INFO]: Epoch 4
-----------------------
[2025-11-19 23:28:22] - [finetune_helper.py:299] - [INFO]: Starting training step...
[2025-11-19 23:28:25] - [finetune_helper.py:310] - [INFO]: Training step completed.
[2025-11-19 23:28:25] - [finetune_helper.py:337] - [INFO]: Starting testing step...
[2025-11-19 23:28:27] - [finetune_helper.py:350] - [INFO]: Testing step completed.
[2025-11-19 23:28:27] - [finetune_helper.py:353] - [INFO]: Appending the epoch's metrics to CSV.
[2025-11-19 23:28:27] - [finetune_helper.py:357] - [INFO]: Epoch's metrics appended successfully!
[2025-11-19 23:28:27] - [finetune_helper.py:297] - [INFO]: Epoch 5
-----------------------
[2025-11-19 23:28:27] - [finetune_helper.py:299] - [INFO]: Starting training step...
[2025-11-19 23:28:29] - [finetune_helper.py:310] - [INFO]: Training step completed.
[2025-11-19 23:28:29] - [finetune_helper.py:326] - [INFO]: Saving model checkpoint...
[2025-11-19 23:28:30] - [finetune_helper.py:334] - [INFO]: Model checkpoint saved at epoch 5/40.
[2025-11-19 23:28:30] - [finetune_helper.py:337] - [INFO]: Starting testing step...
[2025-11-19 23:28:31] - [finetune_helper.py:350] - [INFO]: Testing step completed.
[2025-11-19 23:28:31] - [finetune_helper.py:353] - [INFO]: Appending the epoch's metrics to CSV.
[2025-11-19 23:28:31] - [finetune_helper.py:357] - [INFO]: Epoch's metrics appended successfully!
[2025-11-19 23:28:31] - [finetune_helper.py:297] - [INFO]: Epoch 6
-----------------------
[2025-11-19 23:28:31] - [finetune_helper.py:299] - [INFO]: Starting training step...
[2025-11-19 23:28:34] - [finetune_helper.py:310] - [INFO]: Training step completed.
[2025-11-19 23:28:34] - [finetune_helper.py:337] - [INFO]: Starting testing step...
[2025-11-19 23:28:35] - [finetune_helper.py:350] - [INFO]: Testing step completed.
[2025-11-19 23:28:35] - [finetune_helper.py:353] - [INFO]: Appending the epoch's metrics to CSV.
[2025-11-19 23:28:35] - [finetune_helper.py:357] - [INFO]: Epoch's metrics appended successfully!
[2025-11-19 23:28:35] - [finetune_helper.py:297] - [INFO]: Epoch 7
-----------------------
[2025-11-19 23:28:35] - [finetune_helper.py:299] - [INFO]: Starting training step...
[2025-11-19 23:28:37] - [finetune_helper.py:310] - [INFO]: Training step completed.
[2025-11-19 23:28:37] - [finetune_helper.py:337] - [INFO]: Starting testing step...
[2025-11-19 23:28:39] - [finetune_helper.py:350] - [INFO]: Testing step completed.
[2025-11-19 23:28:39] - [finetune_helper.py:353] - [INFO]: Appending the epoch's metrics to CSV.
[2025-11-19 23:28:39] - [finetune_helper.py:357] - [INFO]: Epoch's metrics appended successfully!
[2025-11-19 23:28:39] - [finetune_helper.py:297] - [INFO]: Epoch 8
-----------------------
[2025-11-19 23:28:39] - [finetune_helper.py:299] - [INFO]: Starting training step...
[2025-11-19 23:28:41] - [finetune_helper.py:310] - [INFO]: Training step completed.
[2025-11-19 23:28:41] - [finetune_helper.py:337] - [INFO]: Starting testing step...
[2025-11-19 23:28:42] - [finetune_helper.py:350] - [INFO]: Testing step completed.
[2025-11-19 23:28:42] - [finetune_helper.py:353] - [INFO]: Appending the epoch's metrics to CSV.
[2025-11-19 23:28:42] - [finetune_helper.py:357] - [INFO]: Epoch's metrics appended successfully!
[2025-11-19 23:28:42] - [finetune_helper.py:297] - [INFO]: Epoch 9
-----------------------
[2025-11-19 23:28:42] - [finetune_helper.py:299] - [INFO]: Starting training step...
[2025-11-19 23:28:45] - [finetune_helper.py:310] - [INFO]: Training step completed.
[2025-11-19 23:28:45] - [finetune_helper.py:337] - [INFO]: Starting testing step...
[2025-11-19 23:28:46] - [finetune_helper.py:350] - [INFO]: Testing step completed.
[2025-11-19 23:28:46] - [finetune_helper.py:353] - [INFO]: Appending the epoch's metrics to CSV.
[2025-11-19 23:28:46] - [finetune_helper.py:357] - [INFO]: Epoch's metrics appended successfully!
[2025-11-19 23:28:46] - [finetune_helper.py:297] - [INFO]: Epoch 10
-----------------------
[2025-11-19 23:28:46] - [finetune_helper.py:299] - [INFO]: Starting training step...
[2025-11-19 23:28:49] - [finetune_helper.py:310] - [INFO]: Training step completed.
[2025-11-19 23:28:49] - [finetune_helper.py:326] - [INFO]: Saving model checkpoint...
[2025-11-19 23:28:49] - [finetune_helper.py:334] - [INFO]: Model checkpoint saved at epoch 10/40.
[2025-11-19 23:28:49] - [finetune_helper.py:337] - [INFO]: Starting testing step...
[2025-11-19 23:28:50] - [finetune_helper.py:350] - [INFO]: Testing step completed.
[2025-11-19 23:28:50] - [finetune_helper.py:353] - [INFO]: Appending the epoch's metrics to CSV.
[2025-11-19 23:28:50] - [finetune_helper.py:357] - [INFO]: Epoch's metrics appended successfully!
[2025-11-19 23:28:50] - [finetune_helper.py:297] - [INFO]: Epoch 11
-----------------------
[2025-11-19 23:28:50] - [finetune_helper.py:299] - [INFO]: Starting training step...
[2025-11-19 23:28:53] - [finetune_helper.py:310] - [INFO]: Training step completed.
[2025-11-19 23:28:53] - [finetune_helper.py:337] - [INFO]: Starting testing step...
[2025-11-19 23:28:54] - [finetune_helper.py:350] - [INFO]: Testing step completed.
[2025-11-19 23:28:54] - [finetune_helper.py:353] - [INFO]: Appending the epoch's metrics to CSV.
[2025-11-19 23:28:54] - [finetune_helper.py:357] - [INFO]: Epoch's metrics appended successfully!
[2025-11-19 23:28:54] - [finetune_helper.py:297] - [INFO]: Epoch 12
-----------------------
[2025-11-19 23:28:54] - [finetune_helper.py:299] - [INFO]: Starting training step...
[2025-11-19 23:28:57] - [finetune_helper.py:310] - [INFO]: Training step completed.
[2025-11-19 23:28:57] - [finetune_helper.py:337] - [INFO]: Starting testing step...
[2025-11-19 23:28:58] - [finetune_helper.py:350] - [INFO]: Testing step completed.
[2025-11-19 23:28:58] - [finetune_helper.py:353] - [INFO]: Appending the epoch's metrics to CSV.
[2025-11-19 23:28:58] - [finetune_helper.py:357] - [INFO]: Epoch's metrics appended successfully!
[2025-11-19 23:28:58] - [finetune_helper.py:297] - [INFO]: Epoch 13
-----------------------
[2025-11-19 23:28:58] - [finetune_helper.py:299] - [INFO]: Starting training step...
[2025-11-19 23:29:01] - [finetune_helper.py:310] - [INFO]: Training step completed.
[2025-11-19 23:29:01] - [finetune_helper.py:337] - [INFO]: Starting testing step...
[2025-11-19 23:29:02] - [finetune_helper.py:350] - [INFO]: Testing step completed.
[2025-11-19 23:29:02] - [finetune_helper.py:353] - [INFO]: Appending the epoch's metrics to CSV.
[2025-11-19 23:29:02] - [finetune_helper.py:357] - [INFO]: Epoch's metrics appended successfully!
[2025-11-19 23:29:02] - [finetune_helper.py:297] - [INFO]: Epoch 14
-----------------------
[2025-11-19 23:29:02] - [finetune_helper.py:299] - [INFO]: Starting training step...
[2025-11-19 23:29:05] - [finetune_helper.py:310] - [INFO]: Training step completed.
[2025-11-19 23:29:05] - [finetune_helper.py:337] - [INFO]: Starting testing step...
[2025-11-19 23:29:06] - [finetune_helper.py:350] - [INFO]: Testing step completed.
[2025-11-19 23:29:06] - [finetune_helper.py:353] - [INFO]: Appending the epoch's metrics to CSV.
[2025-11-19 23:29:06] - [finetune_helper.py:357] - [INFO]: Epoch's metrics appended successfully!
[2025-11-19 23:29:06] - [finetune_helper.py:297] - [INFO]: Epoch 15
-----------------------
[2025-11-19 23:29:06] - [finetune_helper.py:299] - [INFO]: Starting training step...
[2025-11-19 23:29:09] - [finetune_helper.py:310] - [INFO]: Training step completed.
[2025-11-19 23:29:09] - [finetune_helper.py:326] - [INFO]: Saving model checkpoint...
[2025-11-19 23:29:09] - [finetune_helper.py:334] - [INFO]: Model checkpoint saved at epoch 15/40.
[2025-11-19 23:29:09] - [finetune_helper.py:337] - [INFO]: Starting testing step...
[2025-11-19 23:29:10] - [finetune_helper.py:350] - [INFO]: Testing step completed.
[2025-11-19 23:29:10] - [finetune_helper.py:353] - [INFO]: Appending the epoch's metrics to CSV.
[2025-11-19 23:29:10] - [finetune_helper.py:357] - [INFO]: Epoch's metrics appended successfully!
[2025-11-19 23:29:10] - [finetune_helper.py:297] - [INFO]: Epoch 16
-----------------------
[2025-11-19 23:29:10] - [finetune_helper.py:299] - [INFO]: Starting training step...
[2025-11-19 23:29:13] - [finetune_helper.py:310] - [INFO]: Training step completed.
[2025-11-19 23:29:13] - [finetune_helper.py:337] - [INFO]: Starting testing step...
[2025-11-19 23:29:14] - [finetune_helper.py:350] - [INFO]: Testing step completed.
[2025-11-19 23:29:14] - [finetune_helper.py:353] - [INFO]: Appending the epoch's metrics to CSV.
[2025-11-19 23:29:14] - [finetune_helper.py:357] - [INFO]: Epoch's metrics appended successfully!
[2025-11-19 23:29:14] - [finetune_helper.py:297] - [INFO]: Epoch 17
-----------------------
[2025-11-19 23:29:14] - [finetune_helper.py:299] - [INFO]: Starting training step...
[2025-11-19 23:29:16] - [finetune_helper.py:310] - [INFO]: Training step completed.
[2025-11-19 23:29:16] - [finetune_helper.py:337] - [INFO]: Starting testing step...
[2025-11-19 23:29:18] - [finetune_helper.py:350] - [INFO]: Testing step completed.
[2025-11-19 23:29:18] - [finetune_helper.py:353] - [INFO]: Appending the epoch's metrics to CSV.
[2025-11-19 23:29:18] - [finetune_helper.py:357] - [INFO]: Epoch's metrics appended successfully!
[2025-11-19 23:29:18] - [finetune_helper.py:297] - [INFO]: Epoch 18
-----------------------
[2025-11-19 23:29:18] - [finetune_helper.py:299] - [INFO]: Starting training step...
[2025-11-19 23:29:20] - [finetune_helper.py:310] - [INFO]: Training step completed.
[2025-11-19 23:29:20] - [finetune_helper.py:337] - [INFO]: Starting testing step...
[2025-11-19 23:29:21] - [finetune_helper.py:350] - [INFO]: Testing step completed.
[2025-11-19 23:29:21] - [finetune_helper.py:353] - [INFO]: Appending the epoch's metrics to CSV.
[2025-11-19 23:29:21] - [finetune_helper.py:357] - [INFO]: Epoch's metrics appended successfully!
[2025-11-19 23:29:21] - [finetune_helper.py:297] - [INFO]: Epoch 19
-----------------------
[2025-11-19 23:29:21] - [finetune_helper.py:299] - [INFO]: Starting training step...
[2025-11-19 23:29:24] - [finetune_helper.py:310] - [INFO]: Training step completed.
[2025-11-19 23:29:24] - [finetune_helper.py:337] - [INFO]: Starting testing step...
[2025-11-19 23:29:25] - [finetune_helper.py:350] - [INFO]: Testing step completed.
[2025-11-19 23:29:25] - [finetune_helper.py:353] - [INFO]: Appending the epoch's metrics to CSV.
[2025-11-19 23:29:25] - [finetune_helper.py:357] - [INFO]: Epoch's metrics appended successfully!
[2025-11-19 23:29:25] - [finetune_helper.py:297] - [INFO]: Epoch 20
-----------------------
[2025-11-19 23:29:25] - [finetune_helper.py:299] - [INFO]: Starting training step...
[2025-11-19 23:29:28] - [finetune_helper.py:310] - [INFO]: Training step completed.
[2025-11-19 23:29:28] - [finetune_helper.py:326] - [INFO]: Saving model checkpoint...
[2025-11-19 23:29:28] - [finetune_helper.py:334] - [INFO]: Model checkpoint saved at epoch 20/40.
[2025-11-19 23:29:28] - [finetune_helper.py:337] - [INFO]: Starting testing step...
[2025-11-19 23:29:30] - [finetune_helper.py:350] - [INFO]: Testing step completed.
[2025-11-19 23:29:30] - [finetune_helper.py:353] - [INFO]: Appending the epoch's metrics to CSV.
[2025-11-19 23:29:30] - [finetune_helper.py:357] - [INFO]: Epoch's metrics appended successfully!
[2025-11-19 23:29:30] - [finetune_helper.py:297] - [INFO]: Epoch 21
-----------------------
[2025-11-19 23:29:30] - [finetune_helper.py:299] - [INFO]: Starting training step...
[2025-11-19 23:29:32] - [finetune_helper.py:310] - [INFO]: Training step completed.
[2025-11-19 23:29:32] - [finetune_helper.py:337] - [INFO]: Starting testing step...
[2025-11-19 23:29:33] - [finetune_helper.py:350] - [INFO]: Testing step completed.
[2025-11-19 23:29:33] - [finetune_helper.py:353] - [INFO]: Appending the epoch's metrics to CSV.
[2025-11-19 23:29:33] - [finetune_helper.py:357] - [INFO]: Epoch's metrics appended successfully!
[2025-11-19 23:29:33] - [finetune_helper.py:297] - [INFO]: Epoch 22
-----------------------
[2025-11-19 23:29:33] - [finetune_helper.py:299] - [INFO]: Starting training step...
[2025-11-19 23:29:36] - [finetune_helper.py:310] - [INFO]: Training step completed.
[2025-11-19 23:29:36] - [finetune_helper.py:337] - [INFO]: Starting testing step...
[2025-11-19 23:29:37] - [finetune_helper.py:350] - [INFO]: Testing step completed.
[2025-11-19 23:29:37] - [finetune_helper.py:353] - [INFO]: Appending the epoch's metrics to CSV.
[2025-11-19 23:29:37] - [finetune_helper.py:357] - [INFO]: Epoch's metrics appended successfully!
[2025-11-19 23:29:37] - [finetune_helper.py:297] - [INFO]: Epoch 23
-----------------------
[2025-11-19 23:29:37] - [finetune_helper.py:299] - [INFO]: Starting training step...
[2025-11-19 23:29:40] - [finetune_helper.py:310] - [INFO]: Training step completed.
[2025-11-19 23:29:40] - [finetune_helper.py:337] - [INFO]: Starting testing step...
[2025-11-19 23:29:41] - [finetune_helper.py:350] - [INFO]: Testing step completed.
[2025-11-19 23:29:41] - [finetune_helper.py:353] - [INFO]: Appending the epoch's metrics to CSV.
[2025-11-19 23:29:41] - [finetune_helper.py:357] - [INFO]: Epoch's metrics appended successfully!
[2025-11-19 23:29:41] - [finetune_helper.py:297] - [INFO]: Epoch 24
-----------------------
[2025-11-19 23:29:41] - [finetune_helper.py:299] - [INFO]: Starting training step...
[2025-11-19 23:29:45] - [finetune_helper.py:310] - [INFO]: Training step completed.
[2025-11-19 23:29:45] - [finetune_helper.py:337] - [INFO]: Starting testing step...
[2025-11-19 23:29:46] - [finetune_helper.py:350] - [INFO]: Testing step completed.
[2025-11-19 23:29:46] - [finetune_helper.py:353] - [INFO]: Appending the epoch's metrics to CSV.
[2025-11-19 23:29:46] - [finetune_helper.py:357] - [INFO]: Epoch's metrics appended successfully!
[2025-11-19 23:29:46] - [finetune_helper.py:297] - [INFO]: Epoch 25
-----------------------
[2025-11-19 23:29:46] - [finetune_helper.py:299] - [INFO]: Starting training step...
[2025-11-19 23:29:49] - [finetune_helper.py:310] - [INFO]: Training step completed.
[2025-11-19 23:29:49] - [finetune_helper.py:326] - [INFO]: Saving model checkpoint...
[2025-11-19 23:29:49] - [finetune_helper.py:334] - [INFO]: Model checkpoint saved at epoch 25/40.
[2025-11-19 23:29:49] - [finetune_helper.py:337] - [INFO]: Starting testing step...
[2025-11-19 23:29:51] - [finetune_helper.py:350] - [INFO]: Testing step completed.
[2025-11-19 23:29:51] - [finetune_helper.py:353] - [INFO]: Appending the epoch's metrics to CSV.
[2025-11-19 23:29:51] - [finetune_helper.py:357] - [INFO]: Epoch's metrics appended successfully!
[2025-11-19 23:29:51] - [finetune_helper.py:297] - [INFO]: Epoch 26
-----------------------
[2025-11-19 23:29:51] - [finetune_helper.py:299] - [INFO]: Starting training step...
[2025-11-19 23:29:54] - [finetune_helper.py:310] - [INFO]: Training step completed.
[2025-11-19 23:29:54] - [finetune_helper.py:337] - [INFO]: Starting testing step...
[2025-11-19 23:29:55] - [finetune_helper.py:350] - [INFO]: Testing step completed.
[2025-11-19 23:29:55] - [finetune_helper.py:353] - [INFO]: Appending the epoch's metrics to CSV.
[2025-11-19 23:29:55] - [finetune_helper.py:357] - [INFO]: Epoch's metrics appended successfully!
[2025-11-19 23:29:55] - [finetune_helper.py:297] - [INFO]: Epoch 27
-----------------------
[2025-11-19 23:29:55] - [finetune_helper.py:299] - [INFO]: Starting training step...
[2025-11-19 23:29:58] - [finetune_helper.py:310] - [INFO]: Training step completed.
[2025-11-19 23:29:58] - [finetune_helper.py:337] - [INFO]: Starting testing step...
[2025-11-19 23:29:59] - [finetune_helper.py:350] - [INFO]: Testing step completed.
[2025-11-19 23:29:59] - [finetune_helper.py:353] - [INFO]: Appending the epoch's metrics to CSV.
[2025-11-19 23:29:59] - [finetune_helper.py:357] - [INFO]: Epoch's metrics appended successfully!
[2025-11-19 23:29:59] - [finetune_helper.py:297] - [INFO]: Epoch 28
-----------------------
[2025-11-19 23:29:59] - [finetune_helper.py:299] - [INFO]: Starting training step...
[2025-11-19 23:30:02] - [finetune_helper.py:310] - [INFO]: Training step completed.
[2025-11-19 23:30:02] - [finetune_helper.py:337] - [INFO]: Starting testing step...
[2025-11-19 23:30:04] - [finetune_helper.py:350] - [INFO]: Testing step completed.
[2025-11-19 23:30:04] - [finetune_helper.py:353] - [INFO]: Appending the epoch's metrics to CSV.
[2025-11-19 23:30:04] - [finetune_helper.py:357] - [INFO]: Epoch's metrics appended successfully!
[2025-11-19 23:30:04] - [finetune_helper.py:297] - [INFO]: Epoch 29
-----------------------
[2025-11-19 23:30:04] - [finetune_helper.py:299] - [INFO]: Starting training step...
[2025-11-19 23:30:07] - [finetune_helper.py:310] - [INFO]: Training step completed.
[2025-11-19 23:30:07] - [finetune_helper.py:337] - [INFO]: Starting testing step...
[2025-11-19 23:30:08] - [finetune_helper.py:350] - [INFO]: Testing step completed.
[2025-11-19 23:30:08] - [finetune_helper.py:353] - [INFO]: Appending the epoch's metrics to CSV.
[2025-11-19 23:30:08] - [finetune_helper.py:357] - [INFO]: Epoch's metrics appended successfully!
[2025-11-19 23:30:08] - [finetune_helper.py:297] - [INFO]: Epoch 30
-----------------------
[2025-11-19 23:30:08] - [finetune_helper.py:299] - [INFO]: Starting training step...
[2025-11-19 23:30:11] - [finetune_helper.py:310] - [INFO]: Training step completed.
[2025-11-19 23:30:11] - [finetune_helper.py:326] - [INFO]: Saving model checkpoint...
[2025-11-19 23:30:11] - [finetune_helper.py:334] - [INFO]: Model checkpoint saved at epoch 30/40.
[2025-11-19 23:30:11] - [finetune_helper.py:337] - [INFO]: Starting testing step...
[2025-11-19 23:30:12] - [finetune_helper.py:350] - [INFO]: Testing step completed.
[2025-11-19 23:30:12] - [finetune_helper.py:353] - [INFO]: Appending the epoch's metrics to CSV.
[2025-11-19 23:30:12] - [finetune_helper.py:357] - [INFO]: Epoch's metrics appended successfully!
[2025-11-19 23:30:12] - [finetune_helper.py:297] - [INFO]: Epoch 31
-----------------------
[2025-11-19 23:30:12] - [finetune_helper.py:299] - [INFO]: Starting training step...
[2025-11-19 23:30:15] - [finetune_helper.py:310] - [INFO]: Training step completed.
[2025-11-19 23:30:15] - [finetune_helper.py:337] - [INFO]: Starting testing step...
[2025-11-19 23:30:16] - [finetune_helper.py:350] - [INFO]: Testing step completed.
[2025-11-19 23:30:16] - [finetune_helper.py:353] - [INFO]: Appending the epoch's metrics to CSV.
[2025-11-19 23:30:16] - [finetune_helper.py:357] - [INFO]: Epoch's metrics appended successfully!
[2025-11-19 23:30:16] - [finetune_helper.py:297] - [INFO]: Epoch 32
-----------------------
[2025-11-19 23:30:16] - [finetune_helper.py:299] - [INFO]: Starting training step...
[2025-11-19 23:30:19] - [finetune_helper.py:310] - [INFO]: Training step completed.
[2025-11-19 23:30:19] - [finetune_helper.py:337] - [INFO]: Starting testing step...
[2025-11-19 23:30:20] - [finetune_helper.py:350] - [INFO]: Testing step completed.
[2025-11-19 23:30:20] - [finetune_helper.py:353] - [INFO]: Appending the epoch's metrics to CSV.
[2025-11-19 23:30:20] - [finetune_helper.py:357] - [INFO]: Epoch's metrics appended successfully!
[2025-11-19 23:30:20] - [finetune_helper.py:297] - [INFO]: Epoch 33
-----------------------
[2025-11-19 23:30:20] - [finetune_helper.py:299] - [INFO]: Starting training step...
[2025-11-19 23:30:23] - [finetune_helper.py:310] - [INFO]: Training step completed.
[2025-11-19 23:30:23] - [finetune_helper.py:337] - [INFO]: Starting testing step...
[2025-11-19 23:30:24] - [finetune_helper.py:350] - [INFO]: Testing step completed.
[2025-11-19 23:30:24] - [finetune_helper.py:353] - [INFO]: Appending the epoch's metrics to CSV.
[2025-11-19 23:30:24] - [finetune_helper.py:357] - [INFO]: Epoch's metrics appended successfully!
[2025-11-19 23:30:24] - [finetune_helper.py:297] - [INFO]: Epoch 34
-----------------------
[2025-11-19 23:30:24] - [finetune_helper.py:299] - [INFO]: Starting training step...
[2025-11-19 23:30:27] - [finetune_helper.py:310] - [INFO]: Training step completed.
[2025-11-19 23:30:27] - [finetune_helper.py:337] - [INFO]: Starting testing step...
[2025-11-19 23:30:28] - [finetune_helper.py:350] - [INFO]: Testing step completed.
[2025-11-19 23:30:28] - [finetune_helper.py:353] - [INFO]: Appending the epoch's metrics to CSV.
[2025-11-19 23:30:28] - [finetune_helper.py:357] - [INFO]: Epoch's metrics appended successfully!
[2025-11-19 23:30:28] - [finetune_helper.py:297] - [INFO]: Epoch 35
-----------------------
[2025-11-19 23:30:28] - [finetune_helper.py:299] - [INFO]: Starting training step...
[2025-11-19 23:30:31] - [finetune_helper.py:310] - [INFO]: Training step completed.
[2025-11-19 23:30:31] - [finetune_helper.py:326] - [INFO]: Saving model checkpoint...
[2025-11-19 23:30:31] - [finetune_helper.py:334] - [INFO]: Model checkpoint saved at epoch 35/40.
[2025-11-19 23:30:31] - [finetune_helper.py:337] - [INFO]: Starting testing step...
[2025-11-19 23:30:32] - [finetune_helper.py:350] - [INFO]: Testing step completed.
[2025-11-19 23:30:32] - [finetune_helper.py:353] - [INFO]: Appending the epoch's metrics to CSV.
[2025-11-19 23:30:32] - [finetune_helper.py:357] - [INFO]: Epoch's metrics appended successfully!
[2025-11-19 23:30:32] - [finetune_helper.py:297] - [INFO]: Epoch 36
-----------------------
[2025-11-19 23:30:32] - [finetune_helper.py:299] - [INFO]: Starting training step...
[2025-11-19 23:30:35] - [finetune_helper.py:310] - [INFO]: Training step completed.
[2025-11-19 23:30:35] - [finetune_helper.py:337] - [INFO]: Starting testing step...
[2025-11-19 23:30:36] - [finetune_helper.py:350] - [INFO]: Testing step completed.
[2025-11-19 23:30:36] - [finetune_helper.py:353] - [INFO]: Appending the epoch's metrics to CSV.
[2025-11-19 23:30:36] - [finetune_helper.py:357] - [INFO]: Epoch's metrics appended successfully!
[2025-11-19 23:30:36] - [finetune_helper.py:297] - [INFO]: Epoch 37
-----------------------
[2025-11-19 23:30:36] - [finetune_helper.py:299] - [INFO]: Starting training step...
[2025-11-19 23:30:38] - [finetune_helper.py:310] - [INFO]: Training step completed.
[2025-11-19 23:30:38] - [finetune_helper.py:337] - [INFO]: Starting testing step...
[2025-11-19 23:30:40] - [finetune_helper.py:350] - [INFO]: Testing step completed.
[2025-11-19 23:30:40] - [finetune_helper.py:353] - [INFO]: Appending the epoch's metrics to CSV.
[2025-11-19 23:30:40] - [finetune_helper.py:357] - [INFO]: Epoch's metrics appended successfully!
[2025-11-19 23:30:40] - [finetune_helper.py:297] - [INFO]: Epoch 38
-----------------------
[2025-11-19 23:30:40] - [finetune_helper.py:299] - [INFO]: Starting training step...
[2025-11-19 23:30:42] - [finetune_helper.py:310] - [INFO]: Training step completed.
[2025-11-19 23:30:42] - [finetune_helper.py:337] - [INFO]: Starting testing step...
[2025-11-19 23:30:43] - [finetune_helper.py:350] - [INFO]: Testing step completed.
[2025-11-19 23:30:43] - [finetune_helper.py:353] - [INFO]: Appending the epoch's metrics to CSV.
[2025-11-19 23:30:43] - [finetune_helper.py:357] - [INFO]: Epoch's metrics appended successfully!
[2025-11-19 23:30:43] - [finetune_helper.py:297] - [INFO]: Epoch 39
-----------------------
[2025-11-19 23:30:43] - [finetune_helper.py:299] - [INFO]: Starting training step...
[2025-11-19 23:30:46] - [finetune_helper.py:310] - [INFO]: Training step completed.
[2025-11-19 23:30:46] - [finetune_helper.py:337] - [INFO]: Starting testing step...
[2025-11-19 23:30:47] - [finetune_helper.py:350] - [INFO]: Testing step completed.
[2025-11-19 23:30:47] - [finetune_helper.py:353] - [INFO]: Appending the epoch's metrics to CSV.
[2025-11-19 23:30:47] - [finetune_helper.py:357] - [INFO]: Epoch's metrics appended successfully!
[2025-11-19 23:30:47] - [finetune_helper.py:297] - [INFO]: Epoch 40
-----------------------
[2025-11-19 23:30:47] - [finetune_helper.py:299] - [INFO]: Starting training step...
[2025-11-19 23:30:50] - [finetune_helper.py:310] - [INFO]: Training step completed.
[2025-11-19 23:30:50] - [finetune_helper.py:326] - [INFO]: Saving model checkpoint...
[2025-11-19 23:30:50] - [finetune_helper.py:334] - [INFO]: Model checkpoint saved at epoch 40/40.
[2025-11-19 23:30:50] - [finetune_helper.py:337] - [INFO]: Starting testing step...
[2025-11-19 23:30:51] - [finetune_helper.py:350] - [INFO]: Testing step completed.
[2025-11-19 23:30:51] - [finetune_helper.py:353] - [INFO]: Appending the epoch's metrics to CSV.
[2025-11-19 23:30:51] - [finetune_helper.py:357] - [INFO]: Epoch's metrics appended successfully!
