[2025-11-05 14:33:29] - [finetune_helper.py:180] - [INFO]: Setting all seeds...
[2025-11-05 14:33:29] - [finetune_helper.py:224] - [INFO]: Using device: cuda
[2025-11-05 14:33:29] - [finetune_helper.py:46] - [INFO]: Creating data loaders...
[2025-11-05 14:33:29] - [datasets.py:231] - [INFO]: Initializing Features Dataset...
[2025-11-05 14:33:29] - [datasets.py:251] - [INFO]: Collecting Images' features and labels...
[2025-11-05 14:33:31] - [datasets.py:233] - [INFO]: Features Dataset Initialized with 2183 Samples!
[2025-11-05 14:33:31] - [datasets.py:231] - [INFO]: Initializing Features Dataset...
[2025-11-05 14:33:31] - [datasets.py:251] - [INFO]: Collecting Images' features and labels...
[2025-11-05 14:33:33] - [datasets.py:233] - [INFO]: Features Dataset Initialized with 1266 Samples!
[2025-11-05 14:33:33] - [finetune_helper.py:120] - [INFO]: Data loaders created.
[2025-11-05 14:33:33] - [finetune_helper.py:160] - [INFO]: Creating optimizer...
[2025-11-05 14:33:33] - [finetune_helper.py:162] - [INFO]: Optimizer created: AdamW Optimizer.
[2025-11-05 14:33:33] - [finetune_helper.py:163] - [INFO]: Initial Learning Rate: 0.0001.
[2025-11-05 14:33:33] - [finetune_helper.py:250] - [INFO]: Starting Training and Testing with number of epochs = 40
[2025-11-05 14:33:33] - [finetune_helper.py:253] - [INFO]: Opening a CSV file to log training metrics.
[2025-11-05 14:33:33] - [finetune_helper.py:262] - [INFO]: Epoch 1
-----------------------
[2025-11-05 14:33:33] - [finetune_helper.py:264] - [INFO]: Starting training step...
[2025-11-05 14:33:35] - [train_utils.py:73] - [INFO]: Train Loss: 1.03882 | Train Accuracy: 83.37%
[2025-11-05 14:33:35] - [finetune_helper.py:275] - [INFO]: Training step completed.
[2025-11-05 14:33:35] - [finetune_helper.py:291] - [INFO]: Starting testing step...
[2025-11-05 14:33:35] - [test_utils.py:76] - [INFO]: Test Loss: 0.87560 | Test Accuracy: 78.04% | Test F1-score: 0.7804107666015625

[2025-11-05 14:33:35] - [finetune_helper.py:304] - [INFO]: Testing step completed.
[2025-11-05 14:33:35] - [finetune_helper.py:307] - [INFO]: Appending the epoch's metrics to CSV.
[2025-11-05 14:33:35] - [finetune_helper.py:311] - [INFO]: Epoch's metrics appended successfully!
[2025-11-05 14:33:35] - [finetune_helper.py:262] - [INFO]: Epoch 2
-----------------------
[2025-11-05 14:33:35] - [finetune_helper.py:264] - [INFO]: Starting training step...
[2025-11-05 14:33:36] - [train_utils.py:73] - [INFO]: Train Loss: 0.26974 | Train Accuracy: 99.27%
[2025-11-05 14:33:36] - [finetune_helper.py:275] - [INFO]: Training step completed.
[2025-11-05 14:33:36] - [finetune_helper.py:279] - [INFO]: Saving model checkpoint...
[2025-11-05 14:33:36] - [finetune_helper.py:287] - [INFO]: Model checkpoint saved at epoch 2/40.
[2025-11-05 14:33:36] - [finetune_helper.py:291] - [INFO]: Starting testing step...
[2025-11-05 14:33:36] - [test_utils.py:76] - [INFO]: Test Loss: 0.74529 | Test Accuracy: 78.28% | Test F1-score: 0.7827804088592529

[2025-11-05 14:33:36] - [finetune_helper.py:304] - [INFO]: Testing step completed.
[2025-11-05 14:33:36] - [finetune_helper.py:307] - [INFO]: Appending the epoch's metrics to CSV.
[2025-11-05 14:33:36] - [finetune_helper.py:311] - [INFO]: Epoch's metrics appended successfully!
[2025-11-05 14:33:36] - [finetune_helper.py:262] - [INFO]: Epoch 3
-----------------------
[2025-11-05 14:33:36] - [finetune_helper.py:264] - [INFO]: Starting training step...
[2025-11-05 14:33:37] - [train_utils.py:73] - [INFO]: Train Loss: 0.11681 | Train Accuracy: 99.68%
[2025-11-05 14:33:37] - [finetune_helper.py:275] - [INFO]: Training step completed.
[2025-11-05 14:33:37] - [finetune_helper.py:291] - [INFO]: Starting testing step...
[2025-11-05 14:33:37] - [test_utils.py:76] - [INFO]: Test Loss: 0.80374 | Test Accuracy: 78.36% | Test F1-score: 0.7835702896118164

[2025-11-05 14:33:37] - [finetune_helper.py:304] - [INFO]: Testing step completed.
[2025-11-05 14:33:37] - [finetune_helper.py:307] - [INFO]: Appending the epoch's metrics to CSV.
[2025-11-05 14:33:37] - [finetune_helper.py:311] - [INFO]: Epoch's metrics appended successfully!
[2025-11-05 14:33:37] - [finetune_helper.py:262] - [INFO]: Epoch 4
-----------------------
[2025-11-05 14:33:37] - [finetune_helper.py:264] - [INFO]: Starting training step...
[2025-11-05 14:33:37] - [train_utils.py:73] - [INFO]: Train Loss: 0.06707 | Train Accuracy: 99.59%
[2025-11-05 14:33:37] - [finetune_helper.py:275] - [INFO]: Training step completed.
[2025-11-05 14:33:37] - [finetune_helper.py:279] - [INFO]: Saving model checkpoint...
[2025-11-05 14:33:37] - [finetune_helper.py:287] - [INFO]: Model checkpoint saved at epoch 4/40.
[2025-11-05 14:33:37] - [finetune_helper.py:291] - [INFO]: Starting testing step...
[2025-11-05 14:33:38] - [test_utils.py:76] - [INFO]: Test Loss: 0.85058 | Test Accuracy: 77.65% | Test F1-score: 0.7764613032341003

[2025-11-05 14:33:38] - [finetune_helper.py:304] - [INFO]: Testing step completed.
[2025-11-05 14:33:38] - [finetune_helper.py:307] - [INFO]: Appending the epoch's metrics to CSV.
[2025-11-05 14:33:38] - [finetune_helper.py:311] - [INFO]: Epoch's metrics appended successfully!
[2025-11-05 14:33:38] - [finetune_helper.py:262] - [INFO]: Epoch 5
-----------------------
[2025-11-05 14:33:38] - [finetune_helper.py:264] - [INFO]: Starting training step...
[2025-11-05 14:33:38] - [train_utils.py:73] - [INFO]: Train Loss: 0.04504 | Train Accuracy: 99.68%
[2025-11-05 14:33:38] - [finetune_helper.py:275] - [INFO]: Training step completed.
[2025-11-05 14:33:38] - [finetune_helper.py:291] - [INFO]: Starting testing step...
[2025-11-05 14:33:38] - [test_utils.py:76] - [INFO]: Test Loss: 0.91398 | Test Accuracy: 78.28% | Test F1-score: 0.7827804088592529

[2025-11-05 14:33:38] - [finetune_helper.py:304] - [INFO]: Testing step completed.
[2025-11-05 14:33:38] - [finetune_helper.py:307] - [INFO]: Appending the epoch's metrics to CSV.
[2025-11-05 14:33:38] - [finetune_helper.py:311] - [INFO]: Epoch's metrics appended successfully!
[2025-11-05 14:33:38] - [finetune_helper.py:262] - [INFO]: Epoch 6
-----------------------
[2025-11-05 14:33:38] - [finetune_helper.py:264] - [INFO]: Starting training step...
[2025-11-05 14:33:39] - [train_utils.py:73] - [INFO]: Train Loss: 0.03224 | Train Accuracy: 99.82%
[2025-11-05 14:33:39] - [finetune_helper.py:275] - [INFO]: Training step completed.
[2025-11-05 14:33:39] - [finetune_helper.py:279] - [INFO]: Saving model checkpoint...
[2025-11-05 14:33:39] - [finetune_helper.py:287] - [INFO]: Model checkpoint saved at epoch 6/40.
[2025-11-05 14:33:39] - [finetune_helper.py:291] - [INFO]: Starting testing step...
[2025-11-05 14:33:39] - [test_utils.py:76] - [INFO]: Test Loss: 0.97605 | Test Accuracy: 77.41% | Test F1-score: 0.7740916609764099

[2025-11-05 14:33:39] - [finetune_helper.py:304] - [INFO]: Testing step completed.
[2025-11-05 14:33:39] - [finetune_helper.py:307] - [INFO]: Appending the epoch's metrics to CSV.
[2025-11-05 14:33:39] - [finetune_helper.py:311] - [INFO]: Epoch's metrics appended successfully!
[2025-11-05 14:33:39] - [finetune_helper.py:262] - [INFO]: Epoch 7
-----------------------
[2025-11-05 14:33:39] - [finetune_helper.py:264] - [INFO]: Starting training step...
[2025-11-05 14:33:40] - [train_utils.py:73] - [INFO]: Train Loss: 0.02137 | Train Accuracy: 99.95%
[2025-11-05 14:33:40] - [finetune_helper.py:275] - [INFO]: Training step completed.
[2025-11-05 14:33:40] - [finetune_helper.py:291] - [INFO]: Starting testing step...
[2025-11-05 14:33:40] - [test_utils.py:76] - [INFO]: Test Loss: 1.00283 | Test Accuracy: 78.04% | Test F1-score: 0.7804107666015625

[2025-11-05 14:33:40] - [finetune_helper.py:304] - [INFO]: Testing step completed.
[2025-11-05 14:33:40] - [finetune_helper.py:307] - [INFO]: Appending the epoch's metrics to CSV.
[2025-11-05 14:33:40] - [finetune_helper.py:311] - [INFO]: Epoch's metrics appended successfully!
[2025-11-05 14:33:40] - [finetune_helper.py:262] - [INFO]: Epoch 8
-----------------------
[2025-11-05 14:33:40] - [finetune_helper.py:264] - [INFO]: Starting training step...
[2025-11-05 14:33:41] - [train_utils.py:73] - [INFO]: Train Loss: 0.01553 | Train Accuracy: 100.00%
[2025-11-05 14:33:41] - [finetune_helper.py:275] - [INFO]: Training step completed.
[2025-11-05 14:33:41] - [finetune_helper.py:279] - [INFO]: Saving model checkpoint...
[2025-11-05 14:33:41] - [finetune_helper.py:287] - [INFO]: Model checkpoint saved at epoch 8/40.
[2025-11-05 14:33:41] - [finetune_helper.py:291] - [INFO]: Starting testing step...
[2025-11-05 14:33:41] - [test_utils.py:76] - [INFO]: Test Loss: 1.06201 | Test Accuracy: 77.73% | Test F1-score: 0.7772511839866638

[2025-11-05 14:33:41] - [finetune_helper.py:304] - [INFO]: Testing step completed.
[2025-11-05 14:33:41] - [finetune_helper.py:307] - [INFO]: Appending the epoch's metrics to CSV.
[2025-11-05 14:33:41] - [finetune_helper.py:311] - [INFO]: Epoch's metrics appended successfully!
[2025-11-05 14:33:41] - [finetune_helper.py:262] - [INFO]: Epoch 9
-----------------------
[2025-11-05 14:33:41] - [finetune_helper.py:264] - [INFO]: Starting training step...
[2025-11-05 14:33:42] - [train_utils.py:73] - [INFO]: Train Loss: 0.01381 | Train Accuracy: 99.91%
[2025-11-05 14:33:42] - [finetune_helper.py:275] - [INFO]: Training step completed.
[2025-11-05 14:33:42] - [finetune_helper.py:291] - [INFO]: Starting testing step...
[2025-11-05 14:33:42] - [test_utils.py:76] - [INFO]: Test Loss: 1.10739 | Test Accuracy: 77.80% | Test F1-score: 0.7780410051345825

[2025-11-05 14:33:42] - [finetune_helper.py:304] - [INFO]: Testing step completed.
[2025-11-05 14:33:42] - [finetune_helper.py:307] - [INFO]: Appending the epoch's metrics to CSV.
[2025-11-05 14:33:42] - [finetune_helper.py:311] - [INFO]: Epoch's metrics appended successfully!
[2025-11-05 14:33:42] - [finetune_helper.py:262] - [INFO]: Epoch 10
-----------------------
[2025-11-05 14:33:42] - [finetune_helper.py:264] - [INFO]: Starting training step...
[2025-11-05 14:33:43] - [train_utils.py:73] - [INFO]: Train Loss: 0.01100 | Train Accuracy: 99.95%
[2025-11-05 14:33:43] - [finetune_helper.py:275] - [INFO]: Training step completed.
[2025-11-05 14:33:43] - [finetune_helper.py:279] - [INFO]: Saving model checkpoint...
[2025-11-05 14:33:43] - [finetune_helper.py:287] - [INFO]: Model checkpoint saved at epoch 10/40.
[2025-11-05 14:33:43] - [finetune_helper.py:291] - [INFO]: Starting testing step...
[2025-11-05 14:33:43] - [test_utils.py:76] - [INFO]: Test Loss: 1.15063 | Test Accuracy: 77.80% | Test F1-score: 0.7780410051345825

[2025-11-05 14:33:43] - [finetune_helper.py:304] - [INFO]: Testing step completed.
[2025-11-05 14:33:43] - [finetune_helper.py:307] - [INFO]: Appending the epoch's metrics to CSV.
[2025-11-05 14:33:43] - [finetune_helper.py:311] - [INFO]: Epoch's metrics appended successfully!
[2025-11-05 14:33:43] - [finetune_helper.py:262] - [INFO]: Epoch 11
-----------------------
[2025-11-05 14:33:43] - [finetune_helper.py:264] - [INFO]: Starting training step...
[2025-11-05 14:33:44] - [train_utils.py:73] - [INFO]: Train Loss: 0.01198 | Train Accuracy: 99.95%
[2025-11-05 14:33:44] - [finetune_helper.py:275] - [INFO]: Training step completed.
[2025-11-05 14:33:44] - [finetune_helper.py:291] - [INFO]: Starting testing step...
[2025-11-05 14:33:44] - [test_utils.py:76] - [INFO]: Test Loss: 1.20782 | Test Accuracy: 77.49% | Test F1-score: 0.7748815417289734

[2025-11-05 14:33:44] - [finetune_helper.py:304] - [INFO]: Testing step completed.
[2025-11-05 14:33:44] - [finetune_helper.py:307] - [INFO]: Appending the epoch's metrics to CSV.
[2025-11-05 14:33:44] - [finetune_helper.py:311] - [INFO]: Epoch's metrics appended successfully!
[2025-11-05 14:33:44] - [finetune_helper.py:262] - [INFO]: Epoch 12
-----------------------
[2025-11-05 14:33:44] - [finetune_helper.py:264] - [INFO]: Starting training step...
[2025-11-05 14:33:44] - [train_utils.py:73] - [INFO]: Train Loss: 0.01678 | Train Accuracy: 99.86%
[2025-11-05 14:33:44] - [finetune_helper.py:275] - [INFO]: Training step completed.
[2025-11-05 14:33:44] - [finetune_helper.py:279] - [INFO]: Saving model checkpoint...
[2025-11-05 14:33:45] - [finetune_helper.py:287] - [INFO]: Model checkpoint saved at epoch 12/40.
[2025-11-05 14:33:45] - [finetune_helper.py:291] - [INFO]: Starting testing step...
[2025-11-05 14:33:45] - [test_utils.py:76] - [INFO]: Test Loss: 1.17502 | Test Accuracy: 77.88% | Test F1-score: 0.7788309454917908

[2025-11-05 14:33:45] - [finetune_helper.py:304] - [INFO]: Testing step completed.
[2025-11-05 14:33:45] - [finetune_helper.py:307] - [INFO]: Appending the epoch's metrics to CSV.
[2025-11-05 14:33:45] - [finetune_helper.py:311] - [INFO]: Epoch's metrics appended successfully!
[2025-11-05 14:33:45] - [finetune_helper.py:262] - [INFO]: Epoch 13
-----------------------
[2025-11-05 14:33:45] - [finetune_helper.py:264] - [INFO]: Starting training step...
[2025-11-05 14:33:45] - [train_utils.py:73] - [INFO]: Train Loss: 0.00855 | Train Accuracy: 100.00%
[2025-11-05 14:33:45] - [finetune_helper.py:275] - [INFO]: Training step completed.
[2025-11-05 14:33:45] - [finetune_helper.py:291] - [INFO]: Starting testing step...
[2025-11-05 14:33:46] - [test_utils.py:76] - [INFO]: Test Loss: 1.21565 | Test Accuracy: 78.52% | Test F1-score: 0.7851500511169434

[2025-11-05 14:33:46] - [finetune_helper.py:304] - [INFO]: Testing step completed.
[2025-11-05 14:33:46] - [finetune_helper.py:307] - [INFO]: Appending the epoch's metrics to CSV.
[2025-11-05 14:33:46] - [finetune_helper.py:311] - [INFO]: Epoch's metrics appended successfully!
[2025-11-05 14:33:46] - [finetune_helper.py:262] - [INFO]: Epoch 14
-----------------------
[2025-11-05 14:33:46] - [finetune_helper.py:264] - [INFO]: Starting training step...
[2025-11-05 14:33:46] - [train_utils.py:73] - [INFO]: Train Loss: 0.00765 | Train Accuracy: 100.00%
[2025-11-05 14:33:46] - [finetune_helper.py:275] - [INFO]: Training step completed.
[2025-11-05 14:33:46] - [finetune_helper.py:279] - [INFO]: Saving model checkpoint...
[2025-11-05 14:33:46] - [finetune_helper.py:287] - [INFO]: Model checkpoint saved at epoch 14/40.
[2025-11-05 14:33:46] - [finetune_helper.py:291] - [INFO]: Starting testing step...
[2025-11-05 14:33:47] - [test_utils.py:76] - [INFO]: Test Loss: 1.26278 | Test Accuracy: 78.28% | Test F1-score: 0.7827804088592529

[2025-11-05 14:33:47] - [finetune_helper.py:304] - [INFO]: Testing step completed.
[2025-11-05 14:33:47] - [finetune_helper.py:307] - [INFO]: Appending the epoch's metrics to CSV.
[2025-11-05 14:33:47] - [finetune_helper.py:311] - [INFO]: Epoch's metrics appended successfully!
[2025-11-05 14:33:47] - [finetune_helper.py:262] - [INFO]: Epoch 15
-----------------------
[2025-11-05 14:33:47] - [finetune_helper.py:264] - [INFO]: Starting training step...
[2025-11-05 14:33:47] - [train_utils.py:73] - [INFO]: Train Loss: 0.00850 | Train Accuracy: 100.00%
[2025-11-05 14:33:47] - [finetune_helper.py:275] - [INFO]: Training step completed.
[2025-11-05 14:33:47] - [finetune_helper.py:291] - [INFO]: Starting testing step...
[2025-11-05 14:33:48] - [test_utils.py:76] - [INFO]: Test Loss: 1.30840 | Test Accuracy: 78.04% | Test F1-score: 0.7804107666015625

[2025-11-05 14:33:48] - [finetune_helper.py:304] - [INFO]: Testing step completed.
[2025-11-05 14:33:48] - [finetune_helper.py:307] - [INFO]: Appending the epoch's metrics to CSV.
[2025-11-05 14:33:48] - [finetune_helper.py:311] - [INFO]: Epoch's metrics appended successfully!
[2025-11-05 14:33:48] - [finetune_helper.py:262] - [INFO]: Epoch 16
-----------------------
[2025-11-05 14:33:48] - [finetune_helper.py:264] - [INFO]: Starting training step...
[2025-11-05 14:33:48] - [train_utils.py:73] - [INFO]: Train Loss: 0.00645 | Train Accuracy: 99.95%
[2025-11-05 14:33:48] - [finetune_helper.py:275] - [INFO]: Training step completed.
[2025-11-05 14:33:48] - [finetune_helper.py:279] - [INFO]: Saving model checkpoint...
[2025-11-05 14:33:48] - [finetune_helper.py:287] - [INFO]: Model checkpoint saved at epoch 16/40.
[2025-11-05 14:33:48] - [finetune_helper.py:291] - [INFO]: Starting testing step...
[2025-11-05 14:33:49] - [test_utils.py:76] - [INFO]: Test Loss: 1.26614 | Test Accuracy: 76.62% | Test F1-score: 0.7661927938461304

[2025-11-05 14:33:49] - [finetune_helper.py:304] - [INFO]: Testing step completed.
[2025-11-05 14:33:49] - [finetune_helper.py:307] - [INFO]: Appending the epoch's metrics to CSV.
[2025-11-05 14:33:49] - [finetune_helper.py:311] - [INFO]: Epoch's metrics appended successfully!
[2025-11-05 14:33:49] - [finetune_helper.py:262] - [INFO]: Epoch 17
-----------------------
[2025-11-05 14:33:49] - [finetune_helper.py:264] - [INFO]: Starting training step...
[2025-11-05 14:33:49] - [train_utils.py:73] - [INFO]: Train Loss: 0.00577 | Train Accuracy: 100.00%
[2025-11-05 14:33:49] - [finetune_helper.py:275] - [INFO]: Training step completed.
[2025-11-05 14:33:49] - [finetune_helper.py:291] - [INFO]: Starting testing step...
[2025-11-05 14:33:49] - [test_utils.py:76] - [INFO]: Test Loss: 1.32814 | Test Accuracy: 77.33% | Test F1-score: 0.7733017802238464

[2025-11-05 14:33:50] - [finetune_helper.py:304] - [INFO]: Testing step completed.
[2025-11-05 14:33:50] - [finetune_helper.py:307] - [INFO]: Appending the epoch's metrics to CSV.
[2025-11-05 14:33:50] - [finetune_helper.py:311] - [INFO]: Epoch's metrics appended successfully!
[2025-11-05 14:33:50] - [finetune_helper.py:262] - [INFO]: Epoch 18
-----------------------
[2025-11-05 14:33:50] - [finetune_helper.py:264] - [INFO]: Starting training step...
[2025-11-05 14:33:50] - [train_utils.py:73] - [INFO]: Train Loss: 0.00515 | Train Accuracy: 99.95%
[2025-11-05 14:33:50] - [finetune_helper.py:275] - [INFO]: Training step completed.
[2025-11-05 14:33:50] - [finetune_helper.py:279] - [INFO]: Saving model checkpoint...
[2025-11-05 14:33:50] - [finetune_helper.py:287] - [INFO]: Model checkpoint saved at epoch 18/40.
[2025-11-05 14:33:50] - [finetune_helper.py:291] - [INFO]: Starting testing step...
[2025-11-05 14:33:50] - [test_utils.py:76] - [INFO]: Test Loss: 1.35390 | Test Accuracy: 76.94% | Test F1-score: 0.7693523168563843

[2025-11-05 14:33:50] - [finetune_helper.py:304] - [INFO]: Testing step completed.
[2025-11-05 14:33:50] - [finetune_helper.py:307] - [INFO]: Appending the epoch's metrics to CSV.
[2025-11-05 14:33:50] - [finetune_helper.py:311] - [INFO]: Epoch's metrics appended successfully!
[2025-11-05 14:33:50] - [finetune_helper.py:262] - [INFO]: Epoch 19
-----------------------
[2025-11-05 14:33:50] - [finetune_helper.py:264] - [INFO]: Starting training step...
[2025-11-05 14:33:51] - [train_utils.py:73] - [INFO]: Train Loss: 0.00475 | Train Accuracy: 100.00%
[2025-11-05 14:33:51] - [finetune_helper.py:275] - [INFO]: Training step completed.
[2025-11-05 14:33:51] - [finetune_helper.py:291] - [INFO]: Starting testing step...
[2025-11-05 14:33:51] - [test_utils.py:76] - [INFO]: Test Loss: 1.38858 | Test Accuracy: 77.65% | Test F1-score: 0.7764613032341003

[2025-11-05 14:33:51] - [finetune_helper.py:304] - [INFO]: Testing step completed.
[2025-11-05 14:33:51] - [finetune_helper.py:307] - [INFO]: Appending the epoch's metrics to CSV.
[2025-11-05 14:33:51] - [finetune_helper.py:311] - [INFO]: Epoch's metrics appended successfully!
[2025-11-05 14:33:51] - [finetune_helper.py:262] - [INFO]: Epoch 20
-----------------------
[2025-11-05 14:33:51] - [finetune_helper.py:264] - [INFO]: Starting training step...
[2025-11-05 14:33:52] - [train_utils.py:73] - [INFO]: Train Loss: 0.00311 | Train Accuracy: 100.00%
[2025-11-05 14:33:52] - [finetune_helper.py:275] - [INFO]: Training step completed.
[2025-11-05 14:33:52] - [finetune_helper.py:279] - [INFO]: Saving model checkpoint...
[2025-11-05 14:33:52] - [finetune_helper.py:287] - [INFO]: Model checkpoint saved at epoch 20/40.
[2025-11-05 14:33:52] - [finetune_helper.py:291] - [INFO]: Starting testing step...
[2025-11-05 14:33:52] - [test_utils.py:76] - [INFO]: Test Loss: 1.40730 | Test Accuracy: 77.33% | Test F1-score: 0.7733017802238464

[2025-11-05 14:33:52] - [finetune_helper.py:304] - [INFO]: Testing step completed.
[2025-11-05 14:33:52] - [finetune_helper.py:307] - [INFO]: Appending the epoch's metrics to CSV.
[2025-11-05 14:33:52] - [finetune_helper.py:311] - [INFO]: Epoch's metrics appended successfully!
[2025-11-05 14:33:52] - [finetune_helper.py:262] - [INFO]: Epoch 21
-----------------------
[2025-11-05 14:33:52] - [finetune_helper.py:264] - [INFO]: Starting training step...
[2025-11-05 14:33:53] - [train_utils.py:73] - [INFO]: Train Loss: 0.00293 | Train Accuracy: 100.00%
[2025-11-05 14:33:53] - [finetune_helper.py:275] - [INFO]: Training step completed.
[2025-11-05 14:33:53] - [finetune_helper.py:291] - [INFO]: Starting testing step...
[2025-11-05 14:33:53] - [test_utils.py:76] - [INFO]: Test Loss: 1.42076 | Test Accuracy: 77.17% | Test F1-score: 0.7717219591140747

[2025-11-05 14:33:53] - [finetune_helper.py:304] - [INFO]: Testing step completed.
[2025-11-05 14:33:53] - [finetune_helper.py:307] - [INFO]: Appending the epoch's metrics to CSV.
[2025-11-05 14:33:53] - [finetune_helper.py:311] - [INFO]: Epoch's metrics appended successfully!
[2025-11-05 14:33:53] - [finetune_helper.py:262] - [INFO]: Epoch 22
-----------------------
[2025-11-05 14:33:53] - [finetune_helper.py:264] - [INFO]: Starting training step...
[2025-11-05 14:33:54] - [train_utils.py:73] - [INFO]: Train Loss: 0.00238 | Train Accuracy: 100.00%
[2025-11-05 14:33:54] - [finetune_helper.py:275] - [INFO]: Training step completed.
[2025-11-05 14:33:54] - [finetune_helper.py:279] - [INFO]: Saving model checkpoint...
[2025-11-05 14:33:54] - [finetune_helper.py:287] - [INFO]: Model checkpoint saved at epoch 22/40.
[2025-11-05 14:33:54] - [finetune_helper.py:291] - [INFO]: Starting testing step...
[2025-11-05 14:33:54] - [test_utils.py:76] - [INFO]: Test Loss: 1.46802 | Test Accuracy: 77.57% | Test F1-score: 0.7756714224815369

[2025-11-05 14:33:54] - [finetune_helper.py:304] - [INFO]: Testing step completed.
[2025-11-05 14:33:54] - [finetune_helper.py:307] - [INFO]: Appending the epoch's metrics to CSV.
[2025-11-05 14:33:54] - [finetune_helper.py:311] - [INFO]: Epoch's metrics appended successfully!
[2025-11-05 14:33:54] - [finetune_helper.py:262] - [INFO]: Epoch 23
-----------------------
[2025-11-05 14:33:54] - [finetune_helper.py:264] - [INFO]: Starting training step...
[2025-11-05 14:33:55] - [train_utils.py:73] - [INFO]: Train Loss: 0.00216 | Train Accuracy: 100.00%
[2025-11-05 14:33:55] - [finetune_helper.py:275] - [INFO]: Training step completed.
[2025-11-05 14:33:55] - [finetune_helper.py:291] - [INFO]: Starting testing step...
[2025-11-05 14:33:55] - [test_utils.py:76] - [INFO]: Test Loss: 1.50118 | Test Accuracy: 76.70% | Test F1-score: 0.7669826149940491

[2025-11-05 14:33:55] - [finetune_helper.py:304] - [INFO]: Testing step completed.
[2025-11-05 14:33:55] - [finetune_helper.py:307] - [INFO]: Appending the epoch's metrics to CSV.
[2025-11-05 14:33:55] - [finetune_helper.py:311] - [INFO]: Epoch's metrics appended successfully!
[2025-11-05 14:33:55] - [finetune_helper.py:262] - [INFO]: Epoch 24
-----------------------
[2025-11-05 14:33:55] - [finetune_helper.py:264] - [INFO]: Starting training step...
[2025-11-05 14:33:55] - [train_utils.py:73] - [INFO]: Train Loss: 0.00282 | Train Accuracy: 100.00%
[2025-11-05 14:33:55] - [finetune_helper.py:275] - [INFO]: Training step completed.
[2025-11-05 14:33:55] - [finetune_helper.py:279] - [INFO]: Saving model checkpoint...
[2025-11-05 14:33:56] - [finetune_helper.py:287] - [INFO]: Model checkpoint saved at epoch 24/40.
[2025-11-05 14:33:56] - [finetune_helper.py:291] - [INFO]: Starting testing step...
[2025-11-05 14:33:56] - [test_utils.py:76] - [INFO]: Test Loss: 1.51809 | Test Accuracy: 77.33% | Test F1-score: 0.7733017802238464

[2025-11-05 14:33:56] - [finetune_helper.py:304] - [INFO]: Testing step completed.
[2025-11-05 14:33:56] - [finetune_helper.py:307] - [INFO]: Appending the epoch's metrics to CSV.
[2025-11-05 14:33:56] - [finetune_helper.py:311] - [INFO]: Epoch's metrics appended successfully!
[2025-11-05 14:33:56] - [finetune_helper.py:262] - [INFO]: Epoch 25
-----------------------
[2025-11-05 14:33:56] - [finetune_helper.py:264] - [INFO]: Starting training step...
[2025-11-05 14:33:56] - [train_utils.py:73] - [INFO]: Train Loss: 0.00166 | Train Accuracy: 100.00%
[2025-11-05 14:33:56] - [finetune_helper.py:275] - [INFO]: Training step completed.
[2025-11-05 14:33:56] - [finetune_helper.py:291] - [INFO]: Starting testing step...
[2025-11-05 14:33:57] - [test_utils.py:76] - [INFO]: Test Loss: 1.50525 | Test Accuracy: 77.17% | Test F1-score: 0.7717219591140747

[2025-11-05 14:33:57] - [finetune_helper.py:304] - [INFO]: Testing step completed.
[2025-11-05 14:33:57] - [finetune_helper.py:307] - [INFO]: Appending the epoch's metrics to CSV.
[2025-11-05 14:33:57] - [finetune_helper.py:311] - [INFO]: Epoch's metrics appended successfully!
[2025-11-05 14:33:57] - [finetune_helper.py:262] - [INFO]: Epoch 26
-----------------------
[2025-11-05 14:33:57] - [finetune_helper.py:264] - [INFO]: Starting training step...
[2025-11-05 14:33:57] - [train_utils.py:73] - [INFO]: Train Loss: 0.00165 | Train Accuracy: 100.00%
[2025-11-05 14:33:57] - [finetune_helper.py:275] - [INFO]: Training step completed.
[2025-11-05 14:33:57] - [finetune_helper.py:279] - [INFO]: Saving model checkpoint...
[2025-11-05 14:33:57] - [finetune_helper.py:287] - [INFO]: Model checkpoint saved at epoch 26/40.
[2025-11-05 14:33:57] - [finetune_helper.py:291] - [INFO]: Starting testing step...
[2025-11-05 14:33:58] - [test_utils.py:76] - [INFO]: Test Loss: 1.52454 | Test Accuracy: 77.41% | Test F1-score: 0.7740916609764099

[2025-11-05 14:33:58] - [finetune_helper.py:304] - [INFO]: Testing step completed.
[2025-11-05 14:33:58] - [finetune_helper.py:307] - [INFO]: Appending the epoch's metrics to CSV.
[2025-11-05 14:33:58] - [finetune_helper.py:311] - [INFO]: Epoch's metrics appended successfully!
[2025-11-05 14:33:58] - [finetune_helper.py:262] - [INFO]: Epoch 27
-----------------------
[2025-11-05 14:33:58] - [finetune_helper.py:264] - [INFO]: Starting training step...
[2025-11-05 14:33:58] - [train_utils.py:73] - [INFO]: Train Loss: 0.00175 | Train Accuracy: 100.00%
[2025-11-05 14:33:58] - [finetune_helper.py:275] - [INFO]: Training step completed.
[2025-11-05 14:33:58] - [finetune_helper.py:291] - [INFO]: Starting testing step...
[2025-11-05 14:33:58] - [test_utils.py:76] - [INFO]: Test Loss: 1.53569 | Test Accuracy: 77.25% | Test F1-score: 0.7725117802619934

[2025-11-05 14:33:58] - [finetune_helper.py:304] - [INFO]: Testing step completed.
[2025-11-05 14:33:58] - [finetune_helper.py:307] - [INFO]: Appending the epoch's metrics to CSV.
[2025-11-05 14:33:58] - [finetune_helper.py:311] - [INFO]: Epoch's metrics appended successfully!
[2025-11-05 14:33:58] - [finetune_helper.py:262] - [INFO]: Epoch 28
-----------------------
[2025-11-05 14:33:58] - [finetune_helper.py:264] - [INFO]: Starting training step...
[2025-11-05 14:33:59] - [train_utils.py:73] - [INFO]: Train Loss: 0.00181 | Train Accuracy: 100.00%
[2025-11-05 14:33:59] - [finetune_helper.py:275] - [INFO]: Training step completed.
[2025-11-05 14:33:59] - [finetune_helper.py:279] - [INFO]: Saving model checkpoint...
[2025-11-05 14:33:59] - [finetune_helper.py:287] - [INFO]: Model checkpoint saved at epoch 28/40.
[2025-11-05 14:33:59] - [finetune_helper.py:291] - [INFO]: Starting testing step...
[2025-11-05 14:33:59] - [test_utils.py:76] - [INFO]: Test Loss: 1.57931 | Test Accuracy: 77.65% | Test F1-score: 0.7764613032341003

[2025-11-05 14:33:59] - [finetune_helper.py:304] - [INFO]: Testing step completed.
[2025-11-05 14:33:59] - [finetune_helper.py:307] - [INFO]: Appending the epoch's metrics to CSV.
[2025-11-05 14:33:59] - [finetune_helper.py:311] - [INFO]: Epoch's metrics appended successfully!
[2025-11-05 14:33:59] - [finetune_helper.py:262] - [INFO]: Epoch 29
-----------------------
[2025-11-05 14:33:59] - [finetune_helper.py:264] - [INFO]: Starting training step...
[2025-11-05 14:34:00] - [train_utils.py:73] - [INFO]: Train Loss: 0.00189 | Train Accuracy: 100.00%
[2025-11-05 14:34:00] - [finetune_helper.py:275] - [INFO]: Training step completed.
[2025-11-05 14:34:00] - [finetune_helper.py:291] - [INFO]: Starting testing step...
[2025-11-05 14:34:00] - [test_utils.py:76] - [INFO]: Test Loss: 1.59700 | Test Accuracy: 77.65% | Test F1-score: 0.7764613032341003

[2025-11-05 14:34:00] - [finetune_helper.py:304] - [INFO]: Testing step completed.
[2025-11-05 14:34:00] - [finetune_helper.py:307] - [INFO]: Appending the epoch's metrics to CSV.
[2025-11-05 14:34:00] - [finetune_helper.py:311] - [INFO]: Epoch's metrics appended successfully!
[2025-11-05 14:34:00] - [finetune_helper.py:262] - [INFO]: Epoch 30
-----------------------
[2025-11-05 14:34:00] - [finetune_helper.py:264] - [INFO]: Starting training step...
[2025-11-05 14:34:01] - [train_utils.py:73] - [INFO]: Train Loss: 0.00132 | Train Accuracy: 100.00%
[2025-11-05 14:34:01] - [finetune_helper.py:275] - [INFO]: Training step completed.
[2025-11-05 14:34:01] - [finetune_helper.py:279] - [INFO]: Saving model checkpoint...
[2025-11-05 14:34:01] - [finetune_helper.py:287] - [INFO]: Model checkpoint saved at epoch 30/40.
[2025-11-05 14:34:01] - [finetune_helper.py:291] - [INFO]: Starting testing step...
[2025-11-05 14:34:01] - [test_utils.py:76] - [INFO]: Test Loss: 1.62198 | Test Accuracy: 77.65% | Test F1-score: 0.7764613032341003

[2025-11-05 14:34:01] - [finetune_helper.py:304] - [INFO]: Testing step completed.
[2025-11-05 14:34:01] - [finetune_helper.py:307] - [INFO]: Appending the epoch's metrics to CSV.
[2025-11-05 14:34:01] - [finetune_helper.py:311] - [INFO]: Epoch's metrics appended successfully!
[2025-11-05 14:34:01] - [finetune_helper.py:262] - [INFO]: Epoch 31
-----------------------
[2025-11-05 14:34:01] - [finetune_helper.py:264] - [INFO]: Starting training step...
[2025-11-05 14:34:02] - [train_utils.py:73] - [INFO]: Train Loss: 0.00145 | Train Accuracy: 100.00%
[2025-11-05 14:34:02] - [finetune_helper.py:275] - [INFO]: Training step completed.
[2025-11-05 14:34:02] - [finetune_helper.py:291] - [INFO]: Starting testing step...
[2025-11-05 14:34:02] - [test_utils.py:76] - [INFO]: Test Loss: 1.65280 | Test Accuracy: 77.73% | Test F1-score: 0.7772511839866638

[2025-11-05 14:34:02] - [finetune_helper.py:304] - [INFO]: Testing step completed.
[2025-11-05 14:34:02] - [finetune_helper.py:307] - [INFO]: Appending the epoch's metrics to CSV.
[2025-11-05 14:34:02] - [finetune_helper.py:311] - [INFO]: Epoch's metrics appended successfully!
[2025-11-05 14:34:02] - [finetune_helper.py:262] - [INFO]: Epoch 32
-----------------------
[2025-11-05 14:34:02] - [finetune_helper.py:264] - [INFO]: Starting training step...
[2025-11-05 14:34:03] - [train_utils.py:73] - [INFO]: Train Loss: 0.00099 | Train Accuracy: 100.00%
[2025-11-05 14:34:03] - [finetune_helper.py:275] - [INFO]: Training step completed.
[2025-11-05 14:34:03] - [finetune_helper.py:279] - [INFO]: Saving model checkpoint...
[2025-11-05 14:34:03] - [finetune_helper.py:287] - [INFO]: Model checkpoint saved at epoch 32/40.
[2025-11-05 14:34:03] - [finetune_helper.py:291] - [INFO]: Starting testing step...
[2025-11-05 14:34:03] - [test_utils.py:76] - [INFO]: Test Loss: 1.66430 | Test Accuracy: 77.65% | Test F1-score: 0.7764613032341003

[2025-11-05 14:34:03] - [finetune_helper.py:304] - [INFO]: Testing step completed.
[2025-11-05 14:34:03] - [finetune_helper.py:307] - [INFO]: Appending the epoch's metrics to CSV.
[2025-11-05 14:34:03] - [finetune_helper.py:311] - [INFO]: Epoch's metrics appended successfully!
[2025-11-05 14:34:03] - [finetune_helper.py:262] - [INFO]: Epoch 33
-----------------------
[2025-11-05 14:34:03] - [finetune_helper.py:264] - [INFO]: Starting training step...
[2025-11-05 14:34:04] - [train_utils.py:73] - [INFO]: Train Loss: 0.00112 | Train Accuracy: 100.00%
[2025-11-05 14:34:04] - [finetune_helper.py:275] - [INFO]: Training step completed.
[2025-11-05 14:34:04] - [finetune_helper.py:291] - [INFO]: Starting testing step...
[2025-11-05 14:34:04] - [test_utils.py:76] - [INFO]: Test Loss: 1.72583 | Test Accuracy: 77.33% | Test F1-score: 0.7733017802238464

[2025-11-05 14:34:04] - [finetune_helper.py:304] - [INFO]: Testing step completed.
[2025-11-05 14:34:04] - [finetune_helper.py:307] - [INFO]: Appending the epoch's metrics to CSV.
[2025-11-05 14:34:04] - [finetune_helper.py:311] - [INFO]: Epoch's metrics appended successfully!
[2025-11-05 14:34:04] - [finetune_helper.py:262] - [INFO]: Epoch 34
-----------------------
[2025-11-05 14:34:04] - [finetune_helper.py:264] - [INFO]: Starting training step...
[2025-11-05 14:34:04] - [train_utils.py:73] - [INFO]: Train Loss: 0.00118 | Train Accuracy: 100.00%
[2025-11-05 14:34:04] - [finetune_helper.py:275] - [INFO]: Training step completed.
[2025-11-05 14:34:04] - [finetune_helper.py:279] - [INFO]: Saving model checkpoint...
[2025-11-05 14:34:04] - [finetune_helper.py:287] - [INFO]: Model checkpoint saved at epoch 34/40.
[2025-11-05 14:34:04] - [finetune_helper.py:291] - [INFO]: Starting testing step...
[2025-11-05 14:34:05] - [test_utils.py:76] - [INFO]: Test Loss: 1.71619 | Test Accuracy: 77.80% | Test F1-score: 0.7780410051345825

[2025-11-05 14:34:05] - [finetune_helper.py:304] - [INFO]: Testing step completed.
[2025-11-05 14:34:05] - [finetune_helper.py:307] - [INFO]: Appending the epoch's metrics to CSV.
[2025-11-05 14:34:05] - [finetune_helper.py:311] - [INFO]: Epoch's metrics appended successfully!
[2025-11-05 14:34:05] - [finetune_helper.py:262] - [INFO]: Epoch 35
-----------------------
[2025-11-05 14:34:05] - [finetune_helper.py:264] - [INFO]: Starting training step...
[2025-11-05 14:34:05] - [train_utils.py:73] - [INFO]: Train Loss: 0.00110 | Train Accuracy: 100.00%
[2025-11-05 14:34:05] - [finetune_helper.py:275] - [INFO]: Training step completed.
[2025-11-05 14:34:05] - [finetune_helper.py:291] - [INFO]: Starting testing step...
[2025-11-05 14:34:06] - [test_utils.py:76] - [INFO]: Test Loss: 1.75935 | Test Accuracy: 77.33% | Test F1-score: 0.7733017802238464

[2025-11-05 14:34:06] - [finetune_helper.py:304] - [INFO]: Testing step completed.
[2025-11-05 14:34:06] - [finetune_helper.py:307] - [INFO]: Appending the epoch's metrics to CSV.
[2025-11-05 14:34:06] - [finetune_helper.py:311] - [INFO]: Epoch's metrics appended successfully!
[2025-11-05 14:34:06] - [finetune_helper.py:262] - [INFO]: Epoch 36
-----------------------
[2025-11-05 14:34:06] - [finetune_helper.py:264] - [INFO]: Starting training step...
[2025-11-05 14:34:06] - [train_utils.py:73] - [INFO]: Train Loss: 0.00086 | Train Accuracy: 100.00%
[2025-11-05 14:34:06] - [finetune_helper.py:275] - [INFO]: Training step completed.
[2025-11-05 14:34:06] - [finetune_helper.py:279] - [INFO]: Saving model checkpoint...
[2025-11-05 14:34:06] - [finetune_helper.py:287] - [INFO]: Model checkpoint saved at epoch 36/40.
[2025-11-05 14:34:06] - [finetune_helper.py:291] - [INFO]: Starting testing step...
[2025-11-05 14:34:06] - [test_utils.py:76] - [INFO]: Test Loss: 1.75132 | Test Accuracy: 77.41% | Test F1-score: 0.7740916609764099

[2025-11-05 14:34:06] - [finetune_helper.py:304] - [INFO]: Testing step completed.
[2025-11-05 14:34:06] - [finetune_helper.py:307] - [INFO]: Appending the epoch's metrics to CSV.
[2025-11-05 14:34:06] - [finetune_helper.py:311] - [INFO]: Epoch's metrics appended successfully!
[2025-11-05 14:34:06] - [finetune_helper.py:262] - [INFO]: Epoch 37
-----------------------
[2025-11-05 14:34:06] - [finetune_helper.py:264] - [INFO]: Starting training step...
[2025-11-05 14:34:07] - [train_utils.py:73] - [INFO]: Train Loss: 0.00083 | Train Accuracy: 100.00%
[2025-11-05 14:34:07] - [finetune_helper.py:275] - [INFO]: Training step completed.
[2025-11-05 14:34:07] - [finetune_helper.py:291] - [INFO]: Starting testing step...
[2025-11-05 14:34:07] - [test_utils.py:76] - [INFO]: Test Loss: 1.77756 | Test Accuracy: 77.41% | Test F1-score: 0.7740916609764099

[2025-11-05 14:34:07] - [finetune_helper.py:304] - [INFO]: Testing step completed.
[2025-11-05 14:34:07] - [finetune_helper.py:307] - [INFO]: Appending the epoch's metrics to CSV.
[2025-11-05 14:34:07] - [finetune_helper.py:311] - [INFO]: Epoch's metrics appended successfully!
[2025-11-05 14:34:07] - [finetune_helper.py:262] - [INFO]: Epoch 38
-----------------------
[2025-11-05 14:34:07] - [finetune_helper.py:264] - [INFO]: Starting training step...
[2025-11-05 14:34:08] - [train_utils.py:73] - [INFO]: Train Loss: 0.00112 | Train Accuracy: 100.00%
[2025-11-05 14:34:08] - [finetune_helper.py:275] - [INFO]: Training step completed.
[2025-11-05 14:34:08] - [finetune_helper.py:279] - [INFO]: Saving model checkpoint...
[2025-11-05 14:34:08] - [finetune_helper.py:287] - [INFO]: Model checkpoint saved at epoch 38/40.
[2025-11-05 14:34:08] - [finetune_helper.py:291] - [INFO]: Starting testing step...
[2025-11-05 14:34:08] - [test_utils.py:76] - [INFO]: Test Loss: 1.80033 | Test Accuracy: 77.80% | Test F1-score: 0.7780410051345825

[2025-11-05 14:34:08] - [finetune_helper.py:304] - [INFO]: Testing step completed.
[2025-11-05 14:34:08] - [finetune_helper.py:307] - [INFO]: Appending the epoch's metrics to CSV.
[2025-11-05 14:34:08] - [finetune_helper.py:311] - [INFO]: Epoch's metrics appended successfully!
[2025-11-05 14:34:08] - [finetune_helper.py:262] - [INFO]: Epoch 39
-----------------------
[2025-11-05 14:34:08] - [finetune_helper.py:264] - [INFO]: Starting training step...
[2025-11-05 14:34:09] - [train_utils.py:73] - [INFO]: Train Loss: 0.00083 | Train Accuracy: 100.00%
[2025-11-05 14:34:09] - [finetune_helper.py:275] - [INFO]: Training step completed.
[2025-11-05 14:34:09] - [finetune_helper.py:291] - [INFO]: Starting testing step...
[2025-11-05 14:34:09] - [test_utils.py:76] - [INFO]: Test Loss: 1.74052 | Test Accuracy: 77.73% | Test F1-score: 0.7772511839866638

[2025-11-05 14:34:09] - [finetune_helper.py:304] - [INFO]: Testing step completed.
[2025-11-05 14:34:09] - [finetune_helper.py:307] - [INFO]: Appending the epoch's metrics to CSV.
[2025-11-05 14:34:09] - [finetune_helper.py:311] - [INFO]: Epoch's metrics appended successfully!
[2025-11-05 14:34:09] - [finetune_helper.py:262] - [INFO]: Epoch 40
-----------------------
[2025-11-05 14:34:09] - [finetune_helper.py:264] - [INFO]: Starting training step...
[2025-11-05 14:34:10] - [train_utils.py:73] - [INFO]: Train Loss: 0.00095 | Train Accuracy: 100.00%
[2025-11-05 14:34:10] - [finetune_helper.py:275] - [INFO]: Training step completed.
[2025-11-05 14:34:10] - [finetune_helper.py:279] - [INFO]: Saving model checkpoint...
[2025-11-05 14:34:10] - [finetune_helper.py:287] - [INFO]: Model checkpoint saved at epoch 40/40.
[2025-11-05 14:34:10] - [finetune_helper.py:291] - [INFO]: Starting testing step...
[2025-11-05 14:34:10] - [test_utils.py:76] - [INFO]: Test Loss: 1.76796 | Test Accuracy: 77.09% | Test F1-score: 0.7709320783615112

[2025-11-05 14:34:10] - [finetune_helper.py:304] - [INFO]: Testing step completed.
[2025-11-05 14:34:10] - [finetune_helper.py:307] - [INFO]: Appending the epoch's metrics to CSV.
[2025-11-05 14:34:10] - [finetune_helper.py:311] - [INFO]: Epoch's metrics appended successfully!
[2025-11-05 14:34:10] - [visualize_helper.py:17] - [INFO]: Loading data for visualization...
[2025-11-05 14:34:10] - [visualize_helper.py:19] - [INFO]: Data loaded successfully.
[2025-11-05 14:34:10] - [visualize_helper.py:21] - [INFO]: Preparing results dictionary...
[2025-11-05 14:34:10] - [visualize_helper.py:23] - [INFO]: Results dictionary prepared.
[2025-11-05 14:34:10] - [visualize_helper.py:25] - [INFO]: Generating plots...
[2025-11-05 14:34:14] - [visualize_helper.py:27] - [INFO]: All plots generated successfully and saved to 'assets/baselines_assets/baseline4/exp2'.
