[2025-11-05 14:33:29] - [finetune_helper.py:180] - [INFO]: Setting all seeds...
[2025-11-05 14:33:29] - [finetune_helper.py:224] - [INFO]: Using device: cuda
[2025-11-05 14:33:29] - [finetune_helper.py:46] - [INFO]: Creating data loaders...
[2025-11-05 14:33:33] - [finetune_helper.py:120] - [INFO]: Data loaders created.
[2025-11-05 14:33:33] - [finetune_helper.py:160] - [INFO]: Creating optimizer...
[2025-11-05 14:33:33] - [finetune_helper.py:162] - [INFO]: Optimizer created: AdamW Optimizer.
[2025-11-05 14:33:33] - [finetune_helper.py:163] - [INFO]: Initial Learning Rate: 0.0001.
[2025-11-05 14:33:33] - [finetune_helper.py:250] - [INFO]: Starting Training and Testing with number of epochs = 40
[2025-11-05 14:33:33] - [finetune_helper.py:253] - [INFO]: Opening a CSV file to log training metrics.
[2025-11-05 14:33:33] - [finetune_helper.py:262] - [INFO]: Epoch 1
-----------------------
[2025-11-05 14:33:33] - [finetune_helper.py:264] - [INFO]: Starting training step...
[2025-11-05 14:33:35] - [finetune_helper.py:275] - [INFO]: Training step completed.
[2025-11-05 14:33:35] - [finetune_helper.py:291] - [INFO]: Starting testing step...
[2025-11-05 14:33:35] - [finetune_helper.py:304] - [INFO]: Testing step completed.
[2025-11-05 14:33:35] - [finetune_helper.py:307] - [INFO]: Appending the epoch's metrics to CSV.
[2025-11-05 14:33:35] - [finetune_helper.py:311] - [INFO]: Epoch's metrics appended successfully!
[2025-11-05 14:33:35] - [finetune_helper.py:262] - [INFO]: Epoch 2
-----------------------
[2025-11-05 14:33:35] - [finetune_helper.py:264] - [INFO]: Starting training step...
[2025-11-05 14:33:36] - [finetune_helper.py:275] - [INFO]: Training step completed.
[2025-11-05 14:33:36] - [finetune_helper.py:279] - [INFO]: Saving model checkpoint...
[2025-11-05 14:33:36] - [finetune_helper.py:287] - [INFO]: Model checkpoint saved at epoch 2/40.
[2025-11-05 14:33:36] - [finetune_helper.py:291] - [INFO]: Starting testing step...
[2025-11-05 14:33:36] - [finetune_helper.py:304] - [INFO]: Testing step completed.
[2025-11-05 14:33:36] - [finetune_helper.py:307] - [INFO]: Appending the epoch's metrics to CSV.
[2025-11-05 14:33:36] - [finetune_helper.py:311] - [INFO]: Epoch's metrics appended successfully!
[2025-11-05 14:33:36] - [finetune_helper.py:262] - [INFO]: Epoch 3
-----------------------
[2025-11-05 14:33:36] - [finetune_helper.py:264] - [INFO]: Starting training step...
[2025-11-05 14:33:37] - [finetune_helper.py:275] - [INFO]: Training step completed.
[2025-11-05 14:33:37] - [finetune_helper.py:291] - [INFO]: Starting testing step...
[2025-11-05 14:33:37] - [finetune_helper.py:304] - [INFO]: Testing step completed.
[2025-11-05 14:33:37] - [finetune_helper.py:307] - [INFO]: Appending the epoch's metrics to CSV.
[2025-11-05 14:33:37] - [finetune_helper.py:311] - [INFO]: Epoch's metrics appended successfully!
[2025-11-05 14:33:37] - [finetune_helper.py:262] - [INFO]: Epoch 4
-----------------------
[2025-11-05 14:33:37] - [finetune_helper.py:264] - [INFO]: Starting training step...
[2025-11-05 14:33:37] - [finetune_helper.py:275] - [INFO]: Training step completed.
[2025-11-05 14:33:37] - [finetune_helper.py:279] - [INFO]: Saving model checkpoint...
[2025-11-05 14:33:37] - [finetune_helper.py:287] - [INFO]: Model checkpoint saved at epoch 4/40.
[2025-11-05 14:33:37] - [finetune_helper.py:291] - [INFO]: Starting testing step...
[2025-11-05 14:33:38] - [finetune_helper.py:304] - [INFO]: Testing step completed.
[2025-11-05 14:33:38] - [finetune_helper.py:307] - [INFO]: Appending the epoch's metrics to CSV.
[2025-11-05 14:33:38] - [finetune_helper.py:311] - [INFO]: Epoch's metrics appended successfully!
[2025-11-05 14:33:38] - [finetune_helper.py:262] - [INFO]: Epoch 5
-----------------------
[2025-11-05 14:33:38] - [finetune_helper.py:264] - [INFO]: Starting training step...
[2025-11-05 14:33:38] - [finetune_helper.py:275] - [INFO]: Training step completed.
[2025-11-05 14:33:38] - [finetune_helper.py:291] - [INFO]: Starting testing step...
[2025-11-05 14:33:38] - [finetune_helper.py:304] - [INFO]: Testing step completed.
[2025-11-05 14:33:38] - [finetune_helper.py:307] - [INFO]: Appending the epoch's metrics to CSV.
[2025-11-05 14:33:38] - [finetune_helper.py:311] - [INFO]: Epoch's metrics appended successfully!
[2025-11-05 14:33:38] - [finetune_helper.py:262] - [INFO]: Epoch 6
-----------------------
[2025-11-05 14:33:38] - [finetune_helper.py:264] - [INFO]: Starting training step...
[2025-11-05 14:33:39] - [finetune_helper.py:275] - [INFO]: Training step completed.
[2025-11-05 14:33:39] - [finetune_helper.py:279] - [INFO]: Saving model checkpoint...
[2025-11-05 14:33:39] - [finetune_helper.py:287] - [INFO]: Model checkpoint saved at epoch 6/40.
[2025-11-05 14:33:39] - [finetune_helper.py:291] - [INFO]: Starting testing step...
[2025-11-05 14:33:39] - [finetune_helper.py:304] - [INFO]: Testing step completed.
[2025-11-05 14:33:39] - [finetune_helper.py:307] - [INFO]: Appending the epoch's metrics to CSV.
[2025-11-05 14:33:39] - [finetune_helper.py:311] - [INFO]: Epoch's metrics appended successfully!
[2025-11-05 14:33:39] - [finetune_helper.py:262] - [INFO]: Epoch 7
-----------------------
[2025-11-05 14:33:39] - [finetune_helper.py:264] - [INFO]: Starting training step...
[2025-11-05 14:33:40] - [finetune_helper.py:275] - [INFO]: Training step completed.
[2025-11-05 14:33:40] - [finetune_helper.py:291] - [INFO]: Starting testing step...
[2025-11-05 14:33:40] - [finetune_helper.py:304] - [INFO]: Testing step completed.
[2025-11-05 14:33:40] - [finetune_helper.py:307] - [INFO]: Appending the epoch's metrics to CSV.
[2025-11-05 14:33:40] - [finetune_helper.py:311] - [INFO]: Epoch's metrics appended successfully!
[2025-11-05 14:33:40] - [finetune_helper.py:262] - [INFO]: Epoch 8
-----------------------
[2025-11-05 14:33:40] - [finetune_helper.py:264] - [INFO]: Starting training step...
[2025-11-05 14:33:41] - [finetune_helper.py:275] - [INFO]: Training step completed.
[2025-11-05 14:33:41] - [finetune_helper.py:279] - [INFO]: Saving model checkpoint...
[2025-11-05 14:33:41] - [finetune_helper.py:287] - [INFO]: Model checkpoint saved at epoch 8/40.
[2025-11-05 14:33:41] - [finetune_helper.py:291] - [INFO]: Starting testing step...
[2025-11-05 14:33:41] - [finetune_helper.py:304] - [INFO]: Testing step completed.
[2025-11-05 14:33:41] - [finetune_helper.py:307] - [INFO]: Appending the epoch's metrics to CSV.
[2025-11-05 14:33:41] - [finetune_helper.py:311] - [INFO]: Epoch's metrics appended successfully!
[2025-11-05 14:33:41] - [finetune_helper.py:262] - [INFO]: Epoch 9
-----------------------
[2025-11-05 14:33:41] - [finetune_helper.py:264] - [INFO]: Starting training step...
[2025-11-05 14:33:42] - [finetune_helper.py:275] - [INFO]: Training step completed.
[2025-11-05 14:33:42] - [finetune_helper.py:291] - [INFO]: Starting testing step...
[2025-11-05 14:33:42] - [finetune_helper.py:304] - [INFO]: Testing step completed.
[2025-11-05 14:33:42] - [finetune_helper.py:307] - [INFO]: Appending the epoch's metrics to CSV.
[2025-11-05 14:33:42] - [finetune_helper.py:311] - [INFO]: Epoch's metrics appended successfully!
[2025-11-05 14:33:42] - [finetune_helper.py:262] - [INFO]: Epoch 10
-----------------------
[2025-11-05 14:33:42] - [finetune_helper.py:264] - [INFO]: Starting training step...
[2025-11-05 14:33:43] - [finetune_helper.py:275] - [INFO]: Training step completed.
[2025-11-05 14:33:43] - [finetune_helper.py:279] - [INFO]: Saving model checkpoint...
[2025-11-05 14:33:43] - [finetune_helper.py:287] - [INFO]: Model checkpoint saved at epoch 10/40.
[2025-11-05 14:33:43] - [finetune_helper.py:291] - [INFO]: Starting testing step...
[2025-11-05 14:33:43] - [finetune_helper.py:304] - [INFO]: Testing step completed.
[2025-11-05 14:33:43] - [finetune_helper.py:307] - [INFO]: Appending the epoch's metrics to CSV.
[2025-11-05 14:33:43] - [finetune_helper.py:311] - [INFO]: Epoch's metrics appended successfully!
[2025-11-05 14:33:43] - [finetune_helper.py:262] - [INFO]: Epoch 11
-----------------------
[2025-11-05 14:33:43] - [finetune_helper.py:264] - [INFO]: Starting training step...
[2025-11-05 14:33:44] - [finetune_helper.py:275] - [INFO]: Training step completed.
[2025-11-05 14:33:44] - [finetune_helper.py:291] - [INFO]: Starting testing step...
[2025-11-05 14:33:44] - [finetune_helper.py:304] - [INFO]: Testing step completed.
[2025-11-05 14:33:44] - [finetune_helper.py:307] - [INFO]: Appending the epoch's metrics to CSV.
[2025-11-05 14:33:44] - [finetune_helper.py:311] - [INFO]: Epoch's metrics appended successfully!
[2025-11-05 14:33:44] - [finetune_helper.py:262] - [INFO]: Epoch 12
-----------------------
[2025-11-05 14:33:44] - [finetune_helper.py:264] - [INFO]: Starting training step...
[2025-11-05 14:33:44] - [finetune_helper.py:275] - [INFO]: Training step completed.
[2025-11-05 14:33:44] - [finetune_helper.py:279] - [INFO]: Saving model checkpoint...
[2025-11-05 14:33:45] - [finetune_helper.py:287] - [INFO]: Model checkpoint saved at epoch 12/40.
[2025-11-05 14:33:45] - [finetune_helper.py:291] - [INFO]: Starting testing step...
[2025-11-05 14:33:45] - [finetune_helper.py:304] - [INFO]: Testing step completed.
[2025-11-05 14:33:45] - [finetune_helper.py:307] - [INFO]: Appending the epoch's metrics to CSV.
[2025-11-05 14:33:45] - [finetune_helper.py:311] - [INFO]: Epoch's metrics appended successfully!
[2025-11-05 14:33:45] - [finetune_helper.py:262] - [INFO]: Epoch 13
-----------------------
[2025-11-05 14:33:45] - [finetune_helper.py:264] - [INFO]: Starting training step...
[2025-11-05 14:33:45] - [finetune_helper.py:275] - [INFO]: Training step completed.
[2025-11-05 14:33:45] - [finetune_helper.py:291] - [INFO]: Starting testing step...
[2025-11-05 14:33:46] - [finetune_helper.py:304] - [INFO]: Testing step completed.
[2025-11-05 14:33:46] - [finetune_helper.py:307] - [INFO]: Appending the epoch's metrics to CSV.
[2025-11-05 14:33:46] - [finetune_helper.py:311] - [INFO]: Epoch's metrics appended successfully!
[2025-11-05 14:33:46] - [finetune_helper.py:262] - [INFO]: Epoch 14
-----------------------
[2025-11-05 14:33:46] - [finetune_helper.py:264] - [INFO]: Starting training step...
[2025-11-05 14:33:46] - [finetune_helper.py:275] - [INFO]: Training step completed.
[2025-11-05 14:33:46] - [finetune_helper.py:279] - [INFO]: Saving model checkpoint...
[2025-11-05 14:33:46] - [finetune_helper.py:287] - [INFO]: Model checkpoint saved at epoch 14/40.
[2025-11-05 14:33:46] - [finetune_helper.py:291] - [INFO]: Starting testing step...
[2025-11-05 14:33:47] - [finetune_helper.py:304] - [INFO]: Testing step completed.
[2025-11-05 14:33:47] - [finetune_helper.py:307] - [INFO]: Appending the epoch's metrics to CSV.
[2025-11-05 14:33:47] - [finetune_helper.py:311] - [INFO]: Epoch's metrics appended successfully!
[2025-11-05 14:33:47] - [finetune_helper.py:262] - [INFO]: Epoch 15
-----------------------
[2025-11-05 14:33:47] - [finetune_helper.py:264] - [INFO]: Starting training step...
[2025-11-05 14:33:47] - [finetune_helper.py:275] - [INFO]: Training step completed.
[2025-11-05 14:33:47] - [finetune_helper.py:291] - [INFO]: Starting testing step...
[2025-11-05 14:33:48] - [finetune_helper.py:304] - [INFO]: Testing step completed.
[2025-11-05 14:33:48] - [finetune_helper.py:307] - [INFO]: Appending the epoch's metrics to CSV.
[2025-11-05 14:33:48] - [finetune_helper.py:311] - [INFO]: Epoch's metrics appended successfully!
[2025-11-05 14:33:48] - [finetune_helper.py:262] - [INFO]: Epoch 16
-----------------------
[2025-11-05 14:33:48] - [finetune_helper.py:264] - [INFO]: Starting training step...
[2025-11-05 14:33:48] - [finetune_helper.py:275] - [INFO]: Training step completed.
[2025-11-05 14:33:48] - [finetune_helper.py:279] - [INFO]: Saving model checkpoint...
[2025-11-05 14:33:48] - [finetune_helper.py:287] - [INFO]: Model checkpoint saved at epoch 16/40.
[2025-11-05 14:33:48] - [finetune_helper.py:291] - [INFO]: Starting testing step...
[2025-11-05 14:33:49] - [finetune_helper.py:304] - [INFO]: Testing step completed.
[2025-11-05 14:33:49] - [finetune_helper.py:307] - [INFO]: Appending the epoch's metrics to CSV.
[2025-11-05 14:33:49] - [finetune_helper.py:311] - [INFO]: Epoch's metrics appended successfully!
[2025-11-05 14:33:49] - [finetune_helper.py:262] - [INFO]: Epoch 17
-----------------------
[2025-11-05 14:33:49] - [finetune_helper.py:264] - [INFO]: Starting training step...
[2025-11-05 14:33:49] - [finetune_helper.py:275] - [INFO]: Training step completed.
[2025-11-05 14:33:49] - [finetune_helper.py:291] - [INFO]: Starting testing step...
[2025-11-05 14:33:50] - [finetune_helper.py:304] - [INFO]: Testing step completed.
[2025-11-05 14:33:50] - [finetune_helper.py:307] - [INFO]: Appending the epoch's metrics to CSV.
[2025-11-05 14:33:50] - [finetune_helper.py:311] - [INFO]: Epoch's metrics appended successfully!
[2025-11-05 14:33:50] - [finetune_helper.py:262] - [INFO]: Epoch 18
-----------------------
[2025-11-05 14:33:50] - [finetune_helper.py:264] - [INFO]: Starting training step...
[2025-11-05 14:33:50] - [finetune_helper.py:275] - [INFO]: Training step completed.
[2025-11-05 14:33:50] - [finetune_helper.py:279] - [INFO]: Saving model checkpoint...
[2025-11-05 14:33:50] - [finetune_helper.py:287] - [INFO]: Model checkpoint saved at epoch 18/40.
[2025-11-05 14:33:50] - [finetune_helper.py:291] - [INFO]: Starting testing step...
[2025-11-05 14:33:50] - [finetune_helper.py:304] - [INFO]: Testing step completed.
[2025-11-05 14:33:50] - [finetune_helper.py:307] - [INFO]: Appending the epoch's metrics to CSV.
[2025-11-05 14:33:50] - [finetune_helper.py:311] - [INFO]: Epoch's metrics appended successfully!
[2025-11-05 14:33:50] - [finetune_helper.py:262] - [INFO]: Epoch 19
-----------------------
[2025-11-05 14:33:50] - [finetune_helper.py:264] - [INFO]: Starting training step...
[2025-11-05 14:33:51] - [finetune_helper.py:275] - [INFO]: Training step completed.
[2025-11-05 14:33:51] - [finetune_helper.py:291] - [INFO]: Starting testing step...
[2025-11-05 14:33:51] - [finetune_helper.py:304] - [INFO]: Testing step completed.
[2025-11-05 14:33:51] - [finetune_helper.py:307] - [INFO]: Appending the epoch's metrics to CSV.
[2025-11-05 14:33:51] - [finetune_helper.py:311] - [INFO]: Epoch's metrics appended successfully!
[2025-11-05 14:33:51] - [finetune_helper.py:262] - [INFO]: Epoch 20
-----------------------
[2025-11-05 14:33:51] - [finetune_helper.py:264] - [INFO]: Starting training step...
[2025-11-05 14:33:52] - [finetune_helper.py:275] - [INFO]: Training step completed.
[2025-11-05 14:33:52] - [finetune_helper.py:279] - [INFO]: Saving model checkpoint...
[2025-11-05 14:33:52] - [finetune_helper.py:287] - [INFO]: Model checkpoint saved at epoch 20/40.
[2025-11-05 14:33:52] - [finetune_helper.py:291] - [INFO]: Starting testing step...
[2025-11-05 14:33:52] - [finetune_helper.py:304] - [INFO]: Testing step completed.
[2025-11-05 14:33:52] - [finetune_helper.py:307] - [INFO]: Appending the epoch's metrics to CSV.
[2025-11-05 14:33:52] - [finetune_helper.py:311] - [INFO]: Epoch's metrics appended successfully!
[2025-11-05 14:33:52] - [finetune_helper.py:262] - [INFO]: Epoch 21
-----------------------
[2025-11-05 14:33:52] - [finetune_helper.py:264] - [INFO]: Starting training step...
[2025-11-05 14:33:53] - [finetune_helper.py:275] - [INFO]: Training step completed.
[2025-11-05 14:33:53] - [finetune_helper.py:291] - [INFO]: Starting testing step...
[2025-11-05 14:33:53] - [finetune_helper.py:304] - [INFO]: Testing step completed.
[2025-11-05 14:33:53] - [finetune_helper.py:307] - [INFO]: Appending the epoch's metrics to CSV.
[2025-11-05 14:33:53] - [finetune_helper.py:311] - [INFO]: Epoch's metrics appended successfully!
[2025-11-05 14:33:53] - [finetune_helper.py:262] - [INFO]: Epoch 22
-----------------------
[2025-11-05 14:33:53] - [finetune_helper.py:264] - [INFO]: Starting training step...
[2025-11-05 14:33:54] - [finetune_helper.py:275] - [INFO]: Training step completed.
[2025-11-05 14:33:54] - [finetune_helper.py:279] - [INFO]: Saving model checkpoint...
[2025-11-05 14:33:54] - [finetune_helper.py:287] - [INFO]: Model checkpoint saved at epoch 22/40.
[2025-11-05 14:33:54] - [finetune_helper.py:291] - [INFO]: Starting testing step...
[2025-11-05 14:33:54] - [finetune_helper.py:304] - [INFO]: Testing step completed.
[2025-11-05 14:33:54] - [finetune_helper.py:307] - [INFO]: Appending the epoch's metrics to CSV.
[2025-11-05 14:33:54] - [finetune_helper.py:311] - [INFO]: Epoch's metrics appended successfully!
[2025-11-05 14:33:54] - [finetune_helper.py:262] - [INFO]: Epoch 23
-----------------------
[2025-11-05 14:33:54] - [finetune_helper.py:264] - [INFO]: Starting training step...
[2025-11-05 14:33:55] - [finetune_helper.py:275] - [INFO]: Training step completed.
[2025-11-05 14:33:55] - [finetune_helper.py:291] - [INFO]: Starting testing step...
[2025-11-05 14:33:55] - [finetune_helper.py:304] - [INFO]: Testing step completed.
[2025-11-05 14:33:55] - [finetune_helper.py:307] - [INFO]: Appending the epoch's metrics to CSV.
[2025-11-05 14:33:55] - [finetune_helper.py:311] - [INFO]: Epoch's metrics appended successfully!
[2025-11-05 14:33:55] - [finetune_helper.py:262] - [INFO]: Epoch 24
-----------------------
[2025-11-05 14:33:55] - [finetune_helper.py:264] - [INFO]: Starting training step...
[2025-11-05 14:33:55] - [finetune_helper.py:275] - [INFO]: Training step completed.
[2025-11-05 14:33:55] - [finetune_helper.py:279] - [INFO]: Saving model checkpoint...
[2025-11-05 14:33:56] - [finetune_helper.py:287] - [INFO]: Model checkpoint saved at epoch 24/40.
[2025-11-05 14:33:56] - [finetune_helper.py:291] - [INFO]: Starting testing step...
[2025-11-05 14:33:56] - [finetune_helper.py:304] - [INFO]: Testing step completed.
[2025-11-05 14:33:56] - [finetune_helper.py:307] - [INFO]: Appending the epoch's metrics to CSV.
[2025-11-05 14:33:56] - [finetune_helper.py:311] - [INFO]: Epoch's metrics appended successfully!
[2025-11-05 14:33:56] - [finetune_helper.py:262] - [INFO]: Epoch 25
-----------------------
[2025-11-05 14:33:56] - [finetune_helper.py:264] - [INFO]: Starting training step...
[2025-11-05 14:33:56] - [finetune_helper.py:275] - [INFO]: Training step completed.
[2025-11-05 14:33:56] - [finetune_helper.py:291] - [INFO]: Starting testing step...
[2025-11-05 14:33:57] - [finetune_helper.py:304] - [INFO]: Testing step completed.
[2025-11-05 14:33:57] - [finetune_helper.py:307] - [INFO]: Appending the epoch's metrics to CSV.
[2025-11-05 14:33:57] - [finetune_helper.py:311] - [INFO]: Epoch's metrics appended successfully!
[2025-11-05 14:33:57] - [finetune_helper.py:262] - [INFO]: Epoch 26
-----------------------
[2025-11-05 14:33:57] - [finetune_helper.py:264] - [INFO]: Starting training step...
[2025-11-05 14:33:57] - [finetune_helper.py:275] - [INFO]: Training step completed.
[2025-11-05 14:33:57] - [finetune_helper.py:279] - [INFO]: Saving model checkpoint...
[2025-11-05 14:33:57] - [finetune_helper.py:287] - [INFO]: Model checkpoint saved at epoch 26/40.
[2025-11-05 14:33:57] - [finetune_helper.py:291] - [INFO]: Starting testing step...
[2025-11-05 14:33:58] - [finetune_helper.py:304] - [INFO]: Testing step completed.
[2025-11-05 14:33:58] - [finetune_helper.py:307] - [INFO]: Appending the epoch's metrics to CSV.
[2025-11-05 14:33:58] - [finetune_helper.py:311] - [INFO]: Epoch's metrics appended successfully!
[2025-11-05 14:33:58] - [finetune_helper.py:262] - [INFO]: Epoch 27
-----------------------
[2025-11-05 14:33:58] - [finetune_helper.py:264] - [INFO]: Starting training step...
[2025-11-05 14:33:58] - [finetune_helper.py:275] - [INFO]: Training step completed.
[2025-11-05 14:33:58] - [finetune_helper.py:291] - [INFO]: Starting testing step...
[2025-11-05 14:33:58] - [finetune_helper.py:304] - [INFO]: Testing step completed.
[2025-11-05 14:33:58] - [finetune_helper.py:307] - [INFO]: Appending the epoch's metrics to CSV.
[2025-11-05 14:33:58] - [finetune_helper.py:311] - [INFO]: Epoch's metrics appended successfully!
[2025-11-05 14:33:58] - [finetune_helper.py:262] - [INFO]: Epoch 28
-----------------------
[2025-11-05 14:33:58] - [finetune_helper.py:264] - [INFO]: Starting training step...
[2025-11-05 14:33:59] - [finetune_helper.py:275] - [INFO]: Training step completed.
[2025-11-05 14:33:59] - [finetune_helper.py:279] - [INFO]: Saving model checkpoint...
[2025-11-05 14:33:59] - [finetune_helper.py:287] - [INFO]: Model checkpoint saved at epoch 28/40.
[2025-11-05 14:33:59] - [finetune_helper.py:291] - [INFO]: Starting testing step...
[2025-11-05 14:33:59] - [finetune_helper.py:304] - [INFO]: Testing step completed.
[2025-11-05 14:33:59] - [finetune_helper.py:307] - [INFO]: Appending the epoch's metrics to CSV.
[2025-11-05 14:33:59] - [finetune_helper.py:311] - [INFO]: Epoch's metrics appended successfully!
[2025-11-05 14:33:59] - [finetune_helper.py:262] - [INFO]: Epoch 29
-----------------------
[2025-11-05 14:33:59] - [finetune_helper.py:264] - [INFO]: Starting training step...
[2025-11-05 14:34:00] - [finetune_helper.py:275] - [INFO]: Training step completed.
[2025-11-05 14:34:00] - [finetune_helper.py:291] - [INFO]: Starting testing step...
[2025-11-05 14:34:00] - [finetune_helper.py:304] - [INFO]: Testing step completed.
[2025-11-05 14:34:00] - [finetune_helper.py:307] - [INFO]: Appending the epoch's metrics to CSV.
[2025-11-05 14:34:00] - [finetune_helper.py:311] - [INFO]: Epoch's metrics appended successfully!
[2025-11-05 14:34:00] - [finetune_helper.py:262] - [INFO]: Epoch 30
-----------------------
[2025-11-05 14:34:00] - [finetune_helper.py:264] - [INFO]: Starting training step...
[2025-11-05 14:34:01] - [finetune_helper.py:275] - [INFO]: Training step completed.
[2025-11-05 14:34:01] - [finetune_helper.py:279] - [INFO]: Saving model checkpoint...
[2025-11-05 14:34:01] - [finetune_helper.py:287] - [INFO]: Model checkpoint saved at epoch 30/40.
[2025-11-05 14:34:01] - [finetune_helper.py:291] - [INFO]: Starting testing step...
[2025-11-05 14:34:01] - [finetune_helper.py:304] - [INFO]: Testing step completed.
[2025-11-05 14:34:01] - [finetune_helper.py:307] - [INFO]: Appending the epoch's metrics to CSV.
[2025-11-05 14:34:01] - [finetune_helper.py:311] - [INFO]: Epoch's metrics appended successfully!
[2025-11-05 14:34:01] - [finetune_helper.py:262] - [INFO]: Epoch 31
-----------------------
[2025-11-05 14:34:01] - [finetune_helper.py:264] - [INFO]: Starting training step...
[2025-11-05 14:34:02] - [finetune_helper.py:275] - [INFO]: Training step completed.
[2025-11-05 14:34:02] - [finetune_helper.py:291] - [INFO]: Starting testing step...
[2025-11-05 14:34:02] - [finetune_helper.py:304] - [INFO]: Testing step completed.
[2025-11-05 14:34:02] - [finetune_helper.py:307] - [INFO]: Appending the epoch's metrics to CSV.
[2025-11-05 14:34:02] - [finetune_helper.py:311] - [INFO]: Epoch's metrics appended successfully!
[2025-11-05 14:34:02] - [finetune_helper.py:262] - [INFO]: Epoch 32
-----------------------
[2025-11-05 14:34:02] - [finetune_helper.py:264] - [INFO]: Starting training step...
[2025-11-05 14:34:03] - [finetune_helper.py:275] - [INFO]: Training step completed.
[2025-11-05 14:34:03] - [finetune_helper.py:279] - [INFO]: Saving model checkpoint...
[2025-11-05 14:34:03] - [finetune_helper.py:287] - [INFO]: Model checkpoint saved at epoch 32/40.
[2025-11-05 14:34:03] - [finetune_helper.py:291] - [INFO]: Starting testing step...
[2025-11-05 14:34:03] - [finetune_helper.py:304] - [INFO]: Testing step completed.
[2025-11-05 14:34:03] - [finetune_helper.py:307] - [INFO]: Appending the epoch's metrics to CSV.
[2025-11-05 14:34:03] - [finetune_helper.py:311] - [INFO]: Epoch's metrics appended successfully!
[2025-11-05 14:34:03] - [finetune_helper.py:262] - [INFO]: Epoch 33
-----------------------
[2025-11-05 14:34:03] - [finetune_helper.py:264] - [INFO]: Starting training step...
[2025-11-05 14:34:04] - [finetune_helper.py:275] - [INFO]: Training step completed.
[2025-11-05 14:34:04] - [finetune_helper.py:291] - [INFO]: Starting testing step...
[2025-11-05 14:34:04] - [finetune_helper.py:304] - [INFO]: Testing step completed.
[2025-11-05 14:34:04] - [finetune_helper.py:307] - [INFO]: Appending the epoch's metrics to CSV.
[2025-11-05 14:34:04] - [finetune_helper.py:311] - [INFO]: Epoch's metrics appended successfully!
[2025-11-05 14:34:04] - [finetune_helper.py:262] - [INFO]: Epoch 34
-----------------------
[2025-11-05 14:34:04] - [finetune_helper.py:264] - [INFO]: Starting training step...
[2025-11-05 14:34:04] - [finetune_helper.py:275] - [INFO]: Training step completed.
[2025-11-05 14:34:04] - [finetune_helper.py:279] - [INFO]: Saving model checkpoint...
[2025-11-05 14:34:04] - [finetune_helper.py:287] - [INFO]: Model checkpoint saved at epoch 34/40.
[2025-11-05 14:34:04] - [finetune_helper.py:291] - [INFO]: Starting testing step...
[2025-11-05 14:34:05] - [finetune_helper.py:304] - [INFO]: Testing step completed.
[2025-11-05 14:34:05] - [finetune_helper.py:307] - [INFO]: Appending the epoch's metrics to CSV.
[2025-11-05 14:34:05] - [finetune_helper.py:311] - [INFO]: Epoch's metrics appended successfully!
[2025-11-05 14:34:05] - [finetune_helper.py:262] - [INFO]: Epoch 35
-----------------------
[2025-11-05 14:34:05] - [finetune_helper.py:264] - [INFO]: Starting training step...
[2025-11-05 14:34:05] - [finetune_helper.py:275] - [INFO]: Training step completed.
[2025-11-05 14:34:05] - [finetune_helper.py:291] - [INFO]: Starting testing step...
[2025-11-05 14:34:06] - [finetune_helper.py:304] - [INFO]: Testing step completed.
[2025-11-05 14:34:06] - [finetune_helper.py:307] - [INFO]: Appending the epoch's metrics to CSV.
[2025-11-05 14:34:06] - [finetune_helper.py:311] - [INFO]: Epoch's metrics appended successfully!
[2025-11-05 14:34:06] - [finetune_helper.py:262] - [INFO]: Epoch 36
-----------------------
[2025-11-05 14:34:06] - [finetune_helper.py:264] - [INFO]: Starting training step...
[2025-11-05 14:34:06] - [finetune_helper.py:275] - [INFO]: Training step completed.
[2025-11-05 14:34:06] - [finetune_helper.py:279] - [INFO]: Saving model checkpoint...
[2025-11-05 14:34:06] - [finetune_helper.py:287] - [INFO]: Model checkpoint saved at epoch 36/40.
[2025-11-05 14:34:06] - [finetune_helper.py:291] - [INFO]: Starting testing step...
[2025-11-05 14:34:06] - [finetune_helper.py:304] - [INFO]: Testing step completed.
[2025-11-05 14:34:06] - [finetune_helper.py:307] - [INFO]: Appending the epoch's metrics to CSV.
[2025-11-05 14:34:06] - [finetune_helper.py:311] - [INFO]: Epoch's metrics appended successfully!
[2025-11-05 14:34:06] - [finetune_helper.py:262] - [INFO]: Epoch 37
-----------------------
[2025-11-05 14:34:06] - [finetune_helper.py:264] - [INFO]: Starting training step...
[2025-11-05 14:34:07] - [finetune_helper.py:275] - [INFO]: Training step completed.
[2025-11-05 14:34:07] - [finetune_helper.py:291] - [INFO]: Starting testing step...
[2025-11-05 14:34:07] - [finetune_helper.py:304] - [INFO]: Testing step completed.
[2025-11-05 14:34:07] - [finetune_helper.py:307] - [INFO]: Appending the epoch's metrics to CSV.
[2025-11-05 14:34:07] - [finetune_helper.py:311] - [INFO]: Epoch's metrics appended successfully!
[2025-11-05 14:34:07] - [finetune_helper.py:262] - [INFO]: Epoch 38
-----------------------
[2025-11-05 14:34:07] - [finetune_helper.py:264] - [INFO]: Starting training step...
[2025-11-05 14:34:08] - [finetune_helper.py:275] - [INFO]: Training step completed.
[2025-11-05 14:34:08] - [finetune_helper.py:279] - [INFO]: Saving model checkpoint...
[2025-11-05 14:34:08] - [finetune_helper.py:287] - [INFO]: Model checkpoint saved at epoch 38/40.
[2025-11-05 14:34:08] - [finetune_helper.py:291] - [INFO]: Starting testing step...
[2025-11-05 14:34:08] - [finetune_helper.py:304] - [INFO]: Testing step completed.
[2025-11-05 14:34:08] - [finetune_helper.py:307] - [INFO]: Appending the epoch's metrics to CSV.
[2025-11-05 14:34:08] - [finetune_helper.py:311] - [INFO]: Epoch's metrics appended successfully!
[2025-11-05 14:34:08] - [finetune_helper.py:262] - [INFO]: Epoch 39
-----------------------
[2025-11-05 14:34:08] - [finetune_helper.py:264] - [INFO]: Starting training step...
[2025-11-05 14:34:09] - [finetune_helper.py:275] - [INFO]: Training step completed.
[2025-11-05 14:34:09] - [finetune_helper.py:291] - [INFO]: Starting testing step...
[2025-11-05 14:34:09] - [finetune_helper.py:304] - [INFO]: Testing step completed.
[2025-11-05 14:34:09] - [finetune_helper.py:307] - [INFO]: Appending the epoch's metrics to CSV.
[2025-11-05 14:34:09] - [finetune_helper.py:311] - [INFO]: Epoch's metrics appended successfully!
[2025-11-05 14:34:09] - [finetune_helper.py:262] - [INFO]: Epoch 40
-----------------------
[2025-11-05 14:34:09] - [finetune_helper.py:264] - [INFO]: Starting training step...
[2025-11-05 14:34:10] - [finetune_helper.py:275] - [INFO]: Training step completed.
[2025-11-05 14:34:10] - [finetune_helper.py:279] - [INFO]: Saving model checkpoint...
[2025-11-05 14:34:10] - [finetune_helper.py:287] - [INFO]: Model checkpoint saved at epoch 40/40.
[2025-11-05 14:34:10] - [finetune_helper.py:291] - [INFO]: Starting testing step...
[2025-11-05 14:34:10] - [finetune_helper.py:304] - [INFO]: Testing step completed.
[2025-11-05 14:34:10] - [finetune_helper.py:307] - [INFO]: Appending the epoch's metrics to CSV.
[2025-11-05 14:34:10] - [finetune_helper.py:311] - [INFO]: Epoch's metrics appended successfully!
